Log file open, 11/01/17 01:27:17
LogWindows: Failed to load 'aqProf.dll' (GetLastError=126)
LogWindows: File 'aqProf.dll' does not exist
LogWindows: Failed to load 'VtuneApi.dll' (GetLastError=126)
LogWindows: File 'VtuneApi.dll' does not exist
LogWindows: Failed to load 'VtuneApi32e.dll' (GetLastError=126)
LogWindows: File 'VtuneApi32e.dll' does not exist
LogInit: Display: Running engine for game: Cyberwitch_Project
LogPlatformFile: Not using cached read wrapper
LogInit: Display: RandInit(-78779999) SRandInit(-78779999).
LogTaskGraph: Started task graph with 5 named threads and 53 total threads with 3 sets of task threads.
LogStats: Stats thread started at 0.639240
LogD3D11RHI: Aftermath initialized
LogPluginManager: Mounting plugin Paper2D
LogPluginManager: Mounting plugin LightPropagationVolume
LogPluginManager: Mounting plugin CodeLiteSourceCodeAccess
LogPluginManager: Mounting plugin GitSourceControl
LogPluginManager: Mounting plugin KDevelopSourceCodeAccess
LogPluginManager: Mounting plugin NullSourceCodeAccess
LogPluginManager: Mounting plugin PerforceSourceControl
LogPluginManager: Mounting plugin SubversionSourceControl
LogPluginManager: Mounting plugin UObjectPlugin
LogPluginManager: Mounting plugin VisualStudioSourceCodeAccess
LogPluginManager: Mounting plugin XCodeSourceCodeAccess
LogPluginManager: Mounting plugin AssetManagerEditor
LogPluginManager: Mounting plugin AudioCapture
LogPluginManager: Mounting plugin FacialAnimation
LogPluginManager: Mounting plugin GameplayTagsEditor
LogPluginManager: Mounting plugin MobileLauncherProfileWizard
LogPluginManager: Mounting plugin PluginBrowser
LogPluginManager: Mounting plugin SpeedTreeImporter
LogPluginManager: Mounting plugin AlembicImporter
LogPluginManager: Mounting plugin CharacterAI
LogPluginManager: Mounting plugin HTML5Networking
LogPluginManager: Mounting plugin AndroidMedia
LogPluginManager: Mounting plugin AvfMedia
LogPluginManager: Mounting plugin MediaPlayerEditor
LogPluginManager: Mounting plugin WmfMedia
LogPluginManager: Mounting plugin TcpMessaging
LogPluginManager: Mounting plugin UdpMessaging
LogPluginManager: Mounting plugin LevelSequenceEditor
LogPluginManager: Mounting plugin MatineeToLevelSequence
LogPluginManager: Mounting plugin OnlineSubsystemGooglePlay
LogPluginManager: Mounting plugin OnlineSubsystemIOS
LogPluginManager: Mounting plugin OnlineSubsystem
LogPluginManager: Mounting plugin OnlineSubsystemNull
LogPluginManager: Mounting plugin OnlineSubsystemUtils
LogPluginManager: Mounting plugin AndroidDeviceProfileSelector
LogPluginManager: Mounting plugin AndroidMoviePlayer
LogPluginManager: Mounting plugin AndroidPermission
LogPluginManager: Mounting plugin AppleMoviePlayer
LogPluginManager: Mounting plugin ArchVisCharacter
LogPluginManager: Mounting plugin CableComponent
LogPluginManager: Mounting plugin CustomMeshComponent
LogPluginManager: Mounting plugin ExampleDeviceProfileSelector
LogPluginManager: Mounting plugin GoogleCloudMessaging
LogPluginManager: Mounting plugin ImmediatePhysics
LogPluginManager: Mounting plugin IOSDeviceProfileSelector
LogPluginManager: Mounting plugin LinuxDeviceProfileSelector
LogPluginManager: Mounting plugin LocationServicesBPLibrary
LogPluginManager: Mounting plugin MobilePatchingUtils
LogPluginManager: Mounting plugin OculusVR
LogPluginManager: Mounting plugin PhysXVehicles
LogPluginManager: Mounting plugin ProceduralMeshComponent
LogPluginManager: Mounting plugin RuntimePhysXCooking
LogPluginManager: Mounting plugin SteamVR
LogPluginManager: Mounting plugin WindowsMoviePlayer
LogInit: Using libcurl 7.47.1
LogInit:  - built for x86_64-pc-win32
LogInit:  - supports SSL with OpenSSL/1.0.2g
LogInit:  - supports HTTP deflate (compression) using libz 1.2.8
LogInit:  - other features:
LogInit:      CURL_VERSION_SSL
LogInit:      CURL_VERSION_LIBZ
LogInit:      CURL_VERSION_IPV6
LogInit:      CURL_VERSION_ASYNCHDNS
LogInit:      CURL_VERSION_LARGEFILE
LogInit:      CURL_VERSION_IDN
LogInit:  CurlRequestOptions (configurable via config and command line):
LogInit:  - bVerifyPeer = false  - Libcurl will NOT verify peer certificate
LogInit:  - bUseHttpProxy = false  - Libcurl will NOT use HTTP proxy
LogInit:  - bDontReuseConnections = false  - Libcurl will reuse connections
LogInit:  - CertBundlePath = nullptr  - Libcurl will use whatever was configured at build time.
LogHMD: Failed initializing OVRPlugin 1.15.0
LogInit: Build: ++UE4+Release-4.17-CL-3658906
LogInit: Engine Version: 4.17.2-3658906+++UE4+Release-4.17
LogInit: Compatible Engine Version: 4.17.0-3573198+++UE4+Release-4.17
LogInit: Net CL: 3573198
LogDevObjectVersion: Number of dev versions registered: 16
LogDevObjectVersion:   Dev-Blueprints (B0D832E4-1F89-4F0D-ACCF-7EB736FD4AA2): 10
LogDevObjectVersion:   Dev-Build (E1C64328-A22C-4D53-A36C-8E866417BD8C): 0
LogDevObjectVersion:   Dev-Core (375EC13C-06E4-48FB-B500-84F0262A717E): 2
LogDevObjectVersion:   Dev-Editor (E4B068ED-F494-42E9-A231-DA0B2E46BB41): 20
LogDevObjectVersion:   Dev-Framework (CFFC743F-43B0-4480-9391-14DF171D2073): 28
LogDevObjectVersion:   Dev-Mobile (B02B49B5-BB20-44E9-A304-32B752E40360): 0
LogDevObjectVersion:   Dev-Networking (A4E4105C-59A1-49B5-A7C5-40C4547EDFEE): 0
LogDevObjectVersion:   Dev-Online (39C831C9-5AE6-47DC-9A44-9C173E1C8E7C): 0
LogDevObjectVersion:   Dev-Physics (78F01B33-EBEA-4F98-B9B4-84EACCB95AA2): 0
LogDevObjectVersion:   Dev-Platform (6631380F-2D4D-43E0-8009-CF276956A95A): 0
LogDevObjectVersion:   Dev-Rendering (12F88B9F-8875-4AFC-A67C-D90C383ABD29): 19
LogDevObjectVersion:   Dev-Sequencer (7B5AE74C-D270-4C10-A958-57980B212A5A): 4
LogDevObjectVersion:   Dev-VR (D7296918-1DD6-4BDD-9DE2-64A83CC13884): 0
LogDevObjectVersion:   Dev-LoadTimes (C2A15278-BFE7-4AFE-6C17-90FF531DF755): 1
LogDevObjectVersion:   Private-Geometry (6EACA3D4-40EC-4CC1-B786-8BED09428FC5): 1
LogDevObjectVersion:   Dev-AnimPhys (29E575DD-E0A3-4627-9D10-D276232CDCEA): 7
LogInit: Compiled (64-bit): Sep 22 2017 13:47:16
LogInit: Compiled with Visual C++: 19.00.24215.01
LogInit: Build Configuration: Development
LogInit: Branch Name: ++UE4+Release-4.17
LogInit: Command line:  
LogInit: Base directory: E:/Program Files/Epic Games/UE_4.17/Engine/Binaries/Win64/
LogInit: Installed Engine Build: 1
LogInit: Presizing for max 8388607 objects, including 0 objects not considered by GC, pre-allocating 0 bytes for permanent pool.
LogInit: Object subsystem initialized
[2017.11.01-08.27.19:632][  0]LogInit: Selected Device Profile: [Windows]
[2017.11.01-08.27.19:632][  0]LogInit: Applying CVar settings loaded from the selected device profile: [Windows]
[2017.11.01-08.27.19:708][  0]LogInit: Computer: ANM-CA308-HP05
[2017.11.01-08.27.19:708][  0]LogInit: User: zfitzpat
[2017.11.01-08.27.19:708][  0]LogInit: CPU Page size=4096, Cores=20
[2017.11.01-08.27.19:708][  0]LogInit: High frequency timer resolution =2.533200 MHz
[2017.11.01-08.27.19:708][  0]LogMemory: Memory total: Physical=63.9GB (64GB approx)
[2017.11.01-08.27.19:708][  0]LogMemory: Platform Memory Stats for Windows
[2017.11.01-08.27.19:708][  0]LogMemory: Process Physical Memory: 287.79 MB used, 287.79 MB peak
[2017.11.01-08.27.19:708][  0]LogMemory: Process Virtual Memory: 292.79 MB used, 292.79 MB peak
[2017.11.01-08.27.19:708][  0]LogMemory: Physical Memory: 6244.13 MB used,  59207.77 MB free, 65451.91 MB total
[2017.11.01-08.27.19:708][  0]LogMemory: Virtual Memory: 736.68 MB used,  59207.77 MB free, 134217728.00 MB total
[2017.11.01-08.27.19:925][  0]LogInit: Using OS detected language (en-US).
[2017.11.01-08.27.19:925][  0]LogInit: Using OS detected locale (en-US).
[2017.11.01-08.27.19:929][  0]LogTextLocalizationManager: No specific localization for 'en-US' exists, so the 'en' localization will be used.
[2017.11.01-08.27.20:842][  0]LogD3D11RHI: D3D11 adapters:
[2017.11.01-08.27.20:888][  0]LogD3D11RHI:    0. 'NVIDIA Quadro M4000' (Feature Level 11_0)
[2017.11.01-08.27.20:889][  0]LogD3D11RHI:       8152/0/32725 MB DedicatedVideo/DedicatedSystem/SharedSystem, Outputs:2, VendorId:0x10de
[2017.11.01-08.27.20:891][  0]LogD3D11RHI:    1. 'Microsoft Basic Render Driver' (Feature Level 11_0)
[2017.11.01-08.27.20:891][  0]LogD3D11RHI:       0/0/32725 MB DedicatedVideo/DedicatedSystem/SharedSystem, Outputs:0, VendorId:0x1414
[2017.11.01-08.27.20:891][  0]LogD3D11RHI: Chosen D3D11 Adapter: 0
[2017.11.01-08.27.20:897][  0]LogD3D11RHI: Creating new Direct3DDevice
[2017.11.01-08.27.20:897][  0]LogD3D11RHI:     GPU DeviceId: 0x13f1 (for the marketing name, search the web for "GPU Device Id")
[2017.11.01-08.27.20:897][  0]LogWindows: EnumDisplayDevices:
[2017.11.01-08.27.20:897][  0]LogWindows:    0. 'NVIDIA Quadro M4000' (P:0 D:1)
[2017.11.01-08.27.20:897][  0]LogWindows:    1. 'NVIDIA Quadro M4000' (P:1 D:1)
[2017.11.01-08.27.20:898][  0]LogWindows:    2. 'NVIDIA Quadro M4000' (P:0 D:0)
[2017.11.01-08.27.20:898][  0]LogWindows:    3. 'NVIDIA Quadro M4000' (P:0 D:0)
[2017.11.01-08.27.20:898][  0]LogWindows: DebugString: FoundDriverCount:4 
[2017.11.01-08.27.20:898][  0]LogD3D11RHI:     Adapter Name: NVIDIA Quadro M4000
[2017.11.01-08.27.20:898][  0]LogD3D11RHI:   Driver Version: 385.69 (internal:22.21.13.8569, unified:385.69)
[2017.11.01-08.27.20:898][  0]LogD3D11RHI:      Driver Date: 9-16-2017
[2017.11.01-08.27.20:898][  0]LogRHI: Texture pool is 1361 MB (70% of 1945 MB)
[2017.11.01-08.27.20:918][  0]LogD3D11RHI: Async texture creation enabled
[2017.11.01-08.27.20:930][  0]LogD3D11RHI: GPU Timing Frequency: 1000.000000 (Debug: 2 1)
[2017.11.01-08.27.21:017][  0]LogShaderCompilers: Guid format shader working directory is 3 characters bigger than the processId version (W:/unreal/github/cyberwitch/Cyberwitch_Project/Intermediate/Shaders/WorkingDirectory/2496/).
[2017.11.01-08.27.21:017][  0]LogShaderCompilers: Cleaned the shader compiler working directory 'E:/Users/zfitzpat/AppData/Local/Temp/UnrealShaderWorkingDir/BB8C04844E723D50381CD68634AED957/'.
[2017.11.01-08.27.21:017][  0]LogShaderCompilers: Display: Using Local Shader Compiler.
[2017.11.01-08.27.22:098][  0]LogTemp: Display: Loaded TP AllDesktopTargetPlatform
[2017.11.01-08.27.22:165][  0]LogTemp: Display: Loaded TP MacClientTargetPlatform
[2017.11.01-08.27.22:230][  0]LogTemp: Display: Loaded TP MacNoEditorTargetPlatform
[2017.11.01-08.27.22:294][  0]LogTemp: Display: Loaded TP MacServerTargetPlatform
[2017.11.01-08.27.22:359][  0]LogTemp: Display: Loaded TP MacTargetPlatform
[2017.11.01-08.27.22:424][  0]LogTemp: Display: Loaded TP WindowsClientTargetPlatform
[2017.11.01-08.27.22:488][  0]LogTemp: Display: Loaded TP WindowsNoEditorTargetPlatform
[2017.11.01-08.27.22:553][  0]LogTemp: Display: Loaded TP WindowsServerTargetPlatform
[2017.11.01-08.27.22:605][  0]LogTemp: Display: Loaded TP WindowsTargetPlatform
[2017.11.01-08.27.22:668][  0]LogTemp: Display: Loaded TP AndroidTargetPlatform
[2017.11.01-08.27.22:735][  0]LogTemp: Display: Loaded TP Android_ASTCTargetPlatform
[2017.11.01-08.27.22:800][  0]LogTemp: Display: Loaded TP Android_ATCTargetPlatform
[2017.11.01-08.27.22:865][  0]LogTemp: Display: Loaded TP Android_DXTTargetPlatform
[2017.11.01-08.27.22:928][  0]LogTemp: Display: Loaded TP Android_ETC1TargetPlatform
[2017.11.01-08.27.22:992][  0]LogTemp: Display: Loaded TP Android_ETC2TargetPlatform
[2017.11.01-08.27.23:120][  0]LogTemp: Display: Loaded TP Android_MultiTargetPlatform
[2017.11.01-08.27.23:120][  0]LogTemp: Display: Loaded TP Android_PVRTCTargetPlatform
[2017.11.01-08.27.23:162][  0]LogTemp: Display: Loaded TP HTML5TargetPlatform
[2017.11.01-08.27.23:271][  0]LogTemp: Display: Loaded TP IOSTargetPlatform
[2017.11.01-08.27.23:317][  0]LogTemp: Display: Loaded TP TVOSTargetPlatform
[2017.11.01-08.27.23:381][  0]LogTemp: Display: Loaded TP LinuxClientTargetPlatform
[2017.11.01-08.27.23:445][  0]LogTemp: Display: Loaded TP LinuxNoEditorTargetPlatform
[2017.11.01-08.27.23:509][  0]LogTemp: Display: Loaded TP LinuxServerTargetPlatform
[2017.11.01-08.27.23:576][  0]LogTemp: Display: Loaded TP LinuxTargetPlatform
[2017.11.01-08.27.23:576][  0]LogTargetPlatformManager: Display: Building Assets For Windows
[2017.11.01-08.27.24:142][  0]LogDerivedDataCache: Display: Max Cache Size: 512 MB
[2017.11.01-08.27.24:326][  0]LogDerivedDataCache: Loaded boot cache 0.18s 93MB E:/Users/zfitzpat/AppData/Local/UnrealEngine/4.17/DerivedDataCache/Boot.ddc.
[2017.11.01-08.27.24:326][  0]LogDerivedDataCache: Display: Loaded Boot cache: E:/Users/zfitzpat/AppData/Local/UnrealEngine/4.17/DerivedDataCache/Boot.ddc
[2017.11.01-08.27.24:328][  0]LogDerivedDataCache: FDerivedDataBackendGraph:  Pak pak cache file W:/unreal/github/cyberwitch/Cyberwitch_Project/DerivedDataCache/DDC.ddp not found, will not use a pak cache.
[2017.11.01-08.27.24:328][  0]LogDerivedDataCache: Unable to find inner node Pak for hierarchical cache Hierarchy.
[2017.11.01-08.27.24:329][  0]LogDerivedDataCache: FDerivedDataBackendGraph:  CompressedPak pak cache file W:/unreal/github/cyberwitch/Cyberwitch_Project/DerivedDataCache/Compressed.ddp not found, will not use a pak cache.
[2017.11.01-08.27.24:329][  0]LogDerivedDataCache: Unable to find inner node CompressedPak for hierarchical cache Hierarchy.
[2017.11.01-08.27.24:352][  0]LogDerivedDataCache: Display: Pak cache opened for reading ../../../Engine/DerivedDataCache/Compressed.ddp.
[2017.11.01-08.27.24:364][  0]LogDerivedDataCache: Using Local data cache path E:/Users/zfitzpat/AppData/Local/UnrealEngine/Common/DerivedDataCache: Writable
[2017.11.01-08.27.24:376][  0]LogMaterial: Verifying Global Shaders for PCD3D_SM5
[2017.11.01-08.27.24:377][  0]LogSlate: Using Freetype 2.6.0
[2017.11.01-08.27.24:377][  0]LogSlate: SlateFontCache - WITH_FREETYPE: 1, WITH_HARFBUZZ: 1
[2017.11.01-08.27.24:377][  0]LogSlate: SlateFontCache - WITH_FREETYPE: 1, WITH_HARFBUZZ: 1
[2017.11.01-08.27.24:781][  0]LogAssetRegistry: FAssetRegistry took 0.0408 seconds to start up
[2017.11.01-08.27.25:166][  0]LogInit: Selected Device Profile: [Windows]
[2017.11.01-08.27.25:404][  0]LogContentStreaming: Texture pool size is 0.00 MB
[2017.11.01-08.27.25:759][  0]LogSimplygon: Simplygon DLL not present - disabling.
[2017.11.01-08.27.25:803][  0]LogMeshReduction: Using SimplygonSwarm for distributed automatic mesh merging
[2017.11.01-08.27.25:803][  0]LogMeshReduction: Using QuadricMeshReduction for automatic static mesh reduction
[2017.11.01-08.27.25:803][  0]LogMeshReduction: No automatic skeletal mesh reduction module available
[2017.11.01-08.27.25:803][  0]LogMeshReduction: No automatic mesh merging module available
[2017.11.01-08.27.25:803][  0]LogMeshMerging: No automatic mesh merging module available
[2017.11.01-08.27.26:309][  0]LogNetVersion: Cyberwitch_Project , NetCL: 3573198, EngineNetVer: 2, GameNetVer: 0 (Checksum: 51455869)
[2017.11.01-08.27.27:270][  0]LogPackageLocalizationCache: Processed 5 localized package path(s) for 2 prioritized culture(s) in 0.755150 seconds
[2017.11.01-08.27.27:276][  0]LogUObjectArray: 35825 objects as part of root set at end of initial load.
[2017.11.01-08.27.27:276][  0]LogUObjectAllocator: 7529104 out of 0 bytes used by permanent object pool.
[2017.11.01-08.27.27:276][  0]LogUObjectArray: CloseDisregardForGC: 0/0 objects in disregard for GC pool
[2017.11.01-08.27.27:351][  0]LogInit: WinSock: version 1.1 (2.2), MaxSocks=32767, MaxUdp=65467
[2017.11.01-08.27.30:517][  0]LogTcpMessaging: Initializing TcpMessaging bridge
[2017.11.01-08.27.30:589][  0]LogUdpMessaging: Initializing bridge on interface 0.0.0.0:0 to multicast group 230.0.0.1:6666.
[2017.11.01-08.27.30:589][  0]LogDirectoryWatcher: A directory notification failed for 'W:/unreal/github/cyberwitch/Cyberwitch_Project/Content/' because it was empty or there was a buffer overflow. Attemping another request...
[2017.11.01-08.27.31:312][  0]LogMaterial: Uniform references updated for custom material expression Custom.
[2017.11.01-08.27.31:778][  0]SourceControl: Source control is disabled
[2017.11.01-08.27.31:778][  0]SourceControl: Source control is disabled
[2017.11.01-08.27.31:827][  0]SourceControl: Source control is disabled
[2017.11.01-08.27.31:874][  0]SourceControl: Source control is disabled
[2017.11.01-08.27.32:562][  0]LogAndroidPermission: UAndroidPermissionCallbackProxy::GetInstance
[2017.11.01-08.27.32:842][  0]LogOcInput: OculusInput pre-init called
[2017.11.01-08.27.33:107][  0]LogEngine: Initializing Engine...
[2017.11.01-08.27.33:108][  0]LogHMD: Failed to initialize OpenVR with code 110
[2017.11.01-08.27.33:414][  0]LogStats: UGameplayTagsManager::ConstructGameplayTagTree: Construct from data asset -  0.000 s
[2017.11.01-08.27.33:414][  0]LogStats: UGameplayTagsManager::ConstructGameplayTagTree: GameplayTagTreeChangedEvent.Broadcast -  0.000 s
[2017.11.01-08.27.33:553][  0]LogAIModule: Creating AISystem for world Untitled
[2017.11.01-08.27.33:561][  0]LogInit: XAudio2 using 'Speakers (Realtek High Definition Audio)' : 2 channels at 48 kHz using 32 bits per sample (channel mask 0x3)
[2017.11.01-08.27.33:654][  0]LogInit: FAudioDevice initialized.
[2017.11.01-08.27.33:884][  0]LogDerivedDataCache: Saved boot cache 0.23s 93MB E:/Users/zfitzpat/AppData/Local/UnrealEngine/4.17/DerivedDataCache/Boot.ddc.
[2017.11.01-08.27.33:922][  0]LogInit: Texture streaming: Enabled
[2017.11.01-08.27.34:063][  0]LogEngineSessionManager: EngineSessionManager initialized
[2017.11.01-08.27.34:310][  0]LogInit: Transaction tracking system initialized
[2017.11.01-08.27.34:654][  0]BlueprintLog: New page: Editor Load
[2017.11.01-08.27.35:800][  0]LocalizationService: Localization service is disabled
[2017.11.01-08.27.36:604][  0]LogConsoleResponse: Display: 
[2017.11.01-08.27.36:843][  0]LogCook: Display: Max memory allowance for cook 16384mb min free memory 0mb
[2017.11.01-08.27.36:843][  0]LogCook: Display: Mobile HDR setting 1
[2017.11.01-08.27.36:844][  0]LogGameplayTags: Display: UGameplayTagsManager::DoneAddingNativeTags. DelegateIsBound: 0
[2017.11.01-08.27.37:970][  0]LogFileCache: Scanning file cache for directory 'W:/unreal/github/cyberwitch/Cyberwitch_Project/Content/' took 0.11s
[2017.11.01-08.27.38:020][  0]SourceControl: Source control is disabled
[2017.11.01-08.27.38:020][  0]Cmd: MAP LOAD FILE="W:/unreal/github/cyberwitch/Cyberwitch_Project/Content/Levels/DemoMap.umap" TEMPLATE=0 SHOWPROGRESS=1 FEATURELEVEL=3
[2017.11.01-08.27.38:024][  0]LightingResults: New page: Lighting Build
[2017.11.01-08.27.38:071][  0]MapCheck: New page: Map Check
[2017.11.01-08.27.38:071][  0]LightingResults: New page: Lighting Build
[2017.11.01-08.27.38:605][  0]LogLinker: Warning: Can't find file '/Game/Assets/Characters/Taliah/Meshes/TEX_Taliah_D'
[2017.11.01-08.27.38:605][  0]LoadErrors: Failed to load /Game/Assets/Characters/Taliah/Meshes/RIG_Taliah.RIG_Taliah Referenced by CharacterMesh0
[2017.11.01-08.27.38:606][  0]LogLinker: Warning: Can't find file for asset '/Game/Assets/Characters/Taliah/Meshes/TEX_Taliah_D' while loading W:/unreal/github/cyberwitch/Cyberwitch_Project/Content/Assets/Characters/Taliah/Materials/mat_main.uasset.
[2017.11.01-08.27.38:606][  0]LoadErrors: Failed to load /Game/Assets/Characters/Taliah/Meshes/RIG_Taliah.RIG_Taliah Referenced by CharacterMesh0
[2017.11.01-08.27.38:606][  0]LoadErrors: Error: /Game/Assets/Characters/Taliah/Materials/mat_main : Can't find file for asset. /Game/Assets/Characters/Taliah/Meshes/TEX_Taliah_D
[2017.11.01-08.27.38:609][  0]LogLinker: Warning: Can't find file '/Game/Assets/Characters/Taliah/Meshes/TEX_Taliah_N'
[2017.11.01-08.27.38:609][  0]LoadErrors: Failed to load /Game/Assets/Characters/Taliah/Meshes/RIG_Taliah.RIG_Taliah Referenced by CharacterMesh0
[2017.11.01-08.27.38:610][  0]LogLinker: Warning: Can't find file for asset '/Game/Assets/Characters/Taliah/Meshes/TEX_Taliah_N' while loading W:/unreal/github/cyberwitch/Cyberwitch_Project/Content/Assets/Characters/Taliah/Materials/mat_main.uasset.
[2017.11.01-08.27.38:610][  0]LoadErrors: Failed to load /Game/Assets/Characters/Taliah/Meshes/RIG_Taliah.RIG_Taliah Referenced by CharacterMesh0
[2017.11.01-08.27.38:610][  0]LoadErrors: Error: /Game/Assets/Characters/Taliah/Materials/mat_main : Can't find file for asset. /Game/Assets/Characters/Taliah/Meshes/TEX_Taliah_N
[2017.11.01-08.27.38:612][  0]LogLinker: Warning: Can't find file '/Game/Assets/Characters/Taliah/Meshes/TEX_Taliah_S'
[2017.11.01-08.27.38:612][  0]LoadErrors: Failed to load /Game/Assets/Characters/Taliah/Meshes/RIG_Taliah.RIG_Taliah Referenced by CharacterMesh0
[2017.11.01-08.27.38:612][  0]LogLinker: Warning: Can't find file for asset '/Game/Assets/Characters/Taliah/Meshes/TEX_Taliah_S' while loading W:/unreal/github/cyberwitch/Cyberwitch_Project/Content/Assets/Characters/Taliah/Materials/mat_main.uasset.
[2017.11.01-08.27.38:612][  0]LoadErrors: Failed to load /Game/Assets/Characters/Taliah/Meshes/RIG_Taliah.RIG_Taliah Referenced by CharacterMesh0
[2017.11.01-08.27.38:612][  0]LoadErrors: Error: /Game/Assets/Characters/Taliah/Materials/mat_main : Can't find file for asset. /Game/Assets/Characters/Taliah/Meshes/TEX_Taliah_S
[2017.11.01-08.27.38:614][  0]LogLinker: Warning: Can't find file '/Game/Assets/Characters/Taliah/Meshes/TEX_Taliah_D'
[2017.11.01-08.27.38:614][  0]LoadErrors: Failed to load /Game/Assets/Characters/Taliah/Meshes/RIG_Taliah.RIG_Taliah Referenced by CharacterMesh0
[2017.11.01-08.27.38:614][  0]LogLinker: Warning: Can't find file for asset '/Game/Assets/Characters/Taliah/Meshes/TEX_Taliah_D' while loading W:/unreal/github/cyberwitch/Cyberwitch_Project/Content/Assets/Characters/Taliah/Materials/mat_main.uasset.
[2017.11.01-08.27.38:614][  0]LoadErrors: Failed to load /Game/Assets/Characters/Taliah/Meshes/RIG_Taliah.RIG_Taliah Referenced by CharacterMesh0
[2017.11.01-08.27.38:615][  0]LoadErrors: Error: /Game/Assets/Characters/Taliah/Materials/mat_main : Can't find file for asset. /Game/Assets/Characters/Taliah/Meshes/TEX_Taliah_D
[2017.11.01-08.27.38:615][  0]LogLinker: Warning: Can't find file '/Game/Assets/Characters/Taliah/Meshes/TEX_Taliah_N'
[2017.11.01-08.27.38:615][  0]LoadErrors: Failed to load /Game/Assets/Characters/Taliah/Meshes/RIG_Taliah.RIG_Taliah Referenced by CharacterMesh0
[2017.11.01-08.27.38:616][  0]LogLinker: Warning: Can't find file for asset '/Game/Assets/Characters/Taliah/Meshes/TEX_Taliah_N' while loading W:/unreal/github/cyberwitch/Cyberwitch_Project/Content/Assets/Characters/Taliah/Materials/mat_main.uasset.
[2017.11.01-08.27.38:616][  0]LoadErrors: Failed to load /Game/Assets/Characters/Taliah/Meshes/RIG_Taliah.RIG_Taliah Referenced by CharacterMesh0
[2017.11.01-08.27.38:616][  0]LoadErrors: Error: /Game/Assets/Characters/Taliah/Materials/mat_main : Can't find file for asset. /Game/Assets/Characters/Taliah/Meshes/TEX_Taliah_N
[2017.11.01-08.27.38:616][  0]LogLinker: Warning: Can't find file '/Game/Assets/Characters/Taliah/Meshes/TEX_Taliah_S'
[2017.11.01-08.27.38:616][  0]LoadErrors: Failed to load /Game/Assets/Characters/Taliah/Meshes/RIG_Taliah.RIG_Taliah Referenced by CharacterMesh0
[2017.11.01-08.27.38:617][  0]LogLinker: Warning: Can't find file for asset '/Game/Assets/Characters/Taliah/Meshes/TEX_Taliah_S' while loading W:/unreal/github/cyberwitch/Cyberwitch_Project/Content/Assets/Characters/Taliah/Materials/mat_main.uasset.
[2017.11.01-08.27.38:617][  0]LoadErrors: Failed to load /Game/Assets/Characters/Taliah/Meshes/RIG_Taliah.RIG_Taliah Referenced by CharacterMesh0
[2017.11.01-08.27.38:617][  0]LoadErrors: Error: /Game/Assets/Characters/Taliah/Materials/mat_main : Can't find file for asset. /Game/Assets/Characters/Taliah/Meshes/TEX_Taliah_S
[2017.11.01-08.27.40:140][  0]LogLinker: Warning: Can't find file '/Game/Assets/Characters/Taliah/Meshes/TEX_Taliah_D'
[2017.11.01-08.27.40:140][  0]LoadErrors: Failed to load /Game/Assets/Characters/Taliah/Meshes/TEX_Taliah_D.TEX_Taliah_D Referenced by MaterialExpressionTextureSample_0
[2017.11.01-08.27.40:140][  0]LogLinker: Warning: Can't find file for asset '/Game/Assets/Characters/Taliah/Meshes/TEX_Taliah_D' while loading NULL.
[2017.11.01-08.27.40:140][  0]LoadErrors: Failed to load /Game/Assets/Characters/Taliah/Meshes/TEX_Taliah_D.TEX_Taliah_D Referenced by MaterialExpressionTextureSample_0
[2017.11.01-08.27.40:141][  0]LogLinker: Warning: Can't find file '/Game/Assets/Characters/Taliah/Meshes/TEX_Taliah_S'
[2017.11.01-08.27.40:141][  0]LoadErrors: Failed to load /Game/Assets/Characters/Taliah/Meshes/TEX_Taliah_S.TEX_Taliah_S Referenced by MaterialExpressionTextureSample_1
[2017.11.01-08.27.40:142][  0]LogLinker: Warning: Can't find file for asset '/Game/Assets/Characters/Taliah/Meshes/TEX_Taliah_S' while loading NULL.
[2017.11.01-08.27.40:142][  0]LoadErrors: Failed to load /Game/Assets/Characters/Taliah/Meshes/TEX_Taliah_S.TEX_Taliah_S Referenced by MaterialExpressionTextureSample_1
[2017.11.01-08.27.40:142][  0]LogLinker: Warning: Can't find file '/Game/Assets/Characters/Taliah/Meshes/TEX_Taliah_N'
[2017.11.01-08.27.40:142][  0]LoadErrors: Failed to load /Game/Assets/Characters/Taliah/Meshes/TEX_Taliah_N.TEX_Taliah_N Referenced by MaterialExpressionTextureSample_2
[2017.11.01-08.27.40:143][  0]LogLinker: Warning: Can't find file for asset '/Game/Assets/Characters/Taliah/Meshes/TEX_Taliah_N' while loading NULL.
[2017.11.01-08.27.40:143][  0]LoadErrors: Failed to load /Game/Assets/Characters/Taliah/Meshes/TEX_Taliah_N.TEX_Taliah_N Referenced by MaterialExpressionTextureSample_2
[2017.11.01-08.27.40:282][  0]LogMaterial: Missing cached shader map for material mat_main, compiling. 
[2017.11.01-08.27.40:283][  0]LogMaterial: Warning: Failed to compile Material /Game/Assets/Characters/Taliah/Materials/mat_main.mat_main for platform PCD3D_SM5, Default Material will be used in game.
[2017.11.01-08.27.40:283][  0]LogMaterial: Warning: 	(Node TextureSample) Texture Sample> Missing input texture
[2017.11.01-08.27.40:314][  0]LogAIModule: Creating AISystem for world DemoMap
[2017.11.01-08.27.40:331][  0]LogEditorServer: Finished looking for orphan Actors (0.000 secs)
[2017.11.01-08.27.40:413][  0]Cmd: MAP CHECKDEP NOCLEARLOG
[2017.11.01-08.27.40:577][  0]MapCheck: Map check complete: 0 Error(s), 0 Warning(s), took 163.909ms to complete.
[2017.11.01-08.27.40:577][  0]LogFileHelpers: Loading map 'DemoMap' took 2.558
[2017.11.01-08.27.40:716][  0]LogWindowsTextInputMethodSystem: Display: IME system now deactivated.
[2017.11.01-08.27.40:717][  0]LogWindowsTextInputMethodSystem: Display: IME system now deactivated.
[2017.11.01-08.27.40:870][  0]LogCollectionManager: Loaded 0 collections in 0.004216 seconds
[2017.11.01-08.27.41:036][  0]LogFileCache: Scanning file cache for directory 'W:/unreal/github/cyberwitch/Cyberwitch_Project/Saved/Collections/' took 0.02s
[2017.11.01-08.27.41:036][  0]LogFileCache: Scanning file cache for directory 'W:/unreal/github/cyberwitch/Cyberwitch_Project/Content/Developers/zfitzpat/Collections/' took 0.03s
[2017.11.01-08.27.41:036][  0]LogFileCache: Scanning file cache for directory 'W:/unreal/github/cyberwitch/Cyberwitch_Project/Content/Collections/' took 0.02s
[2017.11.01-08.27.41:036][  0]LogCollectionManager: Rebuilt the GUID cache for 0 collections in 0.000000 seconds
[2017.11.01-08.27.41:048][  0]LogContentBrowser: Native class hierarchy populated in 0.0113 seconds. Added 2386 classes and 500 folders.
[2017.11.01-08.27.41:122][  0]LogContentBrowser: Native class hierarchy updated for 'WidgetCarousel' in 0.0013 seconds. Added 0 classes and 0 folders.
[2017.11.01-08.27.41:178][  0]LogContentBrowser: Native class hierarchy updated for 'AddContentDialog' in 0.0014 seconds. Added 0 classes and 0 folders.
[2017.11.01-08.27.41:227][  0]LogContentBrowser: Native class hierarchy updated for 'SceneOutliner' in 0.0013 seconds. Added 1 classes and 2 folders.
[2017.11.01-08.27.41:267][  0]LogSlate: Took 0.000225 seconds to synchronously load lazily loaded font '../../../Engine/Content/Slate/Fonts/Roboto-Regular.ttf' (155K)
[2017.11.01-08.27.41:269][  0]LogSlate: Took 0.000265 seconds to synchronously load lazily loaded font '../../../Engine/Content/Slate/Fonts/Roboto-Bold.ttf' (160K)
[2017.11.01-08.27.41:278][  0]LogSlate: Took 0.000201 seconds to synchronously load lazily loaded font '../../../Engine/Content/Editor/Slate/Fonts/FontAwesome.ttf' (139K)
[2017.11.01-08.27.41:409][  0]LogRenderer: Reallocating scene render targets to support 1616x808 Format 10 NumSamples 1 (Frame:1).
[2017.11.01-08.27.41:726][  0]LogContentBrowser: Native class hierarchy updated for 'HierarchicalLODOutliner' in 0.0018 seconds. Added 1 classes and 2 folders.
[2017.11.01-08.27.41:727][  0]LogLoad: (Engine Initialization) Total time: 27.54 seconds
[2017.11.01-08.27.41:727][  0]LogLoad: (Engine Initialization) Total Blueprint compile time: 0.00 seconds
[2017.11.01-08.27.41:727][  0]LogExternalProfiler: Found external profiler: VSPerf
[2017.11.01-08.27.41:727][  0]LogExternalProfiler: Using external profiler: VSPerf
[2017.11.01-08.27.41:754][  0]LogDirectoryWatcher: A directory notification failed for 'W:/unreal/github/cyberwitch/Cyberwitch_Project/Content/' because it was empty or there was a buffer overflow. Attemping another request...
[2017.11.01-08.27.41:755][  0]LogDirectoryWatcher: A directory notification failed for 'W:/unreal/github/cyberwitch/Cyberwitch_Project/Content/', and we were unable to create a new request.
[2017.11.01-08.27.41:755][  0]LogDirectoryWatcher: A directory notification failed for 'W:/unreal/github/cyberwitch/Cyberwitch_Project/Saved/Collections/' because it was empty or there was a buffer overflow. Attemping another request...
[2017.11.01-08.27.41:755][  0]LogDirectoryWatcher: A directory notification failed for 'W:/unreal/github/cyberwitch/Cyberwitch_Project/Content/Developers/zfitzpat/Collections/' because it was empty or there was a buffer overflow. Attemping another request...
[2017.11.01-08.27.41:755][  0]LogDirectoryWatcher: A directory notification failed for 'W:/unreal/github/cyberwitch/Cyberwitch_Project/Content/Collections/' because it was empty or there was a buffer overflow. Attemping another request...
[2017.11.01-08.27.41:756][  0]LogContentStreaming: Texture pool size now 1000 MB
[2017.11.01-08.27.41:902][  1]LogAssetRegistry: Asset discovery search completed in 17.1429 seconds
[2017.11.01-08.27.41:904][  1]LogCollectionManager: Rebuilt the object cache for 0 collections in 0.000001 seconds (found 0 objects)
[2017.11.01-08.27.41:904][  1]LogCollectionManager: Fixed up redirectors for 0 collections in 0.000049 seconds (updated 0 objects)
[2017.11.01-08.27.41:904][  1]LogDirectoryWatcher: A directory notification failed for 'W:/unreal/github/cyberwitch/Cyberwitch_Project/Saved/Collections/' because it was empty or there was a buffer overflow. Attemping another request...
[2017.11.01-08.27.41:905][  1]LogDirectoryWatcher: A directory notification failed for 'W:/unreal/github/cyberwitch/Cyberwitch_Project/Saved/Collections/', and we were unable to create a new request.
[2017.11.01-08.27.41:905][  1]LogDirectoryWatcher: A directory notification failed for 'W:/unreal/github/cyberwitch/Cyberwitch_Project/Content/Developers/zfitzpat/Collections/' because it was empty or there was a buffer overflow. Attemping another request...
[2017.11.01-08.27.41:906][  1]LogDirectoryWatcher: A directory notification failed for 'W:/unreal/github/cyberwitch/Cyberwitch_Project/Content/Developers/zfitzpat/Collections/', and we were unable to create a new request.
[2017.11.01-08.27.41:906][  1]LogDirectoryWatcher: A directory notification failed for 'W:/unreal/github/cyberwitch/Cyberwitch_Project/Content/Collections/' because it was empty or there was a buffer overflow. Attemping another request...
[2017.11.01-08.27.41:906][  1]LogDirectoryWatcher: A directory notification failed for 'W:/unreal/github/cyberwitch/Cyberwitch_Project/Content/Collections/', and we were unable to create a new request.
[2017.11.01-08.27.42:793][ 95]LogSlate: Took 0.000260 seconds to synchronously load lazily loaded font '../../../Engine/Content/Slate/Fonts/Roboto-Light.ttf' (159K)
[2017.11.01-08.27.50:330][828]LogTemp: Repeating last play command: Selected Viewport
[2017.11.01-08.27.50:922][828]LogBlueprintUserMessages: Early PlayInEditor Detection: Level '/Game/Levels/DemoMap.DemoMap:PersistentLevel' has LevelScriptBlueprint '/Game/Levels/DemoMap.DemoMap:PersistentLevel.DemoMap' with GeneratedClass '/Game/Levels/DemoMap.DemoMap_C' with ClassGeneratedBy '/Game/Levels/DemoMap.DemoMap:PersistentLevel.DemoMap'
[2017.11.01-08.27.50:922][828]LogPlayLevel: PlayLevel: No blueprints needed recompiling
[2017.11.01-08.27.50:922][828]PIE: New page: PIE session: DemoMap (Oct 31, 2017, 6:27:50 PM)
[2017.11.01-08.27.50:923][828]LogPlayLevel: Creating play world package: /Game/Levels/UEDPIE_0_DemoMap
[2017.11.01-08.27.50:928][828]LogPlayLevel: PIE: StaticDuplicateObject took: (0.005630s)
[2017.11.01-08.27.50:929][828]LogAIModule: Creating AISystem for world DemoMap
[2017.11.01-08.27.50:929][828]LogPlayLevel: PIE: World Init took: (0.000899s)
[2017.11.01-08.27.50:929][828]LogPlayLevel: PIE: Created PIE world by copying editor world from /Game/Levels/DemoMap.DemoMap to /Game/Levels/UEDPIE_0_DemoMap.DemoMap (0.006821s)
[2017.11.01-08.27.51:014][828]LogInit: XAudio2 using 'Speakers (Realtek High Definition Audio)' : 2 channels at 48 kHz using 32 bits per sample (channel mask 0x3)
[2017.11.01-08.27.51:022][828]LogInit: FAudioDevice initialized.
[2017.11.01-08.27.51:113][828]LogLoad: Game class is 'MainGameMode_C'
[2017.11.01-08.27.51:118][828]LogWorld: Bringing World /Game/Levels/UEDPIE_0_DemoMap.DemoMap up for play (max tick rate 0) at 2017.11.01-01.27.51
[2017.11.01-08.27.51:119][828]LogScript: Warning: Accessed None trying to read property CallFunc_GetPlayerController_ReturnValue2
	screen_C /Game/Levels/UEDPIE_0_DemoMap.DemoMap:PersistentLevel.screen5
	Function /Game/Blueprints/Camera/screen.screen_C:SetCamera:00C3
[2017.11.01-08.27.51:119][828]PIE: Error: Blueprint Runtime Error: Accessed None trying to read property CallFunc_GetPlayerController_ReturnValue2 from function: 'SetCamera' from node: Set View Target with Blend in graph: SetCamera in object: screen with description: Accessed None trying to read property CallFunc_GetPlayerController_ReturnValue2
[2017.11.01-08.27.51:119][828]LogScript: Warning: Accessed None trying to read property CallFunc_GetPlayerController_ReturnValue2
	screen_C /Game/Levels/UEDPIE_0_DemoMap.DemoMap:PersistentLevel.screen5
	Function /Game/Blueprints/Camera/screen.screen_C:SetCamera:00C3
[2017.11.01-08.27.51:120][828]PIE: Error: Blueprint Runtime Error: Accessed None trying to read property CallFunc_GetPlayerController_ReturnValue2 from function: 'SetCamera' from node: Set View Target with Blend in graph: SetCamera in object: screen with description: Accessed None trying to read property CallFunc_GetPlayerController_ReturnValue2
[2017.11.01-08.27.51:120][828]LogWorld: Bringing up level for play took: 0.004250
[2017.11.01-08.27.51:209][828]LogContentBrowser: Native class hierarchy updated for 'MovieSceneCapture' in 0.0024 seconds. Added 11 classes and 0 folders.
[2017.11.01-08.27.51:211][828]PIE: Play in editor start time for /Game/Levels/UEDPIE_0_DemoMap -0.479
[2017.11.01-08.27.51:211][828]LogBlueprintUserMessages: Late PlayInEditor Detection: Level '/Game/Levels/DemoMap.DemoMap:PersistentLevel' has LevelScriptBlueprint '/Game/Levels/DemoMap.DemoMap:PersistentLevel.DemoMap' with GeneratedClass '/Game/Levels/DemoMap.DemoMap_C' with ClassGeneratedBy '/Game/Levels/DemoMap.DemoMap:PersistentLevel.DemoMap'
[2017.11.01-08.28.00:078][885]LogBlueprintUserMessages: Early EndPlayMap Detection: Level '/Game/Levels/DemoMap.DemoMap:PersistentLevel' has LevelScriptBlueprint '/Game/Levels/DemoMap.DemoMap:PersistentLevel.DemoMap' with GeneratedClass '/Game/Levels/DemoMap.DemoMap_C' with ClassGeneratedBy '/Game/Levels/DemoMap.DemoMap:PersistentLevel.DemoMap'
[2017.11.01-08.28.00:112][885]LogBlueprintUserMessages: Late EndPlayMap Detection: Level '/Game/Levels/DemoMap.DemoMap:PersistentLevel' has LevelScriptBlueprint '/Game/Levels/DemoMap.DemoMap:PersistentLevel.DemoMap' with GeneratedClass '/Game/Levels/DemoMap.DemoMap_C' with ClassGeneratedBy '/Game/Levels/DemoMap.DemoMap:PersistentLevel.DemoMap'
[2017.11.01-08.28.02:873][118]LogSlate: Took 0.000224 seconds to synchronously load lazily loaded font '../../../Engine/Content/Slate/Fonts/Roboto-Light.ttf' (159K)
[2017.11.01-08.28.03:671][118]LogAIModule: Creating AISystem for world MainMenu
[2017.11.01-08.28.03:686][118]LogSlate: Took 0.000301 seconds to synchronously load lazily loaded font '../../../Engine/Content/Slate/Fonts/Roboto-Regular.ttf' (155K)
[2017.11.01-08.28.03:766][118]Cmd: MAP LOAD FILE="W:/unreal/github/cyberwitch/Cyberwitch_Project/Content/Levels/MainMenu.umap" TEMPLATE=0 SHOWPROGRESS=1 FEATURELEVEL=3
[2017.11.01-08.28.03:766][118]LightingResults: New page: Lighting Build
[2017.11.01-08.28.03:767][118]LoadErrors: New page: Loading map: MainMenu.umap
[2017.11.01-08.28.03:770][118]MapCheck: New page: Map Check
[2017.11.01-08.28.03:770][118]LightingResults: New page: Lighting Build
[2017.11.01-08.28.03:825][118]LogEditorServer: Finished looking for orphan Actors (0.000 secs)
[2017.11.01-08.28.03:920][118]Cmd: MAP CHECKDEP NOCLEARLOG
[2017.11.01-08.28.04:172][118]MapCheck: Map check complete: 0 Error(s), 0 Warning(s), took 251.853ms to complete.
[2017.11.01-08.28.04:173][118]LogFileHelpers: Loading map 'MainMenu' took 0.408
[2017.11.01-08.28.04:919][201]LogTemp: Repeating last play command: Selected Viewport
[2017.11.01-08.28.04:950][201]LogBlueprintUserMessages: Early PlayInEditor Detection: Level '/Game/Levels/MainMenu.MainMenu:PersistentLevel' has LevelScriptBlueprint '/Game/Levels/MainMenu.MainMenu:PersistentLevel.MainMenu' with GeneratedClass '/Game/Levels/MainMenu.MainMenu_C' with ClassGeneratedBy '/Game/Levels/MainMenu.MainMenu:PersistentLevel.MainMenu'
[2017.11.01-08.28.04:950][201]LogPlayLevel: PlayLevel: No blueprints needed recompiling
[2017.11.01-08.28.04:950][201]PIE: New page: PIE session: MainMenu (Oct 31, 2017, 6:28:04 PM)
[2017.11.01-08.28.04:950][201]LogPlayLevel: Creating play world package: /Game/Levels/UEDPIE_0_MainMenu
[2017.11.01-08.28.04:953][201]LogPlayLevel: PIE: StaticDuplicateObject took: (0.002249s)
[2017.11.01-08.28.04:953][201]LogAIModule: Creating AISystem for world MainMenu
[2017.11.01-08.28.04:953][201]LogPlayLevel: PIE: World Init took: (0.000773s)
[2017.11.01-08.28.04:954][201]LogPlayLevel: PIE: Created PIE world by copying editor world from /Game/Levels/MainMenu.MainMenu to /Game/Levels/UEDPIE_0_MainMenu.MainMenu (0.003283s)
[2017.11.01-08.28.05:019][201]LogInit: XAudio2 using 'Speakers (Realtek High Definition Audio)' : 2 channels at 48 kHz using 32 bits per sample (channel mask 0x3)
[2017.11.01-08.28.05:027][201]LogInit: FAudioDevice initialized.
[2017.11.01-08.28.05:060][201]LogLoad: Game class is 'MainGameMode_C'
[2017.11.01-08.28.05:062][201]LogWorld: Bringing World /Game/Levels/UEDPIE_0_MainMenu.MainMenu up for play (max tick rate 0) at 2017.11.01-01.28.05
[2017.11.01-08.28.05:062][201]LogWorld: Bringing up level for play took: 0.000817
[2017.11.01-08.28.05:063][201]LogScriptCore: Warning: Script Msg: Attempted to access index 0 from array 'CallFunc_GetAllActorsOfClass_OutActors' of length 0 in '/Game/Blueprints/Character/Player/MainController.MainController_C:ExecuteUbergraph_MainController'!
[2017.11.01-08.28.05:063][201]LogScriptCore: Warning: Script Msg: Attempted to access index 0 from array 'CallFunc_GetAllActorsOfClass_OutActors2' of length 0 in '/Game/Blueprints/Character/Player/MainController.MainController_C:ExecuteUbergraph_MainController'!
[2017.11.01-08.28.05:063][201]LogScript: Warning: Accessed None trying to read property Active
	MainController_C /Game/Levels/UEDPIE_0_MainMenu.MainMenu:PersistentLevel.MainController_C_0
	Function /Game/Blueprints/Character/Player/MainController.MainController_C:ExecuteUbergraph_MainController:0274
[2017.11.01-08.28.05:063][201]PIE: Error: Blueprint Runtime Error: Accessed None trying to read property Active from function: 'ExecuteUbergraph_MainController' from node: Set Camera in graph: EventGraph in object: MainController with description: Accessed None trying to read property Active
[2017.11.01-08.28.05:063][201]LogScript: Warning: Accessed None
	MainController_C /Game/Levels/UEDPIE_0_MainMenu.MainMenu:PersistentLevel.MainController_C_0
	Function /Game/Blueprints/Character/Player/MainController.MainController_C:ExecuteUbergraph_MainController:0289
[2017.11.01-08.28.05:063][201]PIE: Error: Blueprint Runtime Error: Accessed None from function: 'ExecuteUbergraph_MainController' from node: Set Camera in graph: EventGraph in object: MainController with description: Accessed None
[2017.11.01-08.28.05:064][201]PIE: Error: SetInputMode_UIOnly expects a valid player controller as target
[2017.11.01-08.28.05:064][201]PIE: Play in editor start time for /Game/Levels/UEDPIE_0_MainMenu -0.625
[2017.11.01-08.28.05:065][201]LogBlueprintUserMessages: Late PlayInEditor Detection: Level '/Game/Levels/MainMenu.MainMenu:PersistentLevel' has LevelScriptBlueprint '/Game/Levels/MainMenu.MainMenu:PersistentLevel.MainMenu' with GeneratedClass '/Game/Levels/MainMenu.MainMenu_C' with ClassGeneratedBy '/Game/Levels/MainMenu.MainMenu:PersistentLevel.MainMenu'
[2017.11.01-08.28.09:393][719]LogBlueprintUserMessages: Early EndPlayMap Detection: Level '/Game/Levels/MainMenu.MainMenu:PersistentLevel' has LevelScriptBlueprint '/Game/Levels/MainMenu.MainMenu:PersistentLevel.MainMenu' with GeneratedClass '/Game/Levels/MainMenu.MainMenu_C' with ClassGeneratedBy '/Game/Levels/MainMenu.MainMenu:PersistentLevel.MainMenu'
[2017.11.01-08.28.09:430][719]LogBlueprintUserMessages: Late EndPlayMap Detection: Level '/Game/Levels/MainMenu.MainMenu:PersistentLevel' has LevelScriptBlueprint '/Game/Levels/MainMenu.MainMenu:PersistentLevel.MainMenu' with GeneratedClass '/Game/Levels/MainMenu.MainMenu_C' with ClassGeneratedBy '/Game/Levels/MainMenu.MainMenu:PersistentLevel.MainMenu'
[2017.11.01-08.28.11:133][890]LogTemp: Repeating last play command: Selected Viewport
[2017.11.01-08.28.11:163][890]LogBlueprintUserMessages: Early PlayInEditor Detection: Level '/Game/Levels/MainMenu.MainMenu:PersistentLevel' has LevelScriptBlueprint '/Game/Levels/MainMenu.MainMenu:PersistentLevel.MainMenu' with GeneratedClass '/Game/Levels/MainMenu.MainMenu_C' with ClassGeneratedBy '/Game/Levels/MainMenu.MainMenu:PersistentLevel.MainMenu'
[2017.11.01-08.28.11:163][890]LogPlayLevel: PlayLevel: No blueprints needed recompiling
[2017.11.01-08.28.11:163][890]PIE: New page: PIE session: MainMenu (Oct 31, 2017, 6:28:11 PM)
[2017.11.01-08.28.11:164][890]LogPlayLevel: Creating play world package: /Game/Levels/UEDPIE_0_MainMenu
[2017.11.01-08.28.11:166][890]LogPlayLevel: PIE: StaticDuplicateObject took: (0.002164s)
[2017.11.01-08.28.11:166][890]LogAIModule: Creating AISystem for world MainMenu
[2017.11.01-08.28.11:167][890]LogPlayLevel: PIE: World Init took: (0.000801s)
[2017.11.01-08.28.11:167][890]LogPlayLevel: PIE: Created PIE world by copying editor world from /Game/Levels/MainMenu.MainMenu to /Game/Levels/UEDPIE_0_MainMenu.MainMenu (0.003197s)
[2017.11.01-08.28.11:220][890]LogInit: XAudio2 using 'Speakers (Realtek High Definition Audio)' : 2 channels at 48 kHz using 32 bits per sample (channel mask 0x3)
[2017.11.01-08.28.11:227][890]LogInit: FAudioDevice initialized.
[2017.11.01-08.28.11:262][890]LogLoad: Game class is 'MainGameMode_C'
[2017.11.01-08.28.11:263][890]LogWorld: Bringing World /Game/Levels/UEDPIE_0_MainMenu.MainMenu up for play (max tick rate 0) at 2017.11.01-01.28.11
[2017.11.01-08.28.11:263][890]LogWorld: Bringing up level for play took: 0.000863
[2017.11.01-08.28.11:264][890]LogScriptCore: Warning: Script Msg: Attempted to access index 0 from array 'CallFunc_GetAllActorsOfClass_OutActors' of length 0 in '/Game/Blueprints/Character/Player/MainController.MainController_C:ExecuteUbergraph_MainController'!
[2017.11.01-08.28.11:264][890]LogScriptCore: Warning: Script Msg: Attempted to access index 0 from array 'CallFunc_GetAllActorsOfClass_OutActors2' of length 0 in '/Game/Blueprints/Character/Player/MainController.MainController_C:ExecuteUbergraph_MainController'!
[2017.11.01-08.28.11:264][890]LogScript: Warning: Accessed None trying to read property Active
	MainController_C /Game/Levels/UEDPIE_0_MainMenu.MainMenu:PersistentLevel.MainController_C_0
	Function /Game/Blueprints/Character/Player/MainController.MainController_C:ExecuteUbergraph_MainController:0274
[2017.11.01-08.28.11:264][890]PIE: Error: Blueprint Runtime Error: Accessed None trying to read property Active from function: 'ExecuteUbergraph_MainController' from node: Set Camera in graph: EventGraph in object: MainController with description: Accessed None trying to read property Active
[2017.11.01-08.28.11:264][890]LogScript: Warning: Accessed None
	MainController_C /Game/Levels/UEDPIE_0_MainMenu.MainMenu:PersistentLevel.MainController_C_0
	Function /Game/Blueprints/Character/Player/MainController.MainController_C:ExecuteUbergraph_MainController:0289
[2017.11.01-08.28.11:265][890]PIE: Error: Blueprint Runtime Error: Accessed None from function: 'ExecuteUbergraph_MainController' from node: Set Camera in graph: EventGraph in object: MainController with description: Accessed None
[2017.11.01-08.28.11:265][890]PIE: Error: SetInputMode_UIOnly expects a valid player controller as target
[2017.11.01-08.28.11:266][890]PIE: Play in editor start time for /Game/Levels/UEDPIE_0_MainMenu -0.424
[2017.11.01-08.28.11:266][890]LogBlueprintUserMessages: Late PlayInEditor Detection: Level '/Game/Levels/MainMenu.MainMenu:PersistentLevel' has LevelScriptBlueprint '/Game/Levels/MainMenu.MainMenu:PersistentLevel.MainMenu' with GeneratedClass '/Game/Levels/MainMenu.MainMenu_C' with ClassGeneratedBy '/Game/Levels/MainMenu.MainMenu:PersistentLevel.MainMenu'
[2017.11.01-08.28.13:105][108]LogNet: Browse: /Game/Levels/DemoMap
[2017.11.01-08.28.13:105][108]LogLoad: LoadMap: /Game/Levels/DemoMap
[2017.11.01-08.28.13:175][108]Cmd: MEM
[2017.11.01-08.28.13:229][108]LogMemory: Platform Memory Stats for Windows
[2017.11.01-08.28.13:229][108]LogMemory: Process Physical Memory: 1129.67 MB used, 1245.15 MB peak
[2017.11.01-08.28.13:229][108]LogMemory: Process Virtual Memory: 1632.45 MB used, 1826.65 MB peak
[2017.11.01-08.28.13:229][108]LogMemory: Physical Memory: 7177.63 MB used,  58274.28 MB free, 65451.91 MB total
[2017.11.01-08.28.13:230][108]LogMemory: Virtual Memory: 2545.23 MB used,  58274.28 MB free, 134217728.00 MB total
[2017.11.01-08.28.13:230][108]LogMemory: 
[2017.11.01-08.28.13:230][108]Allocator Stats for TBB: (not implemented)
[2017.11.01-08.28.14:040][108]LogAIModule: Creating AISystem for world DemoMap
[2017.11.01-08.28.14:040][108]LogLoad: Game class is 'MainGameMode_C'
[2017.11.01-08.28.14:048][108]LogWorld: Bringing World /Game/Levels/UEDPIE_0_DemoMap.DemoMap up for play (max tick rate 0) at 2017.11.01-01.28.14
[2017.11.01-08.28.14:048][108]LogScript: Warning: Accessed None trying to read property CallFunc_GetPlayerController_ReturnValue2
	screen_C /Game/Levels/UEDPIE_0_DemoMap.DemoMap:PersistentLevel.screen5
	Function /Game/Blueprints/Camera/screen.screen_C:SetCamera:00C3
[2017.11.01-08.28.14:049][108]PIE: Error: Blueprint Runtime Error: Accessed None trying to read property CallFunc_GetPlayerController_ReturnValue2 from function: 'SetCamera' from node: Set View Target with Blend in graph: SetCamera in object: screen with description: Accessed None trying to read property CallFunc_GetPlayerController_ReturnValue2
[2017.11.01-08.28.14:049][108]LogScript: Warning: Accessed None trying to read property CallFunc_GetPlayerController_ReturnValue2
	screen_C /Game/Levels/UEDPIE_0_DemoMap.DemoMap:PersistentLevel.screen5
	Function /Game/Blueprints/Camera/screen.screen_C:SetCamera:00C3
[2017.11.01-08.28.14:049][108]PIE: Error: Blueprint Runtime Error: Accessed None trying to read property CallFunc_GetPlayerController_ReturnValue2 from function: 'SetCamera' from node: Set View Target with Blend in graph: SetCamera in object: screen with description: Accessed None trying to read property CallFunc_GetPlayerController_ReturnValue2
[2017.11.01-08.28.14:049][108]LogWorld: Bringing up level for play took: 0.007802
[2017.11.01-08.28.14:050][108]LogGameMode: FindPlayerStart: PATHS NOT DEFINED or NO PLAYERSTART with positive rating
[2017.11.01-08.28.14:051][108]LogLoad: Took 0.945647 seconds to LoadMap(/Game/Levels/DemoMap)
[2017.11.01-08.28.15:744][308]LogBlueprintUserMessages: Early EndPlayMap Detection: Level '/Game/Levels/MainMenu.MainMenu:PersistentLevel' has LevelScriptBlueprint '/Game/Levels/MainMenu.MainMenu:PersistentLevel.MainMenu' with GeneratedClass '/Game/Levels/MainMenu.MainMenu_C' with ClassGeneratedBy '/Game/Levels/MainMenu.MainMenu:PersistentLevel.MainMenu'
[2017.11.01-08.28.15:778][308]LogBlueprintUserMessages: Late EndPlayMap Detection: Level '/Game/Levels/MainMenu.MainMenu:PersistentLevel' has LevelScriptBlueprint '/Game/Levels/MainMenu.MainMenu:PersistentLevel.MainMenu' with GeneratedClass '/Game/Levels/MainMenu.MainMenu_C' with ClassGeneratedBy '/Game/Levels/MainMenu.MainMenu:PersistentLevel.MainMenu'
[2017.11.01-08.28.35:610][608]LogWindowsTextInputMethodSystem: Display: IME system now deactivated.
[2017.11.01-08.28.35:610][608]LogWindowsTextInputMethodSystem: Display: IME system now deactivated.
[2017.11.01-08.28.35:865][609]Cmd: QUIT_EDITOR
[2017.11.01-08.28.36:179][609]LogExit: Preparing to exit.
[2017.11.01-08.28.36:835][609]LogExit: Editor shut down
[2017.11.01-08.28.36:842][609]LogExit: Transaction tracking system shut down
[2017.11.01-08.28.37:441][609]LogDirectoryWatcher: A directory notification for '../../../Engine/Content/' was aborted.
[2017.11.01-08.28.37:441][609]LogDirectoryWatcher: A directory notification for '../../../Engine/Plugins/2D/Paper2D/Content/' was aborted.
[2017.11.01-08.28.37:441][609]LogDirectoryWatcher: A directory notification for '../../../Engine/Plugins/Runtime/Oculus/OculusVR/Content/' was aborted.
[2017.11.01-08.28.37:441][609]LogDirectoryWatcher: A directory notification for '../../../Engine/Plugins/Runtime/Steam/SteamVR/Content/' was aborted.
[2017.11.01-08.28.37:543][609]LogExit: Object subsystem successfully closed.
[2017.11.01-08.28.37:598][609]LogD3D11RHI: Shutdown
[2017.11.01-08.28.37:599][609]LogD3D11RHI: CleanupD3DDevice
[2017.11.01-08.28.37:730][609]LogD3D11RHI: ~FD3D11DynamicRHI
[2017.11.01-08.28.37:745][609]LogModuleManager: Shutting down and abandoning module MovieSceneCapture (532)
[2017.11.01-08.28.37:745][609]LogModuleManager: Shutting down and abandoning module HierarchicalLODOutliner (530)
[2017.11.01-08.28.37:745][609]LogModuleManager: Shutting down and abandoning module SceneOutliner (528)
[2017.11.01-08.28.37:745][609]LogModuleManager: Shutting down and abandoning module AddContentDialog (526)
[2017.11.01-08.28.37:746][609]LogDirectoryWatcher: A directory notification for 'E:/Program Files/Epic Games/UE_4.17/FeaturePacks/' was aborted.
[2017.11.01-08.28.37:748][609]LogModuleManager: Shutting down and abandoning module WidgetCarousel (525)
[2017.11.01-08.28.37:748][609]LogModuleManager: Shutting down and abandoning module EditorWidgets (522)
[2017.11.01-08.28.37:748][609]LogModuleManager: Shutting down and abandoning module CollectionManager (520)
[2017.11.01-08.28.37:748][609]LogModuleManager: Shutting down and abandoning module StatsViewer (518)
[2017.11.01-08.28.37:748][609]LogModuleManager: Shutting down and abandoning module FoliageEdit (516)
[2017.11.01-08.28.37:748][609]LogModuleManager: Shutting down and abandoning module LandscapeEditor (514)
[2017.11.01-08.28.37:749][609]LogModuleManager: Shutting down and abandoning module MeshPaintMode (512)
[2017.11.01-08.28.37:749][609]LogModuleManager: Shutting down and abandoning module SceneDepthPickerMode (510)
[2017.11.01-08.28.37:749][609]LogModuleManager: Shutting down and abandoning module ActorPickerMode (508)
[2017.11.01-08.28.37:749][609]LogModuleManager: Shutting down and abandoning module GeometryMode (506)
[2017.11.01-08.28.37:749][609]LogModuleManager: Shutting down and abandoning module TextureAlignMode (504)
[2017.11.01-08.28.37:749][609]LogModuleManager: Shutting down and abandoning module BspMode (502)
[2017.11.01-08.28.37:749][609]LogModuleManager: Shutting down and abandoning module PIEPreviewDeviceProfileSelector (500)
[2017.11.01-08.28.37:749][609]LogModuleManager: Shutting down and abandoning module HardwareSurvey (498)
[2017.11.01-08.28.37:749][609]LogModuleManager: Shutting down and abandoning module SequenceRecorderSections (496)
[2017.11.01-08.28.37:749][609]LogModuleManager: Shutting down and abandoning module AutomationWorker (494)
[2017.11.01-08.28.37:749][609]LogModuleManager: Shutting down and abandoning module MatineeToLevelSequence (492)
[2017.11.01-08.28.37:749][609]LogModuleManager: Shutting down and abandoning module LevelSequenceEditor (490)
[2017.11.01-08.28.37:750][609]LogModuleManager: Shutting down and abandoning module PlacementMode (489)
[2017.11.01-08.28.37:750][609]LogModuleManager: Shutting down and abandoning module WmfMediaFactory (486)
[2017.11.01-08.28.37:750][609]LogModuleManager: Shutting down and abandoning module WmfMediaEditor (484)
[2017.11.01-08.28.37:750][609]LogModuleManager: Shutting down and abandoning module AvfMediaFactory (482)
[2017.11.01-08.28.37:750][609]LogModuleManager: Shutting down and abandoning module AvfMediaEditor (480)
[2017.11.01-08.28.37:750][609]LogModuleManager: Shutting down and abandoning module AndroidMediaFactory (478)
[2017.11.01-08.28.37:750][609]LogModuleManager: Shutting down and abandoning module Media (477)
[2017.11.01-08.28.37:750][609]LogModuleManager: Shutting down and abandoning module AndroidMediaEditor (474)
[2017.11.01-08.28.37:750][609]LogModuleManager: Shutting down and abandoning module CharacterAI (472)
[2017.11.01-08.28.37:750][609]LogModuleManager: Shutting down and abandoning module AudioCapture (470)
[2017.11.01-08.28.37:750][609]LogModuleManager: Shutting down and abandoning module SequenceRecorder (469)
[2017.11.01-08.28.37:750][609]LogModuleManager: Shutting down and abandoning module SmartSnapping (466)
[2017.11.01-08.28.37:750][609]LogModuleManager: Shutting down and abandoning module SessionServices (464)
[2017.11.01-08.28.37:750][609]LogModuleManager: Shutting down and abandoning module ViewportSnapping (462)
[2017.11.01-08.28.37:750][609]LogModuleManager: Shutting down and abandoning module ViewportInteraction (460)
[2017.11.01-08.28.37:750][609]LogModuleManager: Shutting down and abandoning module ClothPainter (458)
[2017.11.01-08.28.37:751][609]LogModuleManager: Shutting down and abandoning module LogVisualizer (456)
[2017.11.01-08.28.37:751][609]LogModuleManager: Shutting down and abandoning module IntroTutorials (454)
[2017.11.01-08.28.37:751][609]LogModuleManager: Shutting down and abandoning module GameProjectGeneration (453)
[2017.11.01-08.28.37:751][609]LogModuleManager: Shutting down and abandoning module IOSPlatformEditor (450)
[2017.11.01-08.28.37:751][609]LogModuleManager: Shutting down and abandoning module HTML5PlatformEditor (448)
[2017.11.01-08.28.37:751][609]LogModuleManager: Shutting down and abandoning module AndroidPlatformEditor (446)
[2017.11.01-08.28.37:751][609]LogModuleManager: Shutting down and abandoning module AndroidDeviceDetection (445)
[2017.11.01-08.28.38:238][609]LogModuleManager: Shutting down and abandoning module WindowsPlatformEditor (442)
[2017.11.01-08.28.38:238][609]LogModuleManager: Shutting down and abandoning module IOSRuntimeSettings (440)
[2017.11.01-08.28.38:238][609]LogModuleManager: Shutting down and abandoning module AndroidRuntimeSettings (438)
[2017.11.01-08.28.38:238][609]LogModuleManager: Shutting down and abandoning module InputBindingEditor (436)
[2017.11.01-08.28.38:238][609]LogModuleManager: Shutting down and abandoning module MergeActors (434)
[2017.11.01-08.28.38:238][609]LogModuleManager: Shutting down and abandoning module SizeMap (432)
[2017.11.01-08.28.38:238][609]LogModuleManager: Shutting down and abandoning module TreeMap (430)
[2017.11.01-08.28.38:238][609]LogModuleManager: Shutting down and abandoning module ReferenceViewer (428)
[2017.11.01-08.28.38:238][609]LogModuleManager: Shutting down and abandoning module LocalizationDashboard (426)
[2017.11.01-08.28.38:238][609]LogModuleManager: Shutting down and abandoning module LocalizationService (425)
[2017.11.01-08.28.38:238][609]LogModuleManager: Shutting down and abandoning module HardwareTargeting (422)
[2017.11.01-08.28.38:238][609]LogModuleManager: Shutting down and abandoning module DeviceProfileEditor (420)
[2017.11.01-08.28.38:238][609]LogModuleManager: Shutting down and abandoning module UndoHistory (418)
[2017.11.01-08.28.38:238][609]LogModuleManager: Shutting down and abandoning module XmlParser (416)
[2017.11.01-08.28.38:238][609]LogModuleManager: Shutting down and abandoning module Blutility (414)
[2017.11.01-08.28.38:238][609]LogModuleManager: Shutting down and abandoning module ProjectSettingsViewer (412)
[2017.11.01-08.28.38:239][609]LogModuleManager: Shutting down and abandoning module ProjectTargetPlatformEditor (411)
[2017.11.01-08.28.38:239][609]LogModuleManager: Shutting down and abandoning module EditorSettingsViewer (408)
[2017.11.01-08.28.38:239][609]LogModuleManager: Shutting down and abandoning module SettingsEditor (406)
[2017.11.01-08.28.38:239][609]LogModuleManager: Shutting down and abandoning module ProjectLauncher (404)
[2017.11.01-08.28.38:239][609]LogModuleManager: Shutting down and abandoning module SessionFrontend (402)
[2017.11.01-08.28.38:239][609]LogModuleManager: Shutting down and abandoning module ProfilerClient (400)
[2017.11.01-08.28.38:239][609]LogModuleManager: Shutting down and abandoning module DeviceManager (398)
[2017.11.01-08.28.38:239][609]LogModuleManager: Shutting down and abandoning module TargetDeviceServices (397)
[2017.11.01-08.28.38:294][609]LogModuleManager: Shutting down and abandoning module AutomationController (394)
[2017.11.01-08.28.38:294][609]LogModuleManager: Shutting down and abandoning module AutomationWindow (392)
[2017.11.01-08.28.38:294][609]LogModuleManager: Shutting down and abandoning module Layers (390)
[2017.11.01-08.28.38:294][609]LogModuleManager: Shutting down and abandoning module ComponentVisualizers (388)
[2017.11.01-08.28.38:294][609]LogModuleManager: Shutting down and abandoning module DetailCustomizations (386)
[2017.11.01-08.28.38:294][609]LogModuleManager: Shutting down and abandoning module PackagesDialog (384)
[2017.11.01-08.28.38:294][609]LogModuleManager: Shutting down and abandoning module Persona (382)
[2017.11.01-08.28.38:294][609]LogModuleManager: Shutting down and abandoning module AdvancedPreviewScene (381)
[2017.11.01-08.28.38:295][609]LogModuleManager: Shutting down and abandoning module AnimGraph (379)
[2017.11.01-08.28.38:295][609]LogModuleManager: Shutting down and abandoning module Kismet (376)
[2017.11.01-08.28.38:296][609]LogModuleManager: Shutting down and abandoning module ClassViewer (374)
[2017.11.01-08.28.38:296][609]LogModuleManager: Shutting down and abandoning module Toolbox (372)
[2017.11.01-08.28.38:296][609]LogModuleManager: Shutting down and abandoning module ModuleUI (370)
[2017.11.01-08.28.38:296][609]LogModuleManager: Shutting down and abandoning module MovieSceneTools (368)
[2017.11.01-08.28.38:296][609]LogModuleManager: Shutting down and abandoning module OutputLog (366)
[2017.11.01-08.28.38:296][609]LogModuleManager: Shutting down and abandoning module GammaUI (364)
[2017.11.01-08.28.38:296][609]LogModuleManager: Shutting down and abandoning module Documentation (362)
[2017.11.01-08.28.38:296][609]LogModuleManager: Shutting down and abandoning module MovieSceneTracks (360)
[2017.11.01-08.28.38:296][609]LogModuleManager: Shutting down and abandoning module MovieScene (358)
[2017.11.01-08.28.38:296][609]LogModuleManager: Shutting down and abandoning module Niagara (356)
[2017.11.01-08.28.38:296][609]LogModuleManager: Shutting down and abandoning module NiagaraEditor (355)
[2017.11.01-08.28.38:297][609]LogModuleManager: Shutting down and abandoning module StreamingPauseRendering (352)
[2017.11.01-08.28.38:297][609]LogModuleManager: Shutting down and abandoning module LauncherPlatform (350)
[2017.11.01-08.28.38:297][609]LogModuleManager: Shutting down and abandoning module AnalyticsET (348)
[2017.11.01-08.28.38:297][609]LogModuleManager: Shutting down and abandoning module PortalServices (346)
[2017.11.01-08.28.38:297][609]LogModuleManager: Shutting down and abandoning module PortalRpc (344)
[2017.11.01-08.28.38:297][609]LogModuleManager: Shutting down and abandoning module MessagingRpc (342)
[2017.11.01-08.28.38:297][609]LogModuleManager: Shutting down and abandoning module AIModule (340)
[2017.11.01-08.28.38:297][609]LogModuleManager: Shutting down and abandoning module GameplayDebugger (339)
[2017.11.01-08.28.38:297][609]LogModuleManager: Shutting down and abandoning module AITestSuite (337)
[2017.11.01-08.28.38:297][609]LogModuleManager: Shutting down and abandoning module ProfilerService (334)
[2017.11.01-08.28.38:377][609]LogModuleManager: Shutting down and abandoning module TaskGraph (332)
[2017.11.01-08.28.38:377][609]LogModuleManager: Shutting down and abandoning module SteamVRController (330)
[2017.11.01-08.28.38:377][609]LogModuleManager: Shutting down and abandoning module ProceduralMeshComponentEditor (328)
[2017.11.01-08.28.38:377][609]LogModuleManager: Shutting down and abandoning module ProceduralMeshComponent (326)
[2017.11.01-08.28.38:377][609]LogModuleManager: Shutting down and abandoning module OculusInput (324)
[2017.11.01-08.28.38:377][609]LogModuleManager: Shutting down and abandoning module MobilePatchingUtils (322)
[2017.11.01-08.28.38:377][609]LogModuleManager: Shutting down and abandoning module CustomMeshComponent (320)
[2017.11.01-08.28.38:377][609]LogModuleManager: Shutting down and abandoning module CableComponent (318)
[2017.11.01-08.28.38:377][609]LogModuleManager: Shutting down and abandoning module ArchVisCharacter (316)
[2017.11.01-08.28.38:377][609]LogModuleManager: Shutting down and abandoning module AndroidPermission (314)
[2017.11.01-08.28.38:377][609]LogModuleManager: Shutting down and abandoning module MediaPlayerEditor (310)
[2017.11.01-08.28.38:377][609]LogModuleManager: Shutting down and abandoning module HTML5Networking (308)
[2017.11.01-08.28.38:377][609]LogModuleManager: Shutting down and abandoning module AlembicImporter (306)
[2017.11.01-08.28.38:377][609]LogModuleManager: Shutting down and abandoning module AlembicLibrary (305)
[2017.11.01-08.28.38:377][609]LogModuleManager: Shutting down and abandoning module GeometryCache (304)
[2017.11.01-08.28.38:377][609]LogModuleManager: Shutting down and abandoning module GeometryCacheEd (303)
[2017.11.01-08.28.38:377][609]LogModuleManager: Shutting down and abandoning module SpeedTreeImporter (298)
[2017.11.01-08.28.38:377][609]LogModuleManager: Shutting down and abandoning module PluginBrowser (296)
[2017.11.01-08.28.38:377][609]LogModuleManager: Shutting down and abandoning module MobileLauncherProfileWizard (294)
[2017.11.01-08.28.38:377][609]LogModuleManager: Shutting down and abandoning module VisualStudioSourceCodeAccess (292)
[2017.11.01-08.28.38:377][609]LogModuleManager: Shutting down and abandoning module DesktopPlatform (291)
[2017.11.01-08.28.38:377][609]LogModuleManager: Shutting down and abandoning module UObjectPlugin (288)
[2017.11.01-08.28.38:377][609]LogModuleManager: Shutting down and abandoning module SubversionSourceControl (286)
[2017.11.01-08.28.38:378][609]LogModuleManager: Shutting down and abandoning module PerforceSourceControl (284)
[2017.11.01-08.28.38:378][609]LogModuleManager: Shutting down and abandoning module GitSourceControl (282)
[2017.11.01-08.28.38:378][609]LogModuleManager: Shutting down and abandoning module SourceControl (281)
[2017.11.01-08.28.38:378][609]LogModuleManager: Shutting down and abandoning module LightPropagationVolumeEditor (278)
[2017.11.01-08.28.38:378][609]LogModuleManager: Shutting down and abandoning module PaperTiledImporter (276)
[2017.11.01-08.28.38:378][609]LogModuleManager: Shutting down and abandoning module PaperSpriteSheetImporter (274)
[2017.11.01-08.28.38:378][609]LogModuleManager: Shutting down and abandoning module Paper2DEditor (272)
[2017.11.01-08.28.38:378][609]LogModuleManager: Shutting down and abandoning module MeshPaint (271)
[2017.11.01-08.28.38:378][609]LogModuleManager: Shutting down and abandoning module LevelEditor (269)
[2017.11.01-08.28.38:379][609]LogModuleManager: Shutting down and abandoning module PixelInspectorModule (268)
[2017.11.01-08.28.38:379][609]LogModuleManager: Shutting down and abandoning module MainFrame (266)
[2017.11.01-08.28.38:379][609]LogModuleManager: Shutting down and abandoning module HotReload (265)
[2017.11.01-08.28.38:380][609]LogModuleManager: Shutting down and abandoning module RuntimePhysXCooking (260)
[2017.11.01-08.28.38:380][609]LogModuleManager: Shutting down and abandoning module PhysXVehiclesEditor (258)
[2017.11.01-08.28.38:380][609]LogModuleManager: Shutting down and abandoning module PhysXVehicles (256)
[2017.11.01-08.28.38:380][609]LogModuleManager: Shutting down and abandoning module OculusEditor (254)
[2017.11.01-08.28.38:380][609]LogModuleManager: Shutting down and abandoning module LocationServicesBPLibrary (252)
[2017.11.01-08.28.38:380][609]LogModuleManager: Shutting down and abandoning module ImmediatePhysicsEditor (250)
[2017.11.01-08.28.38:380][609]LogModuleManager: Shutting down and abandoning module ImmediatePhysics (248)
[2017.11.01-08.28.38:380][609]LogModuleManager: Shutting down and abandoning module UdpMessaging (246)
[2017.11.01-08.28.38:481][609]LogModuleManager: Shutting down and abandoning module TcpMessaging (244)
[2017.11.01-08.28.38:582][609]LogModuleManager: Shutting down and abandoning module GameplayTagsEditor (242)
[2017.11.01-08.28.38:582][609]LogModuleManager: Shutting down and abandoning module FacialAnimationEditor (240)
[2017.11.01-08.28.38:582][609]LogModuleManager: Shutting down and abandoning module FacialAnimation (238)
[2017.11.01-08.28.38:582][609]LogModuleManager: Shutting down and abandoning module AssetManagerEditor (236)
[2017.11.01-08.28.38:582][609]LogModuleManager: Shutting down and abandoning module GraphEditor (235)
[2017.11.01-08.28.38:582][609]LogModuleManager: Shutting down and abandoning module ContentBrowser (233)
[2017.11.01-08.28.38:584][609]LogModuleManager: Shutting down and abandoning module LightPropagationVolumeRuntime (230)
[2017.11.01-08.28.38:584][609]LogModuleManager: Shutting down and abandoning module Paper2D (228)
[2017.11.01-08.28.38:584][609]LogModuleManager: Shutting down and abandoning module WindowsMoviePlayer (226)
[2017.11.01-08.28.38:584][609]LogModuleManager: Shutting down and abandoning module WmfMedia (224)
[2017.11.01-08.28.38:584][609]LogModuleManager: Shutting down and abandoning module PacketHandler (222)
[2017.11.01-08.28.38:584][609]LogModuleManager: Shutting down and abandoning module ClothingSystemEditor (220)
[2017.11.01-08.28.38:584][609]LogModuleManager: Shutting down and abandoning module ClothingSystemRuntime (218)
[2017.11.01-08.28.38:584][609]LogModuleManager: Shutting down and abandoning module Overlay (216)
[2017.11.01-08.28.38:584][609]LogModuleManager: Shutting down and abandoning module OverlayEditor (215)
[2017.11.01-08.28.38:584][609]LogModuleManager: Shutting down and abandoning module MediaAssets (212)
[2017.11.01-08.28.38:584][609]LogModuleManager: Shutting down and abandoning module VREditor (210)
[2017.11.01-08.28.38:584][609]LogModuleManager: Shutting down and abandoning module StringTableEditor (208)
[2017.11.01-08.28.38:584][609]LogModuleManager: Shutting down and abandoning module GameplayTasksEditor (206)
[2017.11.01-08.28.38:584][609]LogModuleManager: Shutting down and abandoning module BehaviorTreeEditor (204)
[2017.11.01-08.28.38:584][609]LogModuleManager: Shutting down and abandoning module FunctionalTesting (202)
[2017.11.01-08.28.38:584][609]LogModuleManager: Shutting down and abandoning module CollisionAnalyzer (200)
[2017.11.01-08.28.38:584][609]LogModuleManager: Shutting down and abandoning module WorkspaceMenuStructure (199)
[2017.11.01-08.28.38:584][609]LogModuleManager: Shutting down and abandoning module UMG (196)
[2017.11.01-08.28.38:584][609]LogModuleManager: Shutting down and abandoning module UMGEditor (195)
[2017.11.01-08.28.38:584][609]LogModuleManager: Shutting down and abandoning module Sequencer (194)
[2017.11.01-08.28.38:585][609]LogModuleManager: Shutting down and abandoning module MessageLog (191)
[2017.11.01-08.28.38:585][609]LogModuleManager: Shutting down and abandoning module SlateReflector (186)
[2017.11.01-08.28.38:585][609]LogModuleManager: Shutting down and abandoning module Slate (184)
[2017.11.01-08.28.38:585][609]LogModuleManager: Shutting down and abandoning module EditorStyle (182)
[2017.11.01-08.28.38:587][609]LogModuleManager: Shutting down and abandoning module MRMesh (180)
[2017.11.01-08.28.38:588][609]LogModuleManager: Shutting down and abandoning module SourceCodeAccess (178)
[2017.11.01-08.28.38:588][609]LogModuleManager: Shutting down and abandoning module HeadMountedDisplay (176)
[2017.11.01-08.28.38:588][609]LogModuleManager: Shutting down and abandoning module XAudio2 (174)
[2017.11.01-08.28.38:588][609]LogModuleManager: Shutting down and abandoning module Networking (172)
[2017.11.01-08.28.38:588][609]LogModuleManager: Shutting down and abandoning module Core (168)
[2017.11.01-08.28.38:588][609]LogModuleManager: Shutting down and abandoning module KismetCompiler (164)
[2017.11.01-08.28.38:588][609]LogModuleManager: Shutting down and abandoning module LevelSequence (162)
[2017.11.01-08.28.38:588][609]LogModuleManager: Shutting down and abandoning module MeshUtilities (160)
[2017.11.01-08.28.38:588][609]LogModuleManager: Shutting down and abandoning module MeshMergeUtilities (159)
[2017.11.01-08.28.38:588][609]LogModuleManager: Shutting down and abandoning module MeshReductionInterface (158)
[2017.11.01-08.28.38:588][609]LogModuleManager: Shutting down and abandoning module SimplygonSwarm (157)
[2017.11.01-08.28.38:588][609]LogModuleManager: Shutting down and abandoning module SimplygonMeshReduction (155)
[2017.11.01-08.28.38:588][609]LogModuleManager: Shutting down and abandoning module QuadricMeshReduction (153)
[2017.11.01-08.28.38:588][609]LogModuleManager: Shutting down and abandoning module MaterialBaking (149)
[2017.11.01-08.28.38:588][609]LogModuleManager: Shutting down and abandoning module DirectoryWatcher (146)
[2017.11.01-08.28.38:589][609]LogModuleManager: Shutting down and abandoning module DerivedDataCache (144)
[2017.11.01-08.28.38:905][609]LogDerivedDataCache: Shutdown
[2017.11.01-08.28.38:905][609]LogModuleManager: Shutting down and abandoning module TargetPlatform (142)
[2017.11.01-08.28.38:906][609]LogModuleManager: Shutting down and abandoning module VulkanShaderFormat (141)
[2017.11.01-08.28.38:906][609]LogModuleManager: Shutting down and abandoning module ShaderFormatVectorVM (139)
[2017.11.01-08.28.38:906][609]LogModuleManager: Shutting down and abandoning module ShaderFormatOpenGL (137)
[2017.11.01-08.28.38:906][609]LogModuleManager: Shutting down and abandoning module ShaderFormatD3D (135)
[2017.11.01-08.28.38:906][609]LogModuleManager: Shutting down and abandoning module MetalShaderFormat (133)
[2017.11.01-08.28.38:906][609]LogModuleManager: Shutting down and abandoning module TextureFormatUncompressed (131)
[2017.11.01-08.28.38:906][609]LogModuleManager: Shutting down and abandoning module TextureFormatPVR (129)
[2017.11.01-08.28.38:906][609]LogModuleManager: Shutting down and abandoning module TextureFormatDXT (127)
[2017.11.01-08.28.38:906][609]LogModuleManager: Shutting down and abandoning module TextureFormatIntelISPCTexComp (125)
[2017.11.01-08.28.38:906][609]LogModuleManager: Shutting down and abandoning module TextureFormatASTC (123)
[2017.11.01-08.28.38:906][609]LogModuleManager: Shutting down and abandoning module ImageWrapper (122)
[2017.11.01-08.28.38:906][609]LogModuleManager: Shutting down and abandoning module TextureFormatAndroid (119)
[2017.11.01-08.28.38:906][609]LogModuleManager: Shutting down and abandoning module AudioFormatOpus (117)
[2017.11.01-08.28.38:906][609]LogModuleManager: Shutting down and abandoning module AudioFormatOgg (115)
[2017.11.01-08.28.38:906][609]LogModuleManager: Shutting down and abandoning module AudioFormatADPCM (113)
[2017.11.01-08.28.38:906][609]LogModuleManager: Shutting down and abandoning module LinuxTargetPlatform (111)
[2017.11.01-08.28.38:906][609]LogModuleManager: Shutting down and abandoning module LinuxServerTargetPlatform (109)
[2017.11.01-08.28.38:906][609]LogModuleManager: Shutting down and abandoning module LinuxNoEditorTargetPlatform (107)
[2017.11.01-08.28.38:906][609]LogModuleManager: Shutting down and abandoning module LinuxClientTargetPlatform (105)
[2017.11.01-08.28.38:906][609]LogModuleManager: Shutting down and abandoning module TVOSTargetPlatform (103)
[2017.11.01-08.28.38:906][609]LogModuleManager: Shutting down and abandoning module Messaging (101)
[2017.11.01-08.28.38:906][609]LogModuleManager: Shutting down and abandoning module IOSTargetPlatform (99)
[2017.11.01-08.28.38:906][609]LogModuleManager: Shutting down and abandoning module HTML5TargetPlatform (97)
[2017.11.01-08.28.38:906][609]LogModuleManager: Shutting down and abandoning module Android_PVRTCTargetPlatform (95)
[2017.11.01-08.28.38:906][609]LogModuleManager: Shutting down and abandoning module Android_MultiTargetPlatform (93)
[2017.11.01-08.28.38:906][609]LogModuleManager: Shutting down and abandoning module Android_ETC2TargetPlatform (91)
[2017.11.01-08.28.38:906][609]LogModuleManager: Shutting down and abandoning module Android_ETC1TargetPlatform (89)
[2017.11.01-08.28.38:906][609]LogModuleManager: Shutting down and abandoning module Android_DXTTargetPlatform (87)
[2017.11.01-08.28.38:906][609]LogModuleManager: Shutting down and abandoning module Android_ATCTargetPlatform (85)
[2017.11.01-08.28.38:906][609]LogModuleManager: Shutting down and abandoning module Android_ASTCTargetPlatform (83)
[2017.11.01-08.28.38:906][609]LogModuleManager: Shutting down and abandoning module AndroidTargetPlatform (81)
[2017.11.01-08.28.38:907][609]LogModuleManager: Shutting down and abandoning module WindowsTargetPlatform (79)
[2017.11.01-08.28.38:907][609]LogModuleManager: Shutting down and abandoning module WindowsServerTargetPlatform (77)
[2017.11.01-08.28.38:907][609]LogModuleManager: Shutting down and abandoning module WindowsNoEditorTargetPlatform (75)
[2017.11.01-08.28.38:907][609]LogModuleManager: Shutting down and abandoning module WindowsClientTargetPlatform (73)
[2017.11.01-08.28.38:907][609]LogModuleManager: Shutting down and abandoning module MacTargetPlatform (71)
[2017.11.01-08.28.38:907][609]LogModuleManager: Shutting down and abandoning module MacServerTargetPlatform (69)
[2017.11.01-08.28.38:907][609]LogModuleManager: Shutting down and abandoning module MacNoEditorTargetPlatform (67)
[2017.11.01-08.28.38:907][609]LogModuleManager: Shutting down and abandoning module MacClientTargetPlatform (65)
[2017.11.01-08.28.38:907][609]LogModuleManager: Shutting down and abandoning module AllDesktopTargetPlatform (63)
[2017.11.01-08.28.38:907][609]LogModuleManager: Shutting down and abandoning module InputCore (60)
[2017.11.01-08.28.38:907][609]LogModuleManager: Shutting down and abandoning module Settings (58)
[2017.11.01-08.28.38:907][609]LogModuleManager: Shutting down and abandoning module PhysXCooking (56)
[2017.11.01-08.28.38:907][609]LogModuleManager: Shutting down and abandoning module SteamVR (54)
[2017.11.01-08.28.38:907][609]LogModuleManager: Shutting down and abandoning module OculusHMD (52)
[2017.11.01-08.28.38:907][609]LogModuleManager: Shutting down and abandoning module ExampleDeviceProfileSelector (50)
[2017.11.01-08.28.38:907][609]LogModuleManager: Shutting down and abandoning module OnlineBlueprintSupport (48)
[2017.11.01-08.28.38:907][609]LogModuleManager: Shutting down and abandoning module OnlineSubsystem (44)
[2017.11.01-08.28.38:907][609]LogOnline: Display: Unloading online subsystem: NULL
[2017.11.01-08.28.38:907][609]LogModuleManager: Shutting down and abandoning module XMPP (43)
[2017.11.01-08.28.38:907][609]LogModuleManager: Shutting down and abandoning module HTTP (41)
[2017.11.01-08.28.38:907][609]LogHttp: Display: Http module shutting down, but needs to wait on 1 outstanding Http requests:
[2017.11.01-08.28.38:907][609]LogHttp: Display: 	verb=[POST] url=[https://datarouter.ol.epicgames.com/datarouter/api/v1/public/data?SessionID=%7B229EB77C-428A-EBC0-45CE-9083D4ECE652%7D&AppID=UEEditor.Rocket.Release&AppVersion=4.17.2-3658906%2B%2B%2BUE4%2BRelease-4.17&UserID=49acbfc345843b2aed21208a25fe33b4%7C607152e036194fb5a1a50b874ba3450d%7Cf75cc6c7-e916-4ae8-a63f-19c12e30397d&AppEnvironment=datacollector-binary&UploadType=eteventstream] status=Processing
[2017.11.01-08.28.38:926][609]LogModuleManager: Shutting down and abandoning module SSL (40)
[2017.11.01-08.28.38:928][609]LogModuleManager: Shutting down and abandoning module AnimationModifiers (36)
[2017.11.01-08.28.38:929][609]LogModuleManager: Shutting down and abandoning module PropertyEditor (35)
[2017.11.01-08.28.38:929][609]LogModuleManager: Shutting down and abandoning module AudioEditor (32)
[2017.11.01-08.28.38:929][609]LogModuleManager: Shutting down and abandoning module TextureCompressor (30)
[2017.11.01-08.28.38:929][609]LogModuleManager: Shutting down and abandoning module ShaderCore (28)
[2017.11.01-08.28.38:929][609]LogModuleManager: Shutting down and abandoning module Landscape (26)
[2017.11.01-08.28.38:929][609]LogModuleManager: Shutting down and abandoning module SlateRHIRenderer (24)
[2017.11.01-08.28.38:931][609]LogModuleManager: Shutting down and abandoning module OpenGLDrv (22)
[2017.11.01-08.28.38:931][609]LogModuleManager: Shutting down and abandoning module D3D11RHI (20)
[2017.11.01-08.28.38:931][609]LogModuleManager: Shutting down and abandoning module AnimGraphRuntime (18)
[2017.11.01-08.28.38:931][609]LogModuleManager: Shutting down and abandoning module Renderer (16)
[2017.11.01-08.28.38:931][609]LogModuleManager: Shutting down and abandoning module Engine (14)
[2017.11.01-08.28.38:931][609]LogModuleManager: Shutting down and abandoning module CoreUObject (12)
[2017.11.01-08.28.38:931][609]LogModuleManager: Shutting down and abandoning module NetworkFile (10)
[2017.11.01-08.28.38:931][609]LogModuleManager: Shutting down and abandoning module CookedIterativeFile (8)
[2017.11.01-08.28.38:931][609]LogModuleManager: Shutting down and abandoning module StreamingFile (6)
[2017.11.01-08.28.38:931][609]LogModuleManager: Shutting down and abandoning module SandboxFile (4)
[2017.11.01-08.28.38:931][609]LogModuleManager: Shutting down and abandoning module PakFile (2)
[2017.11.01-08.28.38:959][609]LogExit: Exiting.
[2017.11.01-08.28.39:001][609]Log file closed, 11/01/17 01:28:39
