Log file open, 01/15/18 12:57:26
LogWindows: Failed to load 'aqProf.dll' (GetLastError=126)
LogWindows: File 'aqProf.dll' does not exist
LogWindows: Failed to load 'VtuneApi.dll' (GetLastError=126)
LogWindows: File 'VtuneApi.dll' does not exist
LogWindows: Failed to load 'VtuneApi32e.dll' (GetLastError=126)
LogWindows: File 'VtuneApi32e.dll' does not exist
LogInit: Display: Running engine for game: Cyberwitch_Project
LogPlatformFile: Not using cached read wrapper
LogInit: Display: RandInit(-898471432) SRandInit(-898471432).
LogTaskGraph: Started task graph with 5 named threads and 53 total threads with 3 sets of task threads.
LogStats: Stats thread started at 0.621660
LogD3D11RHI: Aftermath initialized
LogPluginManager: Mounting plugin Paper2D
LogPluginManager: Mounting plugin LightPropagationVolume
LogPluginManager: Mounting plugin CodeLiteSourceCodeAccess
LogPluginManager: Mounting plugin GitSourceControl
LogPluginManager: Mounting plugin KDevelopSourceCodeAccess
LogPluginManager: Mounting plugin NullSourceCodeAccess
LogPluginManager: Mounting plugin PerforceSourceControl
LogPluginManager: Mounting plugin SubversionSourceControl
LogPluginManager: Mounting plugin UObjectPlugin
LogPluginManager: Mounting plugin VisualStudioSourceCodeAccess
LogPluginManager: Mounting plugin XCodeSourceCodeAccess
LogPluginManager: Mounting plugin AssetManagerEditor
LogPluginManager: Mounting plugin AudioCapture
LogPluginManager: Mounting plugin FacialAnimation
LogPluginManager: Mounting plugin GameplayTagsEditor
LogPluginManager: Mounting plugin MobileLauncherProfileWizard
LogPluginManager: Mounting plugin PluginBrowser
LogPluginManager: Mounting plugin SpeedTreeImporter
LogPluginManager: Mounting plugin AlembicImporter
LogPluginManager: Mounting plugin CharacterAI
LogPluginManager: Mounting plugin HTML5Networking
LogPluginManager: Mounting plugin AndroidMedia
LogPluginManager: Mounting plugin AvfMedia
LogPluginManager: Mounting plugin MediaPlayerEditor
LogPluginManager: Mounting plugin WmfMedia
LogPluginManager: Mounting plugin TcpMessaging
LogPluginManager: Mounting plugin UdpMessaging
LogPluginManager: Mounting plugin LevelSequenceEditor
LogPluginManager: Mounting plugin MatineeToLevelSequence
LogPluginManager: Mounting plugin OnlineSubsystemGooglePlay
LogPluginManager: Mounting plugin OnlineSubsystemIOS
LogPluginManager: Mounting plugin OnlineSubsystem
LogPluginManager: Mounting plugin OnlineSubsystemNull
LogPluginManager: Mounting plugin OnlineSubsystemUtils
LogPluginManager: Mounting plugin AndroidDeviceProfileSelector
LogPluginManager: Mounting plugin AndroidMoviePlayer
LogPluginManager: Mounting plugin AndroidPermission
LogPluginManager: Mounting plugin AppleMoviePlayer
LogPluginManager: Mounting plugin ArchVisCharacter
LogPluginManager: Mounting plugin CableComponent
LogPluginManager: Mounting plugin CustomMeshComponent
LogPluginManager: Mounting plugin ExampleDeviceProfileSelector
LogPluginManager: Mounting plugin GoogleCloudMessaging
LogPluginManager: Mounting plugin ImmediatePhysics
LogPluginManager: Mounting plugin IOSDeviceProfileSelector
LogPluginManager: Mounting plugin LinuxDeviceProfileSelector
LogPluginManager: Mounting plugin LocationServicesBPLibrary
LogPluginManager: Mounting plugin MobilePatchingUtils
LogPluginManager: Mounting plugin OculusVR
LogPluginManager: Mounting plugin PhysXVehicles
LogPluginManager: Mounting plugin ProceduralMeshComponent
LogPluginManager: Mounting plugin RuntimePhysXCooking
LogPluginManager: Mounting plugin SteamVR
LogPluginManager: Mounting plugin WindowsMoviePlayer
LogPluginManager: Mounting plugin UnrealEnginePython
LogInit: Using libcurl 7.47.1
LogInit:  - built for x86_64-pc-win32
LogInit:  - supports SSL with OpenSSL/1.0.2g
LogInit:  - supports HTTP deflate (compression) using libz 1.2.8
LogInit:  - other features:
LogInit:      CURL_VERSION_SSL
LogInit:      CURL_VERSION_LIBZ
LogInit:      CURL_VERSION_IPV6
LogInit:      CURL_VERSION_ASYNCHDNS
LogInit:      CURL_VERSION_LARGEFILE
LogInit:      CURL_VERSION_IDN
LogInit:  CurlRequestOptions (configurable via config and command line):
LogInit:  - bVerifyPeer = false  - Libcurl will NOT verify peer certificate
LogInit:  - bUseHttpProxy = false  - Libcurl will NOT use HTTP proxy
LogInit:  - bDontReuseConnections = false  - Libcurl will reuse connections
LogInit:  - CertBundlePath = nullptr  - Libcurl will use whatever was configured at build time.
LogHMD: Failed initializing OVRPlugin 1.15.0
LogInit: Build: ++UE4+Release-4.17-CL-3658906
LogInit: Engine Version: 4.17.2-3658906+++UE4+Release-4.17
LogInit: Compatible Engine Version: 4.17.0-3573198+++UE4+Release-4.17
LogInit: Net CL: 3573198
LogDevObjectVersion: Number of dev versions registered: 16
LogDevObjectVersion:   Dev-Blueprints (B0D832E4-1F89-4F0D-ACCF-7EB736FD4AA2): 10
LogDevObjectVersion:   Dev-Build (E1C64328-A22C-4D53-A36C-8E866417BD8C): 0
LogDevObjectVersion:   Dev-Core (375EC13C-06E4-48FB-B500-84F0262A717E): 2
LogDevObjectVersion:   Dev-Editor (E4B068ED-F494-42E9-A231-DA0B2E46BB41): 20
LogDevObjectVersion:   Dev-Framework (CFFC743F-43B0-4480-9391-14DF171D2073): 28
LogDevObjectVersion:   Dev-Mobile (B02B49B5-BB20-44E9-A304-32B752E40360): 0
LogDevObjectVersion:   Dev-Networking (A4E4105C-59A1-49B5-A7C5-40C4547EDFEE): 0
LogDevObjectVersion:   Dev-Online (39C831C9-5AE6-47DC-9A44-9C173E1C8E7C): 0
LogDevObjectVersion:   Dev-Physics (78F01B33-EBEA-4F98-B9B4-84EACCB95AA2): 0
LogDevObjectVersion:   Dev-Platform (6631380F-2D4D-43E0-8009-CF276956A95A): 0
LogDevObjectVersion:   Dev-Rendering (12F88B9F-8875-4AFC-A67C-D90C383ABD29): 19
LogDevObjectVersion:   Dev-Sequencer (7B5AE74C-D270-4C10-A958-57980B212A5A): 4
LogDevObjectVersion:   Dev-VR (D7296918-1DD6-4BDD-9DE2-64A83CC13884): 0
LogDevObjectVersion:   Dev-LoadTimes (C2A15278-BFE7-4AFE-6C17-90FF531DF755): 1
LogDevObjectVersion:   Private-Geometry (6EACA3D4-40EC-4CC1-B786-8BED09428FC5): 1
LogDevObjectVersion:   Dev-AnimPhys (29E575DD-E0A3-4627-9D10-D276232CDCEA): 7
LogInit: Compiled (64-bit): Sep 22 2017 13:47:16
LogInit: Compiled with Visual C++: 19.00.24215.01
LogInit: Build Configuration: Development
LogInit: Branch Name: ++UE4+Release-4.17
LogInit: Command line:  
LogInit: Base directory: E:/Program Files/Epic Games/UE_4.17/Engine/Binaries/Win64/
LogInit: Installed Engine Build: 1
LogInit: Presizing for max 8388607 objects, including 0 objects not considered by GC, pre-allocating 0 bytes for permanent pool.
LogInit: Object subsystem initialized
[2018.01.15-20.57.29:190][  0]LogInit: Selected Device Profile: [Windows]
[2018.01.15-20.57.29:190][  0]LogInit: Applying CVar settings loaded from the selected device profile: [Windows]
[2018.01.15-20.57.29:251][  0]LogInit: Computer: ANM-CA308-HP03
[2018.01.15-20.57.29:251][  0]LogInit: User: earns
[2018.01.15-20.57.29:251][  0]LogInit: CPU Page size=4096, Cores=20
[2018.01.15-20.57.29:251][  0]LogInit: High frequency timer resolution =2.533199 MHz
[2018.01.15-20.57.29:252][  0]LogMemory: Memory total: Physical=63.9GB (64GB approx)
[2018.01.15-20.57.29:252][  0]LogMemory: Platform Memory Stats for Windows
[2018.01.15-20.57.29:252][  0]LogMemory: Process Physical Memory: 290.09 MB used, 290.09 MB peak
[2018.01.15-20.57.29:252][  0]LogMemory: Process Virtual Memory: 290.04 MB used, 290.04 MB peak
[2018.01.15-20.57.29:252][  0]LogMemory: Physical Memory: 4981.16 MB used,  60470.74 MB free, 65451.91 MB total
[2018.01.15-20.57.29:252][  0]LogMemory: Virtual Memory: 730.12 MB used,  60470.74 MB free, 134217728.00 MB total
[2018.01.15-20.57.29:509][  0]LogInit: Using OS detected language (en-US).
[2018.01.15-20.57.29:509][  0]LogInit: Using OS detected locale (en-US).
[2018.01.15-20.57.29:512][  0]LogTextLocalizationManager: No specific localization for 'en-US' exists, so the 'en' localization will be used.
[2018.01.15-20.57.30:330][  0]LogD3D11RHI: D3D11 adapters:
[2018.01.15-20.57.30:367][  0]LogD3D11RHI:    0. 'NVIDIA Quadro M4000' (Feature Level 11_0)
[2018.01.15-20.57.30:367][  0]LogD3D11RHI:       8152/0/32725 MB DedicatedVideo/DedicatedSystem/SharedSystem, Outputs:2, VendorId:0x10de
[2018.01.15-20.57.30:370][  0]LogD3D11RHI:    1. 'Microsoft Basic Render Driver' (Feature Level 11_0)
[2018.01.15-20.57.30:370][  0]LogD3D11RHI:       0/0/32725 MB DedicatedVideo/DedicatedSystem/SharedSystem, Outputs:0, VendorId:0x1414
[2018.01.15-20.57.30:370][  0]LogD3D11RHI: Chosen D3D11 Adapter: 0
[2018.01.15-20.57.30:375][  0]LogD3D11RHI: Creating new Direct3DDevice
[2018.01.15-20.57.30:375][  0]LogD3D11RHI:     GPU DeviceId: 0x13f1 (for the marketing name, search the web for "GPU Device Id")
[2018.01.15-20.57.30:375][  0]LogWindows: EnumDisplayDevices:
[2018.01.15-20.57.30:375][  0]LogWindows:    0. 'NVIDIA Quadro M4000' (P:0 D:1)
[2018.01.15-20.57.30:375][  0]LogWindows:    1. 'NVIDIA Quadro M4000' (P:1 D:1)
[2018.01.15-20.57.30:376][  0]LogWindows:    2. 'NVIDIA Quadro M4000' (P:0 D:0)
[2018.01.15-20.57.30:376][  0]LogWindows:    3. 'NVIDIA Quadro M4000' (P:0 D:0)
[2018.01.15-20.57.30:376][  0]LogWindows: DebugString: FoundDriverCount:4 
[2018.01.15-20.57.30:376][  0]LogD3D11RHI:     Adapter Name: NVIDIA Quadro M4000
[2018.01.15-20.57.30:376][  0]LogD3D11RHI:   Driver Version: 385.90 (internal:22.21.13.8590, unified:385.90)
[2018.01.15-20.57.30:376][  0]LogD3D11RHI:      Driver Date: 10-30-2017
[2018.01.15-20.57.30:376][  0]LogRHI: Texture pool is 1361 MB (70% of 1945 MB)
[2018.01.15-20.57.30:392][  0]LogD3D11RHI: Async texture creation enabled
[2018.01.15-20.57.30:405][  0]LogD3D11RHI: GPU Timing Frequency: 1000.000000 (Debug: 2 1)
[2018.01.15-20.57.30:492][  0]LogShaderCompilers: Guid format shader working directory is -1 characters bigger than the processId version (W:/unreal/github/heartwired/Cyberwitch_Project/Intermediate/Shaders/WorkingDirectory/10616/).
[2018.01.15-20.57.30:492][  0]LogShaderCompilers: Cleaned the shader compiler working directory 'E:/Users/earns/AppData/Local/Temp/UnrealShaderWorkingDir/A3E288BE4994EEECC5C8C6ADD17864F8/'.
[2018.01.15-20.57.30:492][  0]LogShaderCompilers: Display: Using Local Shader Compiler.
[2018.01.15-20.57.31:531][  0]LogTemp: Display: Loaded TP AllDesktopTargetPlatform
[2018.01.15-20.57.31:609][  0]LogTemp: Display: Loaded TP MacClientTargetPlatform
[2018.01.15-20.57.31:687][  0]LogTemp: Display: Loaded TP MacNoEditorTargetPlatform
[2018.01.15-20.57.31:763][  0]LogTemp: Display: Loaded TP MacServerTargetPlatform
[2018.01.15-20.57.31:840][  0]LogTemp: Display: Loaded TP MacTargetPlatform
[2018.01.15-20.57.31:916][  0]LogTemp: Display: Loaded TP WindowsClientTargetPlatform
[2018.01.15-20.57.31:992][  0]LogTemp: Display: Loaded TP WindowsNoEditorTargetPlatform
[2018.01.15-20.57.32:068][  0]LogTemp: Display: Loaded TP WindowsServerTargetPlatform
[2018.01.15-20.57.32:129][  0]LogTemp: Display: Loaded TP WindowsTargetPlatform
[2018.01.15-20.57.32:202][  0]LogTemp: Display: Loaded TP AndroidTargetPlatform
[2018.01.15-20.57.32:274][  0]LogTemp: Display: Loaded TP Android_ASTCTargetPlatform
[2018.01.15-20.57.32:346][  0]LogTemp: Display: Loaded TP Android_ATCTargetPlatform
[2018.01.15-20.57.32:418][  0]LogTemp: Display: Loaded TP Android_DXTTargetPlatform
[2018.01.15-20.57.32:489][  0]LogTemp: Display: Loaded TP Android_ETC1TargetPlatform
[2018.01.15-20.57.32:561][  0]LogTemp: Display: Loaded TP Android_ETC2TargetPlatform
[2018.01.15-20.57.32:703][  0]LogTemp: Display: Loaded TP Android_MultiTargetPlatform
[2018.01.15-20.57.32:703][  0]LogTemp: Display: Loaded TP Android_PVRTCTargetPlatform
[2018.01.15-20.57.32:752][  0]LogTemp: Display: Loaded TP HTML5TargetPlatform
[2018.01.15-20.57.32:875][  0]LogTemp: Display: Loaded TP IOSTargetPlatform
[2018.01.15-20.57.32:927][  0]LogTemp: Display: Loaded TP TVOSTargetPlatform
[2018.01.15-20.57.33:000][  0]LogTemp: Display: Loaded TP LinuxClientTargetPlatform
[2018.01.15-20.57.33:072][  0]LogTemp: Display: Loaded TP LinuxNoEditorTargetPlatform
[2018.01.15-20.57.33:146][  0]LogTemp: Display: Loaded TP LinuxServerTargetPlatform
[2018.01.15-20.57.33:226][  0]LogTemp: Display: Loaded TP LinuxTargetPlatform
[2018.01.15-20.57.33:226][  0]LogTargetPlatformManager: Display: Building Assets For Windows
[2018.01.15-20.57.33:936][  0]LogDerivedDataCache: Display: Max Cache Size: 512 MB
[2018.01.15-20.57.34:090][  0]LogDerivedDataCache: Loaded boot cache 0.15s 93MB E:/Users/earns/AppData/Local/UnrealEngine/4.17/DerivedDataCache/Boot.ddc.
[2018.01.15-20.57.34:090][  0]LogDerivedDataCache: Display: Loaded Boot cache: E:/Users/earns/AppData/Local/UnrealEngine/4.17/DerivedDataCache/Boot.ddc
[2018.01.15-20.57.34:091][  0]LogDerivedDataCache: FDerivedDataBackendGraph:  Pak pak cache file W:/unreal/github/heartwired/Cyberwitch_Project/DerivedDataCache/DDC.ddp not found, will not use a pak cache.
[2018.01.15-20.57.34:091][  0]LogDerivedDataCache: Unable to find inner node Pak for hierarchical cache Hierarchy.
[2018.01.15-20.57.34:092][  0]LogDerivedDataCache: FDerivedDataBackendGraph:  CompressedPak pak cache file W:/unreal/github/heartwired/Cyberwitch_Project/DerivedDataCache/Compressed.ddp not found, will not use a pak cache.
[2018.01.15-20.57.34:092][  0]LogDerivedDataCache: Unable to find inner node CompressedPak for hierarchical cache Hierarchy.
[2018.01.15-20.57.34:113][  0]LogDerivedDataCache: Display: Pak cache opened for reading ../../../Engine/DerivedDataCache/Compressed.ddp.
[2018.01.15-20.57.34:125][  0]LogDerivedDataCache: Using Local data cache path E:/Users/earns/AppData/Local/UnrealEngine/Common/DerivedDataCache: Writable
[2018.01.15-20.57.34:138][  0]LogMaterial: Verifying Global Shaders for PCD3D_SM5
[2018.01.15-20.57.34:138][  0]LogSlate: Using Freetype 2.6.0
[2018.01.15-20.57.34:139][  0]LogSlate: SlateFontCache - WITH_FREETYPE: 1, WITH_HARFBUZZ: 1
[2018.01.15-20.57.34:139][  0]LogSlate: SlateFontCache - WITH_FREETYPE: 1, WITH_HARFBUZZ: 1
[2018.01.15-20.57.34:483][  0]LogAssetRegistry: FAssetRegistry took 0.0335 seconds to start up
[2018.01.15-20.57.34:891][  0]LogInit: Selected Device Profile: [Windows]
[2018.01.15-20.57.35:106][  0]LogContentStreaming: Texture pool size is 0.00 MB
[2018.01.15-20.57.35:508][  0]LogSimplygon: Simplygon DLL not present - disabling.
[2018.01.15-20.57.35:557][  0]LogMeshReduction: Using SimplygonSwarm for distributed automatic mesh merging
[2018.01.15-20.57.35:557][  0]LogMeshReduction: Using QuadricMeshReduction for automatic static mesh reduction
[2018.01.15-20.57.35:557][  0]LogMeshReduction: No automatic skeletal mesh reduction module available
[2018.01.15-20.57.35:557][  0]LogMeshReduction: No automatic mesh merging module available
[2018.01.15-20.57.35:557][  0]LogMeshMerging: No automatic mesh merging module available
[2018.01.15-20.57.36:085][  0]LogNetVersion: Cyberwitch_Project , NetCL: 3573198, EngineNetVer: 2, GameNetVer: 0 (Checksum: 51455869)
[2018.01.15-20.57.37:129][  0]LogPackageLocalizationCache: Processed 6 localized package path(s) for 2 prioritized culture(s) in 0.847050 seconds
[2018.01.15-20.57.37:136][  0]LogUObjectArray: 35825 objects as part of root set at end of initial load.
[2018.01.15-20.57.37:136][  0]LogUObjectAllocator: 7529112 out of 0 bytes used by permanent object pool.
[2018.01.15-20.57.37:136][  0]LogUObjectArray: CloseDisregardForGC: 0/0 objects in disregard for GC pool
[2018.01.15-20.57.37:222][  0]LogInit: WinSock: version 1.1 (2.2), MaxSocks=32767, MaxUdp=65467
[2018.01.15-20.57.40:405][  0]LogTcpMessaging: Initializing TcpMessaging bridge
[2018.01.15-20.57.40:458][  0]LogUdpMessaging: Initializing bridge on interface 0.0.0.0:0 to multicast group 230.0.0.1:6666.
[2018.01.15-20.57.40:459][  0]LogDirectoryWatcher: A directory notification failed for 'W:/unreal/github/heartwired/Cyberwitch_Project/Content/' because it was empty or there was a buffer overflow. Attemping another request...
[2018.01.15-20.57.41:358][  0]LogMaterial: Uniform references updated for custom material expression Custom.
[2018.01.15-20.57.41:891][  0]SourceControl: Source control is disabled
[2018.01.15-20.57.41:891][  0]SourceControl: Source control is disabled
[2018.01.15-20.57.41:958][  0]SourceControl: Source control is disabled
[2018.01.15-20.57.42:026][  0]SourceControl: Source control is disabled
[2018.01.15-20.57.42:852][  0]LogAndroidPermission: UAndroidPermissionCallbackProxy::GetInstance
[2018.01.15-20.57.43:166][  0]LogOcInput: OculusInput pre-init called
[2018.01.15-20.57.43:568][  0]LogPython: Python VM initialized: 2.7.10 (default, Aug 21 2015, 12:07:58) [MSC v.1500 64 bit (AMD64)]
[2018.01.15-20.57.43:568][  0]LogPython: Python Scripts search path: W:/unreal/github/heartwired/Cyberwitch_Project/Content/Scripts
[2018.01.15-20.57.43:584][  0]LogPython: Error: No module named ue_site
[2018.01.15-20.57.43:962][  0]LogEngine: Initializing Engine...
[2018.01.15-20.57.43:964][  0]LogHMD: Failed to initialize OpenVR with code 110
[2018.01.15-20.57.44:298][  0]LogStats: UGameplayTagsManager::ConstructGameplayTagTree: Construct from data asset -  0.000 s
[2018.01.15-20.57.44:298][  0]LogStats: UGameplayTagsManager::ConstructGameplayTagTree: GameplayTagTreeChangedEvent.Broadcast -  0.000 s
[2018.01.15-20.57.44:463][  0]LogAIModule: Creating AISystem for world Untitled
[2018.01.15-20.57.44:473][  0]LogInit: XAudio2 using 'Speakers (Realtek High Definition Audio)' : 2 channels at 48 kHz using 32 bits per sample (channel mask 0x3)
[2018.01.15-20.57.44:500][  0]LogInit: FAudioDevice initialized.
[2018.01.15-20.57.44:669][  0]LogDerivedDataCache: Saved boot cache 0.17s 93MB E:/Users/earns/AppData/Local/UnrealEngine/4.17/DerivedDataCache/Boot.ddc.
[2018.01.15-20.57.44:694][  0]LogInit: Texture streaming: Enabled
[2018.01.15-20.57.44:881][  0]LogEngineSessionManager: EngineSessionManager initialized
[2018.01.15-20.57.45:182][  0]LogInit: Transaction tracking system initialized
[2018.01.15-20.57.45:606][  0]BlueprintLog: New page: Editor Load
[2018.01.15-20.57.46:831][  0]LocalizationService: Localization service is disabled
[2018.01.15-20.57.47:762][  0]LogConsoleResponse: Display: 
[2018.01.15-20.57.47:957][  0]LogCook: Display: Max memory allowance for cook 16384mb min free memory 0mb
[2018.01.15-20.57.47:957][  0]LogCook: Display: Mobile HDR setting 1
[2018.01.15-20.57.47:958][  0]LogGameplayTags: Display: UGameplayTagsManager::DoneAddingNativeTags. DelegateIsBound: 0
[2018.01.15-20.57.48:648][  0]LogFileCache: Scanning file cache for directory 'W:/unreal/github/heartwired/Cyberwitch_Project/Content/' took 0.37s
[2018.01.15-20.57.49:460][  0]SourceControl: Source control is disabled
[2018.01.15-20.57.49:460][  0]Cmd: MAP LOAD FILE="W:/unreal/github/heartwired/Cyberwitch_Project/Content/Levels/DemoMap.umap" TEMPLATE=0 SHOWPROGRESS=1 FEATURELEVEL=3
[2018.01.15-20.57.49:484][  0]LightingResults: New page: Lighting Build
[2018.01.15-20.57.49:538][  0]MapCheck: New page: Map Check
[2018.01.15-20.57.49:538][  0]LightingResults: New page: Lighting Build
[2018.01.15-20.58.08:611][  0]LogLinker: Warning: Can't find file '/Game/Levels/DemoMap_BuiltData'
[2018.01.15-20.58.08:612][  0]LogLinker: Warning: Can't find file for asset '/Game/Levels/DemoMap_BuiltData' while loading W:/unreal/github/heartwired/Cyberwitch_Project/Content/Levels/DemoMap.umap.
[2018.01.15-20.58.08:612][  0]LoadErrors: Error: /Game/Levels/DemoMap : Can't find file for asset. /Game/Levels/DemoMap_BuiltData
[2018.01.15-20.58.09:351][  0]LogLinker: Warning: Can't find file '/Game/Levels/DemoMap_BuiltData'
[2018.01.15-20.58.09:351][  0]LogLinker: Warning: Can't find file for asset '/Game/Levels/DemoMap_BuiltData' while loading W:/unreal/github/heartwired/Cyberwitch_Project/Content/Levels/DemoMap.umap.
[2018.01.15-20.58.09:351][  0]LoadErrors: Error: /Game/Levels/DemoMap : Can't find file for asset. /Game/Levels/DemoMap_BuiltData
[2018.01.15-20.58.09:409][  0]LogLinker: Warning: Can't find file '/Game/Levels/DemoMap_BuiltData'
[2018.01.15-20.58.09:409][  0]LogLinker: Warning: Can't find file for asset '/Game/Levels/DemoMap_BuiltData' while loading NULL.
[2018.01.15-20.58.09:409][  0]LogLinker: Warning: Can't find file '/Game/Levels/DemoMap_BuiltData'
[2018.01.15-20.58.09:410][  0]LogLinker: Warning: Can't find file for asset '/Game/Levels/DemoMap_BuiltData' while loading NULL.
[2018.01.15-20.58.09:587][  0]LogLinker: Warning: Can't find file '/Game/Levels/DemoMap_BuiltData'
[2018.01.15-20.58.09:587][  0]LoadErrors: Failed to load /Game/Levels/DemoMap_BuiltData.DemoMap_BuiltData Referenced by PersistentLevel
[2018.01.15-20.58.09:587][  0]LogLinker: Warning: Can't find file for asset '/Game/Levels/DemoMap_BuiltData' while loading NULL.
[2018.01.15-20.58.09:587][  0]LoadErrors: Failed to load /Game/Levels/DemoMap_BuiltData.DemoMap_BuiltData Referenced by PersistentLevel
[2018.01.15-20.58.10:436][  0]LogAIModule: Creating AISystem for world DemoMap
[2018.01.15-20.58.10:480][  0]LogEditorServer: Finished looking for orphan Actors (0.000 secs)
[2018.01.15-20.58.10:561][  0]Cmd: MAP CHECKDEP NOCLEARLOG
[2018.01.15-20.58.11:586][  0]MapCheck: Map check complete: 0 Error(s), 0 Warning(s), took 1,025.492ms to complete.
[2018.01.15-20.58.11:587][  0]LogFileHelpers: Loading map 'DemoMap' took 22.127
[2018.01.15-20.58.11:899][  0]LogCollectionManager: Loaded 0 collections in 0.010145 seconds
[2018.01.15-20.58.12:073][  0]LogFileCache: Scanning file cache for directory 'W:/unreal/github/heartwired/Cyberwitch_Project/Saved/Collections/' took 0.02s
[2018.01.15-20.58.12:073][  0]LogFileCache: Scanning file cache for directory 'W:/unreal/github/heartwired/Cyberwitch_Project/Content/Developers/earns/Collections/' took 0.02s
[2018.01.15-20.58.12:073][  0]LogFileCache: Scanning file cache for directory 'W:/unreal/github/heartwired/Cyberwitch_Project/Content/Collections/' took 0.02s
[2018.01.15-20.58.12:073][  0]LogCollectionManager: Rebuilt the GUID cache for 0 collections in 0.000001 seconds
[2018.01.15-20.58.12:085][  0]LogContentBrowser: Native class hierarchy populated in 0.0113 seconds. Added 2407 classes and 511 folders.
[2018.01.15-20.58.12:172][  0]LogContentBrowser: Native class hierarchy updated for 'WidgetCarousel' in 0.0014 seconds. Added 0 classes and 0 folders.
[2018.01.15-20.58.12:225][  0]LogContentBrowser: Native class hierarchy updated for 'AddContentDialog' in 0.0014 seconds. Added 0 classes and 0 folders.
[2018.01.15-20.58.12:283][  0]LogContentBrowser: Native class hierarchy updated for 'SceneOutliner' in 0.0014 seconds. Added 1 classes and 2 folders.
[2018.01.15-20.58.12:310][  0]LogSlate: Took 0.000202 seconds to synchronously load lazily loaded font '../../../Engine/Content/Slate/Fonts/Roboto-Regular.ttf' (155K)
[2018.01.15-20.58.12:313][  0]LogSlate: Took 0.000188 seconds to synchronously load lazily loaded font '../../../Engine/Content/Slate/Fonts/Roboto-Bold.ttf' (160K)
[2018.01.15-20.58.12:319][  0]LogSlate: Took 0.000183 seconds to synchronously load lazily loaded font '../../../Engine/Content/Editor/Slate/Fonts/FontAwesome.ttf' (139K)
[2018.01.15-20.58.12:433][  0]LogRenderer: Reallocating scene render targets to support 1616x808 Format 10 NumSamples 1 (Frame:1).
[2018.01.15-20.58.12:654][  0]LogContentBrowser: Native class hierarchy updated for 'HierarchicalLODOutliner' in 0.0014 seconds. Added 1 classes and 2 folders.
[2018.01.15-20.58.12:654][  0]LogLoad: (Engine Initialization) Total time: 49.03 seconds
[2018.01.15-20.58.12:654][  0]LogLoad: (Engine Initialization) Total Blueprint compile time: 0.00 seconds
[2018.01.15-20.58.12:654][  0]LogExternalProfiler: Found external profiler: VSPerf
[2018.01.15-20.58.12:654][  0]LogExternalProfiler: Using external profiler: VSPerf
[2018.01.15-20.58.13:055][  0]LogDirectoryWatcher: A directory notification failed for 'W:/unreal/github/heartwired/Cyberwitch_Project/Content/' because it was empty or there was a buffer overflow. Attemping another request...
[2018.01.15-20.58.13:056][  0]LogDirectoryWatcher: A directory notification failed for 'W:/unreal/github/heartwired/Cyberwitch_Project/Content/', and we were unable to create a new request.
[2018.01.15-20.58.13:056][  0]LogDirectoryWatcher: A directory notification failed for 'W:/unreal/github/heartwired/Cyberwitch_Project/Plugins/UnrealEnginePython/Binaries/Win64' because it was empty or there was a buffer overflow. Attemping another request...
[2018.01.15-20.58.13:056][  0]LogDirectoryWatcher: A directory notification failed for 'W:/unreal/github/heartwired/Cyberwitch_Project/Saved/Collections/' because it was empty or there was a buffer overflow. Attemping another request...
[2018.01.15-20.58.13:056][  0]LogDirectoryWatcher: A directory notification failed for 'W:/unreal/github/heartwired/Cyberwitch_Project/Content/Developers/earns/Collections/' because it was empty or there was a buffer overflow. Attemping another request...
[2018.01.15-20.58.13:056][  0]LogDirectoryWatcher: A directory notification failed for 'W:/unreal/github/heartwired/Cyberwitch_Project/Content/Collections/' because it was empty or there was a buffer overflow. Attemping another request...
[2018.01.15-20.58.13:060][  0]LogContentStreaming: Texture pool size now 1000 MB
[2018.01.15-20.58.13:370][  1]LogFileCache: Retrieving MD5 hashes for directory 'W:/unreal/github/heartwired/Cyberwitch_Project/Content/' took 0.36s
[2018.01.15-20.58.13:395][  1]LogAssetRegistry: Asset discovery search completed in 38.9343 seconds
[2018.01.15-20.58.13:397][  1]LogCollectionManager: Rebuilt the object cache for 0 collections in 0.000001 seconds (found 0 objects)
[2018.01.15-20.58.13:397][  1]LogCollectionManager: Fixed up redirectors for 0 collections in 0.000056 seconds (updated 0 objects)
[2018.01.15-20.58.13:697][  2]LogDirectoryWatcher: A directory notification failed for 'W:/unreal/github/heartwired/Cyberwitch_Project/Saved/Collections/' because it was empty or there was a buffer overflow. Attemping another request...
[2018.01.15-20.58.13:698][  2]LogDirectoryWatcher: A directory notification failed for 'W:/unreal/github/heartwired/Cyberwitch_Project/Saved/Collections/', and we were unable to create a new request.
[2018.01.15-20.58.13:698][  2]LogDirectoryWatcher: A directory notification failed for 'W:/unreal/github/heartwired/Cyberwitch_Project/Plugins/UnrealEnginePython/Binaries/Win64' because it was empty or there was a buffer overflow. Attemping another request...
[2018.01.15-20.58.13:698][  2]LogDirectoryWatcher: A directory notification failed for 'W:/unreal/github/heartwired/Cyberwitch_Project/Plugins/UnrealEnginePython/Binaries/Win64', and we were unable to create a new request.
[2018.01.15-20.58.13:698][  2]LogDirectoryWatcher: A directory notification failed for 'W:/unreal/github/heartwired/Cyberwitch_Project/Content/Developers/earns/Collections/' because it was empty or there was a buffer overflow. Attemping another request...
[2018.01.15-20.58.13:699][  2]LogDirectoryWatcher: A directory notification failed for 'W:/unreal/github/heartwired/Cyberwitch_Project/Content/Developers/earns/Collections/', and we were unable to create a new request.
[2018.01.15-20.58.13:699][  2]LogDirectoryWatcher: A directory notification failed for 'W:/unreal/github/heartwired/Cyberwitch_Project/Content/Collections/' because it was empty or there was a buffer overflow. Attemping another request...
[2018.01.15-20.58.13:700][  2]LogDirectoryWatcher: A directory notification failed for 'W:/unreal/github/heartwired/Cyberwitch_Project/Content/Collections/', and we were unable to create a new request.
[2018.01.15-20.58.14:000][  3]LogSlate: Took 0.000257 seconds to synchronously load lazily loaded font '../../../Engine/Content/Slate/Fonts/Roboto-Light.ttf' (159K)
[2018.01.15-20.59.35:022][997]LogEditorViewport: Clicking on Actor (LMB): PigEnemy_C (PigEnemy)
[2018.01.15-20.59.36:206][ 96]Cmd: CAMERA ALIGN ACTIVEVIEWPORTONLY
[2018.01.15-20.59.37:479][213]LogEditorViewport: Clicking on Actor (LMB): PigEnemy_C (PigEnemy)
[2018.01.15-20.59.37:977][260]Cmd: CAMERA ALIGN ACTIVEVIEWPORTONLY
[2018.01.15-20.59.40:891][553]Cmd: CAMERA ALIGN ACTIVEVIEWPORTONLY
[2018.01.15-21.00.19:344][598]LogEditorViewport: Clicking on Actor (LMB): PaperSpriteActor (Background_Front_Sprite)
[2018.01.15-21.01.10:399][923]LogSlate: Took 0.000300 seconds to synchronously load lazily loaded font '../../../Engine/Content/Slate/Fonts/Roboto-Light.ttf' (159K)
[2018.01.15-21.01.13:395][109]Cmd: MAP LOAD FILE="W:/unreal/github/heartwired/Cyberwitch_Project/Content/Levels/Level_One.umap" TEMPLATE=0 SHOWPROGRESS=1 FEATURELEVEL=3
[2018.01.15-21.01.13:424][109]LogSlate: Took 0.000182 seconds to synchronously load lazily loaded font '../../../Engine/Content/Slate/Fonts/Roboto-Light.ttf' (159K)
[2018.01.15-21.01.13:435][109]LightingResults: New page: Lighting Build
[2018.01.15-21.01.13:436][109]LoadErrors: New page: Loading map: Level_One.umap
[2018.01.15-21.01.13:440][109]MapCheck: New page: Map Check
[2018.01.15-21.01.13:440][109]LightingResults: New page: Lighting Build
[2018.01.15-21.01.14:537][109]LogSlate: Took 0.000230 seconds to synchronously load lazily loaded font '../../../Engine/Content/Slate/Fonts/Roboto-Regular.ttf' (155K)
[2018.01.15-21.01.17:065][109]LogTexture: Display: Building textures: ShadowMapTexture2D_1 (BGRA8, 32X32)
[2018.01.15-21.01.17:065][109]LogTexture: Display: Building textures: HQ_Lightmap0_2 (AutoDXT, 64X64)
[2018.01.15-21.01.17:065][109]LogTexture: Display: Building textures: LQ_Lightmap_0_2 (DXT1, 64X64)
[2018.01.15-21.01.17:065][109]LogTexture: Display: Building textures: ShadowMapTexture2D_0 (BGRA8, 1024X512)
[2018.01.15-21.01.17:065][109]LogTexture: Display: Building textures: HQ_Lightmap0_1 (AutoDXT, 1024X1024)
[2018.01.15-21.01.17:065][109]LogTexture: Display: Building textures: LQ_Lightmap_0_1 (DXT1, 1024X1024)
[2018.01.15-21.01.17:065][109]LogTexture: Display: Building textures: TEX_floatingPlatform_R (AutoDXT, 2048X2048)
[2018.01.15-21.01.17:068][109]LogStaticMesh: Building static mesh MDL_FloatingPlatform...
[2018.01.15-21.01.17:072][109]LogStaticMesh: Built static mesh [0.00s] /Game/Assets/Environment/Platforms/Meshes/MDL_FloatingPlatform.MDL_FloatingPlatform
[2018.01.15-21.01.17:073][109]LogAnimationCompression: Building Anim DDC data for AnimSequence /Game/Assets/Characters/Grunt/Animations/ANIM_Grunt_attack.ANIM_Grunt_attack
[2018.01.15-21.01.17:094][109]LogAnimationCompression: Building Anim DDC data for AnimSequence /Game/Assets/Characters/Grunt/Animations/ANIM_Grunt_death.ANIM_Grunt_death
[2018.01.15-21.01.17:116][109]LogAnimationCompression: Building Anim DDC data for AnimSequence /Game/Assets/Characters/Grunt/Animations/ANIM_Grunt_run.ANIM_Grunt_run
[2018.01.15-21.01.17:121][109]LogStaticMesh: Building static mesh MDL_Crane...
[2018.01.15-21.01.17:168][109]LogTexture: Display: Building textures: TEX_floatingPlatform_NM (BC5, 2048X2048)
[2018.01.15-21.01.17:168][109]LogStaticMesh: Built static mesh [0.05s] /Game/Assets/Environment/Static_Props/Meshes/MDL_Crane.MDL_Crane
[2018.01.15-21.01.17:183][109]LogAnimationCompression: Building Anim DDC data for AnimSequence /Game/Assets/Characters/Grunt/Animations/ANIM_Grunt_idle.ANIM_Grunt_idle
[2018.01.15-21.01.17:189][109]LogAnimationCompression: Building Anim DDC data for AnimSequence /Game/Assets/Characters/Grunt/Animations/ANIM_Grunt_walk.ANIM_Grunt_walk
[2018.01.15-21.01.17:822][109]LogTexture: Display: Building textures: TEX_floatingPlatform_D (AutoDXT, 2048X2048)
[2018.01.15-21.01.17:916][109]LogMaterial: Missing cached shader map for material MAT_FloatingPlatform, compiling. 
[2018.01.15-21.01.17:998][109]LogMaterial: Missing cached shader map for material MAT_Crane, compiling. 
[2018.01.15-21.01.18:036][109]LogAnimationCompression: Building Anim DDC data for AnimSequence /Game/Assets/Characters/Grunt/Animations/ANIM_Grunt_idle.ANIM_Grunt_idle
[2018.01.15-21.01.18:041][109]LogAnimationCompression: Building Anim DDC data for AnimSequence /Game/Assets/Characters/Grunt/Animations/ANIM_Grunt_walk.ANIM_Grunt_walk
[2018.01.15-21.01.18:052][109]LogAIModule: Creating AISystem for world Level_One
[2018.01.15-21.01.18:109][109]LogEditorServer: Finished looking for orphan Actors (0.000 secs)
[2018.01.15-21.01.18:391][109]Cmd: MAP CHECKDEP NOCLEARLOG
[2018.01.15-21.01.19:497][109]MapCheck: Map check complete: 0 Error(s), 0 Warning(s), took 1,105.153ms to complete.
[2018.01.15-21.01.19:497][109]LogFileHelpers: Loading map 'Level_One' took 6.103
[2018.01.15-21.01.27:647][ 53]LogEditorViewport: Clicking on Actor (LMB): BearBreakable_C (BearBreakable)
[2018.01.15-21.01.28:204][112]Cmd: CAMERA ALIGN ACTIVEVIEWPORTONLY
[2018.01.15-21.01.43:887][958]LogEditorViewport: Clicking on Actor (LMB): RockBreakable_C (RockBreakable4)
[2018.01.15-21.01.44:073][972]Cmd: CAMERA ALIGN ACTIVEVIEWPORTONLY
[2018.01.15-21.01.50:324][707]LogEditorViewport: Clicking on Actor (LMB): NSwitchMove_C (NormalSwitchMove2)
[2018.01.15-21.01.50:726][748]Cmd: CAMERA ALIGN ACTIVEVIEWPORTONLY
[2018.01.15-21.01.52:175][918]LogEditorViewport: Clicking on Actor (LMB): PaperSpriteActor (Background_Front_Sprite3)
[2018.01.15-21.01.52:718][971]LogEditorViewport: Clicking on Actor (LMB): NSwitchMove_C (NormalSwitchMove2)
[2018.01.15-21.01.54:200][140]Cmd: CAMERA ALIGN ACTIVEVIEWPORTONLY
[2018.01.15-21.02.32:660][ 93]LogEditorViewport: Clicking on Actor (LMB): PaperSpriteActor (Background_Front_Sprite3)
[2018.01.15-21.02.37:050][581]LogEditorViewport: Clicking on Actor (LMB): PigEnemy_C (PigEnemy)
[2018.01.15-21.02.37:383][604]Cmd: CAMERA ALIGN ACTIVEVIEWPORTONLY
[2018.01.15-21.02.44:056][167]Cmd: MAP LOAD FILE="W:/unreal/github/heartwired/Cyberwitch_Project/Content/Levels/DemoMap.umap" TEMPLATE=0 SHOWPROGRESS=1 FEATURELEVEL=3
[2018.01.15-21.02.44:091][167]LightingResults: New page: Lighting Build
[2018.01.15-21.02.44:092][167]LoadErrors: New page: Loading map: DemoMap.umap
[2018.01.15-21.02.44:097][167]MapCheck: New page: Map Check
[2018.01.15-21.02.44:097][167]LightingResults: New page: Lighting Build
[2018.01.15-21.02.44:605][167]LogLinker: Warning: Can't find file '/Game/Levels/DemoMap_BuiltData'
[2018.01.15-21.02.44:606][167]LogLinker: Warning: Can't find file for asset '/Game/Levels/DemoMap_BuiltData' while loading W:/unreal/github/heartwired/Cyberwitch_Project/Content/Levels/DemoMap.umap.
[2018.01.15-21.02.44:606][167]LoadErrors: Error: /Game/Levels/DemoMap : Can't find file for asset. /Game/Levels/DemoMap_BuiltData
[2018.01.15-21.02.45:114][167]LogLinker: Warning: Can't find file '/Game/Levels/DemoMap_BuiltData'
[2018.01.15-21.02.45:114][167]LogLinker: Warning: Can't find file for asset '/Game/Levels/DemoMap_BuiltData' while loading W:/unreal/github/heartwired/Cyberwitch_Project/Content/Levels/DemoMap.umap.
[2018.01.15-21.02.45:177][167]LogLinker: Warning: Can't find file '/Game/Levels/DemoMap_BuiltData'
[2018.01.15-21.02.45:177][167]LogLinker: Warning: Can't find file for asset '/Game/Levels/DemoMap_BuiltData' while loading NULL.
[2018.01.15-21.02.45:177][167]LogLinker: Warning: Can't find file '/Game/Levels/DemoMap_BuiltData'
[2018.01.15-21.02.45:178][167]LogLinker: Warning: Can't find file for asset '/Game/Levels/DemoMap_BuiltData' while loading NULL.
[2018.01.15-21.02.45:188][167]LogLinker: Warning: Can't find file '/Game/Levels/DemoMap_BuiltData'
[2018.01.15-21.02.45:189][167]LoadErrors: Failed to load /Game/Levels/DemoMap_BuiltData.DemoMap_BuiltData Referenced by PersistentLevel
[2018.01.15-21.02.45:189][167]LogLinker: Warning: Can't find file for asset '/Game/Levels/DemoMap_BuiltData' while loading NULL.
[2018.01.15-21.02.45:198][167]LogAIModule: Creating AISystem for world DemoMap
[2018.01.15-21.02.45:252][167]LogEditorServer: Finished looking for orphan Actors (0.000 secs)
[2018.01.15-21.02.45:574][167]Cmd: MAP CHECKDEP NOCLEARLOG
[2018.01.15-21.02.46:765][167]MapCheck: Map check complete: 0 Error(s), 0 Warning(s), took 1,191.467ms to complete.
[2018.01.15-21.02.46:765][167]LogFileHelpers: Loading map 'DemoMap' took 2.711
[2018.01.15-21.03.02:284][718]Cmd: MAP LOAD FILE="W:/unreal/github/heartwired/Cyberwitch_Project/Content/Levels/Tutorial.umap" TEMPLATE=0 SHOWPROGRESS=1 FEATURELEVEL=3
[2018.01.15-21.03.02:323][718]LightingResults: New page: Lighting Build
[2018.01.15-21.03.02:324][718]LoadErrors: New page: Loading map: Tutorial.umap
[2018.01.15-21.03.02:329][718]MapCheck: New page: Map Check
[2018.01.15-21.03.02:329][718]LightingResults: New page: Lighting Build
[2018.01.15-21.03.02:670][718]LogLinker: Warning: Can't find file '/Game/Levels/Tutorial_BuiltData'
[2018.01.15-21.03.02:670][718]LogLinker: Warning: Can't find file for asset '/Game/Levels/Tutorial_BuiltData' while loading W:/unreal/github/heartwired/Cyberwitch_Project/Content/Levels/Tutorial.umap.
[2018.01.15-21.03.02:670][718]LoadErrors: Error: /Game/Levels/Tutorial : Can't find file for asset. /Game/Levels/Tutorial_BuiltData
[2018.01.15-21.03.04:015][718]LogLinker: Warning: Can't find file '/Game/Levels/Tutorial_BuiltData'
[2018.01.15-21.03.04:016][718]LogLinker: Warning: Can't find file for asset '/Game/Levels/Tutorial_BuiltData' while loading W:/unreal/github/heartwired/Cyberwitch_Project/Content/Levels/Tutorial.umap.
[2018.01.15-21.03.04:153][718]LogLinker: Warning: Can't find file '/Game/Levels/Tutorial_BuiltData'
[2018.01.15-21.03.04:154][718]LogLinker: Warning: Can't find file for asset '/Game/Levels/Tutorial_BuiltData' while loading NULL.
[2018.01.15-21.03.04:154][718]LogLinker: Warning: Can't find file '/Game/Levels/Tutorial_BuiltData'
[2018.01.15-21.03.04:155][718]LogLinker: Warning: Can't find file for asset '/Game/Levels/Tutorial_BuiltData' while loading NULL.
[2018.01.15-21.03.04:171][718]LogLinker: Warning: Can't find file '/Game/Levels/Tutorial_BuiltData'
[2018.01.15-21.03.04:171][718]LoadErrors: Failed to load /Game/Levels/Tutorial_BuiltData.Tutorial_BuiltData Referenced by PersistentLevel
[2018.01.15-21.03.04:171][718]LogLinker: Warning: Can't find file for asset '/Game/Levels/Tutorial_BuiltData' while loading NULL.
[2018.01.15-21.03.04:190][718]LogStaticMesh: Building static mesh MDL_Platform...
[2018.01.15-21.03.04:222][718]LogTexture: Display: Building textures: TEX_Haybale2_R (AutoDXT, 2048X2048)
[2018.01.15-21.03.04:223][718]LogStaticMesh: Built static mesh [0.03s] /Game/Assets/Environment/Platforms/Meshes/MDL_Platform.MDL_Platform
[2018.01.15-21.03.04:228][718]LogStaticMesh: Building static mesh MDL_Haybale2...
[2018.01.15-21.03.04:252][718]LogStaticMesh: Built static mesh [0.03s] /Game/Assets/Environment/Interactables/Meshes/MDL_Haybale2.MDL_Haybale2
[2018.01.15-21.03.04:255][718]LogAudioDerivedData: Display: Building compressed audio format OGG wave tutorial_music...
[2018.01.15-21.03.08:702][718]LogTexture: Display: Building textures: TEX_Haybale2_NM (BC5, 2048X2048)
[2018.01.15-21.03.08:702][718]LogTexture: Display: Building textures: TEX_Haybale2_D (AutoDXT, 2048X2048)
[2018.01.15-21.03.08:713][718]LogMaterial: Missing cached shader map for material Mat_HayBale2, compiling. 
[2018.01.15-21.03.08:742][718]LogAIModule: Creating AISystem for world Tutorial
[2018.01.15-21.03.08:794][718]LogEditorServer: Finished looking for orphan Actors (0.000 secs)
[2018.01.15-21.03.09:113][718]Cmd: MAP CHECKDEP NOCLEARLOG
[2018.01.15-21.03.10:294][718]MapCheck: Map check complete: 0 Error(s), 0 Warning(s), took 1,181.698ms to complete.
[2018.01.15-21.03.10:295][718]LogFileHelpers: Loading map 'Tutorial' took 8.012
[2018.01.15-21.03.15:698][341]LogEditorViewport: Clicking on Actor (LMB): StealthZone_C (StealthZone)
[2018.01.15-21.03.15:991][367]Cmd: CAMERA ALIGN ACTIVEVIEWPORTONLY
[2018.01.15-21.03.17:271][497]LogEditorViewport: Clicking on Actor (LMB): StealthZone_C (StealthZone)
[2018.01.15-21.05.09:658][406]LogEditorViewport: Clicking on Actor (LMB): StaticMeshActor (MDL_Haybale16)
[2018.01.15-21.05.10:898][536]LogSlate: Took 0.014336 seconds to synchronously load lazily loaded font '../../../Engine/Content/Editor/Slate/Fonts/Roboto-Italic.ttf' (157K)
[2018.01.15-21.06.08:056][ 14]LogContentBrowser: Native class hierarchy updated for 'MaterialEditor' in 0.0024 seconds. Added 1 classes and 0 folders.
[2018.01.15-21.06.08:078][ 14]LogMaterial: Missing cached shader map for material Mat_HayBale2, compiling. 
[2018.01.15-21.06.08:456][ 14]LogMaterial: Missing cached shader map for material Mat_HayBale2, compiling. 
[2018.01.15-21.06.08:483][ 14]LogMaterial: Missing cached shader map for material Mat_HayBale2, compiling. 
[2018.01.15-21.06.08:535][ 14]LogMaterial: Missing cached shader map for material FMatExpressionPreview MaterialExpressionTextureSample_6, compiling. 
[2018.01.15-21.06.08:541][ 14]LogMaterial: Missing cached shader map for material FMatExpressionPreview MaterialExpressionTextureSample_8, compiling. 
[2018.01.15-21.06.08:548][ 14]LogMaterial: Missing cached shader map for material FMatExpressionPreview MaterialExpressionTextureSample_7, compiling. 
[2018.01.15-21.06.08:570][ 14]LogSlate: Took 0.007772 seconds to synchronously load lazily loaded font '../../../Engine/Content/Editor/Slate/Fonts/Roboto-BoldCondensed.ttf' (158K)
[2018.01.15-21.06.09:679][ 57]MaterialEditorStats: Base pass shader: 89 instructions
[2018.01.15-21.06.09:679][ 57]MaterialEditorStats: Vertex shader: 31 instructions
[2018.01.15-21.06.09:679][ 57]MaterialEditorStats: Texture samplers: 6/16
[2018.01.15-21.06.09:679][ 57]MaterialEditorStats: User interpolators: 2/4 Scalars (1/4 Vectors) (TexCoords: 2, Custom: 0)
[2018.01.15-21.06.24:782][ 78]LogSavePackage: Save=93.48ms
[2018.01.15-21.06.24:782][ 78]LogSavePackage: Moving 'W:/unreal/github/heartwired/Cyberwitch_Project/Saved/Mat_HayBale22FA365C40014F394314CE8E0A0343ED.tmp' to 'W:/unreal/github/heartwired/Cyberwitch_Project/Content/Assets/Environment/Interactables/Materials/Mat_HayBale.uasset'
[2018.01.15-21.06.24:850][ 78]LogSavePackage: Display: Finished SavePackage W:/unreal/github/heartwired/Cyberwitch_Project/Content/Assets/Environment/Interactables/Materials/Mat_HayBale.uasset
[2018.01.15-21.06.29:610][ 78]LogSavePackage: Save=102.55ms
[2018.01.15-21.06.29:610][ 78]LogSavePackage: Moving 'W:/unreal/github/heartwired/Cyberwitch_Project/Saved/MDL_Haybale23BEB52BA4FC15F7E3BE82387FCFE621C.tmp' to 'W:/unreal/github/heartwired/Cyberwitch_Project/Content/Assets/Environment/Interactables/Meshes/MDL_Haybale2.uasset'
[2018.01.15-21.06.29:676][ 78]LogSavePackage: Display: Finished SavePackage W:/unreal/github/heartwired/Cyberwitch_Project/Content/Assets/Environment/Interactables/Meshes/MDL_Haybale2.uasset
[2018.01.15-21.06.32:571][318]LogEditorViewport: Clicking on Actor (LMB): StaticMeshActor (MDL_Haybale16)
[2018.01.15-21.06.57:523][424]LogSavePackage: Save=166.61ms
[2018.01.15-21.06.57:523][424]LogSavePackage: Moving 'W:/unreal/github/heartwired/Cyberwitch_Project/Saved/MDL_HaybaleBF2235D244862BDD7057148A0841EC70.tmp' to 'W:/unreal/github/heartwired/Cyberwitch_Project/Content/Assets/Environment/Interactables/Meshes/MDL_Haybale.uasset'
[2018.01.15-21.06.57:615][424]LogSavePackage: Display: Finished SavePackage W:/unreal/github/heartwired/Cyberwitch_Project/Content/Assets/Environment/Interactables/Meshes/MDL_Haybale.uasset
[2018.01.15-21.07.01:654][424]LogSavePackage: Save=16.81ms
[2018.01.15-21.07.01:654][424]LogSavePackage: Moving 'W:/unreal/github/heartwired/Cyberwitch_Project/Saved/MDL_Haybale2CF0CDA724173DACA3EE8E1B5255D26AD.tmp' to 'W:/unreal/github/heartwired/Cyberwitch_Project/Content/Assets/Environment/Interactables/Meshes/MDL_Haybale2.uasset'
[2018.01.15-21.07.01:747][424]LogSavePackage: Display: Finished SavePackage W:/unreal/github/heartwired/Cyberwitch_Project/Content/Assets/Environment/Interactables/Meshes/MDL_Haybale2.uasset
[2018.01.15-21.07.19:387][840]LogEditorViewport: Clicking on Actor (LMB): StaticMeshActor (MDL_Haybale14)
[2018.01.15-21.07.21:122][ 37]LogEditorViewport: Clicking on Actor (LMB): StealthZone_C (StealthZone)
[2018.01.15-21.07.22:260][165]LogEditorViewport: Clicking on Actor (LMB): StealthZone_C (StealthZone)
[2018.01.15-21.07.22:993][248]LogEditorViewport: Clicking on Actor (LMB): StaticMeshActor (MDL_Haybale14)
[2018.01.15-21.07.31:878][695]Cmd: OBJ SAVEPACKAGE PACKAGE="/Game/Levels/Tutorial" FILE="W:/unreal/github/heartwired/Cyberwitch_Project/Content/Levels/Tutorial.umap" SILENT=true AUTOSAVING=false KEEPDIRTY=false
[2018.01.15-21.07.38:273][695]LogSavePackage: Save=2248.94ms
[2018.01.15-21.07.38:273][695]LogSavePackage: Moving 'W:/unreal/github/heartwired/Cyberwitch_Project/Saved/Tutorial43F3BE6748A91B7C84E3659A83F0225A.tmp' to 'W:/unreal/github/heartwired/Cyberwitch_Project/Content/Levels/Tutorial.umap'
[2018.01.15-21.07.38:356][695]LogSavePackage: Display: Finished SavePackage W:/unreal/github/heartwired/Cyberwitch_Project/Content/Levels/Tutorial.umap
[2018.01.15-21.07.38:603][695]LogFileHelpers: Saving map 'Tutorial' took 8.042
[2018.01.15-21.07.55:572][ 76]LogSavePackage: Save=114.74ms
[2018.01.15-21.07.55:572][ 76]LogSavePackage: Moving 'W:/unreal/github/heartwired/Cyberwitch_Project/Saved/TEX_Haybale_D5DEAAFAD448531A3911C6F8E4DAF45E4.tmp' to 'W:/unreal/github/heartwired/Cyberwitch_Project/Content/Assets/Environment/Interactables/Materials/Textures/TEX_Haybale_D.uasset'
[2018.01.15-21.07.55:637][ 76]LogSavePackage: Display: Finished SavePackage W:/unreal/github/heartwired/Cyberwitch_Project/Content/Assets/Environment/Interactables/Materials/Textures/TEX_Haybale_D.uasset
[2018.01.15-21.08.02:996][653]LogSavePackage: Save=98.02ms
[2018.01.15-21.08.02:996][653]LogSavePackage: Moving 'W:/unreal/github/heartwired/Cyberwitch_Project/Saved/TEX_Haybale_NMB8AAA2714097E3BEC83842B44AF013E8.tmp' to 'W:/unreal/github/heartwired/Cyberwitch_Project/Content/Assets/Environment/Interactables/Materials/Textures/TEX_Haybale_NM.uasset'
[2018.01.15-21.08.03:062][653]LogSavePackage: Display: Finished SavePackage W:/unreal/github/heartwired/Cyberwitch_Project/Content/Assets/Environment/Interactables/Materials/Textures/TEX_Haybale_NM.uasset
[2018.01.15-21.08.23:334][721]LogSavePackage: Save=52.63ms
[2018.01.15-21.08.23:334][721]LogSavePackage: Moving 'W:/unreal/github/heartwired/Cyberwitch_Project/Saved/TEX_Haybale_Square_R8F4555AC4F7F4776978C40A9930BE1DF.tmp' to 'W:/unreal/github/heartwired/Cyberwitch_Project/Content/Assets/Environment/Interactables/Materials/Textures/TEX_Haybale_Square_R.uasset'
[2018.01.15-21.08.23:401][721]LogSavePackage: Display: Finished SavePackage W:/unreal/github/heartwired/Cyberwitch_Project/Content/Assets/Environment/Interactables/Materials/Textures/TEX_Haybale_Square_R.uasset
[2018.01.15-21.08.32:830][540]LogSavePackage: Save=123.94ms
[2018.01.15-21.08.32:830][540]LogSavePackage: Moving 'W:/unreal/github/heartwired/Cyberwitch_Project/Saved/TEX_Haybale_Square_D7D4FBDA94AD34312A00824920D7AC7C3.tmp' to 'W:/unreal/github/heartwired/Cyberwitch_Project/Content/Assets/Environment/Interactables/Materials/Textures/TEX_Haybale_Square_D.uasset'
[2018.01.15-21.08.32:906][540]LogSavePackage: Display: Finished SavePackage W:/unreal/github/heartwired/Cyberwitch_Project/Content/Assets/Environment/Interactables/Materials/Textures/TEX_Haybale_Square_D.uasset
[2018.01.15-21.08.41:975][305]LogSavePackage: Save=95.82ms
[2018.01.15-21.08.41:975][305]LogSavePackage: Moving 'W:/unreal/github/heartwired/Cyberwitch_Project/Saved/TEX_Haybale_Square_NM0F30D9C54FF21B8CB6DFB5889E086D97.tmp' to 'W:/unreal/github/heartwired/Cyberwitch_Project/Content/Assets/Environment/Interactables/Materials/Textures/TEX_Haybale_Square_NM.uasset'
[2018.01.15-21.08.42:041][305]LogSavePackage: Display: Finished SavePackage W:/unreal/github/heartwired/Cyberwitch_Project/Content/Assets/Environment/Interactables/Materials/Textures/TEX_Haybale_Square_NM.uasset
[2018.01.15-21.08.50:110][828]LogMaterial: Missing cached shader map for material Mat_HayBale, compiling. 
[2018.01.15-21.08.50:426][828]LogMaterial: Missing cached shader map for material Mat_HayBale, compiling. 
[2018.01.15-21.08.50:443][828]LogMaterial: Missing cached shader map for material Mat_HayBale, compiling. 
[2018.01.15-21.08.50:487][828]LogMaterial: Missing cached shader map for material FMatExpressionPreview MaterialExpressionTextureSample_6, compiling. 
[2018.01.15-21.08.50:492][828]LogMaterial: Missing cached shader map for material FMatExpressionPreview MaterialExpressionTextureSample_8, compiling. 
[2018.01.15-21.08.50:498][828]LogMaterial: Missing cached shader map for material FMatExpressionPreview MaterialExpressionTextureSample_7, compiling. 
[2018.01.15-21.08.51:455][879]MaterialEditorStats: Base pass shader: 89 instructions
[2018.01.15-21.08.51:455][879]MaterialEditorStats: Vertex shader: 31 instructions
[2018.01.15-21.08.51:455][879]MaterialEditorStats: Texture samplers: 6/16
[2018.01.15-21.08.51:455][879]MaterialEditorStats: User interpolators: 2/4 Scalars (1/4 Vectors) (TexCoords: 2, Custom: 0)
[2018.01.15-21.09.08:608][996]LogSavePackage: Save=75.12ms
[2018.01.15-21.09.08:608][996]LogSavePackage: Moving 'W:/unreal/github/heartwired/Cyberwitch_Project/Saved/Mat_HayBale_Square96E9C2174B47286375615D85D6FBBD53.tmp' to 'W:/unreal/github/heartwired/Cyberwitch_Project/Content/Assets/Environment/Interactables/Materials/Mat_HayBale_Square.uasset'
[2018.01.15-21.09.08:677][996]LogSavePackage: Display: Finished SavePackage W:/unreal/github/heartwired/Cyberwitch_Project/Content/Assets/Environment/Interactables/Materials/Mat_HayBale_Square.uasset
[2018.01.15-21.09.36:629][ 39]LogSavePackage: Save=106.95ms
[2018.01.15-21.09.36:629][ 39]LogSavePackage: Moving 'W:/unreal/github/heartwired/Cyberwitch_Project/Saved/MDL_Haybale_Square71910364448CAAD1B548BA965E7E03FA.tmp' to 'W:/unreal/github/heartwired/Cyberwitch_Project/Content/Assets/Environment/Interactables/Meshes/MDL_Haybale_Square.uasset'
[2018.01.15-21.09.36:692][ 39]LogSavePackage: Display: Finished SavePackage W:/unreal/github/heartwired/Cyberwitch_Project/Content/Assets/Environment/Interactables/Meshes/MDL_Haybale_Square.uasset
[2018.01.15-21.09.42:363][164]Cmd: OBJ SAVEPACKAGE PACKAGE="/Game/Levels/Tutorial" FILE="W:/unreal/github/heartwired/Cyberwitch_Project/Content/Levels/Tutorial.umap" SILENT=true AUTOSAVING=false KEEPDIRTY=false
[2018.01.15-21.09.48:579][164]LogSavePackage: Save=2154.62ms
[2018.01.15-21.09.48:580][164]LogSavePackage: Moving 'W:/unreal/github/heartwired/Cyberwitch_Project/Saved/Tutorial5D104F5D460594FD78E5A29854815E3A.tmp' to 'W:/unreal/github/heartwired/Cyberwitch_Project/Content/Levels/Tutorial.umap'
[2018.01.15-21.09.48:669][164]LogSavePackage: Display: Finished SavePackage W:/unreal/github/heartwired/Cyberwitch_Project/Content/Levels/Tutorial.umap
[2018.01.15-21.09.48:904][164]LogFileHelpers: Saving map 'Tutorial' took 7.886
[2018.01.15-21.12.32:290][898]LogMaterial: Missing cached shader map for material Mat_HayBale_Square, compiling. 
[2018.01.15-21.12.32:575][898]LogMaterial: Missing cached shader map for material Mat_HayBale_Square, compiling. 
[2018.01.15-21.12.32:596][898]LogMaterial: Missing cached shader map for material Mat_HayBale_Square, compiling. 
[2018.01.15-21.12.32:637][898]LogMaterial: Missing cached shader map for material FMatExpressionPreview MaterialExpressionTextureSample_6, compiling. 
[2018.01.15-21.12.32:642][898]LogMaterial: Missing cached shader map for material FMatExpressionPreview MaterialExpressionTextureSample_8, compiling. 
[2018.01.15-21.12.32:647][898]LogMaterial: Missing cached shader map for material FMatExpressionPreview MaterialExpressionTextureSample_7, compiling. 
[2018.01.15-21.12.33:630][952]MaterialEditorStats: Base pass shader: 89 instructions
[2018.01.15-21.12.33:630][952]MaterialEditorStats: Vertex shader: 31 instructions
[2018.01.15-21.12.33:630][952]MaterialEditorStats: Texture samplers: 6/16
[2018.01.15-21.12.33:630][952]MaterialEditorStats: User interpolators: 2/4 Scalars (1/4 Vectors) (TexCoords: 2, Custom: 0)
[2018.01.15-21.12.39:598][276]LogContentBrowser: Native class hierarchy updated for 'TextureEditor' in 0.0025 seconds. Added 1 classes and 2 folders.
[2018.01.15-21.13.34:978][750]LogEditorFactories: Performing atomic reimport of [W:/assets/Props/Haybale_Square/components/textures/TEX_Haybale_Square_D.png]
[2018.01.15-21.13.35:056][750]LogFactory: FactoryCreateFile: Texture2D with ReimportTextureFactory (0 0 W:/assets/Props/Haybale_Square/components/textures/TEX_Haybale_Square_D.png)
[2018.01.15-21.13.35:220][750]LogTexture: Display: Building textures: TEX_Haybale_Square_D (BGRA8, 2048X2048)
[2018.01.15-21.13.36:247][750]LogTexture: Display: Building textures: TEX_Haybale_Square_D (BGRA8, 2048X2048)
[2018.01.15-21.13.36:977][750]LogEditorFactories: -- imported successfully
[2018.01.15-21.13.43:826][862]LogTexture: Display: Building textures: TEX_Haybale_Square_D (AutoDXT, 2048X2048)
[2018.01.15-21.13.45:172][862]LogSavePackage: Save=1362.68ms
[2018.01.15-21.13.45:172][862]LogSavePackage: Moving 'W:/unreal/github/heartwired/Cyberwitch_Project/Saved/TEX_Haybale_Square_D1C6106A141668AC056114C807495AC6C.tmp' to 'W:/unreal/github/heartwired/Cyberwitch_Project/Content/Assets/Environment/Interactables/Materials/Textures/TEX_Haybale_Square_D.uasset'
[2018.01.15-21.13.45:268][862]LogSavePackage: Display: Finished SavePackage W:/unreal/github/heartwired/Cyberwitch_Project/Content/Assets/Environment/Interactables/Materials/Textures/TEX_Haybale_Square_D.uasset
[2018.01.15-21.14.04:445][ 31]LogEditorFactories: Performing atomic reimport of [W:/assets/Props/Haybale_Square/components/textures/TEX_Haybale_Square_NM.png]
[2018.01.15-21.14.04:493][ 31]LogFactory: FactoryCreateFile: Texture2D with ReimportTextureFactory (0 0 W:/assets/Props/Haybale_Square/components/textures/TEX_Haybale_Square_NM.png)
[2018.01.15-21.14.04:637][ 31]LogTexture: Display: Building textures: TEX_Haybale_Square_NM (BGRA8, 2048X2048)
[2018.01.15-21.14.05:374][ 31]LogTexture: Display: Building textures: TEX_Haybale_Square_NM (BGRA8, 2048X2048)
[2018.01.15-21.14.05:887][ 31]LogEditorFactories: -- imported successfully
[2018.01.15-21.14.13:715][224]LogTexture: Display: Building textures: TEX_Haybale_Square_NM (BC5, 2048X2048)
[2018.01.15-21.14.14:603][224]LogSavePackage: Save=904.37ms
[2018.01.15-21.14.14:603][224]LogSavePackage: Moving 'W:/unreal/github/heartwired/Cyberwitch_Project/Saved/TEX_Haybale_Square_NM9BFCC9534A877FFA02965AB6BE507E2E.tmp' to 'W:/unreal/github/heartwired/Cyberwitch_Project/Content/Assets/Environment/Interactables/Materials/Textures/TEX_Haybale_Square_NM.uasset'
[2018.01.15-21.14.14:700][224]LogSavePackage: Display: Finished SavePackage W:/unreal/github/heartwired/Cyberwitch_Project/Content/Assets/Environment/Interactables/Materials/Textures/TEX_Haybale_Square_NM.uasset
[2018.01.15-21.14.31:010][921]LogEditorFactories: Performing atomic reimport of [W:/assets/Props/Haybale_Square/components/textures/TEX_Haybale_Square_R.png]
[2018.01.15-21.14.31:022][921]LogFactory: FactoryCreateFile: Texture2D with ReimportTextureFactory (0 0 W:/assets/Props/Haybale_Square/components/textures/TEX_Haybale_Square_R.png)
[2018.01.15-21.14.31:046][921]LogTexture: Display: Building textures: TEX_Haybale_Square_R (BGRA8, 2048X2048)
[2018.01.15-21.14.31:859][921]LogTexture: Display: Building textures: TEX_Haybale_Square_R (BGRA8, 2048X2048)
[2018.01.15-21.14.32:607][921]LogEditorFactories: -- imported successfully
[2018.01.15-21.14.38:195][  0]LogTexture: Display: Building textures: TEX_Haybale_Square_R (AutoDXT, 2048X2048)
[2018.01.15-21.14.38:984][  0]LogSavePackage: Save=794.46ms
[2018.01.15-21.14.38:984][  0]LogSavePackage: Moving 'W:/unreal/github/heartwired/Cyberwitch_Project/Saved/TEX_Haybale_Square_R44531E4645054A6CBDDE26A4BF8C42FD.tmp' to 'W:/unreal/github/heartwired/Cyberwitch_Project/Content/Assets/Environment/Interactables/Materials/Textures/TEX_Haybale_Square_R.uasset'
[2018.01.15-21.14.39:078][  0]LogSavePackage: Display: Finished SavePackage W:/unreal/github/heartwired/Cyberwitch_Project/Content/Assets/Environment/Interactables/Materials/Textures/TEX_Haybale_Square_R.uasset
[2018.01.15-21.15.32:087][598]LogEditorFactories: Performing atomic reimport of [W:/assets/Props/Haybale_Square/components/model/unreal/MDL_Haybale_Square.fbx]
[2018.01.15-21.15.32:232][598]LogFbx: Loading FBX Scene from W:/assets/Props/Haybale_Square/components/model/unreal/MDL_Haybale_Square.fbx
[2018.01.15-21.15.32:242][598]LogFbx: FBX Scene Loaded Succesfully
[2018.01.15-21.15.32:314][598]LogStaticMesh: Building static mesh MDL_Haybale_Square...
[2018.01.15-21.15.32:338][598]LogStaticMesh: Built static mesh [0.02s] /Game/Assets/Environment/Interactables/Meshes/MDL_Haybale_Square.MDL_Haybale_Square
[2018.01.15-21.15.32:354][598]LogEditorFactories: -- imported successfully
[2018.01.15-21.15.39:249][784]LogSavePackage: Save=106.22ms
[2018.01.15-21.15.39:249][784]LogSavePackage: Moving 'W:/unreal/github/heartwired/Cyberwitch_Project/Saved/MDL_Haybale_Square328A1F034E0924A2B6AE48828D0D6E42.tmp' to 'W:/unreal/github/heartwired/Cyberwitch_Project/Content/Assets/Environment/Interactables/Meshes/MDL_Haybale_Square.uasset'
[2018.01.15-21.15.39:341][784]LogSavePackage: Display: Finished SavePackage W:/unreal/github/heartwired/Cyberwitch_Project/Content/Assets/Environment/Interactables/Meshes/MDL_Haybale_Square.uasset
[2018.01.15-21.17.50:810][497]Cmd: OBJ SAVEPACKAGE PACKAGE="/Game/Levels/Tutorial" FILE="W:/unreal/github/heartwired/Cyberwitch_Project/Content/Levels/Tutorial.umap" SILENT=true AUTOSAVING=false KEEPDIRTY=false
[2018.01.15-21.17.56:956][497]LogSavePackage: Save=2159.17ms
[2018.01.15-21.17.56:956][497]LogSavePackage: Moving 'W:/unreal/github/heartwired/Cyberwitch_Project/Saved/TutorialE1A8F0F64F463627A55DE8867BBDF62D.tmp' to 'W:/unreal/github/heartwired/Cyberwitch_Project/Content/Levels/Tutorial.umap'
[2018.01.15-21.17.57:039][497]LogSavePackage: Display: Finished SavePackage W:/unreal/github/heartwired/Cyberwitch_Project/Content/Levels/Tutorial.umap
[2018.01.15-21.17.57:277][497]LogFileHelpers: Saving map 'Tutorial' took 7.795
[2018.01.15-21.52.34:222][766]LogEditorViewport: Clicking on Actor (LMB): StealthZone_C (StealthZone)
[2018.01.15-21.52.44:797][973]LogEditorViewport: Clicking on Actor (LMB): SkeletalMeshActor (RIG_TreasureBox)
[2018.01.15-21.52.45:181][  6]Cmd: CAMERA ALIGN ACTIVEVIEWPORTONLY
[2018.01.15-21.52.50:309][591]LogEditorViewport: Clicking on Actor (LMB): TutorialNextLevel_C (TutorialNextLevel)
[2018.01.15-21.52.52:025][788]LogEditorViewport: Clicking on Actor (context menu): TutorialNextLevel_C (TutorialNextLevel)
[2018.01.15-21.52.56:491][278]Cmd: ACTOR HIDE SELECTED
[2018.01.15-21.54.53:732][572]LogEditorViewport: Clicking on Actor (LMB): PaperSpriteActor (Background_Middle_Sprite2)
[2018.01.15-21.55.05:701][904]LogEditorViewport: Clicking on Actor (LMB): StaticMeshActor (Floor6)
[2018.01.15-21.55.05:878][912]Cmd: CAMERA ALIGN ACTIVEVIEWPORTONLY
[2018.01.15-21.55.20:481][347]Cmd: MAP LOAD FILE="W:/unreal/github/heartwired/Cyberwitch_Project/Content/Levels/Level_One.umap" TEMPLATE=0 SHOWPROGRESS=1 FEATURELEVEL=3
[2018.01.15-21.55.20:519][347]LightingResults: New page: Lighting Build
[2018.01.15-21.55.20:519][347]LoadErrors: New page: Loading map: Level_One.umap
[2018.01.15-21.55.20:525][347]MapCheck: New page: Map Check
[2018.01.15-21.55.20:526][347]LightingResults: New page: Lighting Build
[2018.01.15-21.55.21:570][347]LogAIModule: Creating AISystem for world Level_One
[2018.01.15-21.55.21:646][347]LogEditorServer: Finished looking for orphan Actors (0.000 secs)
[2018.01.15-21.55.21:977][347]Cmd: MAP CHECKDEP NOCLEARLOG
[2018.01.15-21.55.23:290][347]MapCheck: Map check complete: 0 Error(s), 0 Warning(s), took 1,311.949ms to complete.
[2018.01.15-21.55.23:290][347]LogFileHelpers: Loading map 'Level_One' took 2.811
[2018.01.15-21.55.26:070][675]LogEditorViewport: Clicking on Actor (LMB): BearBreakable_C (BearBreakable)
[2018.01.15-21.55.26:951][772]Cmd: CAMERA ALIGN ACTIVEVIEWPORTONLY
[2018.01.15-21.55.27:764][855]LogEditorViewport: Clicking on Actor (LMB): PaperSpriteActor (Background_Front_Sprite2)
[2018.01.15-21.55.32:720][401]LogEditorViewport: Clicking on Actor (LMB): BearBreakable_C (BearBreakable)
[2018.01.15-21.55.38:180][ 25]LogEditorViewport: Clicking on Actor (LMB): BP_Sky_Sphere_C (Sky Sphere)
[2018.01.15-21.55.48:731][192]LogEditorViewport: Clicking on Actor (LMB): BearBreakable_C (BearBreakable)
[2018.01.15-21.57.53:642][648]LogEditorViewport: Clicking on Actor (LMB): PaperSpriteActor (Background_Front_Sprite)
[2018.01.15-22.00.37:472][897]LogEditorViewport: Clicking on Actor (LMB): PaperSpriteActor (Background_Front_Sprite2)
[2018.01.15-22.00.39:175][ 68]LogEditorViewport: Clicking on Actor (LMB): PigEnemy_C (PigEnemy)
[2018.01.15-22.00.39:639][102]Cmd: CAMERA ALIGN ACTIVEVIEWPORTONLY
[2018.01.15-22.02.48:449][857]LogEditorViewport: Clicking on Actor (LMB): PigEnemy_C (PigEnemy)
[2018.01.15-22.02.53:399][311]LogEditorViewport: Clicking on Actor (LMB): BearBreakable_C (BearBreakable2)
[2018.01.15-22.02.53:883][361]Cmd: CAMERA ALIGN ACTIVEVIEWPORTONLY
[2018.01.15-22.03.15:760][945]LogEditorViewport: Clicking on Actor (LMB): BearBreakable_C (BearBreakable2)
[2018.01.15-22.05.20:968][482]Cmd: OBJ SAVEPACKAGE PACKAGE="/Game/Levels/Level_One" FILE="W:/unreal/github/heartwired/Cyberwitch_Project/Saved/Autosaves/Game/Levels/Level_One_Auto1.umap" SILENT=true AUTOSAVING=true KEEPDIRTY=false
[2018.01.15-22.05.27:342][482]LogSavePackage: Save=2378.08ms
[2018.01.15-22.05.27:342][482]LogSavePackage: Moving 'W:/unreal/github/heartwired/Cyberwitch_Project/Saved/Level_One_Auto1DAED36804CD3545498BCEEAC059E4620.tmp' to 'W:/unreal/github/heartwired/Cyberwitch_Project/Saved/Autosaves/Game/Levels/Level_One_Auto1.umap'
[2018.01.15-22.05.27:408][482]LogSavePackage: Display: Finished SavePackage W:/unreal/github/heartwired/Cyberwitch_Project/Saved/Autosaves/Game/Levels/Level_One_Auto1.umap
[2018.01.15-22.05.27:424][482]LogFileHelpers: Editor autosave (incl. sublevels) for '/Game/Levels/Level_One' took 6.533
[2018.01.15-22.05.27:424][482]LogFileHelpers: Editor autosave (incl. sublevels) for all levels took 6.533
[2018.01.15-22.11.53:650][765]LogEditorViewport: Clicking on Actor (LMB): BearBreakable_C (BearBreakable2)
[2018.01.15-22.17.49:945][675]LogEditorViewport: Clicking on Actor (LMB): Talia_C (Talia)
[2018.01.15-22.17.51:589][789]Cmd: CAMERA ALIGN ACTIVEVIEWPORTONLY
[2018.01.15-22.17.53:157][925]Cmd: CAMERA ALIGN ACTIVEVIEWPORTONLY
[2018.01.15-22.18.07:437][244]LogEditorViewport: Clicking on Actor (LMB): PaperSpriteActor (Background_Front_Sprite)
[2018.01.15-22.18.16:395][302]LogEditorViewport: Clicking on Actor (LMB): Talia_C (Talia)
[2018.01.15-22.35.03:784][764]Cmd: QUIT_EDITOR
[2018.01.15-22.35.03:821][764]LogWindowsTextInputMethodSystem: Display: IME system now deactivated.
[2018.01.15-22.35.03:844][764]LogExit: Preparing to exit.
[2018.01.15-22.35.05:128][764]LogExit: Editor shut down
[2018.01.15-22.35.05:140][764]LogExit: Transaction tracking system shut down
[2018.01.15-22.35.05:892][764]LogDirectoryWatcher: A directory notification for '../../../Engine/Content/' was aborted.
[2018.01.15-22.35.05:892][764]LogDirectoryWatcher: A directory notification for '../../../Engine/Plugins/2D/Paper2D/Content/' was aborted.
[2018.01.15-22.35.05:892][764]LogDirectoryWatcher: A directory notification for '../../../Engine/Plugins/Runtime/Oculus/OculusVR/Content/' was aborted.
[2018.01.15-22.35.05:892][764]LogDirectoryWatcher: A directory notification for '../../../Engine/Plugins/Runtime/Steam/SteamVR/Content/' was aborted.
[2018.01.15-22.35.05:983][764]LogExit: Object subsystem successfully closed.
[2018.01.15-22.35.06:031][764]LogD3D11RHI: Shutdown
[2018.01.15-22.35.06:031][764]LogD3D11RHI: CleanupD3DDevice
[2018.01.15-22.35.06:195][764]LogD3D11RHI: ~FD3D11DynamicRHI
[2018.01.15-22.35.06:219][764]LogModuleManager: Shutting down and abandoning module TextureEditor (544)
[2018.01.15-22.35.06:219][764]LogModuleManager: Shutting down and abandoning module HierarchicalLODUtilities (542)
[2018.01.15-22.35.06:219][764]LogModuleManager: Shutting down and abandoning module StaticMeshEditor (540)
[2018.01.15-22.35.06:219][764]LogModuleManager: Shutting down and abandoning module MaterialEditor (538)
[2018.01.15-22.35.06:219][764]LogModuleManager: Shutting down and abandoning module HierarchicalLODOutliner (536)
[2018.01.15-22.35.06:219][764]LogModuleManager: Shutting down and abandoning module SceneOutliner (534)
[2018.01.15-22.35.06:219][764]LogModuleManager: Shutting down and abandoning module AddContentDialog (532)
[2018.01.15-22.35.06:219][764]LogDirectoryWatcher: A directory notification for 'E:/Program Files/Epic Games/UE_4.17/FeaturePacks/' was aborted.
[2018.01.15-22.35.06:221][764]LogModuleManager: Shutting down and abandoning module WidgetCarousel (531)
[2018.01.15-22.35.06:221][764]LogModuleManager: Shutting down and abandoning module EditorWidgets (528)
[2018.01.15-22.35.06:221][764]LogModuleManager: Shutting down and abandoning module CollectionManager (526)
[2018.01.15-22.35.06:221][764]LogModuleManager: Shutting down and abandoning module StatsViewer (524)
[2018.01.15-22.35.06:221][764]LogModuleManager: Shutting down and abandoning module FoliageEdit (522)
[2018.01.15-22.35.06:221][764]LogModuleManager: Shutting down and abandoning module LandscapeEditor (520)
[2018.01.15-22.35.06:221][764]LogModuleManager: Shutting down and abandoning module MeshPaintMode (518)
[2018.01.15-22.35.06:221][764]LogModuleManager: Shutting down and abandoning module SceneDepthPickerMode (516)
[2018.01.15-22.35.06:221][764]LogModuleManager: Shutting down and abandoning module ActorPickerMode (514)
[2018.01.15-22.35.06:221][764]LogModuleManager: Shutting down and abandoning module GeometryMode (512)
[2018.01.15-22.35.06:221][764]LogModuleManager: Shutting down and abandoning module TextureAlignMode (510)
[2018.01.15-22.35.06:221][764]LogModuleManager: Shutting down and abandoning module BspMode (508)
[2018.01.15-22.35.06:221][764]LogModuleManager: Shutting down and abandoning module PIEPreviewDeviceProfileSelector (506)
[2018.01.15-22.35.06:221][764]LogModuleManager: Shutting down and abandoning module HardwareSurvey (504)
[2018.01.15-22.35.06:221][764]LogModuleManager: Shutting down and abandoning module SequenceRecorderSections (502)
[2018.01.15-22.35.06:221][764]LogModuleManager: Shutting down and abandoning module AutomationWorker (500)
[2018.01.15-22.35.06:221][764]LogModuleManager: Shutting down and abandoning module MatineeToLevelSequence (498)
[2018.01.15-22.35.06:221][764]LogModuleManager: Shutting down and abandoning module LevelSequenceEditor (496)
[2018.01.15-22.35.06:221][764]LogModuleManager: Shutting down and abandoning module PlacementMode (495)
[2018.01.15-22.35.06:221][764]LogModuleManager: Shutting down and abandoning module WmfMediaFactory (492)
[2018.01.15-22.35.06:221][764]LogModuleManager: Shutting down and abandoning module WmfMediaEditor (490)
[2018.01.15-22.35.06:222][764]LogModuleManager: Shutting down and abandoning module AvfMediaFactory (488)
[2018.01.15-22.35.06:222][764]LogModuleManager: Shutting down and abandoning module AvfMediaEditor (486)
[2018.01.15-22.35.06:222][764]LogModuleManager: Shutting down and abandoning module AndroidMediaFactory (484)
[2018.01.15-22.35.06:222][764]LogModuleManager: Shutting down and abandoning module Media (483)
[2018.01.15-22.35.06:222][764]LogModuleManager: Shutting down and abandoning module AndroidMediaEditor (480)
[2018.01.15-22.35.06:222][764]LogModuleManager: Shutting down and abandoning module CharacterAI (478)
[2018.01.15-22.35.06:222][764]LogModuleManager: Shutting down and abandoning module AudioCapture (476)
[2018.01.15-22.35.06:222][764]LogModuleManager: Shutting down and abandoning module SequenceRecorder (475)
[2018.01.15-22.35.06:222][764]LogModuleManager: Shutting down and abandoning module SmartSnapping (472)
[2018.01.15-22.35.06:222][764]LogModuleManager: Shutting down and abandoning module SessionServices (470)
[2018.01.15-22.35.06:222][764]LogModuleManager: Shutting down and abandoning module ViewportSnapping (468)
[2018.01.15-22.35.06:222][764]LogModuleManager: Shutting down and abandoning module ViewportInteraction (466)
[2018.01.15-22.35.06:222][764]LogModuleManager: Shutting down and abandoning module ClothPainter (464)
[2018.01.15-22.35.06:222][764]LogModuleManager: Shutting down and abandoning module LogVisualizer (462)
[2018.01.15-22.35.06:222][764]LogModuleManager: Shutting down and abandoning module IntroTutorials (460)
[2018.01.15-22.35.06:222][764]LogModuleManager: Shutting down and abandoning module GameProjectGeneration (459)
[2018.01.15-22.35.06:222][764]LogModuleManager: Shutting down and abandoning module IOSPlatformEditor (456)
[2018.01.15-22.35.06:222][764]LogModuleManager: Shutting down and abandoning module HTML5PlatformEditor (454)
[2018.01.15-22.35.06:222][764]LogModuleManager: Shutting down and abandoning module AndroidPlatformEditor (452)
[2018.01.15-22.35.06:222][764]LogModuleManager: Shutting down and abandoning module AndroidDeviceDetection (451)
[2018.01.15-22.35.07:059][764]LogModuleManager: Shutting down and abandoning module WindowsPlatformEditor (448)
[2018.01.15-22.35.07:059][764]LogModuleManager: Shutting down and abandoning module IOSRuntimeSettings (446)
[2018.01.15-22.35.07:059][764]LogModuleManager: Shutting down and abandoning module AndroidRuntimeSettings (444)
[2018.01.15-22.35.07:060][764]LogModuleManager: Shutting down and abandoning module InputBindingEditor (442)
[2018.01.15-22.35.07:060][764]LogModuleManager: Shutting down and abandoning module MergeActors (440)
[2018.01.15-22.35.07:060][764]LogModuleManager: Shutting down and abandoning module SizeMap (438)
[2018.01.15-22.35.07:060][764]LogModuleManager: Shutting down and abandoning module TreeMap (436)
[2018.01.15-22.35.07:060][764]LogModuleManager: Shutting down and abandoning module ReferenceViewer (434)
[2018.01.15-22.35.07:060][764]LogModuleManager: Shutting down and abandoning module LocalizationDashboard (432)
[2018.01.15-22.35.07:060][764]LogModuleManager: Shutting down and abandoning module LocalizationService (431)
[2018.01.15-22.35.07:060][764]LogModuleManager: Shutting down and abandoning module HardwareTargeting (428)
[2018.01.15-22.35.07:060][764]LogModuleManager: Shutting down and abandoning module DeviceProfileEditor (426)
[2018.01.15-22.35.07:060][764]LogModuleManager: Shutting down and abandoning module UndoHistory (424)
[2018.01.15-22.35.07:060][764]LogModuleManager: Shutting down and abandoning module XmlParser (422)
[2018.01.15-22.35.07:060][764]LogModuleManager: Shutting down and abandoning module Blutility (420)
[2018.01.15-22.35.07:060][764]LogModuleManager: Shutting down and abandoning module ProjectSettingsViewer (418)
[2018.01.15-22.35.07:060][764]LogModuleManager: Shutting down and abandoning module ProjectTargetPlatformEditor (417)
[2018.01.15-22.35.07:060][764]LogModuleManager: Shutting down and abandoning module EditorSettingsViewer (414)
[2018.01.15-22.35.07:060][764]LogModuleManager: Shutting down and abandoning module SettingsEditor (412)
[2018.01.15-22.35.07:060][764]LogModuleManager: Shutting down and abandoning module ProjectLauncher (410)
[2018.01.15-22.35.07:060][764]LogModuleManager: Shutting down and abandoning module SessionFrontend (408)
[2018.01.15-22.35.07:060][764]LogModuleManager: Shutting down and abandoning module ProfilerClient (406)
[2018.01.15-22.35.07:060][764]LogModuleManager: Shutting down and abandoning module DeviceManager (404)
[2018.01.15-22.35.07:060][764]LogModuleManager: Shutting down and abandoning module TargetDeviceServices (403)
[2018.01.15-22.35.07:115][764]LogModuleManager: Shutting down and abandoning module AutomationController (400)
[2018.01.15-22.35.07:115][764]LogModuleManager: Shutting down and abandoning module AutomationWindow (398)
[2018.01.15-22.35.07:115][764]LogModuleManager: Shutting down and abandoning module Layers (396)
[2018.01.15-22.35.07:115][764]LogModuleManager: Shutting down and abandoning module ComponentVisualizers (394)
[2018.01.15-22.35.07:115][764]LogModuleManager: Shutting down and abandoning module DetailCustomizations (392)
[2018.01.15-22.35.07:115][764]LogModuleManager: Shutting down and abandoning module PackagesDialog (390)
[2018.01.15-22.35.07:115][764]LogModuleManager: Shutting down and abandoning module Persona (388)
[2018.01.15-22.35.07:115][764]LogModuleManager: Shutting down and abandoning module AdvancedPreviewScene (387)
[2018.01.15-22.35.07:115][764]LogModuleManager: Shutting down and abandoning module AnimGraph (385)
[2018.01.15-22.35.07:116][764]LogModuleManager: Shutting down and abandoning module Kismet (382)
[2018.01.15-22.35.07:121][764]LogModuleManager: Shutting down and abandoning module ClassViewer (380)
[2018.01.15-22.35.07:121][764]LogModuleManager: Shutting down and abandoning module Toolbox (378)
[2018.01.15-22.35.07:121][764]LogModuleManager: Shutting down and abandoning module ModuleUI (376)
[2018.01.15-22.35.07:121][764]LogModuleManager: Shutting down and abandoning module MovieSceneTools (374)
[2018.01.15-22.35.07:121][764]LogModuleManager: Shutting down and abandoning module OutputLog (372)
[2018.01.15-22.35.07:121][764]LogModuleManager: Shutting down and abandoning module GammaUI (370)
[2018.01.15-22.35.07:121][764]LogModuleManager: Shutting down and abandoning module Documentation (368)
[2018.01.15-22.35.07:121][764]LogModuleManager: Shutting down and abandoning module MovieSceneTracks (366)
[2018.01.15-22.35.07:121][764]LogModuleManager: Shutting down and abandoning module MovieScene (364)
[2018.01.15-22.35.07:121][764]LogModuleManager: Shutting down and abandoning module Niagara (362)
[2018.01.15-22.35.07:121][764]LogModuleManager: Shutting down and abandoning module NiagaraEditor (361)
[2018.01.15-22.35.07:121][764]LogModuleManager: Shutting down and abandoning module StreamingPauseRendering (358)
[2018.01.15-22.35.07:121][764]LogModuleManager: Shutting down and abandoning module LauncherPlatform (356)
[2018.01.15-22.35.07:121][764]LogModuleManager: Shutting down and abandoning module AnalyticsET (354)
[2018.01.15-22.35.07:121][764]LogModuleManager: Shutting down and abandoning module PortalServices (352)
[2018.01.15-22.35.07:121][764]LogModuleManager: Shutting down and abandoning module PortalRpc (350)
[2018.01.15-22.35.07:121][764]LogModuleManager: Shutting down and abandoning module MessagingRpc (348)
[2018.01.15-22.35.07:121][764]LogModuleManager: Shutting down and abandoning module AIModule (346)
[2018.01.15-22.35.07:121][764]LogModuleManager: Shutting down and abandoning module GameplayDebugger (345)
[2018.01.15-22.35.07:121][764]LogModuleManager: Shutting down and abandoning module AITestSuite (343)
[2018.01.15-22.35.07:121][764]LogModuleManager: Shutting down and abandoning module ProfilerService (340)
[2018.01.15-22.35.07:353][764]LogModuleManager: Shutting down and abandoning module TaskGraph (338)
[2018.01.15-22.35.07:353][764]LogModuleManager: Shutting down and abandoning module PythonEditor (336)
[2018.01.15-22.35.07:353][764]LogModuleManager: Shutting down and abandoning module PythonConsole (334)
[2018.01.15-22.35.07:353][764]LogModuleManager: Shutting down and abandoning module UnrealEnginePython (332)
[2018.01.15-22.35.07:353][764]LogPython: Goodbye Python
[2018.01.15-22.35.07:357][764]LogModuleManager: Shutting down and abandoning module SteamVRController (330)
[2018.01.15-22.35.07:357][764]LogModuleManager: Shutting down and abandoning module ProceduralMeshComponentEditor (328)
[2018.01.15-22.35.07:357][764]LogModuleManager: Shutting down and abandoning module ProceduralMeshComponent (326)
[2018.01.15-22.35.07:357][764]LogModuleManager: Shutting down and abandoning module OculusInput (324)
[2018.01.15-22.35.07:357][764]LogModuleManager: Shutting down and abandoning module MobilePatchingUtils (322)
[2018.01.15-22.35.07:357][764]LogModuleManager: Shutting down and abandoning module CustomMeshComponent (320)
[2018.01.15-22.35.07:357][764]LogModuleManager: Shutting down and abandoning module CableComponent (318)
[2018.01.15-22.35.07:357][764]LogModuleManager: Shutting down and abandoning module ArchVisCharacter (316)
[2018.01.15-22.35.07:357][764]LogModuleManager: Shutting down and abandoning module AndroidPermission (314)
[2018.01.15-22.35.07:357][764]LogModuleManager: Shutting down and abandoning module MediaPlayerEditor (310)
[2018.01.15-22.35.07:357][764]LogModuleManager: Shutting down and abandoning module HTML5Networking (308)
[2018.01.15-22.35.07:357][764]LogModuleManager: Shutting down and abandoning module AlembicImporter (306)
[2018.01.15-22.35.07:357][764]LogModuleManager: Shutting down and abandoning module AlembicLibrary (305)
[2018.01.15-22.35.07:357][764]LogModuleManager: Shutting down and abandoning module GeometryCache (304)
[2018.01.15-22.35.07:357][764]LogModuleManager: Shutting down and abandoning module GeometryCacheEd (303)
[2018.01.15-22.35.07:357][764]LogModuleManager: Shutting down and abandoning module SpeedTreeImporter (298)
[2018.01.15-22.35.07:357][764]LogModuleManager: Shutting down and abandoning module PluginBrowser (296)
[2018.01.15-22.35.07:357][764]LogModuleManager: Shutting down and abandoning module MobileLauncherProfileWizard (294)
[2018.01.15-22.35.07:357][764]LogModuleManager: Shutting down and abandoning module VisualStudioSourceCodeAccess (292)
[2018.01.15-22.35.07:357][764]LogModuleManager: Shutting down and abandoning module DesktopPlatform (291)
[2018.01.15-22.35.07:357][764]LogModuleManager: Shutting down and abandoning module UObjectPlugin (288)
[2018.01.15-22.35.07:357][764]LogModuleManager: Shutting down and abandoning module SubversionSourceControl (286)
[2018.01.15-22.35.07:357][764]LogModuleManager: Shutting down and abandoning module PerforceSourceControl (284)
[2018.01.15-22.35.07:358][764]LogModuleManager: Shutting down and abandoning module GitSourceControl (282)
[2018.01.15-22.35.07:358][764]LogModuleManager: Shutting down and abandoning module SourceControl (281)
[2018.01.15-22.35.07:358][764]LogModuleManager: Shutting down and abandoning module LightPropagationVolumeEditor (278)
[2018.01.15-22.35.07:358][764]LogModuleManager: Shutting down and abandoning module PaperTiledImporter (276)
[2018.01.15-22.35.07:358][764]LogModuleManager: Shutting down and abandoning module PaperSpriteSheetImporter (274)
[2018.01.15-22.35.07:358][764]LogModuleManager: Shutting down and abandoning module Paper2DEditor (272)
[2018.01.15-22.35.07:358][764]LogModuleManager: Shutting down and abandoning module MeshPaint (271)
[2018.01.15-22.35.07:358][764]LogModuleManager: Shutting down and abandoning module LevelEditor (269)
[2018.01.15-22.35.07:358][764]LogModuleManager: Shutting down and abandoning module PixelInspectorModule (268)
[2018.01.15-22.35.07:358][764]LogModuleManager: Shutting down and abandoning module MainFrame (266)
[2018.01.15-22.35.07:358][764]LogModuleManager: Shutting down and abandoning module HotReload (265)
[2018.01.15-22.35.07:359][764]LogModuleManager: Shutting down and abandoning module RuntimePhysXCooking (260)
[2018.01.15-22.35.07:359][764]LogModuleManager: Shutting down and abandoning module PhysXVehiclesEditor (258)
[2018.01.15-22.35.07:359][764]LogModuleManager: Shutting down and abandoning module PhysXVehicles (256)
[2018.01.15-22.35.07:359][764]LogModuleManager: Shutting down and abandoning module OculusEditor (254)
[2018.01.15-22.35.07:359][764]LogModuleManager: Shutting down and abandoning module LocationServicesBPLibrary (252)
[2018.01.15-22.35.07:359][764]LogModuleManager: Shutting down and abandoning module ImmediatePhysicsEditor (250)
[2018.01.15-22.35.07:359][764]LogModuleManager: Shutting down and abandoning module ImmediatePhysics (248)
[2018.01.15-22.35.07:359][764]LogModuleManager: Shutting down and abandoning module UdpMessaging (246)
[2018.01.15-22.35.07:459][764]LogModuleManager: Shutting down and abandoning module TcpMessaging (244)
[2018.01.15-22.35.07:560][764]LogModuleManager: Shutting down and abandoning module GameplayTagsEditor (242)
[2018.01.15-22.35.07:560][764]LogModuleManager: Shutting down and abandoning module FacialAnimationEditor (240)
[2018.01.15-22.35.07:560][764]LogModuleManager: Shutting down and abandoning module FacialAnimation (238)
[2018.01.15-22.35.07:560][764]LogModuleManager: Shutting down and abandoning module AssetManagerEditor (236)
[2018.01.15-22.35.07:560][764]LogModuleManager: Shutting down and abandoning module GraphEditor (235)
[2018.01.15-22.35.07:560][764]LogModuleManager: Shutting down and abandoning module ContentBrowser (233)
[2018.01.15-22.35.07:562][764]LogModuleManager: Shutting down and abandoning module LightPropagationVolumeRuntime (230)
[2018.01.15-22.35.07:562][764]LogModuleManager: Shutting down and abandoning module Paper2D (228)
[2018.01.15-22.35.07:562][764]LogModuleManager: Shutting down and abandoning module WindowsMoviePlayer (226)
[2018.01.15-22.35.07:562][764]LogModuleManager: Shutting down and abandoning module WmfMedia (224)
[2018.01.15-22.35.07:562][764]LogModuleManager: Shutting down and abandoning module PacketHandler (222)
[2018.01.15-22.35.07:562][764]LogModuleManager: Shutting down and abandoning module ClothingSystemEditor (220)
[2018.01.15-22.35.07:562][764]LogModuleManager: Shutting down and abandoning module ClothingSystemRuntime (218)
[2018.01.15-22.35.07:562][764]LogModuleManager: Shutting down and abandoning module Overlay (216)
[2018.01.15-22.35.07:562][764]LogModuleManager: Shutting down and abandoning module OverlayEditor (215)
[2018.01.15-22.35.07:562][764]LogModuleManager: Shutting down and abandoning module MediaAssets (212)
[2018.01.15-22.35.07:562][764]LogModuleManager: Shutting down and abandoning module VREditor (210)
[2018.01.15-22.35.07:562][764]LogModuleManager: Shutting down and abandoning module StringTableEditor (208)
[2018.01.15-22.35.07:562][764]LogModuleManager: Shutting down and abandoning module GameplayTasksEditor (206)
[2018.01.15-22.35.07:562][764]LogModuleManager: Shutting down and abandoning module BehaviorTreeEditor (204)
[2018.01.15-22.35.07:562][764]LogModuleManager: Shutting down and abandoning module FunctionalTesting (202)
[2018.01.15-22.35.07:562][764]LogModuleManager: Shutting down and abandoning module CollisionAnalyzer (200)
[2018.01.15-22.35.07:562][764]LogModuleManager: Shutting down and abandoning module WorkspaceMenuStructure (199)
[2018.01.15-22.35.07:562][764]LogModuleManager: Shutting down and abandoning module UMG (196)
[2018.01.15-22.35.07:562][764]LogModuleManager: Shutting down and abandoning module UMGEditor (195)
[2018.01.15-22.35.07:562][764]LogModuleManager: Shutting down and abandoning module Sequencer (194)
[2018.01.15-22.35.07:562][764]LogModuleManager: Shutting down and abandoning module MessageLog (191)
[2018.01.15-22.35.07:562][764]LogModuleManager: Shutting down and abandoning module SlateReflector (186)
[2018.01.15-22.35.07:563][764]LogModuleManager: Shutting down and abandoning module Slate (184)
[2018.01.15-22.35.07:563][764]LogModuleManager: Shutting down and abandoning module EditorStyle (182)
[2018.01.15-22.35.07:565][764]LogModuleManager: Shutting down and abandoning module MRMesh (180)
[2018.01.15-22.35.07:565][764]LogModuleManager: Shutting down and abandoning module SourceCodeAccess (178)
[2018.01.15-22.35.07:565][764]LogModuleManager: Shutting down and abandoning module HeadMountedDisplay (176)
[2018.01.15-22.35.07:565][764]LogModuleManager: Shutting down and abandoning module XAudio2 (174)
[2018.01.15-22.35.07:565][764]LogModuleManager: Shutting down and abandoning module Networking (172)
[2018.01.15-22.35.07:565][764]LogModuleManager: Shutting down and abandoning module Core (168)
[2018.01.15-22.35.07:565][764]LogModuleManager: Shutting down and abandoning module KismetCompiler (164)
[2018.01.15-22.35.07:565][764]LogModuleManager: Shutting down and abandoning module LevelSequence (162)
[2018.01.15-22.35.07:565][764]LogModuleManager: Shutting down and abandoning module MeshUtilities (160)
[2018.01.15-22.35.07:565][764]LogModuleManager: Shutting down and abandoning module MeshMergeUtilities (159)
[2018.01.15-22.35.07:565][764]LogModuleManager: Shutting down and abandoning module MeshReductionInterface (158)
[2018.01.15-22.35.07:565][764]LogModuleManager: Shutting down and abandoning module SimplygonSwarm (157)
[2018.01.15-22.35.07:565][764]LogModuleManager: Shutting down and abandoning module SimplygonMeshReduction (155)
[2018.01.15-22.35.07:565][764]LogModuleManager: Shutting down and abandoning module QuadricMeshReduction (153)
[2018.01.15-22.35.07:565][764]LogModuleManager: Shutting down and abandoning module MaterialBaking (149)
[2018.01.15-22.35.07:565][764]LogModuleManager: Shutting down and abandoning module DirectoryWatcher (146)
[2018.01.15-22.35.07:566][764]LogModuleManager: Shutting down and abandoning module DerivedDataCache (144)
[2018.01.15-22.35.07:578][764]LogDerivedDataCache: Shutdown
[2018.01.15-22.35.07:578][764]LogModuleManager: Shutting down and abandoning module TargetPlatform (142)
[2018.01.15-22.35.07:579][764]LogModuleManager: Shutting down and abandoning module VulkanShaderFormat (141)
[2018.01.15-22.35.07:579][764]LogModuleManager: Shutting down and abandoning module ShaderFormatVectorVM (139)
[2018.01.15-22.35.07:579][764]LogModuleManager: Shutting down and abandoning module ShaderFormatOpenGL (137)
[2018.01.15-22.35.07:579][764]LogModuleManager: Shutting down and abandoning module ShaderFormatD3D (135)
[2018.01.15-22.35.07:579][764]LogModuleManager: Shutting down and abandoning module MetalShaderFormat (133)
[2018.01.15-22.35.07:579][764]LogModuleManager: Shutting down and abandoning module TextureFormatUncompressed (131)
[2018.01.15-22.35.07:579][764]LogModuleManager: Shutting down and abandoning module TextureFormatPVR (129)
[2018.01.15-22.35.07:579][764]LogModuleManager: Shutting down and abandoning module TextureFormatDXT (127)
[2018.01.15-22.35.07:579][764]LogModuleManager: Shutting down and abandoning module TextureFormatIntelISPCTexComp (125)
[2018.01.15-22.35.07:579][764]LogModuleManager: Shutting down and abandoning module TextureFormatASTC (123)
[2018.01.15-22.35.07:579][764]LogModuleManager: Shutting down and abandoning module ImageWrapper (122)
[2018.01.15-22.35.07:579][764]LogModuleManager: Shutting down and abandoning module TextureFormatAndroid (119)
[2018.01.15-22.35.07:579][764]LogModuleManager: Shutting down and abandoning module AudioFormatOpus (117)
[2018.01.15-22.35.07:579][764]LogModuleManager: Shutting down and abandoning module AudioFormatOgg (115)
[2018.01.15-22.35.07:579][764]LogModuleManager: Shutting down and abandoning module AudioFormatADPCM (113)
[2018.01.15-22.35.07:579][764]LogModuleManager: Shutting down and abandoning module LinuxTargetPlatform (111)
[2018.01.15-22.35.07:579][764]LogModuleManager: Shutting down and abandoning module LinuxServerTargetPlatform (109)
[2018.01.15-22.35.07:579][764]LogModuleManager: Shutting down and abandoning module LinuxNoEditorTargetPlatform (107)
[2018.01.15-22.35.07:579][764]LogModuleManager: Shutting down and abandoning module LinuxClientTargetPlatform (105)
[2018.01.15-22.35.07:579][764]LogModuleManager: Shutting down and abandoning module TVOSTargetPlatform (103)
[2018.01.15-22.35.07:579][764]LogModuleManager: Shutting down and abandoning module Messaging (101)
[2018.01.15-22.35.07:579][764]LogModuleManager: Shutting down and abandoning module IOSTargetPlatform (99)
[2018.01.15-22.35.07:579][764]LogModuleManager: Shutting down and abandoning module HTML5TargetPlatform (97)
[2018.01.15-22.35.07:579][764]LogModuleManager: Shutting down and abandoning module Android_PVRTCTargetPlatform (95)
[2018.01.15-22.35.07:579][764]LogModuleManager: Shutting down and abandoning module Android_MultiTargetPlatform (93)
[2018.01.15-22.35.07:579][764]LogModuleManager: Shutting down and abandoning module Android_ETC2TargetPlatform (91)
[2018.01.15-22.35.07:579][764]LogModuleManager: Shutting down and abandoning module Android_ETC1TargetPlatform (89)
[2018.01.15-22.35.07:579][764]LogModuleManager: Shutting down and abandoning module Android_DXTTargetPlatform (87)
[2018.01.15-22.35.07:579][764]LogModuleManager: Shutting down and abandoning module Android_ATCTargetPlatform (85)
[2018.01.15-22.35.07:579][764]LogModuleManager: Shutting down and abandoning module Android_ASTCTargetPlatform (83)
[2018.01.15-22.35.07:579][764]LogModuleManager: Shutting down and abandoning module AndroidTargetPlatform (81)
[2018.01.15-22.35.07:579][764]LogModuleManager: Shutting down and abandoning module WindowsTargetPlatform (79)
[2018.01.15-22.35.07:579][764]LogModuleManager: Shutting down and abandoning module WindowsServerTargetPlatform (77)
[2018.01.15-22.35.07:579][764]LogModuleManager: Shutting down and abandoning module WindowsNoEditorTargetPlatform (75)
[2018.01.15-22.35.07:579][764]LogModuleManager: Shutting down and abandoning module WindowsClientTargetPlatform (73)
[2018.01.15-22.35.07:579][764]LogModuleManager: Shutting down and abandoning module MacTargetPlatform (71)
[2018.01.15-22.35.07:579][764]LogModuleManager: Shutting down and abandoning module MacServerTargetPlatform (69)
[2018.01.15-22.35.07:579][764]LogModuleManager: Shutting down and abandoning module MacNoEditorTargetPlatform (67)
[2018.01.15-22.35.07:579][764]LogModuleManager: Shutting down and abandoning module MacClientTargetPlatform (65)
[2018.01.15-22.35.07:579][764]LogModuleManager: Shutting down and abandoning module AllDesktopTargetPlatform (63)
[2018.01.15-22.35.07:579][764]LogModuleManager: Shutting down and abandoning module InputCore (60)
[2018.01.15-22.35.07:579][764]LogModuleManager: Shutting down and abandoning module Settings (58)
[2018.01.15-22.35.07:579][764]LogModuleManager: Shutting down and abandoning module PhysXCooking (56)
[2018.01.15-22.35.07:579][764]LogModuleManager: Shutting down and abandoning module SteamVR (54)
[2018.01.15-22.35.07:580][764]LogModuleManager: Shutting down and abandoning module OculusHMD (52)
[2018.01.15-22.35.07:580][764]LogModuleManager: Shutting down and abandoning module ExampleDeviceProfileSelector (50)
[2018.01.15-22.35.07:580][764]LogModuleManager: Shutting down and abandoning module OnlineBlueprintSupport (48)
[2018.01.15-22.35.07:580][764]LogModuleManager: Shutting down and abandoning module OnlineSubsystem (44)
[2018.01.15-22.35.07:580][764]LogOnline: Display: Unloading online subsystem: NULL
[2018.01.15-22.35.07:580][764]LogModuleManager: Shutting down and abandoning module XMPP (43)
[2018.01.15-22.35.07:580][764]LogModuleManager: Shutting down and abandoning module HTTP (41)
[2018.01.15-22.35.07:580][764]LogHttp: Display: Http module shutting down, but needs to wait on 1 outstanding Http requests:
[2018.01.15-22.35.07:580][764]LogHttp: Display: 	verb=[POST] url=[https://datarouter.ol.epicgames.com/datarouter/api/v1/public/data?SessionID=%7BA2405176-4C98-72D8-7B32-2DB48722553D%7D&AppID=UEEditor.Rocket.Release&AppVersion=4.17.2-3658906%2B%2B%2BUE4%2BRelease-4.17&UserID=12a95bad4a74d82aed4f4ea62cfa1075%7C%7Cf75cc6c7-e916-4ae8-a63f-19c12e30397d&AppEnvironment=datacollector-binary&UploadType=eteventstream] status=Processing
[2018.01.15-22.35.07:585][764]LogModuleManager: Shutting down and abandoning module SSL (40)
[2018.01.15-22.35.07:587][764]LogModuleManager: Shutting down and abandoning module AnimationModifiers (36)
[2018.01.15-22.35.07:587][764]LogModuleManager: Shutting down and abandoning module PropertyEditor (35)
[2018.01.15-22.35.07:587][764]LogModuleManager: Shutting down and abandoning module AudioEditor (32)
[2018.01.15-22.35.07:587][764]LogModuleManager: Shutting down and abandoning module TextureCompressor (30)
[2018.01.15-22.35.07:587][764]LogModuleManager: Shutting down and abandoning module ShaderCore (28)
[2018.01.15-22.35.07:587][764]LogModuleManager: Shutting down and abandoning module Landscape (26)
[2018.01.15-22.35.07:587][764]LogModuleManager: Shutting down and abandoning module SlateRHIRenderer (24)
[2018.01.15-22.35.07:590][764]LogModuleManager: Shutting down and abandoning module OpenGLDrv (22)
[2018.01.15-22.35.07:590][764]LogModuleManager: Shutting down and abandoning module D3D11RHI (20)
[2018.01.15-22.35.07:590][764]LogModuleManager: Shutting down and abandoning module AnimGraphRuntime (18)
[2018.01.15-22.35.07:590][764]LogModuleManager: Shutting down and abandoning module Renderer (16)
[2018.01.15-22.35.07:590][764]LogModuleManager: Shutting down and abandoning module Engine (14)
[2018.01.15-22.35.07:590][764]LogModuleManager: Shutting down and abandoning module CoreUObject (12)
[2018.01.15-22.35.07:590][764]LogModuleManager: Shutting down and abandoning module NetworkFile (10)
[2018.01.15-22.35.07:590][764]LogModuleManager: Shutting down and abandoning module CookedIterativeFile (8)
[2018.01.15-22.35.07:590][764]LogModuleManager: Shutting down and abandoning module StreamingFile (6)
[2018.01.15-22.35.07:590][764]LogModuleManager: Shutting down and abandoning module SandboxFile (4)
[2018.01.15-22.35.07:590][764]LogModuleManager: Shutting down and abandoning module PakFile (2)
[2018.01.15-22.35.07:606][764]LogExit: Exiting.
[2018.01.15-22.35.07:715][764]Log file closed, 01/15/18 14:35:07
