Log file open, 10/31/17 11:50:28
LogWindows: Failed to load 'aqProf.dll' (GetLastError=126)
LogWindows: File 'aqProf.dll' does not exist
LogWindows: Failed to load 'VtuneApi.dll' (GetLastError=126)
LogWindows: File 'VtuneApi.dll' does not exist
LogWindows: Failed to load 'VtuneApi32e.dll' (GetLastError=126)
LogWindows: File 'VtuneApi32e.dll' does not exist
LogInit: Display: Running engine for game: Cyberwitch_Project
LogPlatformFile: Not using cached read wrapper
LogInit: Display: RandInit(1571913193) SRandInit(1571913194).
LogTaskGraph: Started task graph with 5 named threads and 8 total threads with 3 sets of task threads.
LogStats: Stats thread started at 0.142749
LogD3D11RHI: Aftermath initialized
LogPluginManager: Mounting plugin Paper2D
LogPluginManager: Mounting plugin LightPropagationVolume
LogPluginManager: Mounting plugin CodeLiteSourceCodeAccess
LogPluginManager: Mounting plugin GitSourceControl
LogPluginManager: Mounting plugin KDevelopSourceCodeAccess
LogPluginManager: Mounting plugin NullSourceCodeAccess
LogPluginManager: Mounting plugin PerforceSourceControl
LogPluginManager: Mounting plugin SubversionSourceControl
LogPluginManager: Mounting plugin UObjectPlugin
LogPluginManager: Mounting plugin VisualStudioSourceCodeAccess
LogPluginManager: Mounting plugin XCodeSourceCodeAccess
LogPluginManager: Mounting plugin AssetManagerEditor
LogPluginManager: Mounting plugin AudioCapture
LogPluginManager: Mounting plugin FacialAnimation
LogPluginManager: Mounting plugin GameplayTagsEditor
LogPluginManager: Mounting plugin MobileLauncherProfileWizard
LogPluginManager: Mounting plugin PluginBrowser
LogPluginManager: Mounting plugin SpeedTreeImporter
LogPluginManager: Mounting plugin AlembicImporter
LogPluginManager: Mounting plugin CharacterAI
LogPluginManager: Mounting plugin HTML5Networking
LogPluginManager: Mounting plugin AndroidMedia
LogPluginManager: Mounting plugin AvfMedia
LogPluginManager: Mounting plugin MediaPlayerEditor
LogPluginManager: Mounting plugin WmfMedia
LogPluginManager: Mounting plugin TcpMessaging
LogPluginManager: Mounting plugin UdpMessaging
LogPluginManager: Mounting plugin LevelSequenceEditor
LogPluginManager: Mounting plugin MatineeToLevelSequence
LogPluginManager: Mounting plugin OnlineSubsystemGooglePlay
LogPluginManager: Mounting plugin OnlineSubsystemIOS
LogPluginManager: Mounting plugin OnlineSubsystem
LogPluginManager: Mounting plugin OnlineSubsystemNull
LogPluginManager: Mounting plugin OnlineSubsystemUtils
LogPluginManager: Mounting plugin AndroidDeviceProfileSelector
LogPluginManager: Mounting plugin AndroidMoviePlayer
LogPluginManager: Mounting plugin AndroidPermission
LogPluginManager: Mounting plugin AppleMoviePlayer
LogPluginManager: Mounting plugin ArchVisCharacter
LogPluginManager: Mounting plugin CableComponent
LogPluginManager: Mounting plugin CustomMeshComponent
LogPluginManager: Mounting plugin ExampleDeviceProfileSelector
LogPluginManager: Mounting plugin GoogleCloudMessaging
LogPluginManager: Mounting plugin ImmediatePhysics
LogPluginManager: Mounting plugin IOSDeviceProfileSelector
LogPluginManager: Mounting plugin LinuxDeviceProfileSelector
LogPluginManager: Mounting plugin LocationServicesBPLibrary
LogPluginManager: Mounting plugin MobilePatchingUtils
LogPluginManager: Mounting plugin OculusVR
LogPluginManager: Mounting plugin PhysXVehicles
LogPluginManager: Mounting plugin ProceduralMeshComponent
LogPluginManager: Mounting plugin RuntimePhysXCooking
LogPluginManager: Mounting plugin SteamVR
LogPluginManager: Mounting plugin WindowsMoviePlayer
LogInit: Using libcurl 7.47.1
LogInit:  - built for x86_64-pc-win32
LogInit:  - supports SSL with OpenSSL/1.0.2g
LogInit:  - supports HTTP deflate (compression) using libz 1.2.8
LogInit:  - other features:
LogInit:      CURL_VERSION_SSL
LogInit:      CURL_VERSION_LIBZ
LogInit:      CURL_VERSION_IPV6
LogInit:      CURL_VERSION_ASYNCHDNS
LogInit:      CURL_VERSION_LARGEFILE
LogInit:      CURL_VERSION_IDN
LogInit:  CurlRequestOptions (configurable via config and command line):
LogInit:  - bVerifyPeer = false  - Libcurl will NOT verify peer certificate
LogInit:  - bUseHttpProxy = false  - Libcurl will NOT use HTTP proxy
LogInit:  - bDontReuseConnections = false  - Libcurl will reuse connections
LogInit:  - CertBundlePath = nullptr  - Libcurl will use whatever was configured at build time.
LogInit: Build: ++UE4+Release-4.17-CL-3658906
LogInit: Engine Version: 4.17.2-3658906+++UE4+Release-4.17
LogInit: Compatible Engine Version: 4.17.0-3573198+++UE4+Release-4.17
LogInit: Net CL: 3573198
LogDevObjectVersion: Number of dev versions registered: 16
LogDevObjectVersion:   Dev-Blueprints (B0D832E4-1F89-4F0D-ACCF-7EB736FD4AA2): 10
LogDevObjectVersion:   Dev-Build (E1C64328-A22C-4D53-A36C-8E866417BD8C): 0
LogDevObjectVersion:   Dev-Core (375EC13C-06E4-48FB-B500-84F0262A717E): 2
LogDevObjectVersion:   Dev-Editor (E4B068ED-F494-42E9-A231-DA0B2E46BB41): 20
LogDevObjectVersion:   Dev-Framework (CFFC743F-43B0-4480-9391-14DF171D2073): 28
LogDevObjectVersion:   Dev-Mobile (B02B49B5-BB20-44E9-A304-32B752E40360): 0
LogDevObjectVersion:   Dev-Networking (A4E4105C-59A1-49B5-A7C5-40C4547EDFEE): 0
LogDevObjectVersion:   Dev-Online (39C831C9-5AE6-47DC-9A44-9C173E1C8E7C): 0
LogDevObjectVersion:   Dev-Physics (78F01B33-EBEA-4F98-B9B4-84EACCB95AA2): 0
LogDevObjectVersion:   Dev-Platform (6631380F-2D4D-43E0-8009-CF276956A95A): 0
LogDevObjectVersion:   Dev-Rendering (12F88B9F-8875-4AFC-A67C-D90C383ABD29): 19
LogDevObjectVersion:   Dev-Sequencer (7B5AE74C-D270-4C10-A958-57980B212A5A): 4
LogDevObjectVersion:   Dev-VR (D7296918-1DD6-4BDD-9DE2-64A83CC13884): 0
LogDevObjectVersion:   Dev-LoadTimes (C2A15278-BFE7-4AFE-6C17-90FF531DF755): 1
LogDevObjectVersion:   Private-Geometry (6EACA3D4-40EC-4CC1-B786-8BED09428FC5): 1
LogDevObjectVersion:   Dev-AnimPhys (29E575DD-E0A3-4627-9D10-D276232CDCEA): 7
LogInit: Compiled (64-bit): Sep 22 2017 13:47:16
LogInit: Compiled with Visual C++: 19.00.24215.01
LogInit: Build Configuration: Development
LogInit: Branch Name: ++UE4+Release-4.17
LogInit: Command line: -EpicPortal 
LogInit: Base directory: C:/Program Files/Epic Games/UE_4.17/Engine/Binaries/Win64/
LogInit: Installed Engine Build: 1
LogInit: Presizing for max 8388607 objects, including 0 objects not considered by GC, pre-allocating 0 bytes for permanent pool.
LogInit: Object subsystem initialized
[2017.10.31-18.50.29:722][  0]LogInit: Selected Device Profile: [Windows]
[2017.10.31-18.50.29:722][  0]LogInit: Applying CVar settings loaded from the selected device profile: [Windows]
[2017.10.31-18.50.29:740][  0]LogInit: Computer: DESKTOP-5N34J6U
[2017.10.31-18.50.29:740][  0]LogInit: User: Kevin
[2017.10.31-18.50.29:740][  0]LogInit: CPU Page size=4096, Cores=2
[2017.10.31-18.50.29:740][  0]LogInit: High frequency timer resolution =2.343752 MHz
[2017.10.31-18.50.29:740][  0]LogMemory: Memory total: Physical=7.9GB (8GB approx)
[2017.10.31-18.50.29:740][  0]LogMemory: Platform Memory Stats for Windows
[2017.10.31-18.50.29:740][  0]LogMemory: Process Physical Memory: 277.40 MB used, 277.40 MB peak
[2017.10.31-18.50.29:740][  0]LogMemory: Process Virtual Memory: 273.69 MB used, 273.69 MB peak
[2017.10.31-18.50.29:740][  0]LogMemory: Physical Memory: 4309.15 MB used,  3751.22 MB free, 8060.38 MB total
[2017.10.31-18.50.29:740][  0]LogMemory: Virtual Memory: 664.93 MB used,  3751.22 MB free, 134217728.00 MB total
[2017.10.31-18.50.29:986][  0]LogInit: Using OS detected language (en-US).
[2017.10.31-18.50.29:986][  0]LogInit: Using OS detected locale (en-US).
[2017.10.31-18.50.29:990][  0]LogTextLocalizationManager: No specific localization for 'en-US' exists, so the 'en' localization will be used.
[2017.10.31-18.50.30:991][  0]LogD3D11RHI: D3D11 adapters:
[2017.10.31-18.50.31:019][  0]LogD3D11RHI:    0. 'NVIDIA GeForce 940M' (Feature Level 11_0)
[2017.10.31-18.50.31:019][  0]LogD3D11RHI:       2019/0/4030 MB DedicatedVideo/DedicatedSystem/SharedSystem, Outputs:2, VendorId:0x10de
[2017.10.31-18.50.31:026][  0]LogD3D11RHI:    1. 'Intel(R) HD Graphics 520' (Feature Level 11_0)
[2017.10.31-18.50.31:026][  0]LogD3D11RHI:       128/0/4030 MB DedicatedVideo/DedicatedSystem/SharedSystem, Outputs:0, VendorId:0x8086
[2017.10.31-18.50.31:028][  0]LogD3D11RHI:    2. 'Microsoft Basic Render Driver' (Feature Level 11_0)
[2017.10.31-18.50.31:028][  0]LogD3D11RHI:       0/0/4030 MB DedicatedVideo/DedicatedSystem/SharedSystem, Outputs:0, VendorId:0x1414
[2017.10.31-18.50.31:028][  0]LogD3D11RHI: Chosen D3D11 Adapter: 0
[2017.10.31-18.50.31:035][  0]LogD3D11RHI: Creating new Direct3DDevice
[2017.10.31-18.50.31:035][  0]LogD3D11RHI:     GPU DeviceId: 0x1347 (for the marketing name, search the web for "GPU Device Id")
[2017.10.31-18.50.31:035][  0]LogWindows: EnumDisplayDevices:
[2017.10.31-18.50.31:035][  0]LogWindows:    0. 'Intel(R) HD Graphics 520' (P:1 D:1)
[2017.10.31-18.50.31:036][  0]LogWindows:    1. 'Intel(R) HD Graphics 520' (P:0 D:1)
[2017.10.31-18.50.31:036][  0]LogWindows:    2. 'Intel(R) HD Graphics 520' (P:0 D:0)
[2017.10.31-18.50.31:036][  0]LogWindows: DebugString: PrimaryIsNotTheChoosenAdapter PrimaryIsNotTheChoosenAdapter PrimaryIsNotTheChoosenAdapter FoundDriverCount:0 
[2017.10.31-18.50.31:036][  0]LogD3D11RHI:     Adapter Name: NVIDIA GeForce 940M
[2017.10.31-18.50.31:036][  0]LogD3D11RHI:   Driver Version: Unknown (internal:Unknown, unified:Unknown)
[2017.10.31-18.50.31:036][  0]LogD3D11RHI:      Driver Date: Unknown
[2017.10.31-18.50.31:036][  0]LogRHI: Texture pool is 1361 MB (70% of 1945 MB)
[2017.10.31-18.50.31:054][  0]LogD3D11RHI: Async texture creation enabled
[2017.10.31-18.50.31:075][  0]LogD3D11RHI: GPU Timing Frequency: 1000.000000 (Debug: 2 2)
[2017.10.31-18.50.31:076][  0]LogShaderCompilers: Guid format shader working directory is -21 characters bigger than the processId version (../../../../../../Users/Kevin/Desktop/cyberwitch/Cyberwitch_Project/Intermediate/Shaders/WorkingDirectory/2820/).
[2017.10.31-18.50.31:076][  0]LogShaderCompilers: Cleaned the shader compiler working directory 'C:/Users/Kevin/AppData/Local/Temp/UnrealShaderWorkingDir/4BBE15C54EFDF410D43B778A842690C3/'.
[2017.10.31-18.50.31:076][  0]LogShaderCompilers: Display: Using Local Shader Compiler.
[2017.10.31-18.50.32:475][  0]LogTemp: Display: Loaded TP AllDesktopTargetPlatform
[2017.10.31-18.50.32:551][  0]LogTemp: Display: Loaded TP MacClientTargetPlatform
[2017.10.31-18.50.32:627][  0]LogTemp: Display: Loaded TP MacNoEditorTargetPlatform
[2017.10.31-18.50.32:710][  0]LogTemp: Display: Loaded TP MacServerTargetPlatform
[2017.10.31-18.50.32:793][  0]LogTemp: Display: Loaded TP MacTargetPlatform
[2017.10.31-18.50.32:879][  0]LogTemp: Display: Loaded TP WindowsClientTargetPlatform
[2017.10.31-18.50.32:966][  0]LogTemp: Display: Loaded TP WindowsNoEditorTargetPlatform
[2017.10.31-18.50.33:061][  0]LogTemp: Display: Loaded TP WindowsServerTargetPlatform
[2017.10.31-18.50.33:138][  0]LogTemp: Display: Loaded TP WindowsTargetPlatform
[2017.10.31-18.50.33:220][  0]LogTemp: Display: Loaded TP AndroidTargetPlatform
[2017.10.31-18.50.33:294][  0]LogTemp: Display: Loaded TP Android_ASTCTargetPlatform
[2017.10.31-18.50.33:379][  0]LogTemp: Display: Loaded TP Android_ATCTargetPlatform
[2017.10.31-18.50.33:480][  0]LogTemp: Display: Loaded TP Android_DXTTargetPlatform
[2017.10.31-18.50.33:816][  0]LogTemp: Display: Loaded TP Android_ETC1TargetPlatform
[2017.10.31-18.50.33:956][  0]LogTemp: Display: Loaded TP Android_ETC2TargetPlatform
[2017.10.31-18.50.34:211][  0]LogTemp: Display: Loaded TP Android_MultiTargetPlatform
[2017.10.31-18.50.34:211][  0]LogTemp: Display: Loaded TP Android_PVRTCTargetPlatform
[2017.10.31-18.50.34:320][  0]LogTemp: Display: Loaded TP HTML5TargetPlatform
[2017.10.31-18.50.34:491][  0]LogTemp: Display: Loaded TP IOSTargetPlatform
[2017.10.31-18.50.34:536][  0]LogTemp: Display: Loaded TP TVOSTargetPlatform
[2017.10.31-18.50.34:625][  0]LogTemp: Display: Loaded TP LinuxClientTargetPlatform
[2017.10.31-18.50.34:703][  0]LogTemp: Display: Loaded TP LinuxNoEditorTargetPlatform
[2017.10.31-18.50.34:777][  0]LogTemp: Display: Loaded TP LinuxServerTargetPlatform
[2017.10.31-18.50.34:857][  0]LogTemp: Display: Loaded TP LinuxTargetPlatform
[2017.10.31-18.50.34:857][  0]LogTargetPlatformManager: Display: Building Assets For Windows
[2017.10.31-18.50.35:641][  0]LogDerivedDataCache: Display: Max Cache Size: 512 MB
[2017.10.31-18.50.35:774][  0]LogDerivedDataCache: Loaded boot cache 0.13s 93MB C:/Users/Kevin/AppData/Local/UnrealEngine/4.17/DerivedDataCache/Boot.ddc.
[2017.10.31-18.50.35:774][  0]LogDerivedDataCache: Display: Loaded Boot cache: C:/Users/Kevin/AppData/Local/UnrealEngine/4.17/DerivedDataCache/Boot.ddc
[2017.10.31-18.50.35:774][  0]LogDerivedDataCache: FDerivedDataBackendGraph:  Pak pak cache file ../../../../../../Users/Kevin/Desktop/cyberwitch/Cyberwitch_Project/DerivedDataCache/DDC.ddp not found, will not use a pak cache.
[2017.10.31-18.50.35:774][  0]LogDerivedDataCache: Unable to find inner node Pak for hierarchical cache Hierarchy.
[2017.10.31-18.50.35:774][  0]LogDerivedDataCache: FDerivedDataBackendGraph:  CompressedPak pak cache file ../../../../../../Users/Kevin/Desktop/cyberwitch/Cyberwitch_Project/DerivedDataCache/Compressed.ddp not found, will not use a pak cache.
[2017.10.31-18.50.35:774][  0]LogDerivedDataCache: Unable to find inner node CompressedPak for hierarchical cache Hierarchy.
[2017.10.31-18.50.35:795][  0]LogDerivedDataCache: Display: Pak cache opened for reading ../../../Engine/DerivedDataCache/Compressed.ddp.
[2017.10.31-18.50.35:810][  0]LogDerivedDataCache: Using Local data cache path C:/Users/Kevin/AppData/Local/UnrealEngine/Common/DerivedDataCache: Writable
[2017.10.31-18.50.35:824][  0]LogMaterial: Verifying Global Shaders for PCD3D_SM5
[2017.10.31-18.50.35:824][  0]LogSlate: Using Freetype 2.6.0
[2017.10.31-18.50.35:826][  0]LogSlate: SlateFontCache - WITH_FREETYPE: 1, WITH_HARFBUZZ: 1
[2017.10.31-18.50.35:826][  0]LogSlate: SlateFontCache - WITH_FREETYPE: 1, WITH_HARFBUZZ: 1
[2017.10.31-18.50.36:187][  0]LogAssetRegistry: FAssetRegistry took 0.0275 seconds to start up
[2017.10.31-18.50.36:382][  0]LogInit: Selected Device Profile: [Windows]
[2017.10.31-18.50.36:613][  0]LogContentStreaming: Texture pool size is 0.00 MB
[2017.10.31-18.50.37:033][  0]LogSimplygon: Simplygon DLL not present - disabling.
[2017.10.31-18.50.37:094][  0]LogMeshReduction: Using SimplygonSwarm for distributed automatic mesh merging
[2017.10.31-18.50.37:094][  0]LogMeshReduction: Using QuadricMeshReduction for automatic static mesh reduction
[2017.10.31-18.50.37:094][  0]LogMeshReduction: No automatic skeletal mesh reduction module available
[2017.10.31-18.50.37:094][  0]LogMeshReduction: No automatic mesh merging module available
[2017.10.31-18.50.37:094][  0]LogMeshMerging: No automatic mesh merging module available
[2017.10.31-18.50.37:663][  0]LogNetVersion: Cyberwitch_Project , NetCL: 3573198, EngineNetVer: 2, GameNetVer: 0 (Checksum: 51455869)
[2017.10.31-18.50.38:063][  0]LogPackageLocalizationCache: Processed 5 localized package path(s) for 2 prioritized culture(s) in 0.108263 seconds
[2017.10.31-18.50.38:072][  0]LogUObjectArray: 35825 objects as part of root set at end of initial load.
[2017.10.31-18.50.38:072][  0]LogUObjectAllocator: 7529112 out of 0 bytes used by permanent object pool.
[2017.10.31-18.50.38:072][  0]LogUObjectArray: CloseDisregardForGC: 0/0 objects in disregard for GC pool
[2017.10.31-18.50.38:153][  0]LogInit: WinSock: version 1.1 (2.2), MaxSocks=32767, MaxUdp=65467
[2017.10.31-18.50.42:208][  0]LogTcpMessaging: Initializing TcpMessaging bridge
[2017.10.31-18.50.42:260][  0]LogUdpMessaging: Initializing bridge on interface 0.0.0.0:0 to multicast group 230.0.0.1:6666.
[2017.10.31-18.50.43:361][  0]LogMaterial: Uniform references updated for custom material expression Custom.
[2017.10.31-18.50.44:030][  0]SourceControl: Source control is disabled
[2017.10.31-18.50.44:030][  0]SourceControl: Source control is disabled
[2017.10.31-18.50.44:105][  0]SourceControl: Source control is disabled
[2017.10.31-18.50.44:185][  0]SourceControl: Source control is disabled
[2017.10.31-18.50.45:241][  0]LogAndroidPermission: UAndroidPermissionCallbackProxy::GetInstance
[2017.10.31-18.50.45:615][  0]LogOcInput: OculusInput pre-init called
[2017.10.31-18.50.45:980][  0]LogEngine: Initializing Engine...
[2017.10.31-18.50.45:983][  0]LogHMD: Failed to initialize OpenVR with code 110
[2017.10.31-18.50.46:284][  0]LogStats: UGameplayTagsManager::ConstructGameplayTagTree: Construct from data asset -  0.000 s
[2017.10.31-18.50.46:285][  0]LogStats: UGameplayTagsManager::ConstructGameplayTagTree: GameplayTagTreeChangedEvent.Broadcast -  0.000 s
[2017.10.31-18.50.46:499][  0]LogAIModule: Creating AISystem for world Untitled
[2017.10.31-18.50.46:514][  0]LogInit: XAudio2 using 'DELL S2740L (Intel(R) Display Audio)' : 2 channels at 48 kHz using 16 bits per sample (channel mask 0x3)
[2017.10.31-18.50.46:541][  0]LogInit: FAudioDevice initialized.
[2017.10.31-18.50.46:983][  0]LogDerivedDataCache: Saved boot cache 0.44s 93MB C:/Users/Kevin/AppData/Local/UnrealEngine/4.17/DerivedDataCache/Boot.ddc.
[2017.10.31-18.50.47:005][  0]LogInit: Texture streaming: Enabled
[2017.10.31-18.50.47:162][  0]LogEngineSessionManager: EngineSessionManager initialized
[2017.10.31-18.50.47:673][  0]LogInit: Transaction tracking system initialized
[2017.10.31-18.50.48:126][  0]BlueprintLog: New page: Editor Load
[2017.10.31-18.50.49:726][  0]LocalizationService: Localization service is disabled
[2017.10.31-18.50.51:262][  0]LogConsoleResponse: Display: 
[2017.10.31-18.50.52:291][  0]LogFileCache: Scanning file cache for directory 'C:/Users/Kevin/Desktop/cyberwitch/Cyberwitch_Project/Content/' took 0.02s
[2017.10.31-18.50.52:291][  0]LogCook: Display: Max memory allowance for cook 16384mb min free memory 0mb
[2017.10.31-18.50.52:291][  0]LogCook: Display: Mobile HDR setting 1
[2017.10.31-18.50.52:291][  0]LogGameplayTags: Display: UGameplayTagsManager::DoneAddingNativeTags. DelegateIsBound: 0
[2017.10.31-18.50.54:939][  0]SourceControl: Source control is disabled
[2017.10.31-18.50.54:939][  0]Cmd: MAP LOAD FILE="../../../../../../Users/Kevin/Desktop/cyberwitch/Cyberwitch_Project/Content/Levels/DemoMap.umap" TEMPLATE=0 SHOWPROGRESS=1 FEATURELEVEL=3
[2017.10.31-18.50.55:085][  0]LightingResults: New page: Lighting Build
[2017.10.31-18.50.55:159][  0]MapCheck: New page: Map Check
[2017.10.31-18.50.55:160][  0]LightingResults: New page: Lighting Build
[2017.10.31-18.50.58:162][  0]LogLinker: Warning: Can't find file '/Game/Assets/Characters/Taliah/Meshes/TEX_Taliah_D'
[2017.10.31-18.50.58:163][  0]LogLinker: Warning: Can't find file for asset '/Game/Assets/Characters/Taliah/Meshes/TEX_Taliah_D' while loading ../../../../../../Users/Kevin/Desktop/cyberwitch/Cyberwitch_Project/Content/Assets/Characters/Taliah/Materials/mat_main.uasset.
[2017.10.31-18.50.58:163][  0]LoadErrors: Error: /Game/Assets/Characters/Taliah/Materials/mat_main : Can't find file for asset. /Game/Assets/Characters/Taliah/Meshes/TEX_Taliah_D
[2017.10.31-18.50.58:163][  0]LogLinker: Warning: Can't find file '/Game/Assets/Characters/Taliah/Meshes/TEX_Taliah_N'
[2017.10.31-18.50.58:163][  0]LogLinker: Warning: Can't find file for asset '/Game/Assets/Characters/Taliah/Meshes/TEX_Taliah_N' while loading ../../../../../../Users/Kevin/Desktop/cyberwitch/Cyberwitch_Project/Content/Assets/Characters/Taliah/Materials/mat_main.uasset.
[2017.10.31-18.50.58:163][  0]LoadErrors: Error: /Game/Assets/Characters/Taliah/Materials/mat_main : Can't find file for asset. /Game/Assets/Characters/Taliah/Meshes/TEX_Taliah_N
[2017.10.31-18.50.58:163][  0]LogLinker: Warning: Can't find file '/Game/Assets/Characters/Taliah/Meshes/TEX_Taliah_S'
[2017.10.31-18.50.58:164][  0]LogLinker: Warning: Can't find file for asset '/Game/Assets/Characters/Taliah/Meshes/TEX_Taliah_S' while loading ../../../../../../Users/Kevin/Desktop/cyberwitch/Cyberwitch_Project/Content/Assets/Characters/Taliah/Materials/mat_main.uasset.
[2017.10.31-18.50.58:164][  0]LoadErrors: Error: /Game/Assets/Characters/Taliah/Materials/mat_main : Can't find file for asset. /Game/Assets/Characters/Taliah/Meshes/TEX_Taliah_S
[2017.10.31-18.50.58:164][  0]LogLinker: Warning: Can't find file '/Game/Assets/Characters/Taliah/Meshes/TEX_Taliah_D'
[2017.10.31-18.50.58:164][  0]LogLinker: Warning: Can't find file for asset '/Game/Assets/Characters/Taliah/Meshes/TEX_Taliah_D' while loading ../../../../../../Users/Kevin/Desktop/cyberwitch/Cyberwitch_Project/Content/Assets/Characters/Taliah/Materials/mat_main.uasset.
[2017.10.31-18.50.58:164][  0]LoadErrors: Error: /Game/Assets/Characters/Taliah/Materials/mat_main : Can't find file for asset. /Game/Assets/Characters/Taliah/Meshes/TEX_Taliah_D
[2017.10.31-18.50.58:165][  0]LogLinker: Warning: Can't find file '/Game/Assets/Characters/Taliah/Meshes/TEX_Taliah_N'
[2017.10.31-18.50.58:165][  0]LogLinker: Warning: Can't find file for asset '/Game/Assets/Characters/Taliah/Meshes/TEX_Taliah_N' while loading ../../../../../../Users/Kevin/Desktop/cyberwitch/Cyberwitch_Project/Content/Assets/Characters/Taliah/Materials/mat_main.uasset.
[2017.10.31-18.50.58:165][  0]LoadErrors: Error: /Game/Assets/Characters/Taliah/Materials/mat_main : Can't find file for asset. /Game/Assets/Characters/Taliah/Meshes/TEX_Taliah_N
[2017.10.31-18.50.58:165][  0]LogLinker: Warning: Can't find file '/Game/Assets/Characters/Taliah/Meshes/TEX_Taliah_S'
[2017.10.31-18.50.58:165][  0]LogLinker: Warning: Can't find file for asset '/Game/Assets/Characters/Taliah/Meshes/TEX_Taliah_S' while loading ../../../../../../Users/Kevin/Desktop/cyberwitch/Cyberwitch_Project/Content/Assets/Characters/Taliah/Materials/mat_main.uasset.
[2017.10.31-18.50.58:165][  0]LoadErrors: Error: /Game/Assets/Characters/Taliah/Materials/mat_main : Can't find file for asset. /Game/Assets/Characters/Taliah/Meshes/TEX_Taliah_S
[2017.10.31-18.50.59:108][  0]LogLinker: Warning: Can't find file '/Game/Assets/Characters/Taliah/Meshes/TEX_Taliah_D'
[2017.10.31-18.50.59:108][  0]LoadErrors: Failed to load /Game/Assets/Characters/Taliah/Meshes/TEX_Taliah_D.TEX_Taliah_D Referenced by MaterialExpressionTextureSample_0
[2017.10.31-18.50.59:108][  0]LogLinker: Warning: Can't find file for asset '/Game/Assets/Characters/Taliah/Meshes/TEX_Taliah_D' while loading NULL.
[2017.10.31-18.50.59:108][  0]LoadErrors: Failed to load /Game/Assets/Characters/Taliah/Meshes/TEX_Taliah_D.TEX_Taliah_D Referenced by MaterialExpressionTextureSample_0
[2017.10.31-18.50.59:108][  0]LogLinker: Warning: Can't find file '/Game/Assets/Characters/Taliah/Meshes/TEX_Taliah_S'
[2017.10.31-18.50.59:108][  0]LoadErrors: Failed to load /Game/Assets/Characters/Taliah/Meshes/TEX_Taliah_S.TEX_Taliah_S Referenced by MaterialExpressionTextureSample_1
[2017.10.31-18.50.59:108][  0]LogLinker: Warning: Can't find file for asset '/Game/Assets/Characters/Taliah/Meshes/TEX_Taliah_S' while loading NULL.
[2017.10.31-18.50.59:108][  0]LoadErrors: Failed to load /Game/Assets/Characters/Taliah/Meshes/TEX_Taliah_S.TEX_Taliah_S Referenced by MaterialExpressionTextureSample_1
[2017.10.31-18.50.59:108][  0]LogLinker: Warning: Can't find file '/Game/Assets/Characters/Taliah/Meshes/TEX_Taliah_N'
[2017.10.31-18.50.59:108][  0]LoadErrors: Failed to load /Game/Assets/Characters/Taliah/Meshes/TEX_Taliah_N.TEX_Taliah_N Referenced by MaterialExpressionTextureSample_2
[2017.10.31-18.50.59:109][  0]LogLinker: Warning: Can't find file for asset '/Game/Assets/Characters/Taliah/Meshes/TEX_Taliah_N' while loading NULL.
[2017.10.31-18.50.59:109][  0]LoadErrors: Failed to load /Game/Assets/Characters/Taliah/Meshes/TEX_Taliah_N.TEX_Taliah_N Referenced by MaterialExpressionTextureSample_2
[2017.10.31-18.51.02:443][  0]LogMaterial: Missing cached shader map for material mat_main, compiling. 
[2017.10.31-18.51.03:433][  0]LogMaterial: Warning: Failed to compile Material /Game/Assets/Characters/Taliah/Materials/mat_main.mat_main for platform PCD3D_SM5, Default Material will be used in game.
[2017.10.31-18.51.03:433][  0]LogMaterial: Warning: 	(Node TextureSample) Texture Sample> Missing input texture
[2017.10.31-18.51.09:436][  0]LogAIModule: Creating AISystem for world DemoMap
[2017.10.31-18.51.09:642][  0]LogEditorServer: Finished looking for orphan Actors (0.000 secs)
[2017.10.31-18.51.10:170][  0]Cmd: MAP CHECKDEP NOCLEARLOG
[2017.10.31-18.51.10:278][  0]MapCheck: Map check complete: 0 Error(s), 0 Warning(s), took 108.482ms to complete.
[2017.10.31-18.51.10:279][  0]LogFileHelpers: Loading map 'DemoMap' took 15.340
[2017.10.31-18.51.25:320][  0]LogCollectionManager: Loaded 0 collections in 0.004491 seconds
[2017.10.31-18.51.30:227][  0]LogFileCache: Scanning file cache for directory 'C:/Users/Kevin/Desktop/cyberwitch/Cyberwitch_Project/Saved/Collections/' took 0.01s
[2017.10.31-18.51.30:227][  0]LogFileCache: Scanning file cache for directory 'C:/Users/Kevin/Desktop/cyberwitch/Cyberwitch_Project/Content/Developers/Kevin/Collections/' took 0.01s
[2017.10.31-18.51.30:227][  0]LogFileCache: Scanning file cache for directory 'C:/Users/Kevin/Desktop/cyberwitch/Cyberwitch_Project/Content/Collections/' took 0.01s
[2017.10.31-18.51.30:227][  0]LogCollectionManager: Rebuilt the GUID cache for 0 collections in 0.000001 seconds
[2017.10.31-18.51.31:525][  0]LogContentBrowser: Native class hierarchy populated in 0.1846 seconds. Added 2386 classes and 500 folders.
[2017.10.31-18.51.34:142][  0]LogContentBrowser: Native class hierarchy updated for 'WidgetCarousel' in 0.1684 seconds. Added 0 classes and 0 folders.
[2017.10.31-18.51.56:797][  0]LogContentBrowser: Native class hierarchy updated for 'AddContentDialog' in 0.0011 seconds. Added 0 classes and 0 folders.
[2017.10.31-18.51.57:128][  0]LogContentBrowser: Native class hierarchy updated for 'SceneOutliner' in 0.0013 seconds. Added 1 classes and 2 folders.
[2017.10.31-18.51.57:908][  0]LogSlate: Took 0.000329 seconds to synchronously load lazily loaded font '../../../Engine/Content/Slate/Fonts/Roboto-Regular.ttf' (155K)
[2017.10.31-18.51.57:948][  0]LogSlate: Took 0.000304 seconds to synchronously load lazily loaded font '../../../Engine/Content/Slate/Fonts/Roboto-Bold.ttf' (160K)
[2017.10.31-18.51.58:518][  0]LogSlate: Took 0.031884 seconds to synchronously load lazily loaded font '../../../Engine/Content/Editor/Slate/Fonts/FontAwesome.ttf' (139K)
[2017.10.31-18.52.00:259][  0]LogRenderer: Reallocating scene render targets to support 916x460 Format 10 NumSamples 1 (Frame:1).
[2017.10.31-18.52.01:516][  0]LogContentBrowser: Native class hierarchy updated for 'HierarchicalLODOutliner' in 0.0011 seconds. Added 1 classes and 2 folders.
[2017.10.31-18.52.01:517][  0]LogLoad: (Engine Initialization) Total time: 94.83 seconds
[2017.10.31-18.52.01:517][  0]LogLoad: (Engine Initialization) Total Blueprint compile time: 0.00 seconds
[2017.10.31-18.52.01:517][  0]LogExternalProfiler: Found external profiler: VSPerf
[2017.10.31-18.52.01:517][  0]LogExternalProfiler: Using external profiler: VSPerf
[2017.10.31-18.52.01:744][  0]LogEditorViewport: Clicking on Actor (LMB): BP_Sky_Sphere_C (Sky Sphere)
[2017.10.31-18.52.02:408][  0]LogWindowsTextInputMethodSystem: Display: IME system now deactivated.
[2017.10.31-18.52.02:557][  0]LogContentStreaming: Texture pool size now 1000 MB
[2017.10.31-18.52.02:850][  0]LogSlate: Took 0.014499 seconds to synchronously load lazily loaded font '../../../Engine/Content/Slate/Fonts/Roboto-Light.ttf' (159K)
[2017.10.31-18.52.03:474][  2]LogAssetRegistry: Asset discovery search completed in 87.3095 seconds
[2017.10.31-18.52.03:477][  2]LogCollectionManager: Rebuilt the object cache for 0 collections in 0.000000 seconds (found 0 objects)
[2017.10.31-18.52.03:477][  2]LogCollectionManager: Fixed up redirectors for 0 collections in 0.000093 seconds (updated 0 objects)
[2017.10.31-18.52.12:823][589]LogSlate: Took 0.000286 seconds to synchronously load lazily loaded font '../../../Engine/Content/Slate/Fonts/Roboto-Light.ttf' (159K)
[2017.10.31-18.52.13:555][589]LogSlate: Took 0.000192 seconds to synchronously load lazily loaded font '../../../Engine/Content/Slate/Fonts/Roboto-Regular.ttf' (155K)
[2017.10.31-18.52.14:000][589]LogContentBrowser: Native class hierarchy updated for 'BlueprintGraph' in 0.0012 seconds. Added 113 classes and 0 folders.
[2017.10.31-18.52.16:157][589]LogSlate: Took 0.034956 seconds to synchronously load lazily loaded font '../../../Engine/Content/Editor/Slate/Fonts/Roboto-BoldCondensed.ttf' (158K)
[2017.10.31-18.52.16:684][590]LogSlate: Took 0.017789 seconds to synchronously load lazily loaded font '../../../Engine/Content/Editor/Slate/Fonts/Roboto-Italic.ttf' (157K)
[2017.10.31-18.52.24:114][963]LogRenderer: Reallocating scene render targets to support 1208x576 Format 10 NumSamples 1 (Frame:778).
[2017.10.31-18.52.26:992][ 88]MapCheck: New page: Map Check
[2017.10.31-18.52.27:108][ 88]LightingResults: New page: Lighting Build - Oct 31, 2017, 4:52:27 AM
[2017.10.31-18.52.27:459][ 88]LogSwarmInterface: [OpenConnection] Registering TCP channel ...
[2017.10.31-18.52.27:643][ 88]LogSwarmInterface: [OpenConnection] Connecting to agent ...
[2017.10.31-18.52.27:763][ 88]LogSwarmInterface: [TryOpenConnection] Testing the Agent
[2017.10.31-18.52.30:733][ 88]LogSwarmInterface: Error: [TryOpenConnection] Waiting for the agent to start up ...
[2017.10.31-18.52.30:866][ 88]LogSwarmInterface: Error: System.Net.Sockets.SocketException (0x80004005): No connection could be made because the target machine actively refused it 127.0.0.1:8008

Server stack trace: 
   at System.Net.Sockets.Socket.DoConnect(EndPoint endPointSnapshot, SocketAddress socketAddress)
   at System.Net.Sockets.Socket.Connect(EndPoint remoteEP)
   at System.Runtime.Remoting.Channels.RemoteConnection.CreateNewSocket(EndPoint ipEndPoint)
   at System.Runtime.Remoting.Channels.SocketCache.GetSocket(String machinePortAndSid, Boolean openNew)
   at System.Runtime.Remoting.Channels.Tcp.TcpClientTransportSink.SendRequestWithRetry(IMessage msg, ITransportHeaders requestHeaders, Stream requestStream)
   at System.Runtime.Remoting.Channels.Tcp.TcpClientTransportSink.AsyncProcessRequest(IClientChannelSinkStack sinkStack, IMessage msg, ITransportHeaders headers, Stream stream)
   at System.Runtime.Remoting.Channels.BinaryClientFormatterSink.AsyncProcessMessage(IMessage msg, IMessageSink replySink)

Exception rethrown at [0]: 
   at System.Runtime.Remoting.Proxies.RealProxy.HandleReturnMessage(IMessage reqMsg, IMessage retMsg)
   at System.Runtime.Remoting.Proxies.RealProxy.PrivateInvoke(MessageData& msgData, Int32 type)
   at NSwarm.IAgentInterfaceWrapper.MethodDelegate.EndInvoke(Hashtable& OutParameters, IAsyncResult result)
   at NSwarm.FSwarmInterface.TryOpenConnection(FConnectionCallback CallbackFunc, IntPtr CallbackData, ELogFlags LoggingFlags)
[2017.10.31-18.52.36:299][ 88]LogSwarmInterface: [TryOpenConnection] Opening Connection to Agent
[2017.10.31-18.52.36:299][ 88]LogSwarmInterface: [TryOpenConnection] Local Process ID is 2820
[2017.10.31-18.52.51:165][ 88]LogStaticLightingSystem: Warning: No importance volume found, so the scene bounding box was used.  You can optimize your scene's quality and lighting build times by adding importance volumes.
[2017.10.31-18.52.51:186][ 88]LogStaticLightingSystem: Running Lightmass w/ ImmediateImport mode ENABLED
[2017.10.31-18.52.51:186][ 88]LogStaticLightingSystem: Running Lightmass w/ ImmediateProcess mode ENABLED
[2017.10.31-18.52.51:186][ 88]LogStaticLightingSystem: Running Lightmass w/ Sorting mode ENABLED
[2017.10.31-18.52.51:186][ 88]LogStaticLightingSystem: Running Lightmass w/ Mapping paddings ENABLED
[2017.10.31-18.52.51:186][ 88]LogStaticLightingSystem: Running Lightmass w/ Mapping debug paddings DISABLED
[2017.10.31-18.52.52:357][ 88]LogEditorBuildUtils: Build time 0:25
[2017.10.31-18.52.56:229][100]Job is a success!
[2017.10.31-18.52.56:892][101]LogTexture: Display: Building textures: LQ_Lightmap_0_1 (DXT1, 512X512)
[2017.10.31-18.52.56:892][101]LogTexture: Display: Building textures: HQ_Lightmap0_1 (AutoDXT, 512X512)
[2017.10.31-18.52.56:892][101]LogTexture: Display: Building textures: HQ_Lightmap0_2 (AutoDXT, 64X64)
[2017.10.31-18.52.56:892][101]LogTexture: Display: Building textures: LQ_Lightmap_0_2 (DXT1, 64X64)
[2017.10.31-18.52.56:960][101]LogTexture: Display: Building textures: ShadowMapTexture2D_0 (G8, 1024X128)
[2017.10.31-18.52.56:960][101]LogTexture: Display: Building textures: ShadowMapTexture2D_1 (G8, 32X32)
[2017.10.31-18.52.57:356][101]Lightmass on DESKTOP-5N34J6U: 2.11 sec total, 303 ms importing, 48 ms setup, 144 ms photons, 1.17 sec processing, 0 ms extra exporting [6/6 mappings]. Threads: 4.66 sec total, 1.07 sec processing.
[2017.10.31-18.52.57:411][101]LogStaticLightingSystem: Illumination: 30.0 sec (137 ms encoding lightmaps, 122 ms encoding shadowmaps)
[2017.10.31-18.52.57:411][101]LogStaticLightingSystem: Lightmap texture memory:  0.5 MB (0.5 MB streaming, 0.0 MB non-streaming), 4 textures
[2017.10.31-18.52.57:411][101]LogStaticLightingSystem: Shadowmap texture memory: 0.2 MB (0.2 MB streaming, 0.0 MB non-streaming), 2 textures
[2017.10.31-18.52.58:149][101]DumpUnbuiltLightIteractions
[2017.10.31-18.52.58:149][101]Lights with unbuilt interactions: 0
[2017.10.31-18.52.58:149][101]
[2017.10.31-18.52.58:149][101]Primitives with unbuilt interactions: 0
[2017.10.31-18.52.58:193][102]Cmd: MAP CHECK NOTIFYRESULTS
[2017.10.31-18.52.58:194][102]MapCheck: New page: DemoMap - Oct 31, 2017, 4:52:58 AM
[2017.10.31-18.52.58:337][102]MapCheck: Map check complete: 0 Error(s), 0 Warning(s), took 143.203ms to complete.
[2017.10.31-18.54.53:600][608]LogTemp: Repeating last play command: Selected Viewport
[2017.10.31-18.54.53:750][608]LogPlayLevel: PlayLevel: No blueprints needed recompiling
[2017.10.31-18.54.53:798][608]PIE: New page: PIE session: DemoMap (Oct 31, 2017, 4:54:53 AM)
[2017.10.31-18.54.53:816][608]LogPlayLevel: Creating play world package: /Game/Levels/UEDPIE_0_DemoMap
[2017.10.31-18.54.53:845][608]LogPlayLevel: PIE: StaticDuplicateObject took: (0.028827s)
[2017.10.31-18.54.53:847][608]LogAIModule: Creating AISystem for world DemoMap
[2017.10.31-18.54.53:847][608]LogPlayLevel: PIE: World Init took: (0.001521s)
[2017.10.31-18.54.53:862][608]LogPlayLevel: PIE: Created PIE world by copying editor world from /Game/Levels/DemoMap.DemoMap to /Game/Levels/UEDPIE_0_DemoMap.DemoMap (0.049520s)
[2017.10.31-18.54.53:913][608]LogInit: XAudio2 using 'DELL S2740L (Intel(R) Display Audio)' : 2 channels at 48 kHz using 16 bits per sample (channel mask 0x3)
[2017.10.31-18.54.53:918][608]LogInit: FAudioDevice initialized.
[2017.10.31-18.54.54:026][608]LogLoad: Game class is 'MainGameMode_C'
[2017.10.31-18.54.54:118][608]LogWorld: Bringing World /Game/Levels/UEDPIE_0_DemoMap.DemoMap up for play (max tick rate 0) at 2017.10.31-11.54.54
[2017.10.31-18.54.54:146][608]LogWorld: Bringing up level for play took: 0.028992
[2017.10.31-18.54.54:383][608]LogContentBrowser: Native class hierarchy updated for 'MovieSceneCapture' in 0.0009 seconds. Added 11 classes and 0 folders.
[2017.10.31-18.54.54:717][608]PIE: Play in editor start time for /Game/Levels/UEDPIE_0_DemoMap 0.611
[2017.10.31-18.55.00:473][815]LogScript: Warning: Accessed None trying to read property PreviousCam
	BP_Camera_C /Game/Levels/UEDPIE_0_DemoMap.DemoMap:PersistentLevel.BP_Camera2
	Function /Game/Blueprints/GameBPs/BP_Camera.BP_Camera_C:ExecuteUbergraph_BP_Camera:00BB
[2017.10.31-18.55.00:486][815]PIE: Error: Blueprint Runtime Error: Accessed None trying to read property PreviousCam from function: 'ExecuteUbergraph_BP_Camera' from node: Branch in graph: EventGraph in object: BP_Camera with description: Accessed None trying to read property PreviousCam
[2017.10.31-18.55.03:134][918]LogScript: Warning: Accessed None trying to read property PreviousCam
	BP_Camera_C /Game/Levels/UEDPIE_0_DemoMap.DemoMap:PersistentLevel.BP_Camera2
	Function /Game/Blueprints/GameBPs/BP_Camera.BP_Camera_C:ExecuteUbergraph_BP_Camera:00BB
[2017.10.31-18.55.03:134][918]PIE: Error: Blueprint Runtime Error: Accessed None trying to read property PreviousCam from function: 'ExecuteUbergraph_BP_Camera' from node: Branch in graph: EventGraph in object: BP_Camera with description: Accessed None trying to read property PreviousCam
[2017.10.31-18.55.04:471][969]LogScript: Warning: Accessed None trying to read property PreviousCam
	BP_Camera_C /Game/Levels/UEDPIE_0_DemoMap.DemoMap:PersistentLevel.BP_Camera2
	Function /Game/Blueprints/GameBPs/BP_Camera.BP_Camera_C:ExecuteUbergraph_BP_Camera:00BB
[2017.10.31-18.55.04:471][969]PIE: Error: Blueprint Runtime Error: Accessed None trying to read property PreviousCam from function: 'ExecuteUbergraph_BP_Camera' from node: Branch in graph: EventGraph in object: BP_Camera with description: Accessed None trying to read property PreviousCam
[2017.10.31-18.55.10:857][215]LogScript: Warning: Accessed None trying to read property PreviousCam
	BP_Camera_C /Game/Levels/UEDPIE_0_DemoMap.DemoMap:PersistentLevel.BP_Camera2
	Function /Game/Blueprints/GameBPs/BP_Camera.BP_Camera_C:ExecuteUbergraph_BP_Camera:00BB
[2017.10.31-18.55.10:858][215]PIE: Error: Blueprint Runtime Error: Accessed None trying to read property PreviousCam from function: 'ExecuteUbergraph_BP_Camera' from node: Branch in graph: EventGraph in object: BP_Camera with description: Accessed None trying to read property PreviousCam
[2017.10.31-18.55.52:625][624]LogTemp: Repeating last play command: Selected Viewport
[2017.10.31-18.55.52:653][624]LogPlayLevel: PlayLevel: No blueprints needed recompiling
[2017.10.31-18.55.52:653][624]PIE: New page: PIE session: DemoMap (Oct 31, 2017, 4:55:52 AM)
[2017.10.31-18.55.52:654][624]LogPlayLevel: Creating play world package: /Game/Levels/UEDPIE_0_DemoMap
[2017.10.31-18.55.52:658][624]LogPlayLevel: PIE: StaticDuplicateObject took: (0.004291s)
[2017.10.31-18.55.52:660][624]LogAIModule: Creating AISystem for world DemoMap
[2017.10.31-18.55.52:660][624]LogPlayLevel: PIE: World Init took: (0.001899s)
[2017.10.31-18.55.52:660][624]LogPlayLevel: PIE: Created PIE world by copying editor world from /Game/Levels/DemoMap.DemoMap to /Game/Levels/UEDPIE_0_DemoMap.DemoMap (0.006644s)
[2017.10.31-18.55.52:694][624]LogInit: XAudio2 using 'DELL S2740L (Intel(R) Display Audio)' : 2 channels at 48 kHz using 16 bits per sample (channel mask 0x3)
[2017.10.31-18.55.52:699][624]LogInit: FAudioDevice initialized.
[2017.10.31-18.55.52:750][624]LogLoad: Game class is 'MainGameMode_C'
[2017.10.31-18.55.52:752][624]LogWorld: Bringing World /Game/Levels/UEDPIE_0_DemoMap.DemoMap up for play (max tick rate 0) at 2017.10.31-11.55.52
[2017.10.31-18.55.52:752][624]LogWorld: Bringing up level for play took: 0.001920
[2017.10.31-18.55.52:757][624]PIE: Play in editor start time for /Game/Levels/UEDPIE_0_DemoMap 0.65
[2017.10.31-18.55.55:640][736]LogScript: Warning: Accessed None trying to read property PreviousCam
	BP_Camera_C /Game/Levels/UEDPIE_0_DemoMap.DemoMap:PersistentLevel.BP_Camera_94
	Function /Game/Blueprints/GameBPs/BP_Camera.BP_Camera_C:ExecuteUbergraph_BP_Camera:00BB
[2017.10.31-18.55.55:641][736]PIE: Error: Blueprint Runtime Error: Accessed None trying to read property PreviousCam from function: 'ExecuteUbergraph_BP_Camera' from node: Branch in graph: EventGraph in object: BP_Camera with description: Accessed None trying to read property PreviousCam
[2017.10.31-18.55.59:172][873]LogScript: Warning: Accessed None trying to read property PreviousCam
	BP_Camera_C /Game/Levels/UEDPIE_0_DemoMap.DemoMap:PersistentLevel.BP_Camera_94
	Function /Game/Blueprints/GameBPs/BP_Camera.BP_Camera_C:ExecuteUbergraph_BP_Camera:00BB
[2017.10.31-18.55.59:172][873]PIE: Error: Blueprint Runtime Error: Accessed None trying to read property PreviousCam from function: 'ExecuteUbergraph_BP_Camera' from node: Branch in graph: EventGraph in object: BP_Camera with description: Accessed None trying to read property PreviousCam
[2017.10.31-18.56.00:986][944]LogScript: Warning: Accessed None trying to read property PreviousCam
	BP_Camera_C /Game/Levels/UEDPIE_0_DemoMap.DemoMap:PersistentLevel.BP_Camera_94
	Function /Game/Blueprints/GameBPs/BP_Camera.BP_Camera_C:ExecuteUbergraph_BP_Camera:00BB
[2017.10.31-18.56.00:986][944]PIE: Error: Blueprint Runtime Error: Accessed None trying to read property PreviousCam from function: 'ExecuteUbergraph_BP_Camera' from node: Branch in graph: EventGraph in object: BP_Camera with description: Accessed None trying to read property PreviousCam
[2017.10.31-18.56.02:933][ 19]LogScript: Warning: Accessed None trying to read property PreviousCam
	BP_Camera_C /Game/Levels/UEDPIE_0_DemoMap.DemoMap:PersistentLevel.BP_Camera_94
	Function /Game/Blueprints/GameBPs/BP_Camera.BP_Camera_C:ExecuteUbergraph_BP_Camera:00BB
[2017.10.31-18.56.02:934][ 19]PIE: Error: Blueprint Runtime Error: Accessed None trying to read property PreviousCam from function: 'ExecuteUbergraph_BP_Camera' from node: Branch in graph: EventGraph in object: BP_Camera with description: Accessed None trying to read property PreviousCam
[2017.10.31-18.56.43:321][238]BlueprintLog: New page: Compile BaseCharacter
[2017.10.31-18.56.44:712][251]LogTemp: Repeating last play command: Selected Viewport
[2017.10.31-18.56.44:744][251]LogPlayLevel: PlayLevel: No blueprints needed recompiling
[2017.10.31-18.56.44:745][251]PIE: New page: PIE session: DemoMap (Oct 31, 2017, 4:56:44 AM)
[2017.10.31-18.56.44:745][251]LogPlayLevel: Creating play world package: /Game/Levels/UEDPIE_0_DemoMap
[2017.10.31-18.56.44:747][251]LogPlayLevel: PIE: StaticDuplicateObject took: (0.002698s)
[2017.10.31-18.56.44:748][251]LogAIModule: Creating AISystem for world DemoMap
[2017.10.31-18.56.44:749][251]LogPlayLevel: PIE: World Init took: (0.001069s)
[2017.10.31-18.56.44:749][251]LogPlayLevel: PIE: Created PIE world by copying editor world from /Game/Levels/DemoMap.DemoMap to /Game/Levels/UEDPIE_0_DemoMap.DemoMap (0.004122s)
[2017.10.31-18.56.44:780][251]LogInit: XAudio2 using 'DELL S2740L (Intel(R) Display Audio)' : 2 channels at 48 kHz using 16 bits per sample (channel mask 0x3)
[2017.10.31-18.56.44:786][251]LogInit: FAudioDevice initialized.
[2017.10.31-18.56.44:827][251]LogLoad: Game class is 'MainGameMode_C'
[2017.10.31-18.56.44:829][251]LogWorld: Bringing World /Game/Levels/UEDPIE_0_DemoMap.DemoMap up for play (max tick rate 60) at 2017.10.31-11.56.44
[2017.10.31-18.56.44:830][251]LogWorld: Bringing up level for play took: 0.002172
[2017.10.31-18.56.44:832][251]PIE: Play in editor start time for /Game/Levels/UEDPIE_0_DemoMap 0.726
[2017.10.31-18.56.47:430][352]LogScript: Warning: Accessed None trying to read property PreviousCam
	BP_Camera_C /Game/Levels/UEDPIE_0_DemoMap.DemoMap:PersistentLevel.BP_Camera_94
	Function /Game/Blueprints/GameBPs/BP_Camera.BP_Camera_C:ExecuteUbergraph_BP_Camera:00BB
[2017.10.31-18.56.47:430][352]PIE: Error: Blueprint Runtime Error: Accessed None trying to read property PreviousCam from function: 'ExecuteUbergraph_BP_Camera' from node: Branch in graph: EventGraph in object: BP_Camera with description: Accessed None trying to read property PreviousCam
[2017.10.31-18.56.50:172][458]LogScript: Warning: Accessed None trying to read property PreviousCam
	BP_Camera_C /Game/Levels/UEDPIE_0_DemoMap.DemoMap:PersistentLevel.BP_Camera_94
	Function /Game/Blueprints/GameBPs/BP_Camera.BP_Camera_C:ExecuteUbergraph_BP_Camera:00BB
[2017.10.31-18.56.50:172][458]PIE: Error: Blueprint Runtime Error: Accessed None trying to read property PreviousCam from function: 'ExecuteUbergraph_BP_Camera' from node: Branch in graph: EventGraph in object: BP_Camera with description: Accessed None trying to read property PreviousCam
[2017.10.31-18.57.01:549][903]LogScript: Warning: Accessed None trying to read property PreviousCam
	BP_Camera_C /Game/Levels/UEDPIE_0_DemoMap.DemoMap:PersistentLevel.BP_Camera_94
	Function /Game/Blueprints/GameBPs/BP_Camera.BP_Camera_C:ExecuteUbergraph_BP_Camera:00BB
[2017.10.31-18.57.01:549][903]PIE: Error: Blueprint Runtime Error: Accessed None trying to read property PreviousCam from function: 'ExecuteUbergraph_BP_Camera' from node: Branch in graph: EventGraph in object: BP_Camera with description: Accessed None trying to read property PreviousCam
[2017.10.31-18.57.05:398][ 52]LogScript: Warning: Accessed None trying to read property PreviousCam
	BP_Camera_C /Game/Levels/UEDPIE_0_DemoMap.DemoMap:PersistentLevel.BP_Camera_94
	Function /Game/Blueprints/GameBPs/BP_Camera.BP_Camera_C:ExecuteUbergraph_BP_Camera:00BB
[2017.10.31-18.57.05:399][ 52]PIE: Error: Blueprint Runtime Error: Accessed None trying to read property PreviousCam from function: 'ExecuteUbergraph_BP_Camera' from node: Branch in graph: EventGraph in object: BP_Camera with description: Accessed None trying to read property PreviousCam
[2017.10.31-18.57.09:291][202]LogScript: Warning: Accessed None trying to read property PreviousCam
	BP_Camera_C /Game/Levels/UEDPIE_0_DemoMap.DemoMap:PersistentLevel.BP_Camera_94
	Function /Game/Blueprints/GameBPs/BP_Camera.BP_Camera_C:ExecuteUbergraph_BP_Camera:00BB
[2017.10.31-18.57.09:291][202]PIE: Error: Blueprint Runtime Error: Accessed None trying to read property PreviousCam from function: 'ExecuteUbergraph_BP_Camera' from node: Branch in graph: EventGraph in object: BP_Camera with description: Accessed None trying to read property PreviousCam
[2017.10.31-18.57.20:079][620]LogScript: Warning: Accessed None trying to read property PreviousCam
	BP_Camera_C /Game/Levels/UEDPIE_0_DemoMap.DemoMap:PersistentLevel.BP_Camera_94
	Function /Game/Blueprints/GameBPs/BP_Camera.BP_Camera_C:ExecuteUbergraph_BP_Camera:00BB
[2017.10.31-18.57.20:079][620]PIE: Error: Blueprint Runtime Error: Accessed None trying to read property PreviousCam from function: 'ExecuteUbergraph_BP_Camera' from node: Branch in graph: EventGraph in object: BP_Camera with description: Accessed None trying to read property PreviousCam
[2017.10.31-18.57.40:352][261]LogEditorViewport: Clicking on Actor (LMB): BP_Camera_C (BP_Camera)
[2017.10.31-18.57.57:819][728]LogTemp: Repeating last play command: Selected Viewport
[2017.10.31-18.57.57:849][728]LogPlayLevel: PlayLevel: No blueprints needed recompiling
[2017.10.31-18.57.57:849][728]PIE: New page: PIE session: DemoMap (Oct 31, 2017, 4:57:57 AM)
[2017.10.31-18.57.57:849][728]LogPlayLevel: Creating play world package: /Game/Levels/UEDPIE_0_DemoMap
[2017.10.31-18.57.57:854][728]LogPlayLevel: PIE: StaticDuplicateObject took: (0.004728s)
[2017.10.31-18.57.57:855][728]LogAIModule: Creating AISystem for world DemoMap
[2017.10.31-18.57.57:855][728]LogPlayLevel: PIE: World Init took: (0.001065s)
[2017.10.31-18.57.57:855][728]LogPlayLevel: PIE: Created PIE world by copying editor world from /Game/Levels/DemoMap.DemoMap to /Game/Levels/UEDPIE_0_DemoMap.DemoMap (0.006148s)
[2017.10.31-18.57.57:919][728]LogInit: XAudio2 using 'DELL S2740L (Intel(R) Display Audio)' : 2 channels at 48 kHz using 16 bits per sample (channel mask 0x3)
[2017.10.31-18.57.57:925][728]LogInit: FAudioDevice initialized.
[2017.10.31-18.57.57:959][728]LogLoad: Game class is 'MainGameMode_C'
[2017.10.31-18.57.57:962][728]LogWorld: Bringing World /Game/Levels/UEDPIE_0_DemoMap.DemoMap up for play (max tick rate 60) at 2017.10.31-11.57.57
[2017.10.31-18.57.57:962][728]LogWorld: Bringing up level for play took: 0.001944
[2017.10.31-18.57.57:964][728]PIE: Play in editor start time for /Game/Levels/UEDPIE_0_DemoMap -0.142
[2017.10.31-18.58.01:093][850]LogScript: Warning: Accessed None trying to read property PreviousCam
	BP_Camera_C /Game/Levels/UEDPIE_0_DemoMap.DemoMap:PersistentLevel.BP_Camera_94
	Function /Game/Blueprints/GameBPs/BP_Camera.BP_Camera_C:ExecuteUbergraph_BP_Camera:00BB
[2017.10.31-18.58.01:093][850]PIE: Error: Blueprint Runtime Error: Accessed None trying to read property PreviousCam from function: 'ExecuteUbergraph_BP_Camera' from node: Branch in graph: EventGraph in object: BP_Camera with description: Accessed None trying to read property PreviousCam
[2017.10.31-18.58.09:680][126]Cmd: TRANSACTION UNDO
[2017.10.31-18.58.09:680][126]LogEditorTransaction: Undo Move Actors
[2017.10.31-18.58.09:685][126]LogActorComponent: ~FComponentReregisterContext: (/Game/Levels/DemoMap.DemoMap:PersistentLevel.BP_Camera_94.SceneComponent) Component already registered.
[2017.10.31-18.58.09:766][126]LogSlate: Took 0.000278 seconds to synchronously load lazily loaded font '../../../Engine/Content/Slate/Fonts/Roboto-Light.ttf' (159K)
[2017.10.31-18.58.11:639][172]LogTemp: Repeating last play command: Selected Viewport
[2017.10.31-18.58.11:668][172]LogPlayLevel: PlayLevel: No blueprints needed recompiling
[2017.10.31-18.58.11:668][172]PIE: New page: PIE session: DemoMap (Oct 31, 2017, 4:58:11 AM)
[2017.10.31-18.58.11:668][172]LogPlayLevel: Creating play world package: /Game/Levels/UEDPIE_0_DemoMap
[2017.10.31-18.58.11:672][172]LogPlayLevel: PIE: StaticDuplicateObject took: (0.003475s)
[2017.10.31-18.58.11:673][172]LogAIModule: Creating AISystem for world DemoMap
[2017.10.31-18.58.11:673][172]LogPlayLevel: PIE: World Init took: (0.000966s)
[2017.10.31-18.58.11:673][172]LogPlayLevel: PIE: Created PIE world by copying editor world from /Game/Levels/DemoMap.DemoMap to /Game/Levels/UEDPIE_0_DemoMap.DemoMap (0.004800s)
[2017.10.31-18.58.11:736][172]LogInit: XAudio2 using 'DELL S2740L (Intel(R) Display Audio)' : 2 channels at 48 kHz using 16 bits per sample (channel mask 0x3)
[2017.10.31-18.58.11:741][172]LogInit: FAudioDevice initialized.
[2017.10.31-18.58.11:776][172]LogLoad: Game class is 'MainGameMode_C'
[2017.10.31-18.58.11:778][172]LogWorld: Bringing World /Game/Levels/UEDPIE_0_DemoMap.DemoMap up for play (max tick rate 60) at 2017.10.31-11.58.11
[2017.10.31-18.58.11:778][172]LogWorld: Bringing up level for play took: 0.001794
[2017.10.31-18.58.11:780][172]PIE: Play in editor start time for /Game/Levels/UEDPIE_0_DemoMap -0.326
[2017.10.31-18.58.20:415][506]LogScript: Warning: Accessed None trying to read property PreviousCam
	BP_Camera_C /Game/Levels/UEDPIE_0_DemoMap.DemoMap:PersistentLevel.BP_Camera2
	Function /Game/Blueprints/GameBPs/BP_Camera.BP_Camera_C:ExecuteUbergraph_BP_Camera:00BB
[2017.10.31-18.58.20:415][506]PIE: Error: Blueprint Runtime Error: Accessed None trying to read property PreviousCam from function: 'ExecuteUbergraph_BP_Camera' from node: Branch in graph: EventGraph in object: BP_Camera with description: Accessed None trying to read property PreviousCam
[2017.10.31-18.58.28:415][815]LogScript: Warning: Accessed None trying to read property PreviousCam
	BP_Camera_C /Game/Levels/UEDPIE_0_DemoMap.DemoMap:PersistentLevel.BP_Camera_94
	Function /Game/Blueprints/GameBPs/BP_Camera.BP_Camera_C:ExecuteUbergraph_BP_Camera:00BB
[2017.10.31-18.58.28:415][815]PIE: Error: Blueprint Runtime Error: Accessed None trying to read property PreviousCam from function: 'ExecuteUbergraph_BP_Camera' from node: Branch in graph: EventGraph in object: BP_Camera with description: Accessed None trying to read property PreviousCam
[2017.10.31-18.58.31:267][925]LogScript: Warning: Accessed None trying to read property PreviousCam
	BP_Camera_C /Game/Levels/UEDPIE_0_DemoMap.DemoMap:PersistentLevel.BP_Camera_94
	Function /Game/Blueprints/GameBPs/BP_Camera.BP_Camera_C:ExecuteUbergraph_BP_Camera:00BB
[2017.10.31-18.58.31:267][925]PIE: Error: Blueprint Runtime Error: Accessed None trying to read property PreviousCam from function: 'ExecuteUbergraph_BP_Camera' from node: Branch in graph: EventGraph in object: BP_Camera with description: Accessed None trying to read property PreviousCam
[2017.10.31-18.58.33:765][ 22]LogScript: Warning: Accessed None trying to read property PreviousCam
	BP_Camera_C /Game/Levels/UEDPIE_0_DemoMap.DemoMap:PersistentLevel.BP_Camera_94
	Function /Game/Blueprints/GameBPs/BP_Camera.BP_Camera_C:ExecuteUbergraph_BP_Camera:00BB
[2017.10.31-18.58.33:766][ 22]PIE: Error: Blueprint Runtime Error: Accessed None trying to read property PreviousCam from function: 'ExecuteUbergraph_BP_Camera' from node: Branch in graph: EventGraph in object: BP_Camera with description: Accessed None trying to read property PreviousCam
[2017.10.31-18.58.36:390][123]LogScript: Warning: Accessed None trying to read property PreviousCam
	BP_Camera_C /Game/Levels/UEDPIE_0_DemoMap.DemoMap:PersistentLevel.BP_Camera_94
	Function /Game/Blueprints/GameBPs/BP_Camera.BP_Camera_C:ExecuteUbergraph_BP_Camera:00BB
[2017.10.31-18.58.36:390][123]PIE: Error: Blueprint Runtime Error: Accessed None trying to read property PreviousCam from function: 'ExecuteUbergraph_BP_Camera' from node: Branch in graph: EventGraph in object: BP_Camera with description: Accessed None trying to read property PreviousCam
[2017.10.31-18.58.43:289][390]LogScript: Warning: Accessed None trying to read property PreviousCam
	BP_Camera_C /Game/Levels/UEDPIE_0_DemoMap.DemoMap:PersistentLevel.BP_Camera_94
	Function /Game/Blueprints/GameBPs/BP_Camera.BP_Camera_C:ExecuteUbergraph_BP_Camera:00BB
[2017.10.31-18.58.43:289][390]PIE: Error: Blueprint Runtime Error: Accessed None trying to read property PreviousCam from function: 'ExecuteUbergraph_BP_Camera' from node: Branch in graph: EventGraph in object: BP_Camera with description: Accessed None trying to read property PreviousCam
[2017.10.31-18.58.55:457][861]LogScript: Warning: Accessed None trying to read property PreviousCam
	BP_Camera_C /Game/Levels/UEDPIE_0_DemoMap.DemoMap:PersistentLevel.BP_Camera2
	Function /Game/Blueprints/GameBPs/BP_Camera.BP_Camera_C:ExecuteUbergraph_BP_Camera:00BB
[2017.10.31-18.58.55:457][861]PIE: Error: Blueprint Runtime Error: Accessed None trying to read property PreviousCam from function: 'ExecuteUbergraph_BP_Camera' from node: Branch in graph: EventGraph in object: BP_Camera with description: Accessed None trying to read property PreviousCam
[2017.10.31-18.58.58:901][994]LogScript: Warning: Accessed None trying to read property PreviousCam
	BP_Camera_C /Game/Levels/UEDPIE_0_DemoMap.DemoMap:PersistentLevel.BP_Camera_94
	Function /Game/Blueprints/GameBPs/BP_Camera.BP_Camera_C:ExecuteUbergraph_BP_Camera:00BB
[2017.10.31-18.58.58:902][994]PIE: Error: Blueprint Runtime Error: Accessed None trying to read property PreviousCam from function: 'ExecuteUbergraph_BP_Camera' from node: Branch in graph: EventGraph in object: BP_Camera with description: Accessed None trying to read property PreviousCam
[2017.10.31-19.00.05:973][712]LogEditorViewport: Clicking on Actor (LMB): StaticMeshActor (Floor)
[2017.10.31-19.00.21:972][155]MapCheck: New page: Map Check
[2017.10.31-19.00.21:990][155]LightingResults: New page: Lighting Build - Oct 31, 2017, 5:00:21 AM
[2017.10.31-19.00.22:019][155]LogSwarmInterface: [OpenConnection] Registering TCP channel ...
[2017.10.31-19.00.22:022][155]LogSwarmInterface: [OpenConnection] Connecting to agent ...
[2017.10.31-19.00.22:022][155]LogSwarmInterface: [TryOpenConnection] Testing the Agent
[2017.10.31-19.00.22:023][155]LogSwarmInterface: [TryOpenConnection] Opening Connection to Agent
[2017.10.31-19.00.22:024][155]LogSwarmInterface: [TryOpenConnection] Local Process ID is 2820
[2017.10.31-19.00.26:549][155]LogStaticLightingSystem: Warning: No importance volume found, so the scene bounding box was used.  You can optimize your scene's quality and lighting build times by adding importance volumes.
[2017.10.31-19.00.26:549][155]LogStaticLightingSystem: Running Lightmass w/ ImmediateImport mode ENABLED
[2017.10.31-19.00.26:549][155]LogStaticLightingSystem: Running Lightmass w/ ImmediateProcess mode ENABLED
[2017.10.31-19.00.26:549][155]LogStaticLightingSystem: Running Lightmass w/ Sorting mode ENABLED
[2017.10.31-19.00.26:549][155]LogStaticLightingSystem: Running Lightmass w/ Mapping paddings ENABLED
[2017.10.31-19.00.26:549][155]LogStaticLightingSystem: Running Lightmass w/ Mapping debug paddings DISABLED
[2017.10.31-19.00.26:730][155]LogEditorBuildUtils: Build time 0:04
[2017.10.31-19.00.29:034][207]Job is a success!
[2017.10.31-19.00.29:387][208]LogTexture: Display: Building textures: HQ_Lightmap1_1 (AutoDXT, 512X512)
[2017.10.31-19.00.29:387][208]LogTexture: Display: Building textures: LQ_Lightmap_1_1 (DXT1, 512X512)
[2017.10.31-19.00.29:388][208]LogTexture: Display: Building textures: HQ_Lightmap1_2 (AutoDXT, 64X64)
[2017.10.31-19.00.29:388][208]LogTexture: Display: Building textures: LQ_Lightmap_1_2 (DXT1, 64X64)
[2017.10.31-19.00.29:388][208]LogTexture: Display: Building textures: ShadowMapTexture2D_2 (G8, 1024X128)
[2017.10.31-19.00.29:388][208]LogTexture: Display: Building textures: ShadowMapTexture2D_3 (G8, 32X32)
[2017.10.31-19.00.29:440][208]LogStaticLightingSystem: Illumination: 7.36 sec (86 ms encoding lightmaps, 104 ms encoding shadowmaps)
[2017.10.31-19.00.29:440][208]LogStaticLightingSystem: Lightmap texture memory:  0.5 MB (0.5 MB streaming, 0.0 MB non-streaming), 4 textures
[2017.10.31-19.00.29:440][208]LogStaticLightingSystem: Shadowmap texture memory: 0.2 MB (0.2 MB streaming, 0.0 MB non-streaming), 2 textures
[2017.10.31-19.00.29:556][208]DumpUnbuiltLightIteractions
[2017.10.31-19.00.29:556][208]Lights with unbuilt interactions: 0
[2017.10.31-19.00.29:556][208]
[2017.10.31-19.00.29:556][208]Primitives with unbuilt interactions: 0
[2017.10.31-19.00.29:589][209]Cmd: MAP CHECK NOTIFYRESULTS
[2017.10.31-19.00.29:590][209]MapCheck: New page: DemoMap - Oct 31, 2017, 5:00:29 AM
[2017.10.31-19.00.29:705][209]MapCheck: Map check complete: 0 Error(s), 0 Warning(s), took 114.991ms to complete.
[2017.10.31-19.00.32:409][287]LogTemp: Repeating last play command: Selected Viewport
[2017.10.31-19.00.32:439][287]LogPlayLevel: PlayLevel: No blueprints needed recompiling
[2017.10.31-19.00.32:439][287]PIE: New page: PIE session: DemoMap (Oct 31, 2017, 5:00:32 AM)
[2017.10.31-19.00.32:439][287]LogPlayLevel: Creating play world package: /Game/Levels/UEDPIE_0_DemoMap
[2017.10.31-19.00.32:443][287]LogPlayLevel: PIE: StaticDuplicateObject took: (0.003667s)
[2017.10.31-19.00.32:444][287]LogAIModule: Creating AISystem for world DemoMap
[2017.10.31-19.00.32:444][287]LogPlayLevel: PIE: World Init took: (0.001258s)
[2017.10.31-19.00.32:444][287]LogPlayLevel: PIE: Created PIE world by copying editor world from /Game/Levels/DemoMap.DemoMap to /Game/Levels/UEDPIE_0_DemoMap.DemoMap (0.005321s)
[2017.10.31-19.00.32:480][287]LogInit: XAudio2 using 'DELL S2740L (Intel(R) Display Audio)' : 2 channels at 48 kHz using 16 bits per sample (channel mask 0x3)
[2017.10.31-19.00.32:485][287]LogInit: FAudioDevice initialized.
[2017.10.31-19.00.32:525][287]LogLoad: Game class is 'MainGameMode_C'
[2017.10.31-19.00.32:527][287]LogWorld: Bringing World /Game/Levels/UEDPIE_0_DemoMap.DemoMap up for play (max tick rate 60) at 2017.10.31-12.00.32
[2017.10.31-19.00.32:527][287]LogWorld: Bringing up level for play took: 0.002140
[2017.10.31-19.00.32:530][287]PIE: Play in editor start time for /Game/Levels/UEDPIE_0_DemoMap 0.424
[2017.10.31-19.00.39:950][573]PIE: Error: Blueprint Runtime Error: Accessed None trying to read property PreviousCam from function: 'ExecuteUbergraph_BP_Camera' from node: Branch in graph: EventGraph in object: BP_Camera with description: Accessed None trying to read property PreviousCam
[2017.10.31-19.00.43:926][726]PIE: Error: Blueprint Runtime Error: Accessed None trying to read property PreviousCam from function: 'ExecuteUbergraph_BP_Camera' from node: Branch in graph: EventGraph in object: BP_Camera with description: Accessed None trying to read property PreviousCam
[2017.10.31-19.00.49:577][945]PIE: Error: Blueprint Runtime Error: Accessed None trying to read property PreviousCam from function: 'ExecuteUbergraph_BP_Camera' from node: Branch in graph: EventGraph in object: BP_Camera with description: Accessed None trying to read property PreviousCam
[2017.10.31-19.01.02:094][334]LogEditorViewport: Clicking on Actor (LMB): StaticMeshActor (Floor7)
[2017.10.31-19.01.08:255][515]Cmd: TRANSACTION UNDO
[2017.10.31-19.01.08:255][515]LogEditorTransaction: Undo Move Actors
[2017.10.31-19.01.08:634][524]Cmd: TRANSACTION UNDO
[2017.10.31-19.01.08:634][524]LogEditorTransaction: Undo Clicking on Actors
[2017.10.31-19.01.15:134][717]Cmd: DELETE
[2017.10.31-19.01.15:134][717]Cmd: ACTOR DELETE
[2017.10.31-19.01.15:200][717]LogEditorActor: Deleted Actor: StaticMeshActor
[2017.10.31-19.01.15:227][717]LogEditorActor: Deleted 1 Actors (0.027 secs)
[2017.10.31-19.01.15:646][730]LogEditorViewport: Clicking on Actor (LMB): StaticMeshActor (Floor6)
[2017.10.31-19.01.15:770][732]Cmd: DELETE
[2017.10.31-19.01.15:771][732]Cmd: ACTOR DELETE
[2017.10.31-19.01.15:771][732]LogEditorActor: Deleted Actor: StaticMeshActor
[2017.10.31-19.01.15:795][732]LogEditorActor: Deleted 1 Actors (0.024 secs)
[2017.10.31-19.01.16:230][746]LogEditorViewport: Clicking on Actor (LMB): StaticMeshActor (Floor)
[2017.10.31-19.01.23:554][882]LogEditorViewport: Clicking on Actor (LMB): BP_Sky_Sphere_C (Sky Sphere)
[2017.10.31-19.01.24:706][915]LogEditorViewport: Clicking on Actor (LMB): StaticMeshActor (Floor)
[2017.10.31-19.02.02:095][401]LogEditorViewport: Clicking on Actor (LMB): StaticMeshActor (Floor5)
[2017.10.31-19.02.03:867][452]Cmd: DELETE
[2017.10.31-19.02.03:867][452]Cmd: ACTOR DELETE
[2017.10.31-19.02.03:868][452]LogEditorActor: Deleted Actor: StaticMeshActor
[2017.10.31-19.02.03:896][452]LogEditorActor: Deleted 1 Actors (0.028 secs)
[2017.10.31-19.02.05:588][503]LogEditorViewport: Clicking on Actor (LMB): StaticMeshActor (Floor2)
[2017.10.31-19.02.07:191][549]LogEditorViewport: Clicking on Actor (LMB): StaticMeshActor (Floor)
[2017.10.31-19.02.11:632][673]LogEditorViewport: Clicking on Actor (LMB): StaticMeshActor (Floor2)
[2017.10.31-19.02.13:823][737]LogEditorViewport: Clicking on Actor (LMB): StaticMeshActor (Floor4)
[2017.10.31-19.02.14:848][766]Cmd: DELETE
[2017.10.31-19.02.14:848][766]Cmd: ACTOR DELETE
[2017.10.31-19.02.14:849][766]LogEditorActor: Deleted Actor: StaticMeshActor
[2017.10.31-19.02.14:877][766]LogEditorActor: Deleted 1 Actors (0.028 secs)
[2017.10.31-19.02.16:305][808]LogEditorViewport: Clicking on Actor (LMB): StaticMeshActor (Floor3)
[2017.10.31-19.02.18:766][878]LogEditorViewport: Clicking on Actor (LMB): StaticMeshActor (Floor2)
[2017.10.31-19.02.39:447][413]LogEditorViewport: Clicking on Actor (LMB): StaticMeshActor (Floor3)
[2017.10.31-19.02.53:870][712]LogEditorViewport: Clicking on Actor (context menu): BP_Sky_Sphere_C (Sky Sphere)
[2017.10.31-19.02.54:988][736]LogEditorViewport: Clicking on Actor (LMB): BP_Sky_Sphere_C (Sky Sphere)
[2017.10.31-19.02.56:795][784]MapCheck: New page: Map Check
[2017.10.31-19.02.56:814][784]LightingResults: New page: Lighting Build - Oct 31, 2017, 5:02:56 AM
[2017.10.31-19.02.56:876][784]LogSwarmInterface: [OpenConnection] Registering TCP channel ...
[2017.10.31-19.02.56:878][784]LogSwarmInterface: [OpenConnection] Connecting to agent ...
[2017.10.31-19.02.56:878][784]LogSwarmInterface: [TryOpenConnection] Testing the Agent
[2017.10.31-19.02.56:879][784]LogSwarmInterface: [TryOpenConnection] Opening Connection to Agent
[2017.10.31-19.02.56:879][784]LogSwarmInterface: [TryOpenConnection] Local Process ID is 2820
[2017.10.31-19.03.01:400][784]LogStaticLightingSystem: Warning: No importance volume found, so the scene bounding box was used.  You can optimize your scene's quality and lighting build times by adding importance volumes.
[2017.10.31-19.03.01:401][784]LogStaticLightingSystem: Running Lightmass w/ ImmediateImport mode ENABLED
[2017.10.31-19.03.01:401][784]LogStaticLightingSystem: Running Lightmass w/ ImmediateProcess mode ENABLED
[2017.10.31-19.03.01:401][784]LogStaticLightingSystem: Running Lightmass w/ Sorting mode ENABLED
[2017.10.31-19.03.01:401][784]LogStaticLightingSystem: Running Lightmass w/ Mapping paddings ENABLED
[2017.10.31-19.03.01:401][784]LogStaticLightingSystem: Running Lightmass w/ Mapping debug paddings DISABLED
[2017.10.31-19.03.01:779][784]LogEditorBuildUtils: Build time 0:04
[2017.10.31-19.03.03:995][823]Job is a success!
[2017.10.31-19.03.04:317][824]LogTexture: Display: Building textures: HQ_Lightmap0_1 (AutoDXT, 512X512)
[2017.10.31-19.03.04:317][824]LogTexture: Display: Building textures: LQ_Lightmap_0_1 (DXT1, 512X512)
[2017.10.31-19.03.04:317][824]LogTexture: Display: Building textures: HQ_Lightmap0_2 (AutoDXT, 64X64)
[2017.10.31-19.03.04:317][824]LogTexture: Display: Building textures: LQ_Lightmap_0_2 (DXT1, 64X64)
[2017.10.31-19.03.04:317][824]LogTexture: Display: Building textures: ShadowMapTexture2D_4 (G8, 512X128)
[2017.10.31-19.03.04:317][824]LogTexture: Display: Building textures: ShadowMapTexture2D_5 (G8, 32X32)
[2017.10.31-19.03.04:369][824]LogStaticLightingSystem: Illumination: 7.46 sec (57 ms encoding lightmaps, 106 ms encoding shadowmaps)
[2017.10.31-19.03.04:369][824]LogStaticLightingSystem: Lightmap texture memory:  0.5 MB (0.5 MB streaming, 0.0 MB non-streaming), 4 textures
[2017.10.31-19.03.04:369][824]LogStaticLightingSystem: Shadowmap texture memory: 0.1 MB (0.1 MB streaming, 0.0 MB non-streaming), 2 textures
[2017.10.31-19.03.04:404][824]DumpUnbuiltLightIteractions
[2017.10.31-19.03.04:405][824]Lights with unbuilt interactions: 0
[2017.10.31-19.03.04:405][824]
[2017.10.31-19.03.04:405][824]Primitives with unbuilt interactions: 0
[2017.10.31-19.03.04:444][825]Cmd: MAP CHECK NOTIFYRESULTS
[2017.10.31-19.03.04:445][825]MapCheck: New page: DemoMap - Oct 31, 2017, 5:03:04 AM
[2017.10.31-19.03.04:569][825]MapCheck: Map check complete: 0 Error(s), 0 Warning(s), took 124.643ms to complete.
[2017.10.31-19.03.06:173][870]LogEditorViewport: Clicking on Actor (LMB): BP_Camera_C (BP_Camera)
[2017.10.31-19.03.16:889][146]LogEditorViewport: Clicking on Actor (LMB): StaticMeshActor (Floor)
[2017.10.31-19.03.28:291][444]LogEditorViewport: Clicking on Actor (LMB): StaticMeshActor (Floor2)
[2017.10.31-19.03.40:197][780]LogEditorViewport: Clicking on Actor (LMB): StaticMeshActor (Floor3)
[2017.10.31-19.03.44:708][878]LogEditorViewport: Clicking on Actor (LMB): BP_Sky_Sphere_C (Sky Sphere)
[2017.10.31-19.03.47:160][947]LogTemp: Repeating last play command: Selected Viewport
[2017.10.31-19.03.47:192][947]LogPlayLevel: PlayLevel: No blueprints needed recompiling
[2017.10.31-19.03.47:193][947]PIE: New page: PIE session: DemoMap (Oct 31, 2017, 5:03:47 AM)
[2017.10.31-19.03.47:193][947]LogPlayLevel: Creating play world package: /Game/Levels/UEDPIE_0_DemoMap
[2017.10.31-19.03.47:197][947]LogPlayLevel: PIE: StaticDuplicateObject took: (0.003772s)
[2017.10.31-19.03.47:198][947]LogAIModule: Creating AISystem for world DemoMap
[2017.10.31-19.03.47:198][947]LogPlayLevel: PIE: World Init took: (0.001333s)
[2017.10.31-19.03.47:198][947]LogPlayLevel: PIE: Created PIE world by copying editor world from /Game/Levels/DemoMap.DemoMap to /Game/Levels/UEDPIE_0_DemoMap.DemoMap (0.005475s)
[2017.10.31-19.03.47:231][947]LogInit: XAudio2 using 'DELL S2740L (Intel(R) Display Audio)' : 2 channels at 48 kHz using 16 bits per sample (channel mask 0x3)
[2017.10.31-19.03.47:236][947]LogInit: FAudioDevice initialized.
[2017.10.31-19.03.47:273][947]LogLoad: Game class is 'MainGameMode_C'
[2017.10.31-19.03.47:274][947]LogWorld: Bringing World /Game/Levels/UEDPIE_0_DemoMap.DemoMap up for play (max tick rate 60) at 2017.10.31-12.03.47
[2017.10.31-19.03.47:275][947]LogWorld: Bringing up level for play took: 0.001648
[2017.10.31-19.03.47:277][947]PIE: Play in editor start time for /Game/Levels/UEDPIE_0_DemoMap -0.829
[2017.10.31-19.04.08:840][686]Cmd: OBJ SAVEPACKAGE PACKAGE="/Game/Levels/DemoMap" FILE="../../../../../../Users/Kevin/Desktop/cyberwitch/Cyberwitch_Project/Content/Levels/DemoMap.umap" SILENT=true AUTOSAVING=false KEEPDIRTY=false
[2017.10.31-19.04.09:247][686]LogSavePackage: Save=115.86ms
[2017.10.31-19.04.09:247][686]LogSavePackage: Moving '../../../../../../Users/Kevin/Desktop/cyberwitch/Cyberwitch_Project/Saved/DemoMap6B6BA9D64212546CD5FDC898C60433E4.tmp' to '../../../../../../Users/Kevin/Desktop/cyberwitch/Cyberwitch_Project/Content/Levels/DemoMap.umap'
[2017.10.31-19.04.09:255][686]LogSavePackage: Display: Finished SavePackage ../../../../../../Users/Kevin/Desktop/cyberwitch/Cyberwitch_Project/Content/Levels/DemoMap.umap
[2017.10.31-19.04.09:334][686]LogFileHelpers: Saving map 'DemoMap' took 0.638
[2017.10.31-19.04.09:338][686]Cmd: OBJ SAVEPACKAGE PACKAGE="/Game/Levels/DemoMap_BuiltData" FILE="../../../../../../Users/Kevin/Desktop/cyberwitch/Cyberwitch_Project/Content/Levels/DemoMap_BuiltData.uasset" SILENT=true
[2017.10.31-19.04.09:404][686]LogSavePackage: Save=62.25ms
[2017.10.31-19.04.09:404][686]LogSavePackage: Moving '../../../../../../Users/Kevin/Desktop/cyberwitch/Cyberwitch_Project/Saved/DemoMap_BuiltData67DF8D5E41F69BDE7A507C94911CC26E.tmp' to '../../../../../../Users/Kevin/Desktop/cyberwitch/Cyberwitch_Project/Content/Levels/DemoMap_BuiltData.uasset'
[2017.10.31-19.04.09:411][686]LogSavePackage: Display: Finished SavePackage ../../../../../../Users/Kevin/Desktop/cyberwitch/Cyberwitch_Project/Content/Levels/DemoMap_BuiltData.uasset
[2017.10.31-19.04.09:574][686]LogSavePackage: Save=103.70ms
[2017.10.31-19.04.09:574][686]LogSavePackage: Moving '../../../../../../Users/Kevin/Desktop/cyberwitch/Cyberwitch_Project/Saved/BaseCharacter055A0A0949EAD3DD92BC4FBF43B54466.tmp' to '../../../../../../Users/Kevin/Desktop/cyberwitch/Cyberwitch_Project/Content/Blueprints/Character/Player/BaseCharacter.uasset'
[2017.10.31-19.04.09:593][686]LogSavePackage: Display: Finished SavePackage ../../../../../../Users/Kevin/Desktop/cyberwitch/Cyberwitch_Project/Content/Blueprints/Character/Player/BaseCharacter.uasset
[2017.10.31-19.34.58:315][336]LogAudio: Warning: Current Audio Device with ID {0.0.0.00000000}.{48eb733e-477b-456b-bef7-22700dabb3e4} was removed. Shutting down audio device.
[2017.10.31-19.34.58:315][336]LogAudio: Warning: Current Audio Device with ID {0.0.0.00000000}.{48eb733e-477b-456b-bef7-22700dabb3e4} was removed. Shutting down audio device.
