Log file open, 01/09/18 20:15:48
LogWindows: Failed to load 'aqProf.dll' (GetLastError=126)
LogWindows: File 'aqProf.dll' does not exist
LogWindows: Failed to load 'VtuneApi.dll' (GetLastError=126)
LogWindows: File 'VtuneApi.dll' does not exist
LogWindows: Failed to load 'VtuneApi32e.dll' (GetLastError=126)
LogWindows: File 'VtuneApi32e.dll' does not exist
LogInit: Display: Running engine for game: Cyberwitch_Project
LogPlatformFile: Not using cached read wrapper
LogInit: Display: RandInit(-931805094) SRandInit(-931805094).
LogTaskGraph: Started task graph with 5 named threads and 53 total threads with 3 sets of task threads.
LogStats: Stats thread started at 0.610698
LogD3D11RHI: Aftermath initialized
LogPluginManager: Display: Disabled plugin 'HoudiniEngine', continuing.
LogPluginManager: Mounting plugin Paper2D
LogPluginManager: Mounting plugin LightPropagationVolume
LogPluginManager: Mounting plugin CodeLiteSourceCodeAccess
LogPluginManager: Mounting plugin GitSourceControl
LogPluginManager: Mounting plugin KDevelopSourceCodeAccess
LogPluginManager: Mounting plugin NullSourceCodeAccess
LogPluginManager: Mounting plugin PerforceSourceControl
LogPluginManager: Mounting plugin SubversionSourceControl
LogPluginManager: Mounting plugin UObjectPlugin
LogPluginManager: Mounting plugin VisualStudioSourceCodeAccess
LogPluginManager: Mounting plugin XCodeSourceCodeAccess
LogPluginManager: Mounting plugin AssetManagerEditor
LogPluginManager: Mounting plugin AudioCapture
LogPluginManager: Mounting plugin FacialAnimation
LogPluginManager: Mounting plugin GameplayTagsEditor
LogPluginManager: Mounting plugin MobileLauncherProfileWizard
LogPluginManager: Mounting plugin PluginBrowser
LogPluginManager: Mounting plugin SpeedTreeImporter
LogPluginManager: Mounting plugin AlembicImporter
LogPluginManager: Mounting plugin CharacterAI
LogPluginManager: Mounting plugin HTML5Networking
LogPluginManager: Mounting plugin AndroidMedia
LogPluginManager: Mounting plugin AvfMedia
LogPluginManager: Mounting plugin MediaPlayerEditor
LogPluginManager: Mounting plugin WmfMedia
LogPluginManager: Mounting plugin TcpMessaging
LogPluginManager: Mounting plugin UdpMessaging
LogPluginManager: Mounting plugin LevelSequenceEditor
LogPluginManager: Mounting plugin MatineeToLevelSequence
LogPluginManager: Mounting plugin OnlineSubsystemGooglePlay
LogPluginManager: Mounting plugin OnlineSubsystemIOS
LogPluginManager: Mounting plugin OnlineSubsystem
LogPluginManager: Mounting plugin OnlineSubsystemNull
LogPluginManager: Mounting plugin OnlineSubsystemUtils
LogPluginManager: Mounting plugin AndroidDeviceProfileSelector
LogPluginManager: Mounting plugin AndroidMoviePlayer
LogPluginManager: Mounting plugin AndroidPermission
LogPluginManager: Mounting plugin AppleMoviePlayer
LogPluginManager: Mounting plugin ArchVisCharacter
LogPluginManager: Mounting plugin CableComponent
LogPluginManager: Mounting plugin CustomMeshComponent
LogPluginManager: Mounting plugin ExampleDeviceProfileSelector
LogPluginManager: Mounting plugin GoogleCloudMessaging
LogPluginManager: Mounting plugin ImmediatePhysics
LogPluginManager: Mounting plugin IOSDeviceProfileSelector
LogPluginManager: Mounting plugin LinuxDeviceProfileSelector
LogPluginManager: Mounting plugin LocationServicesBPLibrary
LogPluginManager: Mounting plugin MobilePatchingUtils
LogPluginManager: Mounting plugin OculusVR
LogPluginManager: Mounting plugin PhysXVehicles
LogPluginManager: Mounting plugin ProceduralMeshComponent
LogPluginManager: Mounting plugin RuntimePhysXCooking
LogPluginManager: Mounting plugin SteamVR
LogPluginManager: Mounting plugin WindowsMoviePlayer
LogPluginManager: Mounting plugin UnrealEnginePython
LogInit: Using libcurl 7.47.1
LogInit:  - built for x86_64-pc-win32
LogInit:  - supports SSL with OpenSSL/1.0.2g
LogInit:  - supports HTTP deflate (compression) using libz 1.2.8
LogInit:  - other features:
LogInit:      CURL_VERSION_SSL
LogInit:      CURL_VERSION_LIBZ
LogInit:      CURL_VERSION_IPV6
LogInit:      CURL_VERSION_ASYNCHDNS
LogInit:      CURL_VERSION_LARGEFILE
LogInit:      CURL_VERSION_IDN
LogInit:  CurlRequestOptions (configurable via config and command line):
LogInit:  - bVerifyPeer = false  - Libcurl will NOT verify peer certificate
LogInit:  - bUseHttpProxy = false  - Libcurl will NOT use HTTP proxy
LogInit:  - bDontReuseConnections = false  - Libcurl will reuse connections
LogInit:  - CertBundlePath = nullptr  - Libcurl will use whatever was configured at build time.
LogHMD: Failed initializing OVRPlugin 1.15.0
LogInit: Build: ++UE4+Release-4.17-CL-3658906
LogInit: Engine Version: 4.17.2-3658906+++UE4+Release-4.17
LogInit: Compatible Engine Version: 4.17.0-3573198+++UE4+Release-4.17
LogInit: Net CL: 3573198
LogDevObjectVersion: Number of dev versions registered: 16
LogDevObjectVersion:   Dev-Blueprints (B0D832E4-1F89-4F0D-ACCF-7EB736FD4AA2): 10
LogDevObjectVersion:   Dev-Build (E1C64328-A22C-4D53-A36C-8E866417BD8C): 0
LogDevObjectVersion:   Dev-Core (375EC13C-06E4-48FB-B500-84F0262A717E): 2
LogDevObjectVersion:   Dev-Editor (E4B068ED-F494-42E9-A231-DA0B2E46BB41): 20
LogDevObjectVersion:   Dev-Framework (CFFC743F-43B0-4480-9391-14DF171D2073): 28
LogDevObjectVersion:   Dev-Mobile (B02B49B5-BB20-44E9-A304-32B752E40360): 0
LogDevObjectVersion:   Dev-Networking (A4E4105C-59A1-49B5-A7C5-40C4547EDFEE): 0
LogDevObjectVersion:   Dev-Online (39C831C9-5AE6-47DC-9A44-9C173E1C8E7C): 0
LogDevObjectVersion:   Dev-Physics (78F01B33-EBEA-4F98-B9B4-84EACCB95AA2): 0
LogDevObjectVersion:   Dev-Platform (6631380F-2D4D-43E0-8009-CF276956A95A): 0
LogDevObjectVersion:   Dev-Rendering (12F88B9F-8875-4AFC-A67C-D90C383ABD29): 19
LogDevObjectVersion:   Dev-Sequencer (7B5AE74C-D270-4C10-A958-57980B212A5A): 4
LogDevObjectVersion:   Dev-VR (D7296918-1DD6-4BDD-9DE2-64A83CC13884): 0
LogDevObjectVersion:   Dev-LoadTimes (C2A15278-BFE7-4AFE-6C17-90FF531DF755): 1
LogDevObjectVersion:   Private-Geometry (6EACA3D4-40EC-4CC1-B786-8BED09428FC5): 1
LogDevObjectVersion:   Dev-AnimPhys (29E575DD-E0A3-4627-9D10-D276232CDCEA): 7
LogInit: Compiled (64-bit): Sep 22 2017 13:47:16
LogInit: Compiled with Visual C++: 19.00.24215.01
LogInit: Build Configuration: Development
LogInit: Branch Name: ++UE4+Release-4.17
LogInit: Command line:  
LogInit: Base directory: E:/Program Files/Epic Games/UE_4.17/Engine/Binaries/Win64/
LogInit: Installed Engine Build: 1
LogInit: Presizing for max 8388607 objects, including 0 objects not considered by GC, pre-allocating 0 bytes for permanent pool.
LogInit: Object subsystem initialized
[2018.01.10-04.15.51:714][  0]LogInit: Selected Device Profile: [Windows]
[2018.01.10-04.15.51:714][  0]LogInit: Applying CVar settings loaded from the selected device profile: [Windows]
[2018.01.10-04.15.51:790][  0]LogInit: Computer: ANM-CA308-HP05
[2018.01.10-04.15.51:790][  0]LogInit: User: grichar6
[2018.01.10-04.15.51:790][  0]LogInit: CPU Page size=4096, Cores=20
[2018.01.10-04.15.51:790][  0]LogInit: High frequency timer resolution =2.533195 MHz
[2018.01.10-04.15.51:790][  0]LogMemory: Memory total: Physical=63.9GB (64GB approx)
[2018.01.10-04.15.51:790][  0]LogMemory: Platform Memory Stats for Windows
[2018.01.10-04.15.51:790][  0]LogMemory: Process Physical Memory: 297.18 MB used, 297.18 MB peak
[2018.01.10-04.15.51:790][  0]LogMemory: Process Virtual Memory: 291.06 MB used, 291.06 MB peak
[2018.01.10-04.15.51:790][  0]LogMemory: Physical Memory: 9295.57 MB used,  56156.34 MB free, 65451.91 MB total
[2018.01.10-04.15.51:790][  0]LogMemory: Virtual Memory: 779.50 MB used,  56156.34 MB free, 134217728.00 MB total
[2018.01.10-04.15.52:036][  0]LogInit: Using OS detected language (en-US).
[2018.01.10-04.15.52:036][  0]LogInit: Using OS detected locale (en-US).
[2018.01.10-04.15.52:039][  0]LogTextLocalizationManager: No specific localization for 'en-US' exists, so the 'en' localization will be used.
[2018.01.10-04.15.52:929][  0]LogD3D11RHI: D3D11 adapters:
[2018.01.10-04.15.52:984][  0]LogD3D11RHI:    0. 'NVIDIA Quadro M4000' (Feature Level 11_0)
[2018.01.10-04.15.52:984][  0]LogD3D11RHI:       8152/0/32725 MB DedicatedVideo/DedicatedSystem/SharedSystem, Outputs:2, VendorId:0x10de
[2018.01.10-04.15.52:986][  0]LogD3D11RHI:    1. 'Microsoft Basic Render Driver' (Feature Level 11_0)
[2018.01.10-04.15.52:987][  0]LogD3D11RHI:       0/0/32725 MB DedicatedVideo/DedicatedSystem/SharedSystem, Outputs:0, VendorId:0x1414
[2018.01.10-04.15.52:987][  0]LogD3D11RHI: Chosen D3D11 Adapter: 0
[2018.01.10-04.15.52:995][  0]LogD3D11RHI: Creating new Direct3DDevice
[2018.01.10-04.15.52:995][  0]LogD3D11RHI:     GPU DeviceId: 0x13f1 (for the marketing name, search the web for "GPU Device Id")
[2018.01.10-04.15.52:995][  0]LogWindows: EnumDisplayDevices:
[2018.01.10-04.15.52:996][  0]LogWindows:    0. 'NVIDIA Quadro M4000' (P:1 D:1)
[2018.01.10-04.15.52:996][  0]LogWindows:    1. 'NVIDIA Quadro M4000' (P:0 D:1)
[2018.01.10-04.15.52:996][  0]LogWindows:    2. 'NVIDIA Quadro M4000' (P:0 D:0)
[2018.01.10-04.15.52:996][  0]LogWindows:    3. 'NVIDIA Quadro M4000' (P:0 D:0)
[2018.01.10-04.15.52:996][  0]LogWindows: DebugString: FoundDriverCount:4 
[2018.01.10-04.15.52:996][  0]LogD3D11RHI:     Adapter Name: NVIDIA Quadro M4000
[2018.01.10-04.15.52:996][  0]LogD3D11RHI:   Driver Version: 385.90 (internal:22.21.13.8590, unified:385.90)
[2018.01.10-04.15.52:996][  0]LogD3D11RHI:      Driver Date: 10-30-2017
[2018.01.10-04.15.52:996][  0]LogRHI: Texture pool is 1361 MB (70% of 1945 MB)
[2018.01.10-04.15.53:015][  0]LogD3D11RHI: Async texture creation enabled
[2018.01.10-04.15.53:027][  0]LogD3D11RHI: GPU Timing Frequency: 1000.000000 (Debug: 2 1)
[2018.01.10-04.15.53:121][  0]LogShaderCompilers: Guid format shader working directory is 3 characters bigger than the processId version (W:/unreal/github/heartwired/Cyberwitch_Project/Intermediate/Shaders/WorkingDirectory/7916/).
[2018.01.10-04.15.53:121][  0]LogShaderCompilers: Cleaned the shader compiler working directory 'E:/Users/grichar6/AppData/Local/Temp/UnrealShaderWorkingDir/6AC46AEA4726618EF3C44699BFBDDBBF/'.
[2018.01.10-04.15.53:121][  0]LogShaderCompilers: Display: Using Local Shader Compiler.
[2018.01.10-04.15.54:310][  0]LogTemp: Display: Loaded TP AllDesktopTargetPlatform
[2018.01.10-04.15.54:404][  0]LogTemp: Display: Loaded TP MacClientTargetPlatform
[2018.01.10-04.15.54:483][  0]LogTemp: Display: Loaded TP MacNoEditorTargetPlatform
[2018.01.10-04.15.54:562][  0]LogTemp: Display: Loaded TP MacServerTargetPlatform
[2018.01.10-04.15.54:651][  0]LogTemp: Display: Loaded TP MacTargetPlatform
[2018.01.10-04.15.54:787][  0]LogTemp: Display: Loaded TP WindowsClientTargetPlatform
[2018.01.10-04.15.54:878][  0]LogTemp: Display: Loaded TP WindowsNoEditorTargetPlatform
[2018.01.10-04.15.54:957][  0]LogTemp: Display: Loaded TP WindowsServerTargetPlatform
[2018.01.10-04.15.55:024][  0]LogTemp: Display: Loaded TP WindowsTargetPlatform
[2018.01.10-04.15.55:126][  0]LogTemp: Display: Loaded TP AndroidTargetPlatform
[2018.01.10-04.15.55:252][  0]LogTemp: Display: Loaded TP Android_ASTCTargetPlatform
[2018.01.10-04.15.55:339][  0]LogTemp: Display: Loaded TP Android_ATCTargetPlatform
[2018.01.10-04.15.55:419][  0]LogTemp: Display: Loaded TP Android_DXTTargetPlatform
[2018.01.10-04.15.55:496][  0]LogTemp: Display: Loaded TP Android_ETC1TargetPlatform
[2018.01.10-04.15.55:574][  0]LogTemp: Display: Loaded TP Android_ETC2TargetPlatform
[2018.01.10-04.15.55:733][  0]LogTemp: Display: Loaded TP Android_MultiTargetPlatform
[2018.01.10-04.15.55:733][  0]LogTemp: Display: Loaded TP Android_PVRTCTargetPlatform
[2018.01.10-04.15.55:788][  0]LogTemp: Display: Loaded TP HTML5TargetPlatform
[2018.01.10-04.15.56:003][  0]LogTemp: Display: Loaded TP IOSTargetPlatform
[2018.01.10-04.15.56:060][  0]LogTemp: Display: Loaded TP TVOSTargetPlatform
[2018.01.10-04.15.56:144][  0]LogTemp: Display: Loaded TP LinuxClientTargetPlatform
[2018.01.10-04.15.56:226][  0]LogTemp: Display: Loaded TP LinuxNoEditorTargetPlatform
[2018.01.10-04.15.56:304][  0]LogTemp: Display: Loaded TP LinuxServerTargetPlatform
[2018.01.10-04.15.56:383][  0]LogTemp: Display: Loaded TP LinuxTargetPlatform
[2018.01.10-04.15.56:383][  0]LogTargetPlatformManager: Display: Building Assets For Windows
[2018.01.10-04.15.57:142][  0]LogDerivedDataCache: Display: Max Cache Size: 512 MB
[2018.01.10-04.15.57:293][  0]LogDerivedDataCache: Loaded boot cache 0.15s 93MB E:/Users/grichar6/AppData/Local/UnrealEngine/4.17/DerivedDataCache/Boot.ddc.
[2018.01.10-04.15.57:293][  0]LogDerivedDataCache: Display: Loaded Boot cache: E:/Users/grichar6/AppData/Local/UnrealEngine/4.17/DerivedDataCache/Boot.ddc
[2018.01.10-04.15.57:295][  0]LogDerivedDataCache: FDerivedDataBackendGraph:  Pak pak cache file W:/unreal/github/heartwired/Cyberwitch_Project/DerivedDataCache/DDC.ddp not found, will not use a pak cache.
[2018.01.10-04.15.57:295][  0]LogDerivedDataCache: Unable to find inner node Pak for hierarchical cache Hierarchy.
[2018.01.10-04.15.57:296][  0]LogDerivedDataCache: FDerivedDataBackendGraph:  CompressedPak pak cache file W:/unreal/github/heartwired/Cyberwitch_Project/DerivedDataCache/Compressed.ddp not found, will not use a pak cache.
[2018.01.10-04.15.57:296][  0]LogDerivedDataCache: Unable to find inner node CompressedPak for hierarchical cache Hierarchy.
[2018.01.10-04.15.57:318][  0]LogDerivedDataCache: Display: Pak cache opened for reading ../../../Engine/DerivedDataCache/Compressed.ddp.
[2018.01.10-04.15.57:330][  0]LogDerivedDataCache: Using Local data cache path E:/Users/grichar6/AppData/Local/UnrealEngine/Common/DerivedDataCache: Writable
[2018.01.10-04.15.57:344][  0]LogMaterial: Verifying Global Shaders for PCD3D_SM5
[2018.01.10-04.15.57:344][  0]LogSlate: Using Freetype 2.6.0
[2018.01.10-04.15.57:345][  0]LogSlate: SlateFontCache - WITH_FREETYPE: 1, WITH_HARFBUZZ: 1
[2018.01.10-04.15.57:345][  0]LogSlate: SlateFontCache - WITH_FREETYPE: 1, WITH_HARFBUZZ: 1
[2018.01.10-04.15.57:684][  0]LogAssetRegistry: FAssetRegistry took 0.0331 seconds to start up
[2018.01.10-04.15.58:168][  0]LogInit: Selected Device Profile: [Windows]
[2018.01.10-04.15.58:400][  0]LogContentStreaming: Texture pool size is 0.00 MB
[2018.01.10-04.15.58:872][  0]LogSimplygon: Simplygon DLL not present - disabling.
[2018.01.10-04.15.58:933][  0]LogMeshReduction: Using SimplygonSwarm for distributed automatic mesh merging
[2018.01.10-04.15.58:933][  0]LogMeshReduction: Using QuadricMeshReduction for automatic static mesh reduction
[2018.01.10-04.15.58:933][  0]LogMeshReduction: No automatic skeletal mesh reduction module available
[2018.01.10-04.15.58:933][  0]LogMeshReduction: No automatic mesh merging module available
[2018.01.10-04.15.58:933][  0]LogMeshMerging: No automatic mesh merging module available
[2018.01.10-04.15.59:514][  0]LogNetVersion: Cyberwitch_Project , NetCL: 3573198, EngineNetVer: 2, GameNetVer: 0 (Checksum: 51455869)
[2018.01.10-04.16.00:681][  0]LogPackageLocalizationCache: Processed 6 localized package path(s) for 2 prioritized culture(s) in 0.935322 seconds
[2018.01.10-04.16.00:687][  0]LogUObjectArray: 35825 objects as part of root set at end of initial load.
[2018.01.10-04.16.00:688][  0]LogUObjectAllocator: 7529112 out of 0 bytes used by permanent object pool.
[2018.01.10-04.16.00:688][  0]LogUObjectArray: CloseDisregardForGC: 0/0 objects in disregard for GC pool
[2018.01.10-04.16.00:801][  0]LogInit: WinSock: version 1.1 (2.2), MaxSocks=32767, MaxUdp=65467
[2018.01.10-04.16.04:786][  0]LogTcpMessaging: Initializing TcpMessaging bridge
[2018.01.10-04.16.04:848][  0]LogUdpMessaging: Initializing bridge on interface 0.0.0.0:0 to multicast group 230.0.0.1:6666.
[2018.01.10-04.16.04:849][  0]LogDirectoryWatcher: A directory notification failed for 'W:/unreal/github/heartwired/Cyberwitch_Project/Content/' because it was empty or there was a buffer overflow. Attemping another request...
[2018.01.10-04.16.06:025][  0]LogMaterial: Uniform references updated for custom material expression Custom.
[2018.01.10-04.16.06:705][  0]SourceControl: Source control is disabled
[2018.01.10-04.16.06:705][  0]SourceControl: Source control is disabled
[2018.01.10-04.16.06:790][  0]SourceControl: Source control is disabled
[2018.01.10-04.16.06:887][  0]SourceControl: Source control is disabled
[2018.01.10-04.16.07:935][  0]LogAndroidPermission: UAndroidPermissionCallbackProxy::GetInstance
[2018.01.10-04.16.08:377][  0]LogOcInput: OculusInput pre-init called
[2018.01.10-04.16.08:898][  0]LogPython: Python VM initialized: 2.7.10 (default, Aug 21 2015, 12:07:58) [MSC v.1500 64 bit (AMD64)]
[2018.01.10-04.16.08:898][  0]LogPython: Python Scripts search path: W:/unreal/github/heartwired/Cyberwitch_Project/Content/Scripts
[2018.01.10-04.16.08:919][  0]LogPython: Error: No module named ue_site
[2018.01.10-04.16.09:512][  0]LogEngine: Initializing Engine...
[2018.01.10-04.16.09:514][  0]LogHMD: Failed to initialize OpenVR with code 110
[2018.01.10-04.16.09:857][  0]LogStats: UGameplayTagsManager::ConstructGameplayTagTree: Construct from data asset -  0.000 s
[2018.01.10-04.16.09:857][  0]LogStats: UGameplayTagsManager::ConstructGameplayTagTree: GameplayTagTreeChangedEvent.Broadcast -  0.000 s
[2018.01.10-04.16.10:057][  0]LogAIModule: Creating AISystem for world Untitled
[2018.01.10-04.16.10:072][  0]LogInit: XAudio2 using 'Speakers (Realtek High Definition Audio)' : 2 channels at 48 kHz using 32 bits per sample (channel mask 0x3)
[2018.01.10-04.16.10:095][  0]LogInit: FAudioDevice initialized.
[2018.01.10-04.16.10:260][  0]LogDerivedDataCache: Saved boot cache 0.17s 93MB E:/Users/grichar6/AppData/Local/UnrealEngine/4.17/DerivedDataCache/Boot.ddc.
[2018.01.10-04.16.10:289][  0]LogInit: Texture streaming: Enabled
[2018.01.10-04.16.10:479][  0]LogEngineSessionManager: EngineSessionManager initialized
[2018.01.10-04.16.10:805][  0]LogInit: Transaction tracking system initialized
[2018.01.10-04.16.11:370][  0]BlueprintLog: New page: Editor Load
[2018.01.10-04.16.12:659][  0]LocalizationService: Localization service is disabled
[2018.01.10-04.16.13:621][  0]LogConsoleResponse: Display: 
[2018.01.10-04.16.13:861][  0]LogCook: Display: Max memory allowance for cook 16384mb min free memory 0mb
[2018.01.10-04.16.13:861][  0]LogCook: Display: Mobile HDR setting 1
[2018.01.10-04.16.13:861][  0]LogGameplayTags: Display: UGameplayTagsManager::DoneAddingNativeTags. DelegateIsBound: 0
[2018.01.10-04.16.14:534][  0]LogFileCache: Scanning file cache for directory 'W:/unreal/github/heartwired/Cyberwitch_Project/Content/' took 0.39s
[2018.01.10-04.16.15:449][  0]SourceControl: Source control is disabled
[2018.01.10-04.16.15:449][  0]Cmd: MAP LOAD FILE="W:/unreal/github/heartwired/Cyberwitch_Project/Content/Levels/DemoMap.umap" TEMPLATE=0 SHOWPROGRESS=1 FEATURELEVEL=3
[2018.01.10-04.16.15:477][  0]LightingResults: New page: Lighting Build
[2018.01.10-04.16.15:540][  0]MapCheck: New page: Map Check
[2018.01.10-04.16.15:540][  0]LightingResults: New page: Lighting Build
[2018.01.10-04.16.38:669][  0]LogLinker: Warning: Can't find file '/Game/Levels/DemoMap_BuiltData'
[2018.01.10-04.16.38:670][  0]LogLinker: Warning: Can't find file for asset '/Game/Levels/DemoMap_BuiltData' while loading W:/unreal/github/heartwired/Cyberwitch_Project/Content/Levels/DemoMap.umap.
[2018.01.10-04.16.38:670][  0]LoadErrors: Error: /Game/Levels/DemoMap : Can't find file for asset. /Game/Levels/DemoMap_BuiltData
[2018.01.10-04.16.39:501][  0]LogLinker: Warning: Can't find file '/Game/Levels/DemoMap_BuiltData'
[2018.01.10-04.16.39:501][  0]LogLinker: Warning: Can't find file for asset '/Game/Levels/DemoMap_BuiltData' while loading W:/unreal/github/heartwired/Cyberwitch_Project/Content/Levels/DemoMap.umap.
[2018.01.10-04.16.39:502][  0]LoadErrors: Error: /Game/Levels/DemoMap : Can't find file for asset. /Game/Levels/DemoMap_BuiltData
[2018.01.10-04.16.39:570][  0]LogLinker: Warning: Can't find file '/Game/Levels/DemoMap_BuiltData'
[2018.01.10-04.16.39:570][  0]LogLinker: Warning: Can't find file for asset '/Game/Levels/DemoMap_BuiltData' while loading NULL.
[2018.01.10-04.16.39:571][  0]LogLinker: Warning: Can't find file '/Game/Levels/DemoMap_BuiltData'
[2018.01.10-04.16.39:571][  0]LogLinker: Warning: Can't find file for asset '/Game/Levels/DemoMap_BuiltData' while loading NULL.
[2018.01.10-04.16.39:935][  0]LogTexture: Display: Building textures: Cel_Clut (BGRA8, 1X1024)
[2018.01.10-04.16.39:935][  0]LogTexture: Display: Building textures: HealthBar_Portrait_Taliah (AutoDXT, 464X508)
[2018.01.10-04.16.39:935][  0]LogTexture: Display: Building textures: HealthBar_Heart_Empty (AutoDXT, 440X508)
[2018.01.10-04.16.39:935][  0]LogTexture: Display: Building textures: MDL_rock_D (AutoDXT, 2048X2048)
[2018.01.10-04.16.39:935][  0]LogLinker: Warning: Can't find file '/Game/Levels/DemoMap_BuiltData'
[2018.01.10-04.16.39:935][  0]LogTexture: Display: Building textures: Pause_TitleBar (BGRA8, 630X145)
[2018.01.10-04.16.39:935][  0]LoadErrors: Failed to load /Game/Levels/DemoMap_BuiltData.DemoMap_BuiltData Referenced by PersistentLevel
[2018.01.10-04.16.39:935][  0]LogLinker: Warning: Can't find file for asset '/Game/Levels/DemoMap_BuiltData' while loading NULL.
[2018.01.10-04.16.39:935][  0]LoadErrors: Failed to load /Game/Levels/DemoMap_BuiltData.DemoMap_BuiltData Referenced by PersistentLevel
[2018.01.10-04.16.40:072][  0]LogTexture: Display: Building textures: Arrow_Hover (BGRA8, 58X39)
[2018.01.10-04.16.40:072][  0]LogTexture: Display: Building textures: HealthBar_Portrait_Bear (AutoDXT, 464X508)
[2018.01.10-04.16.40:072][  0]LogTexture: Display: Building textures: HealthBar_Backing (AutoDXT, 2000X404)
[2018.01.10-04.16.40:072][  0]LogTexture: Display: Building textures: DialogueBoxDark (BGRA8, 1664X378)
[2018.01.10-04.16.40:072][  0]LogTexture: Display: Building textures: Pause_ButtonBar_Click (BGRA8, 628X133)
[2018.01.10-04.16.40:072][  0]LogTexture: Display: Building textures: DialoguePortrait_Taliah_Neutral (BGRA8, 890X1322)
[2018.01.10-04.16.40:072][  0]LogTexture: Display: Building textures: MDL_rock_NM (BC5, 2048X2048)
[2018.01.10-04.16.40:072][  0]LogAnimationCompression: Building Anim DDC data for AnimSequence /Game/Assets/Characters/BEAR/Animations/ANIM_Bear_run.ANIM_Bear_run
[2018.01.10-04.16.40:084][  0]LogAnimationCompression: Building Anim DDC data for AnimSequence /Game/Assets/Characters/BEAR/Animations/ANIM_Bear_idle.ANIM_Bear_idle
[2018.01.10-04.16.40:098][  0]LogAnimationCompression: Building Anim DDC data for AnimSequence /Game/Assets/Characters/BEAR/Animations/ANIM_Bear_smash.ANIM_Bear_smash
[2018.01.10-04.16.40:100][  0]LogAnimationCompression: Building Anim DDC data for AnimSequence /Game/Assets/Characters/BEAR/Animations/ANIM_Bear_jumpstart.ANIM_Bear_jumpstart
[2018.01.10-04.16.40:101][  0]LogAnimationCompression: Building Anim DDC data for AnimSequence /Game/Assets/Characters/BEAR/Animations/ANIM_Bear_jumpend.ANIM_Bear_jumpend
[2018.01.10-04.16.40:102][  0]LogAnimationCompression: Building Anim DDC data for AnimSequence /Game/Assets/Characters/BEAR/Animations/ANIM_Bear_fall.ANIM_Bear_fall
[2018.01.10-04.16.40:103][  0]LogAnimationCompression: Building Anim DDC data for AnimSequence /Game/Assets/Characters/BEAR/Animations/ANIM_Bear_death.ANIM_Bear_death
[2018.01.10-04.16.40:106][  0]LogAnimationCompression: Building Anim DDC data for AnimSequence /Game/Assets/Characters/BEAR/Animations/ANIM_Bear_attack.ANIM_Bear_attack
[2018.01.10-04.16.40:295][  0]LogTexture: Display: Building textures: TEX_lever_NM (BC5, 2048X2048)
[2018.01.10-04.16.40:295][  0]LogTexture: Display: Building textures: Pause_ButtonBar_Static (BGRA8, 628X133)
[2018.01.10-04.16.40:295][  0]LogTexture: Display: Building textures: Arrow_Static (BGRA8, 58X39)
[2018.01.10-04.16.40:295][  0]LogTexture: Display: Building textures: HealthBar_PortraitFrame (AutoDXT, 640X508)
[2018.01.10-04.16.40:295][  0]LogTexture: Display: Building textures: Background_Back (AutoDXT, 5000X2000)
[2018.01.10-04.16.40:295][  0]LogMaterial: Missing cached shader map for material mat_white, compiling. 
[2018.01.10-04.16.42:925][  0]LogTexture: Display: Building textures: TEX_Taliah_S (AutoDXT, 4096X4096)
[2018.01.10-04.16.42:925][  0]LogTexture: Display: Building textures: Pause_ButtonBar_Hover (BGRA8, 628X133)
[2018.01.10-04.16.42:926][  0]LogTexture: Display: Building textures: TEX_Taliah_D (AutoDXT, 4096X4096)
[2018.01.10-04.16.42:926][  0]LogTexture: Display: Building textures: TEX_Bear_D (AutoDXT, 2048X2048)
[2018.01.10-04.16.42:926][  0]LogTexture: Display: Building textures: TEX_Pig_NM (BC5, 2048X2048)
[2018.01.10-04.16.42:926][  0]LogTexture: Display: Building textures: HealthBar_Heart_Full (AutoDXT, 496X508)
[2018.01.10-04.16.42:926][  0]LogTexture: Display: Building textures: TEX_lever_D (AutoDXT, 2048X2048)
[2018.01.10-04.16.42:926][  0]LogTexture: Display: Building textures: Background_Middle (AutoDXT, 5000X2000)
[2018.01.10-04.16.42:926][  0]LogTexture: Display: Building textures: TEX_lever_R (AutoDXT, 2048X2048)
[2018.01.10-04.16.42:926][  0]LogTexture: Display: Building textures: TEX_Bear_NM (BC5, 2048X2048)
[2018.01.10-04.16.42:926][  0]LogTexture: Display: Building textures: TEX_Taliah_N (BC5, 4096X4096)
[2018.01.10-04.16.42:926][  0]LogTexture: Display: Building textures: TEX_Pig_D (AutoDXT, 2048X2048)
[2018.01.10-04.16.42:926][  0]LogTexture: Display: Building textures: DialoguePortrait_Bear_Neutral (BGRA8, 1239X1386)
[2018.01.10-04.16.42:927][  0]LogTexture: Display: Building textures: Background_Front (AutoDXT, 5000X2000)
[2018.01.10-04.16.44:258][  0]LogMaterial: Missing cached shader map for material mat_main, compiling. 
[2018.01.10-04.16.44:348][  0]LogMaterial: Missing cached shader map for material mat_black, compiling. 
[2018.01.10-04.16.44:425][  0]LogMaterial: Missing cached shader map for material mat_arm_r, compiling. 
[2018.01.10-04.16.44:480][  0]LogMaterial: Missing cached shader map for material light_grey, compiling. 
[2018.01.10-04.16.44:538][  0]LogMaterial: Missing cached shader map for material lambert1, compiling. 
[2018.01.10-04.16.44:596][  0]LogMaterial: Missing cached shader map for material dark_grey, compiling. 
[2018.01.10-04.16.44:656][  0]LogMaterial: Missing cached shader map for material arm_main, compiling. 
[2018.01.10-04.16.44:753][  0]LogAnimationCompression: Building Anim DDC data for AnimSequence /Game/Assets/Characters/Taliah/Animations/ANIM_Taliah_hookshot.ANIM_Taliah_hookshot
[2018.01.10-04.16.44:771][  0]LogAnimationCompression: Building Anim DDC data for AnimSequence /Game/Assets/Characters/Taliah/Animations/ANIM_Taliah_fall.ANIM_Taliah_fall
[2018.01.10-04.16.44:774][  0]LogAnimationCompression: Building Anim DDC data for AnimSequence /Game/Assets/Characters/Taliah/Animations/ANIM_Taliah_death.ANIM_Taliah_death
[2018.01.10-04.16.44:972][  0]LogAnimationCompression: Building Anim DDC data for AnimSequence /Game/Assets/Characters/Taliah/Animations/ANIM_Taliah_run.ANIM_Taliah_run
[2018.01.10-04.16.44:975][  0]LogAnimationCompression: Building Anim DDC data for AnimSequence /Game/Assets/Characters/Taliah/Animations/ANIM_Taliah_Idle.ANIM_Taliah_Idle
[2018.01.10-04.16.45:026][  0]LogAnimationCompression: Building Anim DDC data for AnimSequence /Game/Assets/Characters/Taliah/Animations/ANIM_Taliah_SwingF.ANIM_Taliah_SwingF
[2018.01.10-04.16.45:035][  0]LogAnimationCompression: Building Anim DDC data for AnimSequence /Game/Assets/Characters/Taliah/Animations/ANIM_Taliah_sneak.ANIM_Taliah_sneak
[2018.01.10-04.16.45:046][  0]LogAnimationCompression: Building Anim DDC data for AnimSequence /Game/Assets/Characters/Taliah/Animations/ANIM_Taliah_jumpStart.ANIM_Taliah_jumpStart
[2018.01.10-04.16.45:050][  0]LogAnimationCompression: Building Anim DDC data for AnimSequence /Game/Assets/Characters/Taliah/Animations/ANIM_Taliah_jumpEnd.ANIM_Taliah_jumpEnd
[2018.01.10-04.16.45:055][  0]LogAnimationCompression: Building Anim DDC data for AnimSequence /Game/Assets/Characters/Taliah/Animations/ANIM_Taliah_hookshot_start.ANIM_Taliah_hookshot_start
[2018.01.10-04.16.45:060][  0]LogAnimationCompression: Building Anim DDC data for AnimSequence /Game/Assets/Characters/Taliah/Animations/ANIM_Taliah_hookshot_hangin.ANIM_Taliah_hookshot_hangin
[2018.01.10-04.16.45:080][  0]LogMaterial: Missing cached shader map for material highlight-texture-temp, compiling. 
[2018.01.10-04.16.45:124][  0]LogMaterial: Missing cached shader map for material MAT_Rock, compiling. 
[2018.01.10-04.16.45:201][  0]LogStaticMesh: Building static mesh MDL_rock...
[2018.01.10-04.16.45:242][  0]LogStaticMesh: Built static mesh [0.04s] /Game/Assets/Environment/Interactables/Meshes/MDL_rock.MDL_rock
[2018.01.10-04.16.45:286][  0]LogMaterial: Missing cached shader map for material ShadeM2, compiling. 
[2018.01.10-04.16.45:326][  0]LogMaterial: Missing cached shader map for material blinn1, compiling. 
[2018.01.10-04.16.45:433][  0]LogMaterial: Missing cached shader map for material rock_texture_temp, compiling. 
[2018.01.10-04.16.45:681][  0]LogAudioDerivedData: Display: Building compressed audio format OGG wave TALLIAH_FS_06...
[2018.01.10-04.16.45:727][  0]LogAudioDerivedData: Display: Building compressed audio format OGG wave TALLIAH_FS_05...
[2018.01.10-04.16.45:739][  0]LogAudioDerivedData: Display: Building compressed audio format OGG wave TALLIAH_FS_04...
[2018.01.10-04.16.45:759][  0]LogAudioDerivedData: Display: Building compressed audio format OGG wave TALLIAH_FS_03...
[2018.01.10-04.16.45:778][  0]LogAudioDerivedData: Display: Building compressed audio format OGG wave TALLIAH_FS_02...
[2018.01.10-04.16.45:794][  0]LogAudioDerivedData: Display: Building compressed audio format OGG wave TALLIAH_FS_01...
[2018.01.10-04.16.45:813][  0]LogAudioDerivedData: Display: Building compressed audio format OGG wave Hookshot_02...
[2018.01.10-04.16.45:850][  0]LogAudioDerivedData: Display: Building compressed audio format OGG wave Hookshot_01...
[2018.01.10-04.16.45:907][  0]LogMaterial: Missing cached shader map for material StealthZOneMat_TEMP, compiling. 
[2018.01.10-04.16.45:976][  0]LogMaterial: Missing cached shader map for material MAT_Bear, compiling. 
[2018.01.10-04.16.46:050][  0]LogAudioDerivedData: Display: Building compressed audio format OGG wave TALLIAH_FS_18...
[2018.01.10-04.16.46:073][  0]LogAudioDerivedData: Display: Building compressed audio format OGG wave TALLIAH_FS_17...
[2018.01.10-04.16.46:092][  0]LogAudioDerivedData: Display: Building compressed audio format OGG wave TALLIAH_FS_16...
[2018.01.10-04.16.46:114][  0]LogAudioDerivedData: Display: Building compressed audio format OGG wave TALLIAH_FS_15...
[2018.01.10-04.16.46:128][  0]LogAudioDerivedData: Display: Building compressed audio format OGG wave TALLIAH_FS_14...
[2018.01.10-04.16.46:149][  0]LogAudioDerivedData: Display: Building compressed audio format OGG wave TALLIAH_FS_13...
[2018.01.10-04.16.46:167][  0]LogAudioDerivedData: Display: Building compressed audio format OGG wave TALLIAH_FS_12...
[2018.01.10-04.16.46:186][  0]LogAudioDerivedData: Display: Building compressed audio format OGG wave TALLIAH_FS_11...
[2018.01.10-04.16.46:208][  0]LogAudioDerivedData: Display: Building compressed audio format OGG wave TALLIAH_FS_10...
[2018.01.10-04.16.46:227][  0]LogAudioDerivedData: Display: Building compressed audio format OGG wave TALLIAH_FS_09...
[2018.01.10-04.16.46:245][  0]LogAudioDerivedData: Display: Building compressed audio format OGG wave TALLIAH_FS_08...
[2018.01.10-04.16.46:265][  0]LogAudioDerivedData: Display: Building compressed audio format OGG wave TALLIAH_FS_07...
[2018.01.10-04.16.46:278][  0]LogAudioDerivedData: Display: Building compressed audio format OGG wave PIG_04...
[2018.01.10-04.16.46:336][  0]LogAudioDerivedData: Display: Building compressed audio format OGG wave PIG_03...
[2018.01.10-04.16.49:621][  0]LogMaterial: Missing cached shader map for material MAT_Pig, compiling. 
[2018.01.10-04.16.49:721][  0]LogAudioDerivedData: Display: Building compressed audio format OGG wave PIG_02...
[2018.01.10-04.16.49:759][  0]LogAudioDerivedData: Display: Building compressed audio format OGG wave PIG_01...
[2018.01.10-04.16.49:793][  0]LogAudioDerivedData: Display: Building compressed audio format OGG wave PIG_05...
[2018.01.10-04.16.49:822][  0]LogMaterial: Missing cached shader map for material MAT_Lever, compiling. 
[2018.01.10-04.16.49:893][  0]LogStaticMesh: Building static mesh Mesh_Lever...
[2018.01.10-04.16.49:926][  0]LogStaticMesh: Built static mesh [0.03s] /Game/Assets/Environment/Interactables/Meshes/Mesh_Lever.Mesh_Lever
[2018.01.10-04.16.49:941][  0]LogStaticMesh: Building static mesh MDL_Tree...
[2018.01.10-04.16.49:950][  0]LogStaticMesh: Built static mesh [0.01s] /Game/Assets/Environment/Interactables/Meshes/MDL_Tree.MDL_Tree
[2018.01.10-04.16.50:318][  0]LogMaterial: Missing cached shader map for material PlatformMat, compiling. 
[2018.01.10-04.16.50:417][  0]LogAudioDerivedData: Display: Building compressed audio format OGG wave Bear_Growls_03...
[2018.01.10-04.16.50:505][  0]LogAudioDerivedData: Display: Building compressed audio format OGG wave Bear_Growls_02...
[2018.01.10-04.16.50:552][  0]LogAudioDerivedData: Display: Building compressed audio format OGG wave BEAR_FS_FRONT_THEN_BACK_PAWS_09...
[2018.01.10-04.16.50:580][  0]LogAudioDerivedData: Display: Building compressed audio format OGG wave BEAR_FS_FRONT_THEN_BACK_PAWS_08...
[2018.01.10-04.16.50:603][  0]LogAudioDerivedData: Display: Building compressed audio format OGG wave BEAR_FS_FRONT_THEN_BACK_PAWS_07...
[2018.01.10-04.16.50:631][  0]LogAudioDerivedData: Display: Building compressed audio format OGG wave BEAR_FS_FRONT_THEN_BACK_PAWS_06...
[2018.01.10-04.16.50:659][  0]LogAudioDerivedData: Display: Building compressed audio format OGG wave BEAR_FS_FRONT_THEN_BACK_PAWS_05...
[2018.01.10-04.16.50:683][  0]LogAudioDerivedData: Display: Building compressed audio format OGG wave BEAR_FS_FRONT_THEN_BACK_PAWS_04...
[2018.01.10-04.16.50:709][  0]LogAudioDerivedData: Display: Building compressed audio format OGG wave BEAR_FS_FRONT_THEN_BACK_PAWS_03...
[2018.01.10-04.16.50:740][  0]LogAudioDerivedData: Display: Building compressed audio format OGG wave BEAR_FS_FRONT_THEN_BACK_PAWS_02...
[2018.01.10-04.16.50:768][  0]LogAudioDerivedData: Display: Building compressed audio format OGG wave BEAR_FS_FRONT_THEN_BACK_PAWS_01...
[2018.01.10-04.16.50:794][  0]LogAudioDerivedData: Display: Building compressed audio format OGG wave Bear_Hit_Rock_With_Head...
[2018.01.10-04.16.51:037][  0]LogAnimationCompression: Building Anim DDC data for AnimSequence /Game/Assets/Characters/Pig/Animations/ANIM_Pig_walk.ANIM_Pig_walk
[2018.01.10-04.16.51:099][  0]LogAnimationCompression: Building Anim DDC data for AnimSequence /Game/Assets/Characters/Pig/Animations/ANIM_Pig_attack.ANIM_Pig_attack
[2018.01.10-04.16.51:101][  0]LogAnimationCompression: Building Anim DDC data for AnimSequence /Game/Assets/Characters/Pig/Animations/ANIM_Pig_idle.ANIM_Pig_idle
[2018.01.10-04.16.51:106][  0]LogAnimationCompression: Building Anim DDC data for AnimSequence /Game/Assets/Characters/Pig/Animations/ANIM_Pig_run.ANIM_Pig_run
[2018.01.10-04.16.51:108][  0]LogAnimationCompression: Building Anim DDC data for AnimSequence /Game/Assets/Characters/Pig/Animations/ANIM_Pig_death.ANIM_Pig_death
[2018.01.10-04.16.51:211][  0]LogAIModule: Creating AISystem for world DemoMap
[2018.01.10-04.16.51:534][  0]LogEditorServer: Finished looking for orphan Actors (0.000 secs)
[2018.01.10-04.16.51:645][  0]Cmd: MAP CHECKDEP NOCLEARLOG
[2018.01.10-04.16.52:994][  0]MapCheck: Map check complete: 0 Error(s), 0 Warning(s), took 1,348.552ms to complete.
[2018.01.10-04.16.52:995][  0]LogFileHelpers: Loading map 'DemoMap' took 37.546
[2018.01.10-04.16.53:157][  0]LogWindowsTextInputMethodSystem: Display: IME system now deactivated.
[2018.01.10-04.16.53:157][  0]LogWindowsTextInputMethodSystem: Display: IME system now deactivated.
[2018.01.10-04.16.53:390][  0]LogCollectionManager: Loaded 0 collections in 0.011564 seconds
[2018.01.10-04.16.53:580][  0]LogFileCache: Scanning file cache for directory 'W:/unreal/github/heartwired/Cyberwitch_Project/Saved/Collections/' took 0.02s
[2018.01.10-04.16.53:580][  0]LogFileCache: Scanning file cache for directory 'W:/unreal/github/heartwired/Cyberwitch_Project/Content/Developers/grichar6/Collections/' took 0.02s
[2018.01.10-04.16.53:580][  0]LogFileCache: Scanning file cache for directory 'W:/unreal/github/heartwired/Cyberwitch_Project/Content/Collections/' took 0.02s
[2018.01.10-04.16.53:580][  0]LogCollectionManager: Rebuilt the GUID cache for 0 collections in 0.000001 seconds
[2018.01.10-04.16.53:594][  0]LogContentBrowser: Native class hierarchy populated in 0.0135 seconds. Added 2407 classes and 511 folders.
[2018.01.10-04.16.53:715][  0]LogContentBrowser: Native class hierarchy updated for 'WidgetCarousel' in 0.0018 seconds. Added 0 classes and 0 folders.
[2018.01.10-04.16.53:776][  0]LogContentBrowser: Native class hierarchy updated for 'AddContentDialog' in 0.0016 seconds. Added 0 classes and 0 folders.
[2018.01.10-04.16.53:844][  0]LogContentBrowser: Native class hierarchy updated for 'SceneOutliner' in 0.0015 seconds. Added 1 classes and 2 folders.
[2018.01.10-04.16.53:899][  0]LogSlate: Took 0.000199 seconds to synchronously load lazily loaded font '../../../Engine/Content/Slate/Fonts/Roboto-Regular.ttf' (155K)
[2018.01.10-04.16.53:901][  0]LogSlate: Took 0.000232 seconds to synchronously load lazily loaded font '../../../Engine/Content/Slate/Fonts/Roboto-Bold.ttf' (160K)
[2018.01.10-04.16.53:907][  0]LogSlate: Took 0.000200 seconds to synchronously load lazily loaded font '../../../Engine/Content/Editor/Slate/Fonts/FontAwesome.ttf' (139K)
[2018.01.10-04.16.54:075][  0]LogRenderer: Reallocating scene render targets to support 1000x652 Format 10 NumSamples 1 (Frame:1).
[2018.01.10-04.16.54:476][  0]LogContentBrowser: Native class hierarchy updated for 'HierarchicalLODOutliner' in 0.0017 seconds. Added 1 classes and 2 folders.
[2018.01.10-04.16.54:476][  0]LogLoad: (Engine Initialization) Total time: 76.80 seconds
[2018.01.10-04.16.54:476][  0]LogLoad: (Engine Initialization) Total Blueprint compile time: 0.00 seconds
[2018.01.10-04.16.54:477][  0]LogExternalProfiler: Found external profiler: VSPerf
[2018.01.10-04.16.54:477][  0]LogExternalProfiler: Using external profiler: VSPerf
[2018.01.10-04.16.54:544][  0]LogDirectoryWatcher: A directory notification failed for 'W:/unreal/github/heartwired/Cyberwitch_Project/Content/' because it was empty or there was a buffer overflow. Attemping another request...
[2018.01.10-04.16.54:545][  0]LogDirectoryWatcher: A directory notification failed for 'W:/unreal/github/heartwired/Cyberwitch_Project/Content/', and we were unable to create a new request.
[2018.01.10-04.16.54:545][  0]LogDirectoryWatcher: A directory notification failed for 'W:/unreal/github/heartwired/Cyberwitch_Project/Plugins/UnrealEnginePython/Binaries/Win64' because it was empty or there was a buffer overflow. Attemping another request...
[2018.01.10-04.16.54:545][  0]LogDirectoryWatcher: A directory notification failed for 'W:/unreal/github/heartwired/Cyberwitch_Project/Saved/Collections/' because it was empty or there was a buffer overflow. Attemping another request...
[2018.01.10-04.16.54:545][  0]LogDirectoryWatcher: A directory notification failed for 'W:/unreal/github/heartwired/Cyberwitch_Project/Content/Developers/grichar6/Collections/' because it was empty or there was a buffer overflow. Attemping another request...
[2018.01.10-04.16.54:545][  0]LogDirectoryWatcher: A directory notification failed for 'W:/unreal/github/heartwired/Cyberwitch_Project/Content/Collections/' because it was empty or there was a buffer overflow. Attemping another request...
[2018.01.10-04.16.54:553][  0]LogContentStreaming: Texture pool size now 1000 MB
[2018.01.10-04.16.54:703][  0]LogSlate: Took 0.000282 seconds to synchronously load lazily loaded font '../../../Engine/Content/Slate/Fonts/Roboto-Light.ttf' (159K)
[2018.01.10-04.16.54:750][  1]LogFileCache: Retrieving MD5 hashes for directory 'W:/unreal/github/heartwired/Cyberwitch_Project/Content/' took 0.25s
[2018.01.10-04.16.54:771][  1]LogAssetRegistry: Asset discovery search completed in 57.1088 seconds
[2018.01.10-04.16.54:773][  1]LogCollectionManager: Rebuilt the object cache for 0 collections in 0.000001 seconds (found 0 objects)
[2018.01.10-04.16.54:773][  1]LogCollectionManager: Fixed up redirectors for 0 collections in 0.000085 seconds (updated 0 objects)
[2018.01.10-04.16.54:773][  1]LogDirectoryWatcher: A directory notification failed for 'W:/unreal/github/heartwired/Cyberwitch_Project/Plugins/UnrealEnginePython/Binaries/Win64' because it was empty or there was a buffer overflow. Attemping another request...
[2018.01.10-04.16.54:774][  1]LogDirectoryWatcher: A directory notification failed for 'W:/unreal/github/heartwired/Cyberwitch_Project/Plugins/UnrealEnginePython/Binaries/Win64', and we were unable to create a new request.
[2018.01.10-04.16.54:774][  1]LogDirectoryWatcher: A directory notification failed for 'W:/unreal/github/heartwired/Cyberwitch_Project/Content/Collections/' because it was empty or there was a buffer overflow. Attemping another request...
[2018.01.10-04.16.54:774][  1]LogDirectoryWatcher: A directory notification failed for 'W:/unreal/github/heartwired/Cyberwitch_Project/Content/Collections/', and we were unable to create a new request.
[2018.01.10-04.16.54:775][  1]LogDirectoryWatcher: A directory notification failed for 'W:/unreal/github/heartwired/Cyberwitch_Project/Content/Developers/grichar6/Collections/' because it was empty or there was a buffer overflow. Attemping another request...
[2018.01.10-04.16.54:775][  1]LogDirectoryWatcher: A directory notification failed for 'W:/unreal/github/heartwired/Cyberwitch_Project/Content/Developers/grichar6/Collections/', and we were unable to create a new request.
[2018.01.10-04.16.54:776][  1]LogDirectoryWatcher: A directory notification failed for 'W:/unreal/github/heartwired/Cyberwitch_Project/Saved/Collections/' because it was empty or there was a buffer overflow. Attemping another request...
[2018.01.10-04.16.54:776][  1]LogDirectoryWatcher: A directory notification failed for 'W:/unreal/github/heartwired/Cyberwitch_Project/Saved/Collections/', and we were unable to create a new request.
[2018.01.10-04.17.05:767][ 78]LogSlate: Took 0.021609 seconds to synchronously load lazily loaded font '../../../Engine/Content/Editor/Slate/Fonts/DroidSansMono.ttf' (77K)
[2018.01.10-04.17.11:179][595]LogWindowsTextInputMethodSystem: Display: IME system now deactivated.
[2018.01.10-04.17.11:180][595]LogWindowsTextInputMethodSystem: Display: IME system now deactivated.
[2018.01.10-04.17.11:529][596]Cmd: QUIT_EDITOR
[2018.01.10-04.17.11:619][596]LogExit: Preparing to exit.
[2018.01.10-04.17.12:239][596]LogExit: Editor shut down
[2018.01.10-04.17.12:247][596]LogExit: Transaction tracking system shut down
[2018.01.10-04.17.13:129][596]LogDirectoryWatcher: A directory notification for '../../../Engine/Content/' was aborted.
[2018.01.10-04.17.13:129][596]LogDirectoryWatcher: A directory notification for '../../../Engine/Plugins/2D/Paper2D/Content/' was aborted.
[2018.01.10-04.17.13:129][596]LogDirectoryWatcher: A directory notification for '../../../Engine/Plugins/Runtime/Oculus/OculusVR/Content/' was aborted.
[2018.01.10-04.17.13:129][596]LogDirectoryWatcher: A directory notification for '../../../Engine/Plugins/Runtime/Steam/SteamVR/Content/' was aborted.
[2018.01.10-04.17.13:244][596]LogExit: Object subsystem successfully closed.
[2018.01.10-04.17.13:311][596]LogD3D11RHI: Shutdown
[2018.01.10-04.17.13:311][596]LogD3D11RHI: CleanupD3DDevice
[2018.01.10-04.17.13:445][596]LogD3D11RHI: ~FD3D11DynamicRHI
[2018.01.10-04.17.13:473][596]LogModuleManager: Shutting down and abandoning module HierarchicalLODOutliner (536)
[2018.01.10-04.17.13:474][596]LogModuleManager: Shutting down and abandoning module SceneOutliner (534)
[2018.01.10-04.17.13:474][596]LogModuleManager: Shutting down and abandoning module AddContentDialog (532)
[2018.01.10-04.17.13:474][596]LogDirectoryWatcher: A directory notification for 'E:/Program Files/Epic Games/UE_4.17/FeaturePacks/' was aborted.
[2018.01.10-04.17.13:476][596]LogModuleManager: Shutting down and abandoning module WidgetCarousel (531)
[2018.01.10-04.17.13:476][596]LogModuleManager: Shutting down and abandoning module EditorWidgets (528)
[2018.01.10-04.17.13:476][596]LogModuleManager: Shutting down and abandoning module CollectionManager (526)
[2018.01.10-04.17.13:476][596]LogModuleManager: Shutting down and abandoning module StatsViewer (524)
[2018.01.10-04.17.13:476][596]LogModuleManager: Shutting down and abandoning module FoliageEdit (522)
[2018.01.10-04.17.13:476][596]LogModuleManager: Shutting down and abandoning module LandscapeEditor (520)
[2018.01.10-04.17.13:476][596]LogModuleManager: Shutting down and abandoning module MeshPaintMode (518)
[2018.01.10-04.17.13:476][596]LogModuleManager: Shutting down and abandoning module SceneDepthPickerMode (516)
[2018.01.10-04.17.13:476][596]LogModuleManager: Shutting down and abandoning module ActorPickerMode (514)
[2018.01.10-04.17.13:476][596]LogModuleManager: Shutting down and abandoning module GeometryMode (512)
[2018.01.10-04.17.13:476][596]LogModuleManager: Shutting down and abandoning module TextureAlignMode (510)
[2018.01.10-04.17.13:476][596]LogModuleManager: Shutting down and abandoning module BspMode (508)
[2018.01.10-04.17.13:476][596]LogModuleManager: Shutting down and abandoning module PIEPreviewDeviceProfileSelector (506)
[2018.01.10-04.17.13:477][596]LogModuleManager: Shutting down and abandoning module HardwareSurvey (504)
[2018.01.10-04.17.13:477][596]LogModuleManager: Shutting down and abandoning module SequenceRecorderSections (502)
[2018.01.10-04.17.13:477][596]LogModuleManager: Shutting down and abandoning module AutomationWorker (500)
[2018.01.10-04.17.13:477][596]LogModuleManager: Shutting down and abandoning module MatineeToLevelSequence (498)
[2018.01.10-04.17.13:477][596]LogModuleManager: Shutting down and abandoning module LevelSequenceEditor (496)
[2018.01.10-04.17.13:477][596]LogModuleManager: Shutting down and abandoning module PlacementMode (495)
[2018.01.10-04.17.13:477][596]LogModuleManager: Shutting down and abandoning module WmfMediaFactory (492)
[2018.01.10-04.17.13:477][596]LogModuleManager: Shutting down and abandoning module WmfMediaEditor (490)
[2018.01.10-04.17.13:477][596]LogModuleManager: Shutting down and abandoning module AvfMediaFactory (488)
[2018.01.10-04.17.13:477][596]LogModuleManager: Shutting down and abandoning module AvfMediaEditor (486)
[2018.01.10-04.17.13:477][596]LogModuleManager: Shutting down and abandoning module AndroidMediaFactory (484)
[2018.01.10-04.17.13:477][596]LogModuleManager: Shutting down and abandoning module Media (483)
[2018.01.10-04.17.13:477][596]LogModuleManager: Shutting down and abandoning module AndroidMediaEditor (480)
[2018.01.10-04.17.13:477][596]LogModuleManager: Shutting down and abandoning module CharacterAI (478)
[2018.01.10-04.17.13:477][596]LogModuleManager: Shutting down and abandoning module AudioCapture (476)
[2018.01.10-04.17.13:477][596]LogModuleManager: Shutting down and abandoning module SequenceRecorder (475)
[2018.01.10-04.17.13:477][596]LogModuleManager: Shutting down and abandoning module SmartSnapping (472)
[2018.01.10-04.17.13:477][596]LogModuleManager: Shutting down and abandoning module SessionServices (470)
[2018.01.10-04.17.13:477][596]LogModuleManager: Shutting down and abandoning module ViewportSnapping (468)
[2018.01.10-04.17.13:477][596]LogModuleManager: Shutting down and abandoning module ViewportInteraction (466)
[2018.01.10-04.17.13:477][596]LogModuleManager: Shutting down and abandoning module ClothPainter (464)
[2018.01.10-04.17.13:477][596]LogModuleManager: Shutting down and abandoning module LogVisualizer (462)
[2018.01.10-04.17.13:478][596]LogModuleManager: Shutting down and abandoning module IntroTutorials (460)
[2018.01.10-04.17.13:478][596]LogModuleManager: Shutting down and abandoning module GameProjectGeneration (459)
[2018.01.10-04.17.13:478][596]LogModuleManager: Shutting down and abandoning module IOSPlatformEditor (456)
[2018.01.10-04.17.13:478][596]LogModuleManager: Shutting down and abandoning module HTML5PlatformEditor (454)
[2018.01.10-04.17.13:478][596]LogModuleManager: Shutting down and abandoning module AndroidPlatformEditor (452)
[2018.01.10-04.17.13:478][596]LogModuleManager: Shutting down and abandoning module AndroidDeviceDetection (451)
[2018.01.10-04.17.14:207][596]LogModuleManager: Shutting down and abandoning module WindowsPlatformEditor (448)
[2018.01.10-04.17.14:207][596]LogModuleManager: Shutting down and abandoning module IOSRuntimeSettings (446)
[2018.01.10-04.17.14:207][596]LogModuleManager: Shutting down and abandoning module AndroidRuntimeSettings (444)
[2018.01.10-04.17.14:207][596]LogModuleManager: Shutting down and abandoning module InputBindingEditor (442)
[2018.01.10-04.17.14:208][596]LogModuleManager: Shutting down and abandoning module MergeActors (440)
[2018.01.10-04.17.14:208][596]LogModuleManager: Shutting down and abandoning module SizeMap (438)
[2018.01.10-04.17.14:208][596]LogModuleManager: Shutting down and abandoning module TreeMap (436)
[2018.01.10-04.17.14:208][596]LogModuleManager: Shutting down and abandoning module ReferenceViewer (434)
[2018.01.10-04.17.14:208][596]LogModuleManager: Shutting down and abandoning module LocalizationDashboard (432)
[2018.01.10-04.17.14:208][596]LogModuleManager: Shutting down and abandoning module LocalizationService (431)
[2018.01.10-04.17.14:208][596]LogModuleManager: Shutting down and abandoning module HardwareTargeting (428)
[2018.01.10-04.17.14:208][596]LogModuleManager: Shutting down and abandoning module DeviceProfileEditor (426)
[2018.01.10-04.17.14:208][596]LogModuleManager: Shutting down and abandoning module UndoHistory (424)
[2018.01.10-04.17.14:208][596]LogModuleManager: Shutting down and abandoning module XmlParser (422)
[2018.01.10-04.17.14:208][596]LogModuleManager: Shutting down and abandoning module Blutility (420)
[2018.01.10-04.17.14:208][596]LogModuleManager: Shutting down and abandoning module ProjectSettingsViewer (418)
[2018.01.10-04.17.14:208][596]LogModuleManager: Shutting down and abandoning module ProjectTargetPlatformEditor (417)
[2018.01.10-04.17.14:209][596]LogModuleManager: Shutting down and abandoning module EditorSettingsViewer (414)
[2018.01.10-04.17.14:209][596]LogModuleManager: Shutting down and abandoning module SettingsEditor (412)
[2018.01.10-04.17.14:209][596]LogModuleManager: Shutting down and abandoning module ProjectLauncher (410)
[2018.01.10-04.17.14:209][596]LogModuleManager: Shutting down and abandoning module SessionFrontend (408)
[2018.01.10-04.17.14:209][596]LogModuleManager: Shutting down and abandoning module ProfilerClient (406)
[2018.01.10-04.17.14:209][596]LogModuleManager: Shutting down and abandoning module DeviceManager (404)
[2018.01.10-04.17.14:209][596]LogModuleManager: Shutting down and abandoning module TargetDeviceServices (403)
[2018.01.10-04.17.14:262][596]LogModuleManager: Shutting down and abandoning module AutomationController (400)
[2018.01.10-04.17.14:262][596]LogModuleManager: Shutting down and abandoning module AutomationWindow (398)
[2018.01.10-04.17.14:262][596]LogModuleManager: Shutting down and abandoning module Layers (396)
[2018.01.10-04.17.14:262][596]LogModuleManager: Shutting down and abandoning module ComponentVisualizers (394)
[2018.01.10-04.17.14:262][596]LogModuleManager: Shutting down and abandoning module DetailCustomizations (392)
[2018.01.10-04.17.14:262][596]LogModuleManager: Shutting down and abandoning module PackagesDialog (390)
[2018.01.10-04.17.14:262][596]LogModuleManager: Shutting down and abandoning module Persona (388)
[2018.01.10-04.17.14:263][596]LogModuleManager: Shutting down and abandoning module AdvancedPreviewScene (387)
[2018.01.10-04.17.14:263][596]LogModuleManager: Shutting down and abandoning module AnimGraph (385)
[2018.01.10-04.17.14:263][596]LogModuleManager: Shutting down and abandoning module Kismet (382)
[2018.01.10-04.17.14:269][596]LogModuleManager: Shutting down and abandoning module ClassViewer (380)
[2018.01.10-04.17.14:269][596]LogModuleManager: Shutting down and abandoning module Toolbox (378)
[2018.01.10-04.17.14:269][596]LogModuleManager: Shutting down and abandoning module ModuleUI (376)
[2018.01.10-04.17.14:269][596]LogModuleManager: Shutting down and abandoning module MovieSceneTools (374)
[2018.01.10-04.17.14:269][596]LogModuleManager: Shutting down and abandoning module OutputLog (372)
[2018.01.10-04.17.14:269][596]LogModuleManager: Shutting down and abandoning module GammaUI (370)
[2018.01.10-04.17.14:269][596]LogModuleManager: Shutting down and abandoning module Documentation (368)
[2018.01.10-04.17.14:269][596]LogModuleManager: Shutting down and abandoning module MovieSceneTracks (366)
[2018.01.10-04.17.14:269][596]LogModuleManager: Shutting down and abandoning module MovieScene (364)
[2018.01.10-04.17.14:269][596]LogModuleManager: Shutting down and abandoning module Niagara (362)
[2018.01.10-04.17.14:269][596]LogModuleManager: Shutting down and abandoning module NiagaraEditor (361)
[2018.01.10-04.17.14:270][596]LogModuleManager: Shutting down and abandoning module StreamingPauseRendering (358)
[2018.01.10-04.17.14:270][596]LogModuleManager: Shutting down and abandoning module LauncherPlatform (356)
[2018.01.10-04.17.14:270][596]LogModuleManager: Shutting down and abandoning module AnalyticsET (354)
[2018.01.10-04.17.14:270][596]LogModuleManager: Shutting down and abandoning module PortalServices (352)
[2018.01.10-04.17.14:270][596]LogModuleManager: Shutting down and abandoning module PortalRpc (350)
[2018.01.10-04.17.14:270][596]LogModuleManager: Shutting down and abandoning module MessagingRpc (348)
[2018.01.10-04.17.14:270][596]LogModuleManager: Shutting down and abandoning module AIModule (346)
[2018.01.10-04.17.14:270][596]LogModuleManager: Shutting down and abandoning module GameplayDebugger (345)
[2018.01.10-04.17.14:270][596]LogModuleManager: Shutting down and abandoning module AITestSuite (343)
[2018.01.10-04.17.14:270][596]LogModuleManager: Shutting down and abandoning module ProfilerService (340)
[2018.01.10-04.17.14:519][596]LogModuleManager: Shutting down and abandoning module TaskGraph (338)
[2018.01.10-04.17.14:519][596]LogModuleManager: Shutting down and abandoning module PythonEditor (336)
[2018.01.10-04.17.14:519][596]LogModuleManager: Shutting down and abandoning module PythonConsole (334)
[2018.01.10-04.17.14:520][596]LogModuleManager: Shutting down and abandoning module UnrealEnginePython (332)
[2018.01.10-04.17.14:520][596]LogPython: Goodbye Python
[2018.01.10-04.17.14:525][596]LogModuleManager: Shutting down and abandoning module SteamVRController (330)
[2018.01.10-04.17.14:525][596]LogModuleManager: Shutting down and abandoning module ProceduralMeshComponentEditor (328)
[2018.01.10-04.17.14:525][596]LogModuleManager: Shutting down and abandoning module ProceduralMeshComponent (326)
[2018.01.10-04.17.14:525][596]LogModuleManager: Shutting down and abandoning module OculusInput (324)
[2018.01.10-04.17.14:525][596]LogModuleManager: Shutting down and abandoning module MobilePatchingUtils (322)
[2018.01.10-04.17.14:525][596]LogModuleManager: Shutting down and abandoning module CustomMeshComponent (320)
[2018.01.10-04.17.14:525][596]LogModuleManager: Shutting down and abandoning module CableComponent (318)
[2018.01.10-04.17.14:525][596]LogModuleManager: Shutting down and abandoning module ArchVisCharacter (316)
[2018.01.10-04.17.14:525][596]LogModuleManager: Shutting down and abandoning module AndroidPermission (314)
[2018.01.10-04.17.14:525][596]LogModuleManager: Shutting down and abandoning module MediaPlayerEditor (310)
[2018.01.10-04.17.14:525][596]LogModuleManager: Shutting down and abandoning module HTML5Networking (308)
[2018.01.10-04.17.14:525][596]LogModuleManager: Shutting down and abandoning module AlembicImporter (306)
[2018.01.10-04.17.14:525][596]LogModuleManager: Shutting down and abandoning module AlembicLibrary (305)
[2018.01.10-04.17.14:526][596]LogModuleManager: Shutting down and abandoning module GeometryCache (304)
[2018.01.10-04.17.14:526][596]LogModuleManager: Shutting down and abandoning module GeometryCacheEd (303)
[2018.01.10-04.17.14:526][596]LogModuleManager: Shutting down and abandoning module SpeedTreeImporter (298)
[2018.01.10-04.17.14:526][596]LogModuleManager: Shutting down and abandoning module PluginBrowser (296)
[2018.01.10-04.17.14:526][596]LogModuleManager: Shutting down and abandoning module MobileLauncherProfileWizard (294)
[2018.01.10-04.17.14:526][596]LogModuleManager: Shutting down and abandoning module VisualStudioSourceCodeAccess (292)
[2018.01.10-04.17.14:526][596]LogModuleManager: Shutting down and abandoning module DesktopPlatform (291)
[2018.01.10-04.17.14:526][596]LogModuleManager: Shutting down and abandoning module UObjectPlugin (288)
[2018.01.10-04.17.14:526][596]LogModuleManager: Shutting down and abandoning module SubversionSourceControl (286)
[2018.01.10-04.17.14:526][596]LogModuleManager: Shutting down and abandoning module PerforceSourceControl (284)
[2018.01.10-04.17.14:526][596]LogModuleManager: Shutting down and abandoning module GitSourceControl (282)
[2018.01.10-04.17.14:526][596]LogModuleManager: Shutting down and abandoning module SourceControl (281)
[2018.01.10-04.17.14:527][596]LogModuleManager: Shutting down and abandoning module LightPropagationVolumeEditor (278)
[2018.01.10-04.17.14:527][596]LogModuleManager: Shutting down and abandoning module PaperTiledImporter (276)
[2018.01.10-04.17.14:527][596]LogModuleManager: Shutting down and abandoning module PaperSpriteSheetImporter (274)
[2018.01.10-04.17.14:527][596]LogModuleManager: Shutting down and abandoning module Paper2DEditor (272)
[2018.01.10-04.17.14:527][596]LogModuleManager: Shutting down and abandoning module MeshPaint (271)
[2018.01.10-04.17.14:527][596]LogModuleManager: Shutting down and abandoning module LevelEditor (269)
[2018.01.10-04.17.14:529][596]LogModuleManager: Shutting down and abandoning module PixelInspectorModule (268)
[2018.01.10-04.17.14:529][596]LogModuleManager: Shutting down and abandoning module MainFrame (266)
[2018.01.10-04.17.14:529][596]LogModuleManager: Shutting down and abandoning module HotReload (265)
[2018.01.10-04.17.14:530][596]LogModuleManager: Shutting down and abandoning module RuntimePhysXCooking (260)
[2018.01.10-04.17.14:530][596]LogModuleManager: Shutting down and abandoning module PhysXVehiclesEditor (258)
[2018.01.10-04.17.14:530][596]LogModuleManager: Shutting down and abandoning module PhysXVehicles (256)
[2018.01.10-04.17.14:530][596]LogModuleManager: Shutting down and abandoning module OculusEditor (254)
[2018.01.10-04.17.14:530][596]LogModuleManager: Shutting down and abandoning module LocationServicesBPLibrary (252)
[2018.01.10-04.17.14:530][596]LogModuleManager: Shutting down and abandoning module ImmediatePhysicsEditor (250)
[2018.01.10-04.17.14:530][596]LogModuleManager: Shutting down and abandoning module ImmediatePhysics (248)
[2018.01.10-04.17.14:530][596]LogModuleManager: Shutting down and abandoning module UdpMessaging (246)
[2018.01.10-04.17.14:631][596]LogModuleManager: Shutting down and abandoning module TcpMessaging (244)
[2018.01.10-04.17.14:731][596]LogModuleManager: Shutting down and abandoning module GameplayTagsEditor (242)
[2018.01.10-04.17.14:731][596]LogModuleManager: Shutting down and abandoning module FacialAnimationEditor (240)
[2018.01.10-04.17.14:731][596]LogModuleManager: Shutting down and abandoning module FacialAnimation (238)
[2018.01.10-04.17.14:731][596]LogModuleManager: Shutting down and abandoning module AssetManagerEditor (236)
[2018.01.10-04.17.14:732][596]LogModuleManager: Shutting down and abandoning module GraphEditor (235)
[2018.01.10-04.17.14:732][596]LogModuleManager: Shutting down and abandoning module ContentBrowser (233)
[2018.01.10-04.17.14:734][596]LogModuleManager: Shutting down and abandoning module LightPropagationVolumeRuntime (230)
[2018.01.10-04.17.14:735][596]LogModuleManager: Shutting down and abandoning module Paper2D (228)
[2018.01.10-04.17.14:735][596]LogModuleManager: Shutting down and abandoning module WindowsMoviePlayer (226)
[2018.01.10-04.17.14:735][596]LogModuleManager: Shutting down and abandoning module WmfMedia (224)
[2018.01.10-04.17.14:735][596]LogModuleManager: Shutting down and abandoning module PacketHandler (222)
[2018.01.10-04.17.14:735][596]LogModuleManager: Shutting down and abandoning module ClothingSystemEditor (220)
[2018.01.10-04.17.14:735][596]LogModuleManager: Shutting down and abandoning module ClothingSystemRuntime (218)
[2018.01.10-04.17.14:735][596]LogModuleManager: Shutting down and abandoning module Overlay (216)
[2018.01.10-04.17.14:735][596]LogModuleManager: Shutting down and abandoning module OverlayEditor (215)
[2018.01.10-04.17.14:735][596]LogModuleManager: Shutting down and abandoning module MediaAssets (212)
[2018.01.10-04.17.14:735][596]LogModuleManager: Shutting down and abandoning module VREditor (210)
[2018.01.10-04.17.14:735][596]LogModuleManager: Shutting down and abandoning module StringTableEditor (208)
[2018.01.10-04.17.14:736][596]LogModuleManager: Shutting down and abandoning module GameplayTasksEditor (206)
[2018.01.10-04.17.14:736][596]LogModuleManager: Shutting down and abandoning module BehaviorTreeEditor (204)
[2018.01.10-04.17.14:736][596]LogModuleManager: Shutting down and abandoning module FunctionalTesting (202)
[2018.01.10-04.17.14:736][596]LogModuleManager: Shutting down and abandoning module CollisionAnalyzer (200)
[2018.01.10-04.17.14:736][596]LogModuleManager: Shutting down and abandoning module WorkspaceMenuStructure (199)
[2018.01.10-04.17.14:736][596]LogModuleManager: Shutting down and abandoning module UMG (196)
[2018.01.10-04.17.14:736][596]LogModuleManager: Shutting down and abandoning module UMGEditor (195)
[2018.01.10-04.17.14:736][596]LogModuleManager: Shutting down and abandoning module Sequencer (194)
[2018.01.10-04.17.14:736][596]LogModuleManager: Shutting down and abandoning module MessageLog (191)
[2018.01.10-04.17.14:736][596]LogModuleManager: Shutting down and abandoning module SlateReflector (186)
[2018.01.10-04.17.14:736][596]LogModuleManager: Shutting down and abandoning module Slate (184)
[2018.01.10-04.17.14:736][596]LogModuleManager: Shutting down and abandoning module EditorStyle (182)
[2018.01.10-04.17.14:741][596]LogModuleManager: Shutting down and abandoning module MRMesh (180)
[2018.01.10-04.17.14:741][596]LogModuleManager: Shutting down and abandoning module SourceCodeAccess (178)
[2018.01.10-04.17.14:741][596]LogModuleManager: Shutting down and abandoning module HeadMountedDisplay (176)
[2018.01.10-04.17.14:741][596]LogModuleManager: Shutting down and abandoning module XAudio2 (174)
[2018.01.10-04.17.14:742][596]LogModuleManager: Shutting down and abandoning module Networking (172)
[2018.01.10-04.17.14:742][596]LogModuleManager: Shutting down and abandoning module Core (168)
[2018.01.10-04.17.14:742][596]LogModuleManager: Shutting down and abandoning module KismetCompiler (164)
[2018.01.10-04.17.14:742][596]LogModuleManager: Shutting down and abandoning module LevelSequence (162)
[2018.01.10-04.17.14:742][596]LogModuleManager: Shutting down and abandoning module MeshUtilities (160)
[2018.01.10-04.17.14:742][596]LogModuleManager: Shutting down and abandoning module MeshMergeUtilities (159)
[2018.01.10-04.17.14:742][596]LogModuleManager: Shutting down and abandoning module MeshReductionInterface (158)
[2018.01.10-04.17.14:742][596]LogModuleManager: Shutting down and abandoning module SimplygonSwarm (157)
[2018.01.10-04.17.14:742][596]LogModuleManager: Shutting down and abandoning module SimplygonMeshReduction (155)
[2018.01.10-04.17.14:742][596]LogModuleManager: Shutting down and abandoning module QuadricMeshReduction (153)
[2018.01.10-04.17.14:742][596]LogModuleManager: Shutting down and abandoning module MaterialBaking (149)
[2018.01.10-04.17.14:742][596]LogModuleManager: Shutting down and abandoning module DirectoryWatcher (146)
[2018.01.10-04.17.14:743][596]LogModuleManager: Shutting down and abandoning module DerivedDataCache (144)
[2018.01.10-04.17.14:870][596]LogDerivedDataCache: Shutdown
[2018.01.10-04.17.14:870][596]LogModuleManager: Shutting down and abandoning module TargetPlatform (142)
[2018.01.10-04.17.14:870][596]LogModuleManager: Shutting down and abandoning module VulkanShaderFormat (141)
[2018.01.10-04.17.14:870][596]LogModuleManager: Shutting down and abandoning module ShaderFormatVectorVM (139)
[2018.01.10-04.17.14:870][596]LogModuleManager: Shutting down and abandoning module ShaderFormatOpenGL (137)
[2018.01.10-04.17.14:870][596]LogModuleManager: Shutting down and abandoning module ShaderFormatD3D (135)
[2018.01.10-04.17.14:870][596]LogModuleManager: Shutting down and abandoning module MetalShaderFormat (133)
[2018.01.10-04.17.14:870][596]LogModuleManager: Shutting down and abandoning module TextureFormatUncompressed (131)
[2018.01.10-04.17.14:870][596]LogModuleManager: Shutting down and abandoning module TextureFormatPVR (129)
[2018.01.10-04.17.14:870][596]LogModuleManager: Shutting down and abandoning module TextureFormatDXT (127)
[2018.01.10-04.17.14:870][596]LogModuleManager: Shutting down and abandoning module TextureFormatIntelISPCTexComp (125)
[2018.01.10-04.17.14:870][596]LogModuleManager: Shutting down and abandoning module TextureFormatASTC (123)
[2018.01.10-04.17.14:870][596]LogModuleManager: Shutting down and abandoning module ImageWrapper (122)
[2018.01.10-04.17.14:871][596]LogModuleManager: Shutting down and abandoning module TextureFormatAndroid (119)
[2018.01.10-04.17.14:871][596]LogModuleManager: Shutting down and abandoning module AudioFormatOpus (117)
[2018.01.10-04.17.14:871][596]LogModuleManager: Shutting down and abandoning module AudioFormatOgg (115)
[2018.01.10-04.17.14:871][596]LogModuleManager: Shutting down and abandoning module AudioFormatADPCM (113)
[2018.01.10-04.17.14:871][596]LogModuleManager: Shutting down and abandoning module LinuxTargetPlatform (111)
[2018.01.10-04.17.14:871][596]LogModuleManager: Shutting down and abandoning module LinuxServerTargetPlatform (109)
[2018.01.10-04.17.14:871][596]LogModuleManager: Shutting down and abandoning module LinuxNoEditorTargetPlatform (107)
[2018.01.10-04.17.14:871][596]LogModuleManager: Shutting down and abandoning module LinuxClientTargetPlatform (105)
[2018.01.10-04.17.14:871][596]LogModuleManager: Shutting down and abandoning module TVOSTargetPlatform (103)
[2018.01.10-04.17.14:871][596]LogModuleManager: Shutting down and abandoning module Messaging (101)
[2018.01.10-04.17.14:871][596]LogModuleManager: Shutting down and abandoning module IOSTargetPlatform (99)
[2018.01.10-04.17.14:871][596]LogModuleManager: Shutting down and abandoning module HTML5TargetPlatform (97)
[2018.01.10-04.17.14:871][596]LogModuleManager: Shutting down and abandoning module Android_PVRTCTargetPlatform (95)
[2018.01.10-04.17.14:871][596]LogModuleManager: Shutting down and abandoning module Android_MultiTargetPlatform (93)
[2018.01.10-04.17.14:871][596]LogModuleManager: Shutting down and abandoning module Android_ETC2TargetPlatform (91)
[2018.01.10-04.17.14:871][596]LogModuleManager: Shutting down and abandoning module Android_ETC1TargetPlatform (89)
[2018.01.10-04.17.14:871][596]LogModuleManager: Shutting down and abandoning module Android_DXTTargetPlatform (87)
[2018.01.10-04.17.14:871][596]LogModuleManager: Shutting down and abandoning module Android_ATCTargetPlatform (85)
[2018.01.10-04.17.14:871][596]LogModuleManager: Shutting down and abandoning module Android_ASTCTargetPlatform (83)
[2018.01.10-04.17.14:871][596]LogModuleManager: Shutting down and abandoning module AndroidTargetPlatform (81)
[2018.01.10-04.17.14:871][596]LogModuleManager: Shutting down and abandoning module WindowsTargetPlatform (79)
[2018.01.10-04.17.14:872][596]LogModuleManager: Shutting down and abandoning module WindowsServerTargetPlatform (77)
[2018.01.10-04.17.14:872][596]LogModuleManager: Shutting down and abandoning module WindowsNoEditorTargetPlatform (75)
[2018.01.10-04.17.14:872][596]LogModuleManager: Shutting down and abandoning module WindowsClientTargetPlatform (73)
[2018.01.10-04.17.14:872][596]LogModuleManager: Shutting down and abandoning module MacTargetPlatform (71)
[2018.01.10-04.17.14:872][596]LogModuleManager: Shutting down and abandoning module MacServerTargetPlatform (69)
[2018.01.10-04.17.14:872][596]LogModuleManager: Shutting down and abandoning module MacNoEditorTargetPlatform (67)
[2018.01.10-04.17.14:872][596]LogModuleManager: Shutting down and abandoning module MacClientTargetPlatform (65)
[2018.01.10-04.17.14:872][596]LogModuleManager: Shutting down and abandoning module AllDesktopTargetPlatform (63)
[2018.01.10-04.17.14:872][596]LogModuleManager: Shutting down and abandoning module InputCore (60)
[2018.01.10-04.17.14:872][596]LogModuleManager: Shutting down and abandoning module Settings (58)
[2018.01.10-04.17.14:872][596]LogModuleManager: Shutting down and abandoning module PhysXCooking (56)
[2018.01.10-04.17.14:872][596]LogModuleManager: Shutting down and abandoning module SteamVR (54)
[2018.01.10-04.17.14:872][596]LogModuleManager: Shutting down and abandoning module OculusHMD (52)
[2018.01.10-04.17.14:872][596]LogModuleManager: Shutting down and abandoning module ExampleDeviceProfileSelector (50)
[2018.01.10-04.17.14:872][596]LogModuleManager: Shutting down and abandoning module OnlineBlueprintSupport (48)
[2018.01.10-04.17.14:872][596]LogModuleManager: Shutting down and abandoning module OnlineSubsystem (44)
[2018.01.10-04.17.14:872][596]LogOnline: Display: Unloading online subsystem: NULL
[2018.01.10-04.17.14:872][596]LogModuleManager: Shutting down and abandoning module XMPP (43)
[2018.01.10-04.17.14:873][596]LogModuleManager: Shutting down and abandoning module HTTP (41)
[2018.01.10-04.17.14:873][596]LogHttp: Display: Http module shutting down, but needs to wait on 1 outstanding Http requests:
[2018.01.10-04.17.14:873][596]LogHttp: Display: 	verb=[POST] url=[https://datarouter.ol.epicgames.com/datarouter/api/v1/public/data?SessionID=%7BA20ACD94-4D77-AF1F-2332-DD93D55792CD%7D&AppID=UEEditor.Rocket.Release&AppVersion=4.17.2-3658906%2B%2B%2BUE4%2BRelease-4.17&UserID=65ad611346145e377bc0da96a99010cb%7C%7Cf75cc6c7-e916-4ae8-a63f-19c12e30397d&AppEnvironment=datacollector-binary&UploadType=eteventstream] status=Processing
[2018.01.10-04.17.14:888][596]LogModuleManager: Shutting down and abandoning module SSL (40)
[2018.01.10-04.17.14:890][596]LogModuleManager: Shutting down and abandoning module AnimationModifiers (36)
[2018.01.10-04.17.14:891][596]LogModuleManager: Shutting down and abandoning module PropertyEditor (35)
[2018.01.10-04.17.14:891][596]LogModuleManager: Shutting down and abandoning module AudioEditor (32)
[2018.01.10-04.17.14:891][596]LogModuleManager: Shutting down and abandoning module TextureCompressor (30)
[2018.01.10-04.17.14:891][596]LogModuleManager: Shutting down and abandoning module ShaderCore (28)
[2018.01.10-04.17.14:891][596]LogModuleManager: Shutting down and abandoning module Landscape (26)
[2018.01.10-04.17.14:891][596]LogModuleManager: Shutting down and abandoning module SlateRHIRenderer (24)
[2018.01.10-04.17.14:893][596]LogModuleManager: Shutting down and abandoning module OpenGLDrv (22)
[2018.01.10-04.17.14:893][596]LogModuleManager: Shutting down and abandoning module D3D11RHI (20)
[2018.01.10-04.17.14:893][596]LogModuleManager: Shutting down and abandoning module AnimGraphRuntime (18)
[2018.01.10-04.17.14:893][596]LogModuleManager: Shutting down and abandoning module Renderer (16)
[2018.01.10-04.17.14:893][596]LogModuleManager: Shutting down and abandoning module Engine (14)
[2018.01.10-04.17.14:893][596]LogModuleManager: Shutting down and abandoning module CoreUObject (12)
[2018.01.10-04.17.14:893][596]LogModuleManager: Shutting down and abandoning module NetworkFile (10)
[2018.01.10-04.17.14:893][596]LogModuleManager: Shutting down and abandoning module CookedIterativeFile (8)
[2018.01.10-04.17.14:893][596]LogModuleManager: Shutting down and abandoning module StreamingFile (6)
[2018.01.10-04.17.14:893][596]LogModuleManager: Shutting down and abandoning module SandboxFile (4)
[2018.01.10-04.17.14:893][596]LogModuleManager: Shutting down and abandoning module PakFile (2)
[2018.01.10-04.17.14:921][596]LogExit: Exiting.
[2018.01.10-04.17.15:047][596]Log file closed, 01/09/18 20:17:15
