Log file open, 02/03/18 12:38:39
LogWindows: Failed to load 'aqProf.dll' (GetLastError=126)
LogWindows: File 'aqProf.dll' does not exist
LogWindows: Failed to load 'VtuneApi.dll' (GetLastError=126)
LogWindows: File 'VtuneApi.dll' does not exist
LogWindows: Failed to load 'VtuneApi32e.dll' (GetLastError=126)
LogWindows: File 'VtuneApi32e.dll' does not exist
LogInit: Display: Running engine for game: Cyberwitch_Project
LogPlatformFile: Not using cached read wrapper
LogInit: Display: RandInit(-537310246) SRandInit(-537310246).
LogTaskGraph: Started task graph with 5 named threads and 53 total threads with 3 sets of task threads.
LogStats: Stats thread started at 0.871984
LogD3D11RHI: Aftermath initialized
LogPluginManager: Mounting plugin Paper2D
LogPluginManager: Mounting plugin LightPropagationVolume
LogPluginManager: Mounting plugin CodeLiteSourceCodeAccess
LogPluginManager: Mounting plugin GitSourceControl
LogPluginManager: Mounting plugin KDevelopSourceCodeAccess
LogPluginManager: Mounting plugin NullSourceCodeAccess
LogPluginManager: Mounting plugin PerforceSourceControl
LogPluginManager: Mounting plugin SubversionSourceControl
LogPluginManager: Mounting plugin UObjectPlugin
LogPluginManager: Mounting plugin VisualStudioSourceCodeAccess
LogPluginManager: Mounting plugin XCodeSourceCodeAccess
LogPluginManager: Mounting plugin AssetManagerEditor
LogPluginManager: Mounting plugin AudioCapture
LogPluginManager: Mounting plugin FacialAnimation
LogPluginManager: Mounting plugin GameplayTagsEditor
LogPluginManager: Mounting plugin MobileLauncherProfileWizard
LogPluginManager: Mounting plugin PluginBrowser
LogPluginManager: Mounting plugin SpeedTreeImporter
LogPluginManager: Mounting plugin AlembicImporter
LogPluginManager: Mounting plugin CharacterAI
LogPluginManager: Mounting plugin HTML5Networking
LogPluginManager: Mounting plugin AndroidMedia
LogPluginManager: Mounting plugin AvfMedia
LogPluginManager: Mounting plugin MediaPlayerEditor
LogPluginManager: Mounting plugin WmfMedia
LogPluginManager: Mounting plugin TcpMessaging
LogPluginManager: Mounting plugin UdpMessaging
LogPluginManager: Mounting plugin LevelSequenceEditor
LogPluginManager: Mounting plugin MatineeToLevelSequence
LogPluginManager: Mounting plugin OnlineSubsystemGooglePlay
LogPluginManager: Mounting plugin OnlineSubsystemIOS
LogPluginManager: Mounting plugin OnlineSubsystem
LogPluginManager: Mounting plugin OnlineSubsystemNull
LogPluginManager: Mounting plugin OnlineSubsystemUtils
LogPluginManager: Mounting plugin AndroidDeviceProfileSelector
LogPluginManager: Mounting plugin AndroidMoviePlayer
LogPluginManager: Mounting plugin AndroidPermission
LogPluginManager: Mounting plugin AppleMoviePlayer
LogPluginManager: Mounting plugin ArchVisCharacter
LogPluginManager: Mounting plugin CableComponent
LogPluginManager: Mounting plugin CustomMeshComponent
LogPluginManager: Mounting plugin ExampleDeviceProfileSelector
LogPluginManager: Mounting plugin GoogleCloudMessaging
LogPluginManager: Mounting plugin ImmediatePhysics
LogPluginManager: Mounting plugin IOSDeviceProfileSelector
LogPluginManager: Mounting plugin LinuxDeviceProfileSelector
LogPluginManager: Mounting plugin LocationServicesBPLibrary
LogPluginManager: Mounting plugin MobilePatchingUtils
LogPluginManager: Mounting plugin OculusVR
LogPluginManager: Mounting plugin PhysXVehicles
LogPluginManager: Mounting plugin ProceduralMeshComponent
LogPluginManager: Mounting plugin RuntimePhysXCooking
LogPluginManager: Mounting plugin SteamVR
LogPluginManager: Mounting plugin WindowsMoviePlayer
LogInit: Using libcurl 7.47.1
LogInit:  - built for x86_64-pc-win32
LogInit:  - supports SSL with OpenSSL/1.0.2g
LogInit:  - supports HTTP deflate (compression) using libz 1.2.8
LogInit:  - other features:
LogInit:      CURL_VERSION_SSL
LogInit:      CURL_VERSION_LIBZ
LogInit:      CURL_VERSION_IPV6
LogInit:      CURL_VERSION_ASYNCHDNS
LogInit:      CURL_VERSION_LARGEFILE
LogInit:      CURL_VERSION_IDN
LogInit:  CurlRequestOptions (configurable via config and command line):
LogInit:  - bVerifyPeer = false  - Libcurl will NOT verify peer certificate
LogInit:  - bUseHttpProxy = false  - Libcurl will NOT use HTTP proxy
LogInit:  - bDontReuseConnections = false  - Libcurl will reuse connections
LogInit:  - CertBundlePath = nullptr  - Libcurl will use whatever was configured at build time.
LogHMD: Failed initializing OVRPlugin 1.15.0
LogInit: Build: ++UE4+Release-4.17-CL-3658906
LogInit: Engine Version: 4.17.2-3658906+++UE4+Release-4.17
LogInit: Compatible Engine Version: 4.17.0-3573198+++UE4+Release-4.17
LogInit: Net CL: 3573198
LogDevObjectVersion: Number of dev versions registered: 16
LogDevObjectVersion:   Dev-Blueprints (B0D832E4-1F89-4F0D-ACCF-7EB736FD4AA2): 10
LogDevObjectVersion:   Dev-Build (E1C64328-A22C-4D53-A36C-8E866417BD8C): 0
LogDevObjectVersion:   Dev-Core (375EC13C-06E4-48FB-B500-84F0262A717E): 2
LogDevObjectVersion:   Dev-Editor (E4B068ED-F494-42E9-A231-DA0B2E46BB41): 20
LogDevObjectVersion:   Dev-Framework (CFFC743F-43B0-4480-9391-14DF171D2073): 28
LogDevObjectVersion:   Dev-Mobile (B02B49B5-BB20-44E9-A304-32B752E40360): 0
LogDevObjectVersion:   Dev-Networking (A4E4105C-59A1-49B5-A7C5-40C4547EDFEE): 0
LogDevObjectVersion:   Dev-Online (39C831C9-5AE6-47DC-9A44-9C173E1C8E7C): 0
LogDevObjectVersion:   Dev-Physics (78F01B33-EBEA-4F98-B9B4-84EACCB95AA2): 0
LogDevObjectVersion:   Dev-Platform (6631380F-2D4D-43E0-8009-CF276956A95A): 0
LogDevObjectVersion:   Dev-Rendering (12F88B9F-8875-4AFC-A67C-D90C383ABD29): 19
LogDevObjectVersion:   Dev-Sequencer (7B5AE74C-D270-4C10-A958-57980B212A5A): 4
LogDevObjectVersion:   Dev-VR (D7296918-1DD6-4BDD-9DE2-64A83CC13884): 0
LogDevObjectVersion:   Dev-LoadTimes (C2A15278-BFE7-4AFE-6C17-90FF531DF755): 1
LogDevObjectVersion:   Private-Geometry (6EACA3D4-40EC-4CC1-B786-8BED09428FC5): 1
LogDevObjectVersion:   Dev-AnimPhys (29E575DD-E0A3-4627-9D10-D276232CDCEA): 7
LogInit: Compiled (64-bit): Sep 22 2017 13:47:16
LogInit: Compiled with Visual C++: 19.00.24215.01
LogInit: Build Configuration: Development
LogInit: Branch Name: ++UE4+Release-4.17
LogInit: Command line:  
LogInit: Base directory: E:/Program Files/Epic Games/UE_4.17/Engine/Binaries/Win64/
LogInit: Installed Engine Build: 1
LogInit: Presizing for max 8388607 objects, including 0 objects not considered by GC, pre-allocating 0 bytes for permanent pool.
LogInit: Object subsystem initialized
[2018.02.03-20.38.42:390][  0]LogInit: Selected Device Profile: [Windows]
[2018.02.03-20.38.42:390][  0]LogInit: Applying CVar settings loaded from the selected device profile: [Windows]
[2018.02.03-20.38.42:528][  0]LogInit: Computer: ANM-CA308-HP03
[2018.02.03-20.38.42:528][  0]LogInit: User: admitrie
[2018.02.03-20.38.42:528][  0]LogInit: CPU Page size=4096, Cores=20
[2018.02.03-20.38.42:528][  0]LogInit: High frequency timer resolution =2.533198 MHz
[2018.02.03-20.38.42:528][  0]LogMemory: Memory total: Physical=63.9GB (64GB approx)
[2018.02.03-20.38.42:528][  0]LogMemory: Platform Memory Stats for Windows
[2018.02.03-20.38.42:528][  0]LogMemory: Process Physical Memory: 292.14 MB used, 292.14 MB peak
[2018.02.03-20.38.42:528][  0]LogMemory: Process Virtual Memory: 290.11 MB used, 290.11 MB peak
[2018.02.03-20.38.42:528][  0]LogMemory: Physical Memory: 9231.98 MB used,  56219.93 MB free, 65451.91 MB total
[2018.02.03-20.38.42:528][  0]LogMemory: Virtual Memory: 734.04 MB used,  56219.93 MB free, 134217728.00 MB total
[2018.02.03-20.38.42:866][  0]LogInit: Using OS detected language (en-US).
[2018.02.03-20.38.42:866][  0]LogInit: Using OS detected locale (en-US).
[2018.02.03-20.38.42:922][  0]LogTextLocalizationManager: No specific localization for 'en-US' exists, so the 'en' localization will be used.
[2018.02.03-20.38.45:734][  0]LogD3D11RHI: D3D11 adapters:
[2018.02.03-20.38.45:767][  0]LogD3D11RHI:    0. 'NVIDIA Quadro M4000' (Feature Level 11_0)
[2018.02.03-20.38.45:767][  0]LogD3D11RHI:       8152/0/32725 MB DedicatedVideo/DedicatedSystem/SharedSystem, Outputs:2, VendorId:0x10de
[2018.02.03-20.38.45:770][  0]LogD3D11RHI:    1. 'Microsoft Basic Render Driver' (Feature Level 11_0)
[2018.02.03-20.38.45:770][  0]LogD3D11RHI:       0/0/32725 MB DedicatedVideo/DedicatedSystem/SharedSystem, Outputs:0, VendorId:0x1414
[2018.02.03-20.38.45:770][  0]LogD3D11RHI: Chosen D3D11 Adapter: 0
[2018.02.03-20.38.45:775][  0]LogD3D11RHI: Creating new Direct3DDevice
[2018.02.03-20.38.45:775][  0]LogD3D11RHI:     GPU DeviceId: 0x13f1 (for the marketing name, search the web for "GPU Device Id")
[2018.02.03-20.38.45:775][  0]LogWindows: EnumDisplayDevices:
[2018.02.03-20.38.45:776][  0]LogWindows:    0. 'NVIDIA Quadro M4000' (P:0 D:1)
[2018.02.03-20.38.45:776][  0]LogWindows:    1. 'NVIDIA Quadro M4000' (P:1 D:1)
[2018.02.03-20.38.45:776][  0]LogWindows:    2. 'NVIDIA Quadro M4000' (P:0 D:0)
[2018.02.03-20.38.45:776][  0]LogWindows:    3. 'NVIDIA Quadro M4000' (P:0 D:0)
[2018.02.03-20.38.45:776][  0]LogWindows: DebugString: FoundDriverCount:4 
[2018.02.03-20.38.45:776][  0]LogD3D11RHI:     Adapter Name: NVIDIA Quadro M4000
[2018.02.03-20.38.45:776][  0]LogD3D11RHI:   Driver Version: 385.90 (internal:22.21.13.8590, unified:385.90)
[2018.02.03-20.38.45:776][  0]LogD3D11RHI:      Driver Date: 10-30-2017
[2018.02.03-20.38.45:776][  0]LogRHI: Texture pool is 1361 MB (70% of 1945 MB)
[2018.02.03-20.38.45:791][  0]LogD3D11RHI: Async texture creation enabled
[2018.02.03-20.38.45:803][  0]LogD3D11RHI: GPU Timing Frequency: 1000.000000 (Debug: 2 1)
[2018.02.03-20.38.45:897][  0]LogShaderCompilers: Guid format shader working directory is 2 characters bigger than the processId version (W:/unreal/github/heartwired/Cyberwitch_Project/Intermediate/Shaders/WorkingDirectory/14168/).
[2018.02.03-20.38.45:897][  0]LogShaderCompilers: Cleaned the shader compiler working directory 'E:/Users/admitrie/AppData/Local/Temp/UnrealShaderWorkingDir/8DEE1F0C4A007729A981A7B5A10639EC/'.
[2018.02.03-20.38.45:897][  0]LogShaderCompilers: Display: Using Local Shader Compiler.
[2018.02.03-20.38.48:187][  0]LogTemp: Display: Loaded TP AllDesktopTargetPlatform
[2018.02.03-20.38.48:266][  0]LogTemp: Display: Loaded TP MacClientTargetPlatform
[2018.02.03-20.38.48:338][  0]LogTemp: Display: Loaded TP MacNoEditorTargetPlatform
[2018.02.03-20.38.48:411][  0]LogTemp: Display: Loaded TP MacServerTargetPlatform
[2018.02.03-20.38.48:487][  0]LogTemp: Display: Loaded TP MacTargetPlatform
[2018.02.03-20.38.48:558][  0]LogTemp: Display: Loaded TP WindowsClientTargetPlatform
[2018.02.03-20.38.48:629][  0]LogTemp: Display: Loaded TP WindowsNoEditorTargetPlatform
[2018.02.03-20.38.48:701][  0]LogTemp: Display: Loaded TP WindowsServerTargetPlatform
[2018.02.03-20.38.48:759][  0]LogTemp: Display: Loaded TP WindowsTargetPlatform
[2018.02.03-20.38.48:834][  0]LogTemp: Display: Loaded TP AndroidTargetPlatform
[2018.02.03-20.38.48:905][  0]LogTemp: Display: Loaded TP Android_ASTCTargetPlatform
[2018.02.03-20.38.48:976][  0]LogTemp: Display: Loaded TP Android_ATCTargetPlatform
[2018.02.03-20.38.49:046][  0]LogTemp: Display: Loaded TP Android_DXTTargetPlatform
[2018.02.03-20.38.49:117][  0]LogTemp: Display: Loaded TP Android_ETC1TargetPlatform
[2018.02.03-20.38.49:189][  0]LogTemp: Display: Loaded TP Android_ETC2TargetPlatform
[2018.02.03-20.38.49:334][  0]LogTemp: Display: Loaded TP Android_MultiTargetPlatform
[2018.02.03-20.38.49:334][  0]LogTemp: Display: Loaded TP Android_PVRTCTargetPlatform
[2018.02.03-20.38.49:383][  0]LogTemp: Display: Loaded TP HTML5TargetPlatform
[2018.02.03-20.38.49:533][  0]LogTemp: Display: Loaded TP IOSTargetPlatform
[2018.02.03-20.38.49:584][  0]LogTemp: Display: Loaded TP TVOSTargetPlatform
[2018.02.03-20.38.49:655][  0]LogTemp: Display: Loaded TP LinuxClientTargetPlatform
[2018.02.03-20.38.49:730][  0]LogTemp: Display: Loaded TP LinuxNoEditorTargetPlatform
[2018.02.03-20.38.49:802][  0]LogTemp: Display: Loaded TP LinuxServerTargetPlatform
[2018.02.03-20.38.49:908][  0]LogTemp: Display: Loaded TP LinuxTargetPlatform
[2018.02.03-20.38.49:908][  0]LogTargetPlatformManager: Display: Building Assets For Windows
[2018.02.03-20.38.50:785][  0]LogDerivedDataCache: Display: Max Cache Size: 512 MB
[2018.02.03-20.38.50:941][  0]LogDerivedDataCache: Loaded boot cache 0.16s 93MB E:/Users/admitrie/AppData/Local/UnrealEngine/4.17/DerivedDataCache/Boot.ddc.
[2018.02.03-20.38.50:941][  0]LogDerivedDataCache: Display: Loaded Boot cache: E:/Users/admitrie/AppData/Local/UnrealEngine/4.17/DerivedDataCache/Boot.ddc
[2018.02.03-20.38.50:943][  0]LogDerivedDataCache: FDerivedDataBackendGraph:  Pak pak cache file W:/unreal/github/heartwired/Cyberwitch_Project/DerivedDataCache/DDC.ddp not found, will not use a pak cache.
[2018.02.03-20.38.50:943][  0]LogDerivedDataCache: Unable to find inner node Pak for hierarchical cache Hierarchy.
[2018.02.03-20.38.50:944][  0]LogDerivedDataCache: FDerivedDataBackendGraph:  CompressedPak pak cache file W:/unreal/github/heartwired/Cyberwitch_Project/DerivedDataCache/Compressed.ddp not found, will not use a pak cache.
[2018.02.03-20.38.50:944][  0]LogDerivedDataCache: Unable to find inner node CompressedPak for hierarchical cache Hierarchy.
[2018.02.03-20.38.50:971][  0]LogDerivedDataCache: Display: Pak cache opened for reading ../../../Engine/DerivedDataCache/Compressed.ddp.
[2018.02.03-20.38.50:983][  0]LogDerivedDataCache: Using Local data cache path E:/Users/admitrie/AppData/Local/UnrealEngine/Common/DerivedDataCache: Writable
[2018.02.03-20.38.50:996][  0]LogMaterial: Verifying Global Shaders for PCD3D_SM5
[2018.02.03-20.38.50:997][  0]LogSlate: Using Freetype 2.6.0
[2018.02.03-20.38.51:013][  0]LogSlate: SlateFontCache - WITH_FREETYPE: 1, WITH_HARFBUZZ: 1
[2018.02.03-20.38.51:014][  0]LogSlate: SlateFontCache - WITH_FREETYPE: 1, WITH_HARFBUZZ: 1
[2018.02.03-20.38.53:140][  0]LogAssetRegistry: FAssetRegistry took 0.0335 seconds to start up
[2018.02.03-20.38.53:602][  0]LogInit: Selected Device Profile: [Windows]
[2018.02.03-20.38.53:972][  0]LogContentStreaming: Texture pool size is 0.00 MB
[2018.02.03-20.38.54:393][  0]LogSimplygon: Simplygon DLL not present - disabling.
[2018.02.03-20.38.54:443][  0]LogMeshReduction: Using SimplygonSwarm for distributed automatic mesh merging
[2018.02.03-20.38.54:443][  0]LogMeshReduction: Using QuadricMeshReduction for automatic static mesh reduction
[2018.02.03-20.38.54:443][  0]LogMeshReduction: No automatic skeletal mesh reduction module available
[2018.02.03-20.38.54:443][  0]LogMeshReduction: No automatic mesh merging module available
[2018.02.03-20.38.54:443][  0]LogMeshMerging: No automatic mesh merging module available
[2018.02.03-20.38.55:068][  0]LogNetVersion: Cyberwitch_Project , NetCL: 3573198, EngineNetVer: 2, GameNetVer: 0 (Checksum: 51455869)
[2018.02.03-20.38.56:103][  0]LogPackageLocalizationCache: Processed 5 localized package path(s) for 2 prioritized culture(s) in 0.801499 seconds
[2018.02.03-20.38.56:109][  0]LogUObjectArray: 35825 objects as part of root set at end of initial load.
[2018.02.03-20.38.56:109][  0]LogUObjectAllocator: 7529112 out of 0 bytes used by permanent object pool.
[2018.02.03-20.38.56:109][  0]LogUObjectArray: CloseDisregardForGC: 0/0 objects in disregard for GC pool
[2018.02.03-20.38.56:190][  0]LogInit: WinSock: version 1.1 (2.2), MaxSocks=32767, MaxUdp=65467
[2018.02.03-20.39.01:170][  0]LogTcpMessaging: Initializing TcpMessaging bridge
[2018.02.03-20.39.01:216][  0]LogUdpMessaging: Initializing bridge on interface 0.0.0.0:0 to multicast group 230.0.0.1:6666.
[2018.02.03-20.39.01:217][  0]LogDirectoryWatcher: A directory notification failed for 'W:/unreal/github/heartwired/Cyberwitch_Project/Content/' because it was empty or there was a buffer overflow. Attemping another request...
[2018.02.03-20.39.02:043][  0]LogMaterial: Uniform references updated for custom material expression Custom.
[2018.02.03-20.39.02:563][  0]SourceControl: Source control is disabled
[2018.02.03-20.39.02:563][  0]SourceControl: Source control is disabled
[2018.02.03-20.39.02:620][  0]SourceControl: Source control is disabled
[2018.02.03-20.39.02:674][  0]SourceControl: Source control is disabled
[2018.02.03-20.39.03:404][  0]LogAndroidPermission: UAndroidPermissionCallbackProxy::GetInstance
[2018.02.03-20.39.03:690][  0]LogOcInput: OculusInput pre-init called
[2018.02.03-20.39.04:032][  0]LogEngine: Initializing Engine...
[2018.02.03-20.39.04:034][  0]LogHMD: Failed to initialize OpenVR with code 110
[2018.02.03-20.39.04:317][  0]LogStats: UGameplayTagsManager::ConstructGameplayTagTree: Construct from data asset -  0.000 s
[2018.02.03-20.39.04:317][  0]LogStats: UGameplayTagsManager::ConstructGameplayTagTree: GameplayTagTreeChangedEvent.Broadcast -  0.000 s
[2018.02.03-20.39.04:484][  0]LogAIModule: Creating AISystem for world Untitled
[2018.02.03-20.39.04:506][  0]LogInit: XAudio2 using 'Speakers (Realtek High Definition Audio)' : 2 channels at 48 kHz using 32 bits per sample (channel mask 0x3)
[2018.02.03-20.39.04:535][  0]LogInit: FAudioDevice initialized.
[2018.02.03-20.39.06:349][  0]LogDerivedDataCache: Saved boot cache 1.81s 93MB E:/Users/admitrie/AppData/Local/UnrealEngine/4.17/DerivedDataCache/Boot.ddc.
[2018.02.03-20.39.06:373][  0]LogInit: Texture streaming: Enabled
[2018.02.03-20.39.06:521][  0]LogEngineSessionManager: EngineSessionManager initialized
[2018.02.03-20.39.06:826][  0]LogInit: Transaction tracking system initialized
[2018.02.03-20.39.07:211][  0]BlueprintLog: New page: Editor Load
[2018.02.03-20.39.08:395][  0]LocalizationService: Localization service is disabled
[2018.02.03-20.39.09:305][  0]LogConsoleResponse: Display: 
[2018.02.03-20.39.09:563][  0]LogCook: Display: Max memory allowance for cook 16384mb min free memory 0mb
[2018.02.03-20.39.09:563][  0]LogCook: Display: Mobile HDR setting 1
[2018.02.03-20.39.09:563][  0]LogGameplayTags: Display: UGameplayTagsManager::DoneAddingNativeTags. DelegateIsBound: 0
[2018.02.03-20.39.10:258][  0]LogFileCache: Scanning file cache for directory 'W:/unreal/github/heartwired/Cyberwitch_Project/Content/' took 0.46s
[2018.02.03-20.39.10:940][  0]SourceControl: Source control is disabled
[2018.02.03-20.39.10:940][  0]Cmd: MAP LOAD FILE="W:/unreal/github/heartwired/Cyberwitch_Project/Content/Levels/DemoMap.umap" TEMPLATE=0 SHOWPROGRESS=1 FEATURELEVEL=3
[2018.02.03-20.39.10:993][  0]LightingResults: New page: Lighting Build
[2018.02.03-20.39.11:046][  0]MapCheck: New page: Map Check
[2018.02.03-20.39.11:046][  0]LightingResults: New page: Lighting Build
[2018.02.03-20.39.34:555][  0]LogTexture: Display: Building textures: RockNormals (BC5, 1024X1024)
[2018.02.03-20.39.34:627][  0]LogMaterial: Missing cached shader map for material MAT_Rock, compiling. 
[2018.02.03-20.39.35:875][  0]LogAnimationCompression: Building Anim DDC data for AnimSequence /Game/Assets/Characters/BEAR/Animations/ANIM_BearBall_charge.ANIM_BearBall_charge
[2018.02.03-20.39.36:025][  0]LogAIModule: Creating AISystem for world DemoMap
[2018.02.03-20.39.36:075][  0]LogEditorServer: Finished looking for orphan Actors (0.000 secs)
[2018.02.03-20.39.36:147][  0]Cmd: MAP CHECKDEP NOCLEARLOG
[2018.02.03-20.39.37:178][  0]MapCheck: Map check complete: 0 Error(s), 0 Warning(s), took 1,031.874ms to complete.
[2018.02.03-20.39.37:179][  0]LogFileHelpers: Loading map 'DemoMap' took 26.239
[2018.02.03-20.39.37:475][  0]LogCollectionManager: Loaded 0 collections in 0.036886 seconds
[2018.02.03-20.39.37:650][  0]LogFileCache: Scanning file cache for directory 'W:/unreal/github/heartwired/Cyberwitch_Project/Saved/Collections/' took 0.02s
[2018.02.03-20.39.37:650][  0]LogFileCache: Scanning file cache for directory 'W:/unreal/github/heartwired/Cyberwitch_Project/Content/Developers/admitrie/Collections/' took 0.02s
[2018.02.03-20.39.37:651][  0]LogFileCache: Scanning file cache for directory 'W:/unreal/github/heartwired/Cyberwitch_Project/Content/Collections/' took 0.02s
[2018.02.03-20.39.37:651][  0]LogCollectionManager: Rebuilt the GUID cache for 0 collections in 0.000000 seconds
[2018.02.03-20.39.37:663][  0]LogContentBrowser: Native class hierarchy populated in 0.0123 seconds. Added 2386 classes and 500 folders.
[2018.02.03-20.39.37:760][  0]LogContentBrowser: Native class hierarchy updated for 'WidgetCarousel' in 0.0016 seconds. Added 0 classes and 0 folders.
[2018.02.03-20.39.38:092][  0]LogContentBrowser: Native class hierarchy updated for 'AddContentDialog' in 0.0015 seconds. Added 0 classes and 0 folders.
[2018.02.03-20.39.38:148][  0]LogContentBrowser: Native class hierarchy updated for 'SceneOutliner' in 0.0014 seconds. Added 1 classes and 2 folders.
[2018.02.03-20.39.38:241][  0]LogSlate: Took 0.003766 seconds to synchronously load lazily loaded font '../../../Engine/Content/Slate/Fonts/Roboto-Regular.ttf' (155K)
[2018.02.03-20.39.38:247][  0]LogSlate: Took 0.003567 seconds to synchronously load lazily loaded font '../../../Engine/Content/Slate/Fonts/Roboto-Bold.ttf' (160K)
[2018.02.03-20.39.38:258][  0]LogSlate: Took 0.004292 seconds to synchronously load lazily loaded font '../../../Engine/Content/Editor/Slate/Fonts/FontAwesome.ttf' (139K)
[2018.02.03-20.39.38:402][  0]LogRenderer: Reallocating scene render targets to support 1616x808 Format 10 NumSamples 1 (Frame:1).
[2018.02.03-20.39.38:634][  0]LogContentBrowser: Native class hierarchy updated for 'HierarchicalLODOutliner' in 0.0015 seconds. Added 1 classes and 2 folders.
[2018.02.03-20.39.38:634][  0]LogLoad: (Engine Initialization) Total time: 65.12 seconds
[2018.02.03-20.39.38:634][  0]LogLoad: (Engine Initialization) Total Blueprint compile time: 0.00 seconds
[2018.02.03-20.39.38:634][  0]LogExternalProfiler: Found external profiler: VSPerf
[2018.02.03-20.39.38:634][  0]LogExternalProfiler: Using external profiler: VSPerf
[2018.02.03-20.39.38:706][  0]LogDirectoryWatcher: A directory notification failed for 'W:/unreal/github/heartwired/Cyberwitch_Project/Content/' because it was empty or there was a buffer overflow. Attemping another request...
[2018.02.03-20.39.38:707][  0]LogDirectoryWatcher: A directory notification failed for 'W:/unreal/github/heartwired/Cyberwitch_Project/Content/', and we were unable to create a new request.
[2018.02.03-20.39.38:707][  0]LogDirectoryWatcher: A directory notification failed for 'W:/unreal/github/heartwired/Cyberwitch_Project/Saved/Collections/' because it was empty or there was a buffer overflow. Attemping another request...
[2018.02.03-20.39.38:707][  0]LogDirectoryWatcher: A directory notification failed for 'W:/unreal/github/heartwired/Cyberwitch_Project/Content/Developers/admitrie/Collections/' because it was empty or there was a buffer overflow. Attemping another request...
[2018.02.03-20.39.38:707][  0]LogDirectoryWatcher: A directory notification failed for 'W:/unreal/github/heartwired/Cyberwitch_Project/Content/Collections/' because it was empty or there was a buffer overflow. Attemping another request...
[2018.02.03-20.39.38:711][  0]LogContentStreaming: Texture pool size now 1000 MB
[2018.02.03-20.39.38:861][  1]LogAssetRegistry: Asset discovery search completed in 45.7437 seconds
[2018.02.03-20.39.38:863][  1]LogCollectionManager: Rebuilt the object cache for 0 collections in 0.000001 seconds (found 0 objects)
[2018.02.03-20.39.38:863][  1]LogCollectionManager: Fixed up redirectors for 0 collections in 0.000075 seconds (updated 0 objects)
[2018.02.03-20.39.38:863][  1]LogDirectoryWatcher: A directory notification failed for 'W:/unreal/github/heartwired/Cyberwitch_Project/Content/Developers/admitrie/Collections/' because it was empty or there was a buffer overflow. Attemping another request...
[2018.02.03-20.39.38:864][  1]LogDirectoryWatcher: A directory notification failed for 'W:/unreal/github/heartwired/Cyberwitch_Project/Content/Developers/admitrie/Collections/', and we were unable to create a new request.
[2018.02.03-20.39.38:864][  1]LogDirectoryWatcher: A directory notification failed for 'W:/unreal/github/heartwired/Cyberwitch_Project/Content/Collections/' because it was empty or there was a buffer overflow. Attemping another request...
[2018.02.03-20.39.38:865][  1]LogDirectoryWatcher: A directory notification failed for 'W:/unreal/github/heartwired/Cyberwitch_Project/Content/Collections/', and we were unable to create a new request.
[2018.02.03-20.39.38:865][  1]LogDirectoryWatcher: A directory notification failed for 'W:/unreal/github/heartwired/Cyberwitch_Project/Saved/Collections/' because it was empty or there was a buffer overflow. Attemping another request...
[2018.02.03-20.39.38:865][  1]LogDirectoryWatcher: A directory notification failed for 'W:/unreal/github/heartwired/Cyberwitch_Project/Saved/Collections/', and we were unable to create a new request.
[2018.02.03-20.39.43:843][574]LogFileCache: Retrieving MD5 hashes for directory 'W:/unreal/github/heartwired/Cyberwitch_Project/Content/' took 5.18s
[2018.02.03-21.26.41:816][ 57]LogSlate: Took 0.005636 seconds to synchronously load lazily loaded font '../../../Engine/Content/Slate/Fonts/Roboto-Light.ttf' (159K)
[2018.02.03-21.26.42:874][ 57]LogSlate: Took 0.000249 seconds to synchronously load lazily loaded font '../../../Engine/Content/Slate/Fonts/Roboto-Regular.ttf' (155K)
[2018.02.03-21.26.45:435][ 57]LogLinker: Warning: Can't find file '/Game/Assets/Environment/Platforms/Meshes/lambert14SG'
[2018.02.03-21.26.45:436][ 57]LogLinker: Warning: Can't find file for asset '/Game/Assets/Environment/Platforms/Meshes/lambert14SG' while loading W:/unreal/github/heartwired/Cyberwitch_Project/Content/Assets/Environment/Static_Props/Materials/MAT_foreground.uasset.
[2018.02.03-21.26.45:436][ 57]LoadErrors: Error: /Game/Assets/Environment/Static_Props/Materials/MAT_foreground : Can't find file for asset. /Game/Assets/Environment/Platforms/Meshes/lambert14SG
[2018.02.03-21.26.45:439][ 57]LogLinker: Warning: Can't find file '/Game/Assets/Environment/Platforms/Meshes/lambert15SG'
[2018.02.03-21.26.45:439][ 57]LogLinker: Warning: Can't find file for asset '/Game/Assets/Environment/Platforms/Meshes/lambert15SG' while loading W:/unreal/github/heartwired/Cyberwitch_Project/Content/Assets/Environment/Static_Props/Materials/MAT_foreground.uasset.
[2018.02.03-21.26.45:439][ 57]LoadErrors: Error: /Game/Assets/Environment/Static_Props/Materials/MAT_foreground : Can't find file for asset. /Game/Assets/Environment/Platforms/Meshes/lambert15SG
[2018.02.03-21.26.45:443][ 57]LogLinker: Warning: Can't find file '/Game/Assets/Environment/Platforms/Meshes/lambert16SG'
[2018.02.03-21.26.45:443][ 57]LogLinker: Warning: Can't find file for asset '/Game/Assets/Environment/Platforms/Meshes/lambert16SG' while loading W:/unreal/github/heartwired/Cyberwitch_Project/Content/Assets/Environment/Static_Props/Materials/MAT_foreground.uasset.
[2018.02.03-21.26.45:443][ 57]LoadErrors: Error: /Game/Assets/Environment/Static_Props/Materials/MAT_foreground : Can't find file for asset. /Game/Assets/Environment/Platforms/Meshes/lambert16SG
[2018.02.03-21.26.45:444][ 57]LogLinker: Warning: Can't find file '/Game/Assets/Environment/Platforms/Meshes/lambert14SG'
[2018.02.03-21.26.45:444][ 57]LogLinker: Warning: Can't find file for asset '/Game/Assets/Environment/Platforms/Meshes/lambert14SG' while loading W:/unreal/github/heartwired/Cyberwitch_Project/Content/Assets/Environment/Static_Props/Materials/MAT_foreground.uasset.
[2018.02.03-21.26.45:445][ 57]LogLinker: Warning: Can't find file '/Game/Assets/Environment/Platforms/Meshes/lambert15SG'
[2018.02.03-21.26.45:445][ 57]LogLinker: Warning: Can't find file for asset '/Game/Assets/Environment/Platforms/Meshes/lambert15SG' while loading W:/unreal/github/heartwired/Cyberwitch_Project/Content/Assets/Environment/Static_Props/Materials/MAT_foreground.uasset.
[2018.02.03-21.26.45:446][ 57]LogLinker: Warning: Can't find file '/Game/Assets/Environment/Platforms/Meshes/lambert16SG'
[2018.02.03-21.26.45:446][ 57]LogLinker: Warning: Can't find file for asset '/Game/Assets/Environment/Platforms/Meshes/lambert16SG' while loading W:/unreal/github/heartwired/Cyberwitch_Project/Content/Assets/Environment/Static_Props/Materials/MAT_foreground.uasset.
[2018.02.03-21.26.45:513][ 57]LogLinker: Warning: Can't find file '/Game/Assets/Environment/Static_Props/Meshes/lambert16SG'
[2018.02.03-21.26.45:514][ 57]LogLinker: Warning: Can't find file for asset '/Game/Assets/Environment/Static_Props/Meshes/lambert16SG' while loading W:/unreal/github/heartwired/Cyberwitch_Project/Content/Assets/Environment/Static_Props/Materials/MAT_grass.uasset.
[2018.02.03-21.26.45:514][ 57]LoadErrors: Error: /Game/Assets/Environment/Static_Props/Materials/MAT_grass : Can't find file for asset. /Game/Assets/Environment/Static_Props/Meshes/lambert16SG
[2018.02.03-21.26.45:514][ 57]LogLinker: Warning: Can't find file '/Game/Assets/Environment/Static_Props/Meshes/lambert16SG'
[2018.02.03-21.26.45:515][ 57]LogLinker: Warning: Can't find file for asset '/Game/Assets/Environment/Static_Props/Meshes/lambert16SG' while loading W:/unreal/github/heartwired/Cyberwitch_Project/Content/Assets/Environment/Static_Props/Materials/MAT_grass.uasset.
[2018.02.03-21.26.45:900][ 57]LogLinker: Warning: Can't find file '/Game/Assets/Environment/Platforms/Meshes/lambert10SG'
[2018.02.03-21.26.45:900][ 57]LogLinker: Warning: Can't find file for asset '/Game/Assets/Environment/Platforms/Meshes/lambert10SG' while loading W:/unreal/github/heartwired/Cyberwitch_Project/Content/Assets/Environment/Static_Props/Materials/MDL_Dunes.uasset.
[2018.02.03-21.26.45:900][ 57]LoadErrors: Error: /Game/Assets/Environment/Static_Props/Materials/MDL_Dunes : Can't find file for asset. /Game/Assets/Environment/Platforms/Meshes/lambert10SG
[2018.02.03-21.26.45:903][ 57]LogLinker: Warning: Can't find file '/Game/Assets/Environment/Platforms/Meshes/lambert11SG'
[2018.02.03-21.26.45:904][ 57]LogLinker: Warning: Can't find file for asset '/Game/Assets/Environment/Platforms/Meshes/lambert11SG' while loading W:/unreal/github/heartwired/Cyberwitch_Project/Content/Assets/Environment/Static_Props/Materials/MDL_Dunes.uasset.
[2018.02.03-21.26.45:904][ 57]LoadErrors: Error: /Game/Assets/Environment/Static_Props/Materials/MDL_Dunes : Can't find file for asset. /Game/Assets/Environment/Platforms/Meshes/lambert11SG
[2018.02.03-21.26.45:907][ 57]LogLinker: Warning: Can't find file '/Game/Assets/Environment/Platforms/Meshes/lambert12SG'
[2018.02.03-21.26.45:907][ 57]LogLinker: Warning: Can't find file for asset '/Game/Assets/Environment/Platforms/Meshes/lambert12SG' while loading W:/unreal/github/heartwired/Cyberwitch_Project/Content/Assets/Environment/Static_Props/Materials/MDL_Dunes.uasset.
[2018.02.03-21.26.45:907][ 57]LoadErrors: Error: /Game/Assets/Environment/Static_Props/Materials/MDL_Dunes : Can't find file for asset. /Game/Assets/Environment/Platforms/Meshes/lambert12SG
[2018.02.03-21.26.45:910][ 57]LogLinker: Warning: Can't find file '/Game/Assets/Environment/Platforms/Meshes/lambert13SG'
[2018.02.03-21.26.45:911][ 57]LogLinker: Warning: Can't find file for asset '/Game/Assets/Environment/Platforms/Meshes/lambert13SG' while loading W:/unreal/github/heartwired/Cyberwitch_Project/Content/Assets/Environment/Static_Props/Materials/MDL_Dunes.uasset.
[2018.02.03-21.26.45:911][ 57]LoadErrors: Error: /Game/Assets/Environment/Static_Props/Materials/MDL_Dunes : Can't find file for asset. /Game/Assets/Environment/Platforms/Meshes/lambert13SG
[2018.02.03-21.26.45:911][ 57]LogLinker: Warning: Can't find file '/Game/Assets/Environment/Platforms/Meshes/lambert10SG'
[2018.02.03-21.26.45:912][ 57]LogLinker: Warning: Can't find file for asset '/Game/Assets/Environment/Platforms/Meshes/lambert10SG' while loading W:/unreal/github/heartwired/Cyberwitch_Project/Content/Assets/Environment/Static_Props/Materials/MDL_Dunes.uasset.
[2018.02.03-21.26.45:912][ 57]LogLinker: Warning: Can't find file '/Game/Assets/Environment/Platforms/Meshes/lambert11SG'
[2018.02.03-21.26.45:913][ 57]LogLinker: Warning: Can't find file for asset '/Game/Assets/Environment/Platforms/Meshes/lambert11SG' while loading W:/unreal/github/heartwired/Cyberwitch_Project/Content/Assets/Environment/Static_Props/Materials/MDL_Dunes.uasset.
[2018.02.03-21.26.45:913][ 57]LogLinker: Warning: Can't find file '/Game/Assets/Environment/Platforms/Meshes/lambert12SG'
[2018.02.03-21.26.45:914][ 57]LogLinker: Warning: Can't find file for asset '/Game/Assets/Environment/Platforms/Meshes/lambert12SG' while loading W:/unreal/github/heartwired/Cyberwitch_Project/Content/Assets/Environment/Static_Props/Materials/MDL_Dunes.uasset.
[2018.02.03-21.26.45:914][ 57]LogLinker: Warning: Can't find file '/Game/Assets/Environment/Platforms/Meshes/lambert13SG'
[2018.02.03-21.26.45:915][ 57]LogLinker: Warning: Can't find file for asset '/Game/Assets/Environment/Platforms/Meshes/lambert13SG' while loading W:/unreal/github/heartwired/Cyberwitch_Project/Content/Assets/Environment/Static_Props/Materials/MDL_Dunes.uasset.
[2018.02.03-21.26.46:627][ 57]LogLinker: Warning: Can't find file '/Game/Assets/Environment/Platforms/Meshes/lambert12SG'
[2018.02.03-21.26.46:627][ 57]LoadErrors: Failed to load /Game/Assets/Environment/Platforms/Meshes/lambert12SG.lambert12SG Referenced by Backdrop
[2018.02.03-21.26.46:628][ 57]LogLinker: Warning: Can't find file for asset '/Game/Assets/Environment/Platforms/Meshes/lambert12SG' while loading NULL.
[2018.02.03-21.26.46:628][ 57]LogLinker: Warning: Can't find file '/Game/Assets/Environment/Platforms/Meshes/lambert10SG'
[2018.02.03-21.26.46:629][ 57]LoadErrors: Failed to load /Game/Assets/Environment/Platforms/Meshes/lambert10SG.lambert10SG Referenced by Backdrop
[2018.02.03-21.26.46:629][ 57]LogLinker: Warning: Can't find file for asset '/Game/Assets/Environment/Platforms/Meshes/lambert10SG' while loading NULL.
[2018.02.03-21.26.46:629][ 57]LogLinker: Warning: Can't find file '/Game/Assets/Environment/Platforms/Meshes/lambert11SG'
[2018.02.03-21.26.46:630][ 57]LoadErrors: Failed to load /Game/Assets/Environment/Platforms/Meshes/lambert11SG.lambert11SG Referenced by Backdrop
[2018.02.03-21.26.46:630][ 57]LogLinker: Warning: Can't find file for asset '/Game/Assets/Environment/Platforms/Meshes/lambert11SG' while loading NULL.
[2018.02.03-21.26.46:631][ 57]LogLinker: Warning: Can't find file '/Game/Assets/Environment/Platforms/Meshes/lambert13SG'
[2018.02.03-21.26.46:631][ 57]LoadErrors: Failed to load /Game/Assets/Environment/Platforms/Meshes/lambert13SG.lambert13SG Referenced by Backdrop
[2018.02.03-21.26.46:631][ 57]LogLinker: Warning: Can't find file for asset '/Game/Assets/Environment/Platforms/Meshes/lambert13SG' while loading NULL.
[2018.02.03-21.26.46:632][ 57]LogLinker: Warning: Can't find file '/Game/Assets/Environment/Platforms/Meshes/lambert12SG'
[2018.02.03-21.26.46:632][ 57]LogLinker: Warning: Can't find file for asset '/Game/Assets/Environment/Platforms/Meshes/lambert12SG' while loading NULL.
[2018.02.03-21.26.46:633][ 57]LogLinker: Warning: Can't find file '/Game/Assets/Environment/Platforms/Meshes/lambert10SG'
[2018.02.03-21.26.46:633][ 57]LogLinker: Warning: Can't find file for asset '/Game/Assets/Environment/Platforms/Meshes/lambert10SG' while loading NULL.
[2018.02.03-21.26.46:634][ 57]LogLinker: Warning: Can't find file '/Game/Assets/Environment/Platforms/Meshes/lambert11SG'
[2018.02.03-21.26.46:634][ 57]LogLinker: Warning: Can't find file for asset '/Game/Assets/Environment/Platforms/Meshes/lambert11SG' while loading NULL.
[2018.02.03-21.26.46:634][ 57]LogLinker: Warning: Can't find file '/Game/Assets/Environment/Platforms/Meshes/lambert13SG'
[2018.02.03-21.26.46:635][ 57]LogLinker: Warning: Can't find file for asset '/Game/Assets/Environment/Platforms/Meshes/lambert13SG' while loading NULL.
[2018.02.03-21.26.46:638][ 57]LogLinker: Warning: Can't find file '/Game/Assets/Environment/Static_Props/Meshes/lambert16SG'
[2018.02.03-21.26.46:638][ 57]LoadErrors: Failed to load /Game/Assets/Environment/Static_Props/Meshes/lambert16SG.lambert16SG Referenced by Grass
[2018.02.03-21.26.46:639][ 57]LogLinker: Warning: Can't find file for asset '/Game/Assets/Environment/Static_Props/Meshes/lambert16SG' while loading NULL.
[2018.02.03-21.26.46:639][ 57]LogLinker: Warning: Can't find file '/Game/Assets/Environment/Static_Props/Meshes/lambert16SG'
[2018.02.03-21.26.46:640][ 57]LogLinker: Warning: Can't find file for asset '/Game/Assets/Environment/Static_Props/Meshes/lambert16SG' while loading NULL.
[2018.02.03-21.26.46:642][ 57]LogLinker: Warning: Can't find file '/Game/Assets/Environment/Platforms/Meshes/lambert15SG'
[2018.02.03-21.26.46:643][ 57]LoadErrors: Failed to load /Game/Assets/Environment/Platforms/Meshes/lambert15SG.lambert15SG Referenced by Foreground
[2018.02.03-21.26.46:643][ 57]LogLinker: Warning: Can't find file for asset '/Game/Assets/Environment/Platforms/Meshes/lambert15SG' while loading NULL.
[2018.02.03-21.26.46:644][ 57]LogLinker: Warning: Can't find file '/Game/Assets/Environment/Platforms/Meshes/lambert14SG'
[2018.02.03-21.26.46:644][ 57]LoadErrors: Failed to load /Game/Assets/Environment/Platforms/Meshes/lambert14SG.lambert14SG Referenced by Foreground
[2018.02.03-21.26.46:644][ 57]LogLinker: Warning: Can't find file for asset '/Game/Assets/Environment/Platforms/Meshes/lambert14SG' while loading NULL.
[2018.02.03-21.26.46:644][ 57]LogLinker: Warning: Can't find file '/Game/Assets/Environment/Platforms/Meshes/lambert16SG'
[2018.02.03-21.26.46:644][ 57]LoadErrors: Failed to load /Game/Assets/Environment/Platforms/Meshes/lambert16SG.lambert16SG Referenced by Foreground
[2018.02.03-21.26.46:645][ 57]LogLinker: Warning: Can't find file for asset '/Game/Assets/Environment/Platforms/Meshes/lambert16SG' while loading NULL.
[2018.02.03-21.26.46:646][ 57]LogLinker: Warning: Can't find file '/Game/Assets/Environment/Platforms/Meshes/lambert15SG'
[2018.02.03-21.26.46:646][ 57]LogLinker: Warning: Can't find file for asset '/Game/Assets/Environment/Platforms/Meshes/lambert15SG' while loading NULL.
[2018.02.03-21.26.46:647][ 57]LogLinker: Warning: Can't find file '/Game/Assets/Environment/Platforms/Meshes/lambert14SG'
[2018.02.03-21.26.46:647][ 57]LogLinker: Warning: Can't find file for asset '/Game/Assets/Environment/Platforms/Meshes/lambert14SG' while loading NULL.
[2018.02.03-21.26.46:648][ 57]LogLinker: Warning: Can't find file '/Game/Assets/Environment/Platforms/Meshes/lambert16SG'
[2018.02.03-21.26.46:649][ 57]LogLinker: Warning: Can't find file for asset '/Game/Assets/Environment/Platforms/Meshes/lambert16SG' while loading NULL.
[2018.02.03-21.26.46:754][ 57]LogTexture: Display: Building textures: HQ_Lightmap1_4 (AutoDXT, 64X64)
[2018.02.03-21.26.46:754][ 57]LogTexture: Display: Building textures: HQ_Lightmap0_3 (AutoDXT, 256X256)
[2018.02.03-21.26.46:754][ 57]LogTexture: Display: Building textures: HQ_Lightmap1_2 (AutoDXT, 256X256)
[2018.02.03-21.26.46:754][ 57]LogTexture: Display: Building textures: LQ_Lightmap_1_4 (DXT1, 64X64)
[2018.02.03-21.26.46:754][ 57]LogTexture: Display: Building textures: LQ_Lightmap_0_3 (DXT1, 256X256)
[2018.02.03-21.26.46:754][ 57]LogTexture: Display: Building textures: LQ_Lightmap_1_2 (DXT1, 256X256)
[2018.02.03-21.26.46:755][ 57]LogTexture: Display: Building textures: RustTexture (AutoDXT, 1024X1024)
[2018.02.03-21.26.46:755][ 57]LogTexture: Display: Building textures: ShadowMapTexture2D_11 (BGRA8, 32X32)
[2018.02.03-21.26.46:755][ 57]LogTexture: Display: Building textures: ShadowMapTexture2D_9 (BGRA8, 256X64)
[2018.02.03-21.26.46:755][ 57]LogTexture: Display: Building textures: ShadowMapTexture2D_10 (BGRA8, 256X64)
[2018.02.03-21.26.46:755][ 57]LogTexture: Display: Building textures: LQ_Lightmap_1_1 (DXT1, 1024X1024)
[2018.02.03-21.26.46:755][ 57]LogTexture: Display: Building textures: ShadowMapTexture2D_8 (BGRA8, 1024X512)
[2018.02.03-21.26.46:755][ 57]LogTexture: Display: Building textures: HQ_Lightmap1_1 (AutoDXT, 1024X1024)
[2018.02.03-21.26.46:756][ 57]LogStaticMesh: Building static mesh MDL_fence...
[2018.02.03-21.26.46:772][ 57]LogStaticMesh: Built static mesh [0.02s] /Game/Assets/Environment/Static_Props/Meshes/MDL_fence.MDL_fence
[2018.02.03-21.26.46:774][ 57]LogStaticMesh: Building static mesh Backdrop...
[2018.02.03-21.26.47:265][ 57]LogTexture: Display: Building textures: T_Water2_N (BC5, 2048X2048)
[2018.02.03-21.26.47:265][ 57]LogStaticMesh: Built static mesh [0.49s] /Game/Assets/Environment/Static_Props/Materials/MDL_Dunes.Backdrop
[2018.02.03-21.26.47:358][ 57]LogTexture: Display: Building textures: TreeNormals (BC5, 1600X1600)
[2018.02.03-21.26.47:358][ 57]LogMaterial: Missing cached shader map for material MAT_Crane, compiling. 
[2018.02.03-21.26.47:398][ 57]LogStaticMesh: Building static mesh Grass...
[2018.02.03-21.26.47:477][ 57]LogStaticMesh: Built static mesh [0.08s] /Game/Assets/Environment/Static_Props/Materials/MAT_grass.Grass
[2018.02.03-21.26.47:491][ 57]LogStaticMesh: Building static mesh Foreground...
[2018.02.03-21.26.47:855][ 57]LogStaticMesh: Built static mesh [0.37s] /Game/Assets/Environment/Static_Props/Materials/MAT_foreground.Foreground
[2018.02.03-21.26.47:934][ 57]LogMaterial: Missing cached shader map for material M_Ocean, compiling. 
[2018.02.03-21.26.48:077][ 57]LogMaterial: Missing cached shader map for material lambert11SG, compiling. 
[2018.02.03-21.26.48:105][ 57]LogMaterial: Missing cached shader map for material lambert12SG, compiling. 
[2018.02.03-21.26.48:132][ 57]LogMaterial: Missing cached shader map for material grass, compiling. 
[2018.02.03-21.26.48:159][ 57]LogMaterial: Missing cached shader map for material rock_texture_temp, compiling. 
[2018.02.03-21.26.48:213][ 57]LogMaterial: Missing cached shader map for material lambert10SG, compiling. 
[2018.02.03-21.26.48:238][ 57]LogStaticMesh: Building static mesh MDL_water...
[2018.02.03-21.26.48:241][ 57]LogStaticMesh: Built static mesh [0.00s] /Game/Assets/Environment/Static_Props/Meshes/MDL_water.MDL_water
[2018.02.03-21.26.48:353][ 57]LogAIModule: Creating AISystem for world Level_One
[2018.02.03-21.26.48:455][ 57]Cmd: MAP LOAD FILE="W:/unreal/github/heartwired/Cyberwitch_Project/Content/Levels/Level_One.umap" TEMPLATE=0 SHOWPROGRESS=1 FEATURELEVEL=3
[2018.02.03-21.26.48:455][ 57]LightingResults: New page: Lighting Build
[2018.02.03-21.26.48:456][ 57]LoadErrors: New page: Loading map: Level_One.umap
[2018.02.03-21.26.48:461][ 57]MapCheck: New page: Map Check
[2018.02.03-21.26.48:461][ 57]LightingResults: New page: Lighting Build
[2018.02.03-21.26.48:585][ 57]LogEditorServer: Finished looking for orphan Actors (0.000 secs)
[2018.02.03-21.26.49:070][ 57]Cmd: MAP CHECKDEP NOCLEARLOG
[2018.02.03-21.26.50:667][ 57]MapCheck: Map check complete: 0 Error(s), 0 Warning(s), took 1,597.453ms to complete.
[2018.02.03-21.26.50:669][ 57]LogFileHelpers: Loading map 'Level_One' took 2.217
[2018.02.03-21.27.09:753][113]Cmd: QUIT_EDITOR
[2018.02.03-21.27.09:794][113]LogWindowsTextInputMethodSystem: Display: IME system now deactivated.
[2018.02.03-21.27.09:794][113]LogWindowsTextInputMethodSystem: Display: IME system now deactivated.
[2018.02.03-21.27.09:815][113]LogExit: Preparing to exit.
[2018.02.03-21.27.11:101][113]LogExit: Editor shut down
[2018.02.03-21.27.11:110][113]LogExit: Transaction tracking system shut down
[2018.02.03-21.27.11:876][113]LogDirectoryWatcher: A directory notification for '../../../Engine/Content/' was aborted.
[2018.02.03-21.27.11:876][113]LogDirectoryWatcher: A directory notification for '../../../Engine/Plugins/2D/Paper2D/Content/' was aborted.
[2018.02.03-21.27.11:876][113]LogDirectoryWatcher: A directory notification for '../../../Engine/Plugins/Runtime/Oculus/OculusVR/Content/' was aborted.
[2018.02.03-21.27.11:876][113]LogDirectoryWatcher: A directory notification for '../../../Engine/Plugins/Runtime/Steam/SteamVR/Content/' was aborted.
[2018.02.03-21.27.11:945][113]LogExit: Object subsystem successfully closed.
[2018.02.03-21.27.11:990][113]LogD3D11RHI: Shutdown
[2018.02.03-21.27.11:990][113]LogD3D11RHI: CleanupD3DDevice
[2018.02.03-21.27.12:086][113]LogD3D11RHI: ~FD3D11DynamicRHI
[2018.02.03-21.27.12:096][113]LogModuleManager: Shutting down and abandoning module HierarchicalLODOutliner (530)
[2018.02.03-21.27.12:096][113]LogModuleManager: Shutting down and abandoning module SceneOutliner (528)
[2018.02.03-21.27.12:096][113]LogModuleManager: Shutting down and abandoning module AddContentDialog (526)
[2018.02.03-21.27.12:096][113]LogDirectoryWatcher: A directory notification for 'E:/Program Files/Epic Games/UE_4.17/FeaturePacks/' was aborted.
[2018.02.03-21.27.12:097][113]LogModuleManager: Shutting down and abandoning module WidgetCarousel (525)
[2018.02.03-21.27.12:097][113]LogModuleManager: Shutting down and abandoning module EditorWidgets (522)
[2018.02.03-21.27.12:097][113]LogModuleManager: Shutting down and abandoning module CollectionManager (520)
[2018.02.03-21.27.12:097][113]LogModuleManager: Shutting down and abandoning module StatsViewer (518)
[2018.02.03-21.27.12:097][113]LogModuleManager: Shutting down and abandoning module FoliageEdit (516)
[2018.02.03-21.27.12:097][113]LogModuleManager: Shutting down and abandoning module LandscapeEditor (514)
[2018.02.03-21.27.12:098][113]LogModuleManager: Shutting down and abandoning module MeshPaintMode (512)
[2018.02.03-21.27.12:098][113]LogModuleManager: Shutting down and abandoning module SceneDepthPickerMode (510)
[2018.02.03-21.27.12:098][113]LogModuleManager: Shutting down and abandoning module ActorPickerMode (508)
[2018.02.03-21.27.12:098][113]LogModuleManager: Shutting down and abandoning module GeometryMode (506)
[2018.02.03-21.27.12:098][113]LogModuleManager: Shutting down and abandoning module TextureAlignMode (504)
[2018.02.03-21.27.12:098][113]LogModuleManager: Shutting down and abandoning module BspMode (502)
[2018.02.03-21.27.12:098][113]LogModuleManager: Shutting down and abandoning module PIEPreviewDeviceProfileSelector (500)
[2018.02.03-21.27.12:098][113]LogModuleManager: Shutting down and abandoning module HardwareSurvey (498)
[2018.02.03-21.27.12:098][113]LogModuleManager: Shutting down and abandoning module SequenceRecorderSections (496)
[2018.02.03-21.27.12:098][113]LogModuleManager: Shutting down and abandoning module AutomationWorker (494)
[2018.02.03-21.27.12:098][113]LogModuleManager: Shutting down and abandoning module MatineeToLevelSequence (492)
[2018.02.03-21.27.12:098][113]LogModuleManager: Shutting down and abandoning module LevelSequenceEditor (490)
[2018.02.03-21.27.12:098][113]LogModuleManager: Shutting down and abandoning module PlacementMode (489)
[2018.02.03-21.27.12:098][113]LogModuleManager: Shutting down and abandoning module WmfMediaFactory (486)
[2018.02.03-21.27.12:098][113]LogModuleManager: Shutting down and abandoning module WmfMediaEditor (484)
[2018.02.03-21.27.12:098][113]LogModuleManager: Shutting down and abandoning module AvfMediaFactory (482)
[2018.02.03-21.27.12:098][113]LogModuleManager: Shutting down and abandoning module AvfMediaEditor (480)
[2018.02.03-21.27.12:098][113]LogModuleManager: Shutting down and abandoning module AndroidMediaFactory (478)
[2018.02.03-21.27.12:098][113]LogModuleManager: Shutting down and abandoning module Media (477)
[2018.02.03-21.27.12:098][113]LogModuleManager: Shutting down and abandoning module AndroidMediaEditor (474)
[2018.02.03-21.27.12:098][113]LogModuleManager: Shutting down and abandoning module CharacterAI (472)
[2018.02.03-21.27.12:098][113]LogModuleManager: Shutting down and abandoning module AudioCapture (470)
[2018.02.03-21.27.12:098][113]LogModuleManager: Shutting down and abandoning module SequenceRecorder (469)
[2018.02.03-21.27.12:098][113]LogModuleManager: Shutting down and abandoning module SmartSnapping (466)
[2018.02.03-21.27.12:098][113]LogModuleManager: Shutting down and abandoning module SessionServices (464)
[2018.02.03-21.27.12:098][113]LogModuleManager: Shutting down and abandoning module ViewportSnapping (462)
[2018.02.03-21.27.12:098][113]LogModuleManager: Shutting down and abandoning module ViewportInteraction (460)
[2018.02.03-21.27.12:098][113]LogModuleManager: Shutting down and abandoning module ClothPainter (458)
[2018.02.03-21.27.12:098][113]LogModuleManager: Shutting down and abandoning module LogVisualizer (456)
[2018.02.03-21.27.12:098][113]LogModuleManager: Shutting down and abandoning module IntroTutorials (454)
[2018.02.03-21.27.12:098][113]LogModuleManager: Shutting down and abandoning module GameProjectGeneration (453)
[2018.02.03-21.27.12:098][113]LogModuleManager: Shutting down and abandoning module IOSPlatformEditor (450)
[2018.02.03-21.27.12:098][113]LogModuleManager: Shutting down and abandoning module HTML5PlatformEditor (448)
[2018.02.03-21.27.12:098][113]LogModuleManager: Shutting down and abandoning module AndroidPlatformEditor (446)
[2018.02.03-21.27.12:099][113]LogModuleManager: Shutting down and abandoning module AndroidDeviceDetection (445)
[2018.02.03-21.27.12:632][113]LogModuleManager: Shutting down and abandoning module WindowsPlatformEditor (442)
[2018.02.03-21.27.12:633][113]LogModuleManager: Shutting down and abandoning module IOSRuntimeSettings (440)
[2018.02.03-21.27.12:633][113]LogModuleManager: Shutting down and abandoning module AndroidRuntimeSettings (438)
[2018.02.03-21.27.12:633][113]LogModuleManager: Shutting down and abandoning module InputBindingEditor (436)
[2018.02.03-21.27.12:633][113]LogModuleManager: Shutting down and abandoning module MergeActors (434)
[2018.02.03-21.27.12:633][113]LogModuleManager: Shutting down and abandoning module SizeMap (432)
[2018.02.03-21.27.12:633][113]LogModuleManager: Shutting down and abandoning module TreeMap (430)
[2018.02.03-21.27.12:633][113]LogModuleManager: Shutting down and abandoning module ReferenceViewer (428)
[2018.02.03-21.27.12:633][113]LogModuleManager: Shutting down and abandoning module LocalizationDashboard (426)
[2018.02.03-21.27.12:633][113]LogModuleManager: Shutting down and abandoning module LocalizationService (425)
[2018.02.03-21.27.12:633][113]LogModuleManager: Shutting down and abandoning module HardwareTargeting (422)
[2018.02.03-21.27.12:633][113]LogModuleManager: Shutting down and abandoning module DeviceProfileEditor (420)
[2018.02.03-21.27.12:633][113]LogModuleManager: Shutting down and abandoning module UndoHistory (418)
[2018.02.03-21.27.12:633][113]LogModuleManager: Shutting down and abandoning module XmlParser (416)
[2018.02.03-21.27.12:633][113]LogModuleManager: Shutting down and abandoning module Blutility (414)
[2018.02.03-21.27.12:633][113]LogModuleManager: Shutting down and abandoning module ProjectSettingsViewer (412)
[2018.02.03-21.27.12:633][113]LogModuleManager: Shutting down and abandoning module ProjectTargetPlatformEditor (411)
[2018.02.03-21.27.12:633][113]LogModuleManager: Shutting down and abandoning module EditorSettingsViewer (408)
[2018.02.03-21.27.12:633][113]LogModuleManager: Shutting down and abandoning module SettingsEditor (406)
[2018.02.03-21.27.12:633][113]LogModuleManager: Shutting down and abandoning module ProjectLauncher (404)
[2018.02.03-21.27.12:633][113]LogModuleManager: Shutting down and abandoning module SessionFrontend (402)
[2018.02.03-21.27.12:633][113]LogModuleManager: Shutting down and abandoning module ProfilerClient (400)
[2018.02.03-21.27.12:633][113]LogModuleManager: Shutting down and abandoning module DeviceManager (398)
[2018.02.03-21.27.12:633][113]LogModuleManager: Shutting down and abandoning module TargetDeviceServices (397)
[2018.02.03-21.27.12:687][113]LogModuleManager: Shutting down and abandoning module AutomationController (394)
[2018.02.03-21.27.12:687][113]LogModuleManager: Shutting down and abandoning module AutomationWindow (392)
[2018.02.03-21.27.12:687][113]LogModuleManager: Shutting down and abandoning module Layers (390)
[2018.02.03-21.27.12:687][113]LogModuleManager: Shutting down and abandoning module ComponentVisualizers (388)
[2018.02.03-21.27.12:687][113]LogModuleManager: Shutting down and abandoning module DetailCustomizations (386)
[2018.02.03-21.27.12:687][113]LogModuleManager: Shutting down and abandoning module PackagesDialog (384)
[2018.02.03-21.27.12:687][113]LogModuleManager: Shutting down and abandoning module Persona (382)
[2018.02.03-21.27.12:687][113]LogModuleManager: Shutting down and abandoning module AdvancedPreviewScene (381)
[2018.02.03-21.27.12:687][113]LogModuleManager: Shutting down and abandoning module AnimGraph (379)
[2018.02.03-21.27.12:687][113]LogModuleManager: Shutting down and abandoning module Kismet (376)
[2018.02.03-21.27.12:692][113]LogModuleManager: Shutting down and abandoning module ClassViewer (374)
[2018.02.03-21.27.12:692][113]LogModuleManager: Shutting down and abandoning module Toolbox (372)
[2018.02.03-21.27.12:692][113]LogModuleManager: Shutting down and abandoning module ModuleUI (370)
[2018.02.03-21.27.12:692][113]LogModuleManager: Shutting down and abandoning module MovieSceneTools (368)
[2018.02.03-21.27.12:693][113]LogModuleManager: Shutting down and abandoning module OutputLog (366)
[2018.02.03-21.27.12:693][113]LogModuleManager: Shutting down and abandoning module GammaUI (364)
[2018.02.03-21.27.12:693][113]LogModuleManager: Shutting down and abandoning module Documentation (362)
[2018.02.03-21.27.12:693][113]LogModuleManager: Shutting down and abandoning module MovieSceneTracks (360)
[2018.02.03-21.27.12:693][113]LogModuleManager: Shutting down and abandoning module MovieScene (358)
[2018.02.03-21.27.12:693][113]LogModuleManager: Shutting down and abandoning module Niagara (356)
[2018.02.03-21.27.12:693][113]LogModuleManager: Shutting down and abandoning module NiagaraEditor (355)
[2018.02.03-21.27.12:693][113]LogModuleManager: Shutting down and abandoning module StreamingPauseRendering (352)
[2018.02.03-21.27.12:693][113]LogModuleManager: Shutting down and abandoning module LauncherPlatform (350)
[2018.02.03-21.27.12:693][113]LogModuleManager: Shutting down and abandoning module AnalyticsET (348)
[2018.02.03-21.27.12:693][113]LogModuleManager: Shutting down and abandoning module PortalServices (346)
[2018.02.03-21.27.12:693][113]LogModuleManager: Shutting down and abandoning module PortalRpc (344)
[2018.02.03-21.27.12:693][113]LogModuleManager: Shutting down and abandoning module MessagingRpc (342)
[2018.02.03-21.27.12:693][113]LogModuleManager: Shutting down and abandoning module AIModule (340)
[2018.02.03-21.27.12:693][113]LogModuleManager: Shutting down and abandoning module GameplayDebugger (339)
[2018.02.03-21.27.12:693][113]LogModuleManager: Shutting down and abandoning module AITestSuite (337)
[2018.02.03-21.27.12:693][113]LogModuleManager: Shutting down and abandoning module ProfilerService (334)
[2018.02.03-21.27.12:885][113]LogModuleManager: Shutting down and abandoning module TaskGraph (332)
[2018.02.03-21.27.12:885][113]LogModuleManager: Shutting down and abandoning module SteamVRController (330)
[2018.02.03-21.27.12:885][113]LogModuleManager: Shutting down and abandoning module ProceduralMeshComponentEditor (328)
[2018.02.03-21.27.12:885][113]LogModuleManager: Shutting down and abandoning module ProceduralMeshComponent (326)
[2018.02.03-21.27.12:885][113]LogModuleManager: Shutting down and abandoning module OculusInput (324)
[2018.02.03-21.27.12:885][113]LogModuleManager: Shutting down and abandoning module MobilePatchingUtils (322)
[2018.02.03-21.27.12:885][113]LogModuleManager: Shutting down and abandoning module CustomMeshComponent (320)
[2018.02.03-21.27.12:885][113]LogModuleManager: Shutting down and abandoning module CableComponent (318)
[2018.02.03-21.27.12:885][113]LogModuleManager: Shutting down and abandoning module ArchVisCharacter (316)
[2018.02.03-21.27.12:885][113]LogModuleManager: Shutting down and abandoning module AndroidPermission (314)
[2018.02.03-21.27.12:885][113]LogModuleManager: Shutting down and abandoning module MediaPlayerEditor (310)
[2018.02.03-21.27.12:885][113]LogModuleManager: Shutting down and abandoning module HTML5Networking (308)
[2018.02.03-21.27.12:885][113]LogModuleManager: Shutting down and abandoning module AlembicImporter (306)
[2018.02.03-21.27.12:885][113]LogModuleManager: Shutting down and abandoning module AlembicLibrary (305)
[2018.02.03-21.27.12:885][113]LogModuleManager: Shutting down and abandoning module GeometryCache (304)
[2018.02.03-21.27.12:885][113]LogModuleManager: Shutting down and abandoning module GeometryCacheEd (303)
[2018.02.03-21.27.12:885][113]LogModuleManager: Shutting down and abandoning module SpeedTreeImporter (298)
[2018.02.03-21.27.12:885][113]LogModuleManager: Shutting down and abandoning module PluginBrowser (296)
[2018.02.03-21.27.12:885][113]LogModuleManager: Shutting down and abandoning module MobileLauncherProfileWizard (294)
[2018.02.03-21.27.12:885][113]LogModuleManager: Shutting down and abandoning module VisualStudioSourceCodeAccess (292)
[2018.02.03-21.27.12:886][113]LogModuleManager: Shutting down and abandoning module DesktopPlatform (291)
[2018.02.03-21.27.12:886][113]LogModuleManager: Shutting down and abandoning module UObjectPlugin (288)
[2018.02.03-21.27.12:886][113]LogModuleManager: Shutting down and abandoning module SubversionSourceControl (286)
[2018.02.03-21.27.12:886][113]LogModuleManager: Shutting down and abandoning module PerforceSourceControl (284)
[2018.02.03-21.27.12:886][113]LogModuleManager: Shutting down and abandoning module GitSourceControl (282)
[2018.02.03-21.27.12:886][113]LogModuleManager: Shutting down and abandoning module SourceControl (281)
[2018.02.03-21.27.12:886][113]LogModuleManager: Shutting down and abandoning module LightPropagationVolumeEditor (278)
[2018.02.03-21.27.12:886][113]LogModuleManager: Shutting down and abandoning module PaperTiledImporter (276)
[2018.02.03-21.27.12:886][113]LogModuleManager: Shutting down and abandoning module PaperSpriteSheetImporter (274)
[2018.02.03-21.27.12:886][113]LogModuleManager: Shutting down and abandoning module Paper2DEditor (272)
[2018.02.03-21.27.12:886][113]LogModuleManager: Shutting down and abandoning module MeshPaint (271)
[2018.02.03-21.27.12:886][113]LogModuleManager: Shutting down and abandoning module LevelEditor (269)
[2018.02.03-21.27.12:887][113]LogModuleManager: Shutting down and abandoning module PixelInspectorModule (268)
[2018.02.03-21.27.12:887][113]LogModuleManager: Shutting down and abandoning module MainFrame (266)
[2018.02.03-21.27.12:887][113]LogModuleManager: Shutting down and abandoning module HotReload (265)
[2018.02.03-21.27.12:888][113]LogModuleManager: Shutting down and abandoning module RuntimePhysXCooking (260)
[2018.02.03-21.27.12:888][113]LogModuleManager: Shutting down and abandoning module PhysXVehiclesEditor (258)
[2018.02.03-21.27.12:888][113]LogModuleManager: Shutting down and abandoning module PhysXVehicles (256)
[2018.02.03-21.27.12:888][113]LogModuleManager: Shutting down and abandoning module OculusEditor (254)
[2018.02.03-21.27.12:888][113]LogModuleManager: Shutting down and abandoning module LocationServicesBPLibrary (252)
[2018.02.03-21.27.12:888][113]LogModuleManager: Shutting down and abandoning module ImmediatePhysicsEditor (250)
[2018.02.03-21.27.12:888][113]LogModuleManager: Shutting down and abandoning module ImmediatePhysics (248)
[2018.02.03-21.27.12:888][113]LogModuleManager: Shutting down and abandoning module UdpMessaging (246)
[2018.02.03-21.27.12:989][113]LogModuleManager: Shutting down and abandoning module TcpMessaging (244)
[2018.02.03-21.27.13:090][113]LogModuleManager: Shutting down and abandoning module GameplayTagsEditor (242)
[2018.02.03-21.27.13:090][113]LogModuleManager: Shutting down and abandoning module FacialAnimationEditor (240)
[2018.02.03-21.27.13:090][113]LogModuleManager: Shutting down and abandoning module FacialAnimation (238)
[2018.02.03-21.27.13:090][113]LogModuleManager: Shutting down and abandoning module AssetManagerEditor (236)
[2018.02.03-21.27.13:090][113]LogModuleManager: Shutting down and abandoning module GraphEditor (235)
[2018.02.03-21.27.13:090][113]LogModuleManager: Shutting down and abandoning module ContentBrowser (233)
[2018.02.03-21.27.13:092][113]LogModuleManager: Shutting down and abandoning module LightPropagationVolumeRuntime (230)
[2018.02.03-21.27.13:092][113]LogModuleManager: Shutting down and abandoning module Paper2D (228)
[2018.02.03-21.27.13:092][113]LogModuleManager: Shutting down and abandoning module WindowsMoviePlayer (226)
[2018.02.03-21.27.13:092][113]LogModuleManager: Shutting down and abandoning module WmfMedia (224)
[2018.02.03-21.27.13:092][113]LogModuleManager: Shutting down and abandoning module PacketHandler (222)
[2018.02.03-21.27.13:092][113]LogModuleManager: Shutting down and abandoning module ClothingSystemEditor (220)
[2018.02.03-21.27.13:092][113]LogModuleManager: Shutting down and abandoning module ClothingSystemRuntime (218)
[2018.02.03-21.27.13:092][113]LogModuleManager: Shutting down and abandoning module Overlay (216)
[2018.02.03-21.27.13:092][113]LogModuleManager: Shutting down and abandoning module OverlayEditor (215)
[2018.02.03-21.27.13:092][113]LogModuleManager: Shutting down and abandoning module MediaAssets (212)
[2018.02.03-21.27.13:092][113]LogModuleManager: Shutting down and abandoning module VREditor (210)
[2018.02.03-21.27.13:092][113]LogModuleManager: Shutting down and abandoning module StringTableEditor (208)
[2018.02.03-21.27.13:092][113]LogModuleManager: Shutting down and abandoning module GameplayTasksEditor (206)
[2018.02.03-21.27.13:092][113]LogModuleManager: Shutting down and abandoning module BehaviorTreeEditor (204)
[2018.02.03-21.27.13:092][113]LogModuleManager: Shutting down and abandoning module FunctionalTesting (202)
[2018.02.03-21.27.13:092][113]LogModuleManager: Shutting down and abandoning module CollisionAnalyzer (200)
[2018.02.03-21.27.13:093][113]LogModuleManager: Shutting down and abandoning module WorkspaceMenuStructure (199)
[2018.02.03-21.27.13:093][113]LogModuleManager: Shutting down and abandoning module UMG (196)
[2018.02.03-21.27.13:093][113]LogModuleManager: Shutting down and abandoning module UMGEditor (195)
[2018.02.03-21.27.13:093][113]LogModuleManager: Shutting down and abandoning module Sequencer (194)
[2018.02.03-21.27.13:093][113]LogModuleManager: Shutting down and abandoning module MessageLog (191)
[2018.02.03-21.27.13:093][113]LogModuleManager: Shutting down and abandoning module SlateReflector (186)
[2018.02.03-21.27.13:093][113]LogModuleManager: Shutting down and abandoning module Slate (184)
[2018.02.03-21.27.13:093][113]LogModuleManager: Shutting down and abandoning module EditorStyle (182)
[2018.02.03-21.27.13:095][113]LogModuleManager: Shutting down and abandoning module MRMesh (180)
[2018.02.03-21.27.13:096][113]LogModuleManager: Shutting down and abandoning module SourceCodeAccess (178)
[2018.02.03-21.27.13:096][113]LogModuleManager: Shutting down and abandoning module HeadMountedDisplay (176)
[2018.02.03-21.27.13:096][113]LogModuleManager: Shutting down and abandoning module XAudio2 (174)
[2018.02.03-21.27.13:096][113]LogModuleManager: Shutting down and abandoning module Networking (172)
[2018.02.03-21.27.13:096][113]LogModuleManager: Shutting down and abandoning module Core (168)
[2018.02.03-21.27.13:096][113]LogModuleManager: Shutting down and abandoning module KismetCompiler (164)
[2018.02.03-21.27.13:096][113]LogModuleManager: Shutting down and abandoning module LevelSequence (162)
[2018.02.03-21.27.13:096][113]LogModuleManager: Shutting down and abandoning module MeshUtilities (160)
[2018.02.03-21.27.13:096][113]LogModuleManager: Shutting down and abandoning module MeshMergeUtilities (159)
[2018.02.03-21.27.13:096][113]LogModuleManager: Shutting down and abandoning module MeshReductionInterface (158)
[2018.02.03-21.27.13:096][113]LogModuleManager: Shutting down and abandoning module SimplygonSwarm (157)
[2018.02.03-21.27.13:096][113]LogModuleManager: Shutting down and abandoning module SimplygonMeshReduction (155)
[2018.02.03-21.27.13:096][113]LogModuleManager: Shutting down and abandoning module QuadricMeshReduction (153)
[2018.02.03-21.27.13:096][113]LogModuleManager: Shutting down and abandoning module MaterialBaking (149)
[2018.02.03-21.27.13:096][113]LogModuleManager: Shutting down and abandoning module DirectoryWatcher (146)
[2018.02.03-21.27.13:097][113]LogModuleManager: Shutting down and abandoning module DerivedDataCache (144)
[2018.02.03-21.27.13:132][113]LogDerivedDataCache: Shutdown
[2018.02.03-21.27.13:134][113]LogModuleManager: Shutting down and abandoning module TargetPlatform (142)
[2018.02.03-21.27.13:134][113]LogModuleManager: Shutting down and abandoning module VulkanShaderFormat (141)
[2018.02.03-21.27.13:134][113]LogModuleManager: Shutting down and abandoning module ShaderFormatVectorVM (139)
[2018.02.03-21.27.13:134][113]LogModuleManager: Shutting down and abandoning module ShaderFormatOpenGL (137)
[2018.02.03-21.27.13:134][113]LogModuleManager: Shutting down and abandoning module ShaderFormatD3D (135)
[2018.02.03-21.27.13:134][113]LogModuleManager: Shutting down and abandoning module MetalShaderFormat (133)
[2018.02.03-21.27.13:134][113]LogModuleManager: Shutting down and abandoning module TextureFormatUncompressed (131)
[2018.02.03-21.27.13:134][113]LogModuleManager: Shutting down and abandoning module TextureFormatPVR (129)
[2018.02.03-21.27.13:134][113]LogModuleManager: Shutting down and abandoning module TextureFormatDXT (127)
[2018.02.03-21.27.13:134][113]LogModuleManager: Shutting down and abandoning module TextureFormatIntelISPCTexComp (125)
[2018.02.03-21.27.13:134][113]LogModuleManager: Shutting down and abandoning module TextureFormatASTC (123)
[2018.02.03-21.27.13:134][113]LogModuleManager: Shutting down and abandoning module ImageWrapper (122)
[2018.02.03-21.27.13:134][113]LogModuleManager: Shutting down and abandoning module TextureFormatAndroid (119)
[2018.02.03-21.27.13:134][113]LogModuleManager: Shutting down and abandoning module AudioFormatOpus (117)
[2018.02.03-21.27.13:134][113]LogModuleManager: Shutting down and abandoning module AudioFormatOgg (115)
[2018.02.03-21.27.13:134][113]LogModuleManager: Shutting down and abandoning module AudioFormatADPCM (113)
[2018.02.03-21.27.13:134][113]LogModuleManager: Shutting down and abandoning module LinuxTargetPlatform (111)
[2018.02.03-21.27.13:134][113]LogModuleManager: Shutting down and abandoning module LinuxServerTargetPlatform (109)
[2018.02.03-21.27.13:134][113]LogModuleManager: Shutting down and abandoning module LinuxNoEditorTargetPlatform (107)
[2018.02.03-21.27.13:134][113]LogModuleManager: Shutting down and abandoning module LinuxClientTargetPlatform (105)
[2018.02.03-21.27.13:134][113]LogModuleManager: Shutting down and abandoning module TVOSTargetPlatform (103)
[2018.02.03-21.27.13:134][113]LogModuleManager: Shutting down and abandoning module Messaging (101)
[2018.02.03-21.27.13:134][113]LogModuleManager: Shutting down and abandoning module IOSTargetPlatform (99)
[2018.02.03-21.27.13:134][113]LogModuleManager: Shutting down and abandoning module HTML5TargetPlatform (97)
[2018.02.03-21.27.13:134][113]LogModuleManager: Shutting down and abandoning module Android_PVRTCTargetPlatform (95)
[2018.02.03-21.27.13:134][113]LogModuleManager: Shutting down and abandoning module Android_MultiTargetPlatform (93)
[2018.02.03-21.27.13:134][113]LogModuleManager: Shutting down and abandoning module Android_ETC2TargetPlatform (91)
[2018.02.03-21.27.13:134][113]LogModuleManager: Shutting down and abandoning module Android_ETC1TargetPlatform (89)
[2018.02.03-21.27.13:134][113]LogModuleManager: Shutting down and abandoning module Android_DXTTargetPlatform (87)
[2018.02.03-21.27.13:134][113]LogModuleManager: Shutting down and abandoning module Android_ATCTargetPlatform (85)
[2018.02.03-21.27.13:134][113]LogModuleManager: Shutting down and abandoning module Android_ASTCTargetPlatform (83)
[2018.02.03-21.27.13:134][113]LogModuleManager: Shutting down and abandoning module AndroidTargetPlatform (81)
[2018.02.03-21.27.13:134][113]LogModuleManager: Shutting down and abandoning module WindowsTargetPlatform (79)
[2018.02.03-21.27.13:134][113]LogModuleManager: Shutting down and abandoning module WindowsServerTargetPlatform (77)
[2018.02.03-21.27.13:134][113]LogModuleManager: Shutting down and abandoning module WindowsNoEditorTargetPlatform (75)
[2018.02.03-21.27.13:134][113]LogModuleManager: Shutting down and abandoning module WindowsClientTargetPlatform (73)
[2018.02.03-21.27.13:134][113]LogModuleManager: Shutting down and abandoning module MacTargetPlatform (71)
[2018.02.03-21.27.13:134][113]LogModuleManager: Shutting down and abandoning module MacServerTargetPlatform (69)
[2018.02.03-21.27.13:134][113]LogModuleManager: Shutting down and abandoning module MacNoEditorTargetPlatform (67)
[2018.02.03-21.27.13:134][113]LogModuleManager: Shutting down and abandoning module MacClientTargetPlatform (65)
[2018.02.03-21.27.13:134][113]LogModuleManager: Shutting down and abandoning module AllDesktopTargetPlatform (63)
[2018.02.03-21.27.13:134][113]LogModuleManager: Shutting down and abandoning module InputCore (60)
[2018.02.03-21.27.13:134][113]LogModuleManager: Shutting down and abandoning module Settings (58)
[2018.02.03-21.27.13:134][113]LogModuleManager: Shutting down and abandoning module PhysXCooking (56)
[2018.02.03-21.27.13:134][113]LogModuleManager: Shutting down and abandoning module SteamVR (54)
[2018.02.03-21.27.13:135][113]LogModuleManager: Shutting down and abandoning module OculusHMD (52)
[2018.02.03-21.27.13:135][113]LogModuleManager: Shutting down and abandoning module ExampleDeviceProfileSelector (50)
[2018.02.03-21.27.13:135][113]LogModuleManager: Shutting down and abandoning module OnlineBlueprintSupport (48)
[2018.02.03-21.27.13:135][113]LogModuleManager: Shutting down and abandoning module OnlineSubsystem (44)
[2018.02.03-21.27.13:135][113]LogOnline: Display: Unloading online subsystem: NULL
[2018.02.03-21.27.13:135][113]LogModuleManager: Shutting down and abandoning module XMPP (43)
[2018.02.03-21.27.13:135][113]LogModuleManager: Shutting down and abandoning module HTTP (41)
[2018.02.03-21.27.13:135][113]LogHttp: Display: Http module shutting down, but needs to wait on 1 outstanding Http requests:
[2018.02.03-21.27.13:135][113]LogHttp: Display: 	verb=[POST] url=[https://datarouter.ol.epicgames.com/datarouter/api/v1/public/data?SessionID=%7BB8A4A92A-454A-1DC6-1AF7-808BDFC31A30%7D&AppID=UEEditor.Rocket.Release&AppVersion=4.17.2-3658906%2B%2B%2BUE4%2BRelease-4.17&UserID=ada012c24b1173f8cd7f6d99201eba96%7C%7Cf75cc6c7-e916-4ae8-a63f-19c12e30397d&AppEnvironment=datacollector-binary&UploadType=eteventstream] status=Processing
[2018.02.03-21.27.13:153][113]LogModuleManager: Shutting down and abandoning module SSL (40)
[2018.02.03-21.27.13:155][113]LogModuleManager: Shutting down and abandoning module AnimationModifiers (36)
[2018.02.03-21.27.13:155][113]LogModuleManager: Shutting down and abandoning module PropertyEditor (35)
[2018.02.03-21.27.13:155][113]LogModuleManager: Shutting down and abandoning module AudioEditor (32)
[2018.02.03-21.27.13:155][113]LogModuleManager: Shutting down and abandoning module TextureCompressor (30)
[2018.02.03-21.27.13:155][113]LogModuleManager: Shutting down and abandoning module ShaderCore (28)
[2018.02.03-21.27.13:155][113]LogModuleManager: Shutting down and abandoning module Landscape (26)
[2018.02.03-21.27.13:155][113]LogModuleManager: Shutting down and abandoning module SlateRHIRenderer (24)
[2018.02.03-21.27.13:157][113]LogModuleManager: Shutting down and abandoning module OpenGLDrv (22)
[2018.02.03-21.27.13:157][113]LogModuleManager: Shutting down and abandoning module D3D11RHI (20)
[2018.02.03-21.27.13:157][113]LogModuleManager: Shutting down and abandoning module AnimGraphRuntime (18)
[2018.02.03-21.27.13:157][113]LogModuleManager: Shutting down and abandoning module Renderer (16)
[2018.02.03-21.27.13:157][113]LogModuleManager: Shutting down and abandoning module Engine (14)
[2018.02.03-21.27.13:157][113]LogModuleManager: Shutting down and abandoning module CoreUObject (12)
[2018.02.03-21.27.13:157][113]LogModuleManager: Shutting down and abandoning module NetworkFile (10)
[2018.02.03-21.27.13:157][113]LogModuleManager: Shutting down and abandoning module CookedIterativeFile (8)
[2018.02.03-21.27.13:157][113]LogModuleManager: Shutting down and abandoning module StreamingFile (6)
[2018.02.03-21.27.13:157][113]LogModuleManager: Shutting down and abandoning module SandboxFile (4)
[2018.02.03-21.27.13:157][113]LogModuleManager: Shutting down and abandoning module PakFile (2)
[2018.02.03-21.27.13:176][113]LogExit: Exiting.
[2018.02.03-21.27.13:285][113]Log file closed, 02/03/18 13:27:13
