"../../../Cyberwitch_Project/Content/Assets/Characters/BEAR/Materials/lambert1.uasset" 0
"../../../Cyberwitch_Project/Content/Assets/Characters/Taliah/Meshes/RIG_Taliah_Skeleton.uasset" 1
"../../../Cyberwitch_Project/Content/Assets/Characters/Taliah/Animations/ANIM_Taliah_hookshot_end.uasset" 2
"../../../Cyberwitch_Project/Content/Assets/Characters/Taliah/Animations/ANIM_Taliah_Swing.uasset" 3
"../../../Cyberwitch_Project/Content/Assets/Characters/Taliah/Materials/mat_eyecolor.uasset" 4
"../../../Cyberwitch_Project/Content/Assets/Environment/Interactables/Meshes/RIG_SlidingDoor_Skeleton.uasset" 5
"../../../Cyberwitch_Project/Content/Assets/Environment/Interactables/Animations/ANIM_SlidingDoor_Lock.uasset" 6
"../../../Cyberwitch_Project/Content/Assets/Environment/Interactables/Animations/ANIM_SlidingDoor_Open.uasset" 7
"../../../Cyberwitch_Project/Content/Assets/Environment/Interactables/Meshes/RIG_TreasureBox_Skeleton.uasset" 8
"../../../Cyberwitch_Project/Content/Assets/Environment/Interactables/Animations/ANIM_TreasureBox.uasset" 9
"../../../Cyberwitch_Project/Content/Assets/Environment/Interactables/Materials/MAT_Button.uasset" 10
"../../../Cyberwitch_Project/Content/Assets/Environment/Interactables/Materials/Textures/TEX_floatingPlatform_D.uasset" 11
"../../../Cyberwitch_Project/Content/Assets/Environment/Interactables/Materials/Textures/TEX_floatingPlatform_NM.uasset" 12
"../../../Cyberwitch_Project/Content/Assets/Environment/Interactables/Materials/Textures/TEX_floatingPlatform_R.uasset" 13
"../../../Cyberwitch_Project/Content/Assets/Environment/Interactables/Materials/MAT_FloatingPlatform.uasset" 14
"../../../Cyberwitch_Project/Content/Assets/Environment/Interactables/Materials/MAT_SlidingDoor.uasset" 15
"../../../Cyberwitch_Project/Content/Assets/Environment/Interactables/Materials/Textures/TEX_TreasureBox_D.uasset" 16
"../../../Cyberwitch_Project/Content/Assets/Environment/Interactables/Materials/Textures/TEX_TreasureBox_NM.uasset" 17
"../../../Cyberwitch_Project/Content/Assets/Environment/Interactables/Materials/Textures/TEX_TreasureBox_R.uasset" 18
"../../../Cyberwitch_Project/Content/Assets/Environment/Interactables/Materials/MAT_TreasureBox.uasset" 19
"../../../Cyberwitch_Project/Content/Assets/Environment/Platforms/Materials/grass.uasset" 20
"../../../Cyberwitch_Project/Content/Assets/Images/Dialogue/Arrow_Click.uasset" 21
"../../../Cyberwitch_Project/Content/Assets/Images/Dialogue/DialogueBoxLight.uasset" 22
"../../../Cyberwitch_Project/Content/Assets/Images/Dialogue/Taliah_StandIn.uasset" 23
"../../../Cyberwitch_Project/Content/Assets/Images/Health_UI/HealthBar_Combined_BackingPortraitFrame.uasset" 24
"../../../Cyberwitch_Project/Content/Assets/Images/Health_UI/HealthBar_Combined_BackingPortraitFrameEmptyHearts.uasset" 25
"../../../Cyberwitch_Project/Content/Assets/Images/Menu/heartwired_title_screen.uasset" 26
"../../../Engine/Content/Functions/Engine_MaterialFunctions02/SplitComponents.uasset" 27
"../../../Cyberwitch_Project/Content/Assets/mat_test/MF_ConvolveTexture.uasset" 28
"../../../Cyberwitch_Project/Content/Assets/mat_test/MF_ExtractDepth.uasset" 29
"../../../Cyberwitch_Project/Content/Assets/mat_test/MF_SampleSceneTextureNeighbourUVs.uasset" 30
"../../../Cyberwitch_Project/Content/Assets/mat_test/PP_Outliner_Inst.uasset" 31
"../../../Engine/Content/Functions/Engine_MaterialFunctions02/Utility/VectorLength.uasset" 32
"../../../Cyberwitch_Project/Content/Assets/mat_test/PP_Outliner_M.uasset" 33
"../../../Cyberwitch_Project/Content/Assets/Sounds/Background/Farm/BG_Savannah_Crickets_Grasshoppers.uasset" 34
"../../../Cyberwitch_Project/Content/Assets/Sounds/Background/Farm/Grasshopper_BG-02.uasset" 35
"../../../Cyberwitch_Project/Content/Assets/Sounds/Background/Farm/Grasshopper_BG.uasset" 36
"../../../Cyberwitch_Project/Content/Assets/Sounds/Background/Farm/Title_Screen_BG.uasset" 37
"../../../Cyberwitch_Project/Content/Assets/Sounds/BEAR/Abilities/Smash/Bear_Hit_Rock_with_Head_2.uasset" 38
"../../../Cyberwitch_Project/Content/Assets/Sounds/BEAR/Footsteps/BearAttenuation.uasset" 39
"../../../Cyberwitch_Project/Content/Assets/Sounds/BEAR/Speech/Text/Bear_Text_Speech_Tone01.uasset" 40
"../../../Cyberwitch_Project/Content/Assets/Sounds/Music/tutorial_music.uasset" 41
"../../../Cyberwitch_Project/Content/Assets/Sounds/Taliah/Footsteps/TaliahAttenuation.uasset" 42
"../../../Cyberwitch_Project/Content/Assets/Sounds/Taliah/Footsteps/Grass/TALLIAH_FS_11.uasset" 43
"../../../Cyberwitch_Project/Content/Assets/Sounds/Taliah/Footsteps/Grass/TALLIAH_FS_12.uasset" 44
"../../../Cyberwitch_Project/Content/Assets/Sounds/Taliah/Footsteps/Grass/TALLIAH_FS_13.uasset" 45
"../../../Cyberwitch_Project/Content/Assets/Sounds/Taliah/Footsteps/Grass/TALLIAH_FS_14.uasset" 46
"../../../Cyberwitch_Project/Content/Assets/Sounds/Taliah/Footsteps/Grass/TALLIAH_FS_15.uasset" 47
"../../../Cyberwitch_Project/Content/Assets/Sounds/Taliah/Footsteps/Grass/TALLIAH_FS_16.uasset" 48
"../../../Cyberwitch_Project/Content/Assets/Sounds/Taliah/Footsteps/Grass/TALLIAH_FS_17.uasset" 49
"../../../Cyberwitch_Project/Content/Assets/Sounds/Taliah/Footsteps/Grass/TALLIAH_FS_18.uasset" 50
"../../../Cyberwitch_Project/Content/Assets/Sounds/Taliah/Footsteps/Grass/TALLIAH_FS_19.uasset" 51
"../../../Cyberwitch_Project/Content/Assets/Sounds/Taliah/Footsteps/Grass/TALLIAH_FS_20.uasset" 52
"../../../Cyberwitch_Project/Content/Assets/Sounds/Taliah/Footsteps/Grass/FS_TALIAH_GRASS_SNEAK.uasset" 53
"../../../Cyberwitch_Project/Content/Assets/Sounds/Taliah/Footsteps/Grass/TALLIAH_FS_21.uasset" 54
"../../../Cyberwitch_Project/Content/Assets/Sounds/Taliah/Footsteps/Grass/TALLIAH_FS_22.uasset" 55
"../../../Cyberwitch_Project/Content/Assets/Sounds/Taliah/Footsteps/Grass/TALLIAH_FS_23.uasset" 56
"../../../Cyberwitch_Project/Content/Assets/Sounds/Taliah/Footsteps/Grass/TALLIAH_FS_24.uasset" 57
"../../../Cyberwitch_Project/Content/Assets/Sounds/Taliah/Footsteps/Grass/TALLIAH_FS_25.uasset" 58
"../../../Cyberwitch_Project/Content/Assets/Sounds/Taliah/Footsteps/Grass/TALLIAH_FS_26.uasset" 59
"../../../Cyberwitch_Project/Content/Assets/Sounds/Taliah/Footsteps/Grass/TALLIAH_FS_27.uasset" 60
"../../../Cyberwitch_Project/Content/Assets/Sounds/Taliah/Footsteps/Grass/TALLIAH_FS_28.uasset" 61
"../../../Cyberwitch_Project/Content/Assets/Sounds/Taliah/Footsteps/Grass/TALLIAH_FS_29.uasset" 62
"../../../Cyberwitch_Project/Content/Assets/Sounds/Taliah/Footsteps/Grass/TALLIAH_FS_30.uasset" 63
"../../../Cyberwitch_Project/Content/Assets/Sounds/Taliah/Footsteps/Grass/TALLIAH_FS_31.uasset" 64
"../../../Cyberwitch_Project/Content/Assets/Sounds/Taliah/Footsteps/Grass/TALLIAH_FS_32.uasset" 65
"../../../Cyberwitch_Project/Content/Assets/Sounds/Taliah/Footsteps/Grass/TALLIAH_FS_33.uasset" 66
"../../../Cyberwitch_Project/Content/Assets/Sounds/Taliah/Speech/Text/Talliah_Speech_Text_Test_1_01.uasset" 67
"../../../Engine/Content/EditorBlueprintResources/StandardMacros.uasset" 68
"../../../Cyberwitch_Project/Content/Assets/Images/Dialogue/Font_DialogueText_KenyanCoffee.uasset" 69
"../../../Cyberwitch_Project/Content/Assets/Images/Dialogue/Font_DialogueText_KenyanCoffee_Font.uasset" 70
"../../../Cyberwitch_Project/Content/Assets/Images/Dialogue/Font_Name_BebasNeue.uasset" 71
"../../../Cyberwitch_Project/Content/Assets/Images/Dialogue/Font_Name_BebasNeue_Font.uasset" 72
"../../../Cyberwitch_Project/Content/Assets/Images/Dialogue/Arrow_Hover.uasset" 73
"../../../Cyberwitch_Project/Content/Assets/Images/Dialogue/Arrow_Static.uasset" 74
"../../../Cyberwitch_Project/Content/Assets/Images/Dialogue/DialogueBoxDark.uasset" 75
"../../../Cyberwitch_Project/Content/Assets/Images/Dialogue/DialoguePortrait_Bear_Neutral.uasset" 76
"../../../Cyberwitch_Project/Content/Assets/Images/Dialogue/DialoguePortrait_Taliah_Neutral.uasset" 77
"../../../Cyberwitch_Project/Content/Blueprints/Dialogue/DialogueNode.uasset" 78
"../../../Cyberwitch_Project/Content/Blueprints/GameState.uasset" 79
"../../../Cyberwitch_Project/Content/Blueprints/Dialogue/Dialogue.uasset" 80
"../../../Cyberwitch_Project/Content/Blueprints/Character/Damageable.uasset" 81
"../../../Cyberwitch_Project/Content/Blueprints/Character/BaseCharacter.uasset" 82
"../../../Cyberwitch_Project/Content/Assets/Characters/BEAR/Meshes/RIG_Bear_Skeleton.uasset" 83
"../../../Cyberwitch_Project/Content/Assets/Characters/BEAR/Animations/ANIM_Bear_attack.uasset" 84
"../../../Cyberwitch_Project/Content/Assets/Characters/BEAR/Animations/ANIM_Bear_death.uasset" 85
"../../../Cyberwitch_Project/Content/Assets/Characters/BEAR/Animations/ANIM_Bear_fall.uasset" 86
"../../../Cyberwitch_Project/Content/Assets/Characters/BEAR/Animations/ANIM_Bear_jumpend.uasset" 87
"../../../Cyberwitch_Project/Content/Assets/Characters/BEAR/Animations/ANIM_Bear_jumpstart.uasset" 88
"../../../Cyberwitch_Project/Content/Assets/Characters/BEAR/Animations/ANIM_Bear_smash.uasset" 89
"../../../Cyberwitch_Project/Content/Assets/Characters/BEAR/Animations/ANIM_Bear_idle.uasset" 90
"../../../Cyberwitch_Project/Content/Assets/Characters/BEAR/Animations/ANIM_Bear_run.uasset" 91
"../../../Cyberwitch_Project/Content/Blueprints/Character/Player/BEAR/BEARBlendSpace.uasset" 92
"../../../Cyberwitch_Project/Content/Assets/Sounds/BEAR/Abilities/Smash/Bear_Hit_Rock_With_Head.uasset" 93
"../../../Cyberwitch_Project/Content/Assets/Sounds/BEAR/Abilities/Smash/BEAR_SMASH.uasset" 94
"../../../Cyberwitch_Project/Content/Assets/Sounds/BEAR/Footsteps/Grass/BEAR_FS_FRONT_THEN_BACK_PAWS_01.uasset" 95
"../../../Cyberwitch_Project/Content/Assets/Sounds/BEAR/Footsteps/Grass/BEAR_FS_FRONT_THEN_BACK_PAWS_02.uasset" 96
"../../../Cyberwitch_Project/Content/Assets/Sounds/BEAR/Footsteps/Grass/BEAR_FS_FRONT_THEN_BACK_PAWS_03.uasset" 97
"../../../Cyberwitch_Project/Content/Assets/Sounds/BEAR/Footsteps/Grass/BEAR_FS_FRONT_THEN_BACK_PAWS_04.uasset" 98
"../../../Cyberwitch_Project/Content/Assets/Sounds/BEAR/Footsteps/Grass/BEAR_FS_FRONT_THEN_BACK_PAWS_05.uasset" 99
"../../../Cyberwitch_Project/Content/Assets/Sounds/BEAR/Footsteps/Grass/BEAR_FS_FRONT_THEN_BACK_PAWS_06.uasset" 100
"../../../Cyberwitch_Project/Content/Assets/Sounds/BEAR/Footsteps/Grass/BEAR_FS_FRONT_THEN_BACK_PAWS_07.uasset" 101
"../../../Cyberwitch_Project/Content/Assets/Sounds/BEAR/Footsteps/Grass/BEAR_FS_FRONT_THEN_BACK_PAWS_08.uasset" 102
"../../../Cyberwitch_Project/Content/Assets/Sounds/BEAR/Footsteps/Grass/BEAR_FS_FRONT_THEN_BACK_PAWS_09.uasset" 103
"../../../Cyberwitch_Project/Content/Assets/Sounds/Taliah/Footsteps/Grass/TALLIAH_FS_01.uasset" 104
"../../../Cyberwitch_Project/Content/Assets/Sounds/Taliah/Footsteps/Grass/TALLIAH_FS_02.uasset" 105
"../../../Cyberwitch_Project/Content/Assets/Sounds/Taliah/Footsteps/Grass/TALLIAH_FS_03.uasset" 106
"../../../Cyberwitch_Project/Content/Assets/Sounds/Taliah/Footsteps/Grass/TALLIAH_FS_04.uasset" 107
"../../../Cyberwitch_Project/Content/Assets/Sounds/Taliah/Footsteps/Grass/TALLIAH_FS_05.uasset" 108
"../../../Cyberwitch_Project/Content/Assets/Sounds/Taliah/Footsteps/Grass/TALLIAH_FS_06.uasset" 109
"../../../Cyberwitch_Project/Content/Assets/Sounds/Taliah/Footsteps/Grass/TALLIAH_FS_07.uasset" 110
"../../../Cyberwitch_Project/Content/Assets/Sounds/Taliah/Footsteps/Grass/TALLIAH_FS_08.uasset" 111
"../../../Cyberwitch_Project/Content/Assets/Sounds/Taliah/Footsteps/Grass/TALLIAH_FS_09.uasset" 112
"../../../Cyberwitch_Project/Content/Assets/Sounds/Taliah/Footsteps/Grass/TALLIAH_FS_10.uasset" 113
"../../../Cyberwitch_Project/Content/Assets/Sounds/BEAR/Footsteps/Grass/FS_BEAR_GRASS.uasset" 114
"../../../Cyberwitch_Project/Content/Assets/Sounds/BEAR/Speech/Growl/Bear_Growls_02.uasset" 115
"../../../Cyberwitch_Project/Content/Assets/Sounds/BEAR/Speech/Growl/Bear_Growls_03.uasset" 116
"../../../Cyberwitch_Project/Content/Assets/Sounds/BEAR/Speech/Growl/BEAR_GROWL.uasset" 117
"../../../Cyberwitch_Project/Content/Blueprints/Character/Player/BEAR/BearState.uasset" 118
"../../../Cyberwitch_Project/Content/Blueprints/Character/Player/BEAR/BEARAnimBP.uasset" 119
"../../../Cyberwitch_Project/Content/Blueprints/Character/Ability/Ability.uasset" 120
"../../../Cyberwitch_Project/Content/Blueprints/Character/Enemy/EnemyInterface.uasset" 121
"../../../Cyberwitch_Project/Content/Blueprints/Character/Ability/EnemyAttack.uasset" 122
"../../../Cyberwitch_Project/Content/Assets/Characters/Taliah/Animations/ANIM_Taliah_death.uasset" 123
"../../../Cyberwitch_Project/Content/Assets/Characters/Taliah/Animations/ANIM_Taliah_fall.uasset" 124
"../../../Cyberwitch_Project/Content/Assets/Characters/Taliah/Animations/ANIM_Taliah_hookshot.uasset" 125
"../../../Cyberwitch_Project/Content/Assets/Characters/Taliah/Animations/ANIM_Taliah_hookshot_hangin.uasset" 126
"../../../Cyberwitch_Project/Content/Assets/Characters/Taliah/Animations/ANIM_Taliah_hookshot_start.uasset" 127
"../../../Cyberwitch_Project/Content/Assets/Characters/Taliah/Animations/ANIM_Taliah_jumpEnd.uasset" 128
"../../../Cyberwitch_Project/Content/Assets/Characters/Taliah/Animations/ANIM_Taliah_jumpStart.uasset" 129
"../../../Cyberwitch_Project/Content/Assets/Characters/Taliah/Animations/ANIM_Taliah_sneak.uasset" 130
"../../../Cyberwitch_Project/Content/Assets/Characters/Taliah/Animations/ANIM_Taliah_SwingF.uasset" 131
"../../../Cyberwitch_Project/Content/Assets/Characters/Taliah/Animations/ANIM_Taliah_Idle.uasset" 132
"../../../Cyberwitch_Project/Content/Assets/Characters/Taliah/Animations/ANIM_Taliah_run.uasset" 133
"../../../Cyberwitch_Project/Content/Blueprints/Character/Player/Talia/TaliahBlendSpace.uasset" 134
"../../../Cyberwitch_Project/Content/Assets/Sounds/Taliah/Abilities/Hookshot/Hookshot_01.uasset" 135
"../../../Cyberwitch_Project/Content/Assets/Sounds/Taliah/Abilities/Hookshot/Hookshot_02.uasset" 136
"../../../Cyberwitch_Project/Content/Assets/Sounds/Taliah/Abilities/Hookshot/Hookshot.uasset" 137
"../../../Cyberwitch_Project/Content/Assets/Sounds/Taliah/Footsteps/Grass/FS_TALIAH_GRASS.uasset" 138
"../../../Cyberwitch_Project/Content/Blueprints/Character/Player/Talia/HookshotState.uasset" 139
"../../../Cyberwitch_Project/Content/Blueprints/Character/Player/Talia/TaliahAnimBP.uasset" 140
"../../../Cyberwitch_Project/Content/Assets/Characters/Taliah/Materials/Textures/TEX_Taliah_D.uasset" 141
"../../../Cyberwitch_Project/Content/Assets/Characters/Taliah/Materials/arm_main.uasset" 142
"../../../Engine/Content/Functions/Engine_MaterialFunctions01/Opacity/CameraDepthFade.uasset" 143
"../../../Engine/Content/EngineMaterials/T_Default_Material_Grid_M.uasset" 144
"../../../Engine/Content/EngineMaterials/T_Default_Material_Grid_N.uasset" 145
"../../../Engine/Content/EngineMaterials/WorldGridMaterial.uasset" 146
"../../../Engine/Content/BasicShapes/Cube.uasset" 147
"../../../Cyberwitch_Project/Content/Assets/Characters/Taliah/Materials/Textures/TEX_Taliah_N.uasset" 148
"../../../Cyberwitch_Project/Content/Assets/Characters/Taliah/Materials/Textures/TEX_Taliah_S.uasset" 149
"../../../Cyberwitch_Project/Content/Assets/Characters/Taliah/Materials/mat_main.uasset" 150
"../../../Cyberwitch_Project/Content/Assets/Characters/Taliah/Meshes/RIG_TaliahGrappleHand_PhysicsAsset.uasset" 151
"../../../Cyberwitch_Project/Content/Assets/Characters/Taliah/Meshes/RIG_TaliahGrappleHand_Skeleton.uasset" 152
"../../../Cyberwitch_Project/Content/Assets/Characters/Taliah/Meshes/RIG_TaliahGrappleHand.uasset" 153
"../../../Cyberwitch_Project/Content/Blueprints/Character/Player/Talia/HookshotArm.uasset" 154
"../../../Cyberwitch_Project/Content/Blueprints/Character/Player/Controller.uasset" 155
"../../../Cyberwitch_Project/Content/Blueprints/Character/Player/Talia/TaliaController.uasset" 156
"../../../Cyberwitch_Project/Content/Blueprints/Environment/Interactables/Hookshotable/TargetInterface.uasset" 157
"../../../Cyberwitch_Project/Content/Blueprints/Environment/Interactables/Interactable.uasset" 158
"../../../Engine/Content/BasicShapes/BasicShapeMaterial.uasset" 159
"../../../Cyberwitch_Project/Content/Assets/Characters/BEAR/Materials/blinn1.uasset" 160
"../../../Cyberwitch_Project/Content/Blueprints/Environment/Interactables/Hookshotable/HookshotPull.uasset" 161
"../../../Cyberwitch_Project/Content/Assets/Environment/Interactables/Materials/highlight-texture-temp.uasset" 162
"../../../Engine/Content/EngineMaterials/DefaultMaterial.uasset" 163
"../../../Engine/Content/BasicShapes/Sphere.uasset" 164
"../../../Cyberwitch_Project/Content/Blueprints/Environment/Interactables/Hookshotable/HookshotSwing.uasset" 165
"../../../Cyberwitch_Project/Content/Blueprints/Environment/Interactables/StealthZOneMat_TEMP.uasset" 166
"../../../Cyberwitch_Project/Content/Blueprints/Environment/Interactables/StealthZone.uasset" 167
"../../../Cyberwitch_Project/Content/Blueprints/Character/Player/Talia/Talia.uasset" 168
"../../../Cyberwitch_Project/Content/Blueprints/Character/Enemy/EnemyState.uasset" 169
"../../../Cyberwitch_Project/Content/Blueprints/Character/Enemy/BaseEnemy.uasset" 170
"../../../Cyberwitch_Project/Content/Blueprints/Character/Player/BEAR/BearController.uasset" 171
"../../../Cyberwitch_Project/Content/Assets/Environment/Interactables/Materials/Textures/MDL_rock_D.uasset" 172
"../../../Cyberwitch_Project/Content/Assets/Environment/Interactables/Materials/Textures/MDL_rock_NM.uasset" 173
"../../../Cyberwitch_Project/Content/Assets/Environment/Interactables/Materials/MAT_Rock.uasset" 174
"../../../Cyberwitch_Project/Content/Assets/Environment/Interactables/Meshes/MDL_rock.uasset" 175
"../../../Cyberwitch_Project/Content/Assets/Environment/Interactables/Meshes/MDL_rock1_DM.uasset" 176
"../../../Cyberwitch_Project/Content/Assets/Environment/Platforms/Materials/rock_texture_temp.uasset" 177
"../../../Cyberwitch_Project/Content/Blueprints/Environment/Interactables/BearBreakable.uasset" 178
"../../../Cyberwitch_Project/Content/Assets/Images/BG/Cel_Clut.uasset" 179
"../../../Cyberwitch_Project/Content/Assets/Images/BG/ShadeM2.uasset" 180
"../../../Cyberwitch_Project/Content/Blueprints/Environment/Interactables/BearPushable.uasset" 181
"../../../Cyberwitch_Project/Content/Blueprints/Environment/Interactables/BearRollBreakable.uasset" 182
"../../../Cyberwitch_Project/Content/Blueprints/Environment/Interactables/Switch/SwitchInterface.uasset" 183
"../../../Cyberwitch_Project/Content/Blueprints/Environment/Interactables/Switch/BaseSwitch.uasset" 184
"../../../Engine/Content/BasicShapes/Cone.uasset" 185
"../../../Cyberwitch_Project/Content/Blueprints/Environment/Interactables/Switch/BearHitSwitch.uasset" 186
"../../../Cyberwitch_Project/Content/Assets/Characters/BEAR/Materials/Textures/TEX_Bear_D.uasset" 187
"../../../Cyberwitch_Project/Content/Assets/Characters/BEAR/Materials/Textures/TEX_Bear_NM.uasset" 188
"../../../Cyberwitch_Project/Content/Assets/Characters/BEAR/Materials/MAT_BEAR.uasset" 189
"../../../Cyberwitch_Project/Content/Assets/Characters/BEAR/Meshes/RIG_Bear_PhysicsAsset.uasset" 190
"../../../Cyberwitch_Project/Content/Assets/Characters/BEAR/Meshes/RIG_Bear.uasset" 191
"../../../Cyberwitch_Project/Content/Blueprints/Character/Player/BEAR/Bear.uasset" 192
"../../../Cyberwitch_Project/Content/Blueprints/Character/Player/AI_Controller.uasset" 193
"../../../Cyberwitch_Project/Content/Assets/Characters/Taliah/Materials/dark_grey.uasset" 194
"../../../Cyberwitch_Project/Content/Assets/Characters/Taliah/Materials/lambert1.uasset" 195
"../../../Cyberwitch_Project/Content/Assets/Characters/Taliah/Materials/light_grey.uasset" 196
"../../../Cyberwitch_Project/Content/Assets/Characters/Taliah/Materials/mat_arm_r.uasset" 197
"../../../Cyberwitch_Project/Content/Assets/Characters/Taliah/Materials/mat_black.uasset" 198
"../../../Cyberwitch_Project/Content/Assets/Characters/Taliah/Materials/mat_white.uasset" 199
"../../../Cyberwitch_Project/Content/Assets/Characters/Taliah/Meshes/RIG_Taliah_PhysicsAsset.uasset" 200
"../../../Cyberwitch_Project/Content/Assets/Characters/Taliah/Meshes/RIG_Taliah.uasset" 201
"../../../Cyberwitch_Project/Content/Blueprints/Character/Player/BasePlayerCharacter.uasset" 202
"../../../Cyberwitch_Project/Content/Blueprints/Character/Player/ControllerState.uasset" 203
"../../../Cyberwitch_Project/Content/Blueprints/Character/Player/BaseController.uasset" 204
"../../../Cyberwitch_Project/Content/Blueprints/Camera/screen.uasset" 205
"../../../Cyberwitch_Project/Content/Assets/Images/Health_UI/HealthBar_Backing.uasset" 206
"../../../Cyberwitch_Project/Content/Assets/Images/Health_UI/HealthBar_Heart_Empty.uasset" 207
"../../../Cyberwitch_Project/Content/Assets/Images/Health_UI/HealthBar_Heart_Full.uasset" 208
"../../../Cyberwitch_Project/Content/Assets/Images/Health_UI/HealthBar_Portrait_Bear.uasset" 209
"../../../Cyberwitch_Project/Content/Assets/Images/Health_UI/HealthBar_Portrait_Taliah.uasset" 210
"../../../Cyberwitch_Project/Content/Assets/Images/Health_UI/HealthBar_PortraitFrame.uasset" 211
"../../../Cyberwitch_Project/Content/Blueprints/UI/HealthUI.uasset" 212
"../../../Cyberwitch_Project/Content/Blueprints/UI/GameOverMenu.uasset" 213
"../../../Cyberwitch_Project/Content/Blueprints/SaveGame/Saving.uasset" 214
"../../../Cyberwitch_Project/Content/Assets/Images/Pause/Pause_ButtonBar_Click.uasset" 215
"../../../Cyberwitch_Project/Content/Assets/Images/Pause/Pause_ButtonBar_Hover.uasset" 216
"../../../Cyberwitch_Project/Content/Assets/Images/Pause/Pause_ButtonBar_Static.uasset" 217
"../../../Cyberwitch_Project/Content/Assets/Images/Pause/Pause_TitleBar.uasset" 218
"../../../Cyberwitch_Project/Content/Blueprints/UI/OptionsMenu.uasset" 219
"../../../Cyberwitch_Project/Content/Blueprints/UI/PauseMenu.uasset" 220
"../../../Cyberwitch_Project/Content/Blueprints/UI/SaveMenu.uasset" 221
"../../../Cyberwitch_Project/Content/Blueprints/Character/Player/MainController.uasset" 222
"../../../Cyberwitch_Project/Content/Blueprints/MainGameMode.uasset" 223
"../../../Cyberwitch_Project/Content/Assets/Characters/Pig/Meshes/RIG_Pig_Skeleton.uasset" 224
"../../../Cyberwitch_Project/Content/Blueprints/Character/Enemy/Pig/PigAnimMontage.uasset" 225
"../../../Cyberwitch_Project/Content/Blueprints/Character/Player/BEAR/BEARAnimMontage.uasset" 226
"../../../Cyberwitch_Project/Content/Blueprints/Character/Player/Talia/TaliaAnimMontage.uasset" 227
"../../../Engine/Content/BasicShapes/Plane.uasset" 228
"../../../Cyberwitch_Project/Content/Blueprints/Environment/Interactables/BearBreakableTerrain.uasset" 229
"../../../Cyberwitch_Project/Content/Blueprints/Environment/Interactables/BearInteractable.uasset" 230
"../../../Cyberwitch_Project/Content/Blueprints/Environment/Interactables/StealthZoneTempMat.uasset" 231
"../../../Cyberwitch_Project/Content/Levels/LevelInterface.uasset" 232
"../../../Engine/Content/BasicShapes/Cylinder.uasset" 233
"../../../Engine/Content/EditorLandscapeResources/DataLayer.uasset" 234
"../../../Engine/Content/EditorMaterials/GizmoMaterial.uasset" 235
"../../../Engine/Content/EditorMaterials/MAT_Groups_Toggle.uasset" 236
"../../../Engine/Content/EditorMaterials/MAT_Groups_Visibility.uasset" 237
"../../../Engine/Content/EditorMaterials/PreviewShadowIndicator.uasset" 238
"../../../Engine/Content/EditorMaterials/PreviewShadowIndicatorMaterial.uasset" 239
"../../../Engine/Content/EditorMaterials/AssetViewer/EpicQuadPanorama_CC+EV1.uasset" 240
"../../../Engine/Content/EditorMaterials/MatineeGroups/MAT_ColorTrack.uasset" 241
"../../../Engine/Content/EditorMaterials/MatineeGroups/MAT_Groups_Anim.uasset" 242
"../../../Engine/Content/EditorMaterials/MatineeGroups/MAT_Groups_AudioMaster.uasset" 243
"../../../Engine/Content/EditorMaterials/MatineeGroups/MAT_Groups_Director.uasset" 244
"../../../Engine/Content/EditorMaterials/MatineeGroups/MAT_Groups_Event.uasset" 245
"../../../Engine/Content/EditorMaterials/MatineeGroups/MAT_Groups_Fade.uasset" 246
"../../../Engine/Content/EditorMaterials/MatineeGroups/MAT_Groups_Float.uasset" 247
"../../../Engine/Content/EditorMaterials/MatineeGroups/MAT_Groups_Move.uasset" 248
"../../../Engine/Content/EditorMaterials/MatineeGroups/MAT_Groups_Slomo.uasset" 249
"../../../Engine/Content/EditorMaterials/MatineeGroups/MAT_Groups_Sound.uasset" 250
"../../../Engine/Content/EditorMaterials/MatineeGroups/MAT_Groups_Vector.uasset" 251
"../../../Engine/Content/EditorMaterials/ParticleSystems/PSysThumbnail_NoImage.uasset" 252
"../../../Engine/Content/EditorMaterials/ParticleSystems/PSysThumbnail_OOD.uasset" 253
"../../../Engine/Content/EditorMaterials/Camera/CineMat.uasset" 254
"../../../Engine/Content/EditorMaterials/Camera/MI_CineMat_Rig.uasset" 255
"../../../Engine/Content/EditorMeshes/Camera/SM_CraneRig_Arm.uasset" 256
"../../../Engine/Content/EditorMeshes/Camera/SM_CraneRig_Base.uasset" 257
"../../../Engine/Content/EditorMeshes/Camera/SM_CraneRig_Body.uasset" 258
"../../../Engine/Content/EditorMeshes/Camera/SM_CraneRig_Mount.uasset" 259
"../../../Engine/Content/EditorMeshes/Camera/SM_RailRig_Mount.uasset" 260
"../../../Engine/Content/EditorMeshes/Camera/SM_RailRig_Track.uasset" 261
"../../../Engine/Content/EditorMeshes/ColorCalibrator/M_ChromeBall.uasset" 262
"../../../Engine/Content/EditorMeshes/ColorCalibrator/M_ClearCoat.uasset" 263
"../../../Engine/Content/EditorMeshes/ColorCalibrator/M_ClearCoatBlack.uasset" 264
"../../../Engine/Content/EditorMeshes/ColorCalibrator/T_ColorGrid.uasset" 265
"../../../Engine/Content/EditorMeshes/ColorCalibrator/M_ColorGrid.uasset" 266
"../../../Engine/Content/EditorMeshes/ColorCalibrator/M_GreyBall.uasset" 267
"../../../Engine/Content/EditorMeshes/ColorCalibrator/SM_ColorCalibrator.uasset" 268
"../../../Engine/Content/EditorResources/BSPVertex.uasset" 269
"../../../Engine/Content/EditorResources/EmptyActor.uasset" 270
"../../../Engine/Content/EditorResources/S_Actor.uasset" 271
"../../../Engine/Content/EditorResources/S_KBSJoint.uasset" 272
"../../../Engine/Content/EditorResources/S_KHinge.uasset" 273
"../../../Engine/Content/EditorResources/S_Trigger.uasset" 274
"../../../Engine/Content/EditorResources/LightIcons/S_LightError.uasset" 275
"../../../Engine/Content/EditorResources/SequenceRecorder/Countdown.uasset" 276
"../../../Engine/Content/EditorResources/SequenceRecorder/RecordingIndicator.uasset" 277
"../../../Engine/Content/EditorSounds/Notifications/CompileFailed.uasset" 278
"../../../Engine/Content/EditorSounds/Notifications/CompileFailed_Cue.uasset" 279
"../../../Engine/Content/EditorSounds/Notifications/CompileSuccess.uasset" 280
"../../../Engine/Content/EditorSounds/Notifications/CompileStart_Cue.uasset" 281
"../../../Engine/Content/EditorSounds/Notifications/CompileSuccess_Cue.uasset" 282
"../../../Engine/Content/EngineDamageTypes/DmgTypeBP_Environmental.uasset" 283
"../../../Engine/Content/EngineDebugMaterials/HeatmapGradient.uasset" 284
"../../../Engine/Content/EngineDebugMaterials/BoneWeightMaterial.uasset" 285
"../../../Engine/Content/EngineDebugMaterials/ClothMaterial.uasset" 286
"../../../Engine/Content/EngineDebugMaterials/ClothMaterial_WF.uasset" 287
"../../../Engine/Content/EngineDebugMaterials/DebugEditorMaterial.uasset" 288
"../../../Engine/Content/EngineDebugMaterials/DebugMeshMaterial.uasset" 289
"../../../Engine/Content/EngineDebugMaterials/GeomMaterial.uasset" 290
"../../../Engine/Content/EngineFonts/Faces/RobotoBold.uasset" 291
"../../../Engine/Content/EngineFonts/Faces/RobotoBoldItalic.uasset" 292
"../../../Engine/Content/EngineFonts/Faces/RobotoItalic.uasset" 293
"../../../Engine/Content/EngineFonts/Faces/RobotoLight.uasset" 294
"../../../Engine/Content/EngineFonts/Faces/RobotoRegular.uasset" 295
"../../../Engine/Content/EngineFonts/Roboto.uasset" 296
"../../../Engine/Content/EngineFonts/Faces/RobotoTiny.uasset" 297
"../../../Engine/Content/EngineFonts/RobotoTiny.uasset" 298
"../../../Engine/Content/EngineMaterials/DefaultBloomKernel.uasset" 299
"../../../Engine/Content/EngineMaterials/DefaultBokeh.uasset" 300
"../../../Engine/Content/EngineMaterials/DefaultDiffuse.uasset" 301
"../../../Engine/Content/EngineMaterials/DefaultDeferredDecalMaterial.uasset" 302
"../../../Engine/Content/EngineMaterials/DefaultLightFunctionMaterial.uasset" 303
"../../../Engine/Content/EngineMaterials/DefaultPhysicalMaterial.uasset" 304
"../../../Engine/Content/Functions/Engine_MaterialFunctions02/Utility/BreakOutFloat2Components.uasset" 305
"../../../Engine/Content/EngineMaterials/DefaultPostProcessMaterial.uasset" 306
"../../../Engine/Content/EngineFonts/RobotoDistanceField.uasset" 307
"../../../Engine/Content/EngineMaterials/DefaultTextMaterialOpaque.uasset" 308
"../../../Engine/Content/EngineMaterials/DefaultWhiteGrid.uasset" 309
"../../../Engine/Content/EngineMaterials/EditorBrushMaterial.uasset" 310
"../../../Engine/Content/EngineMaterials/Good64x64TilingNoiseHighFreq.uasset" 311
"../../../Engine/Content/EngineMaterials/MiniFont.uasset" 312
"../../../Engine/Content/EngineMaterials/InvalidLightmapSettings.uasset" 313
"../../../Engine/Content/EngineMaterials/M_InvalidLightmapSettings.uasset" 314
"../../../Engine/Content/EngineMaterials/PhAT_JointLimitMaterial.uasset" 315
"../../../Engine/Content/EngineMaterials/PreintegratedSkinBRDF.uasset" 316
"../../../Engine/Content/EngineMaterials/RemoveSurfaceMaterial.uasset" 317
"../../../Engine/Content/EngineMaterials/WeightMapPlaceholderTexture.uasset" 318
"../../../Engine/Content/EngineResources/WhiteSquareTexture.uasset" 319
"../../../Engine/Content/EngineMaterials/Widget3DPassThrough.uasset" 320
"../../../Engine/Content/EngineMaterials/Widget3DPassThrough_Masked.uasset" 321
"../../../Engine/Content/EngineMaterials/Widget3DPassThrough_Opaque.uasset" 322
"../../../Engine/Content/EngineMaterials/Widget3DPassThrough_Masked_OneSided.uasset" 323
"../../../Engine/Content/EngineMaterials/Widget3DPassThrough_Opaque_OneSided.uasset" 324
"../../../Engine/Content/EngineMaterials/Widget3DPassThrough_Translucent.uasset" 325
"../../../Engine/Content/EngineMaterials/Widget3DPassThrough_Translucent_OneSided.uasset" 326
"../../../Engine/Content/EngineMeshes/Cube.uasset" 327
"../../../Engine/Content/EngineMeshes/Cylinder.uasset" 328
"../../../Engine/Content/EngineMeshes/Sphere.uasset" 329
"../../../Engine/Content/EngineResources/Black.uasset" 330
"../../../Engine/Content/EngineResources/DefaultTexture.uasset" 331
"../../../Engine/Content/EngineResources/DefaultTextureCube.uasset" 332
"../../../Engine/Content/EngineResources/GradientTexture0.uasset" 333
"../../../Engine/Content/EngineSounds/Master.uasset" 334
"../../../Engine/Content/Functions/Engine_MaterialFunctions01/Shading/ConvertFromDiffSpec.uasset" 335
"../../../Engine/Content/Functions/Engine_MaterialFunctions01/Shading/PowerToRoughness.uasset" 336
"../../../Engine/Content/Maps/Templates/Thumbnails/Default.uasset" 337
"../../../Engine/Content/Maps/Templates/Thumbnails/VR-Basic.uasset" 338
"../../../Engine/Content/MobileResources/T_MobileControls_texture.uasset" 339
"../../../Engine/Content/MobileResources/T_MobileMenu2.uasset" 340
"../../../Engine/Content/MobileResources/HUD/AnalogHat.uasset" 341
"../../../Engine/Content/MobileResources/HUD/VirtualJoystick_Background.uasset" 342
"../../../Engine/Content/MobileResources/HUD/VirtualJoystick_Thumb.uasset" 343
"../../../Engine/Content/MobileResources/HUD/DefaultVirtualJoysticks.uasset" 344
"../../../Engine/Content/MobileResources/HUD/LeftVirtualJoystickOnly.uasset" 345
"../../../Engine/Content/MobileResources/HUD/MobileHUDButton1_off.uasset" 346
"../../../Engine/Content/MobileResources/HUD/MobileHUDButton1_on.uasset" 347
"../../../Engine/Content/MobileResources/HUD/MobileHUDButton2_off.uasset" 348
"../../../Engine/Content/MobileResources/HUD/MobileHUDButton2_on.uasset" 349
"../../../Engine/Content/MobileResources/HUD/MobileHUDButton3.uasset" 350
"../../../Engine/Content/MobileResources/HUD/MobileHUDButtonFire.uasset" 351
"../../../Engine/Content/MobileResources/HUD/MobileHUDDirectionPad.uasset" 352
"../../../Engine/Content/MobileResources/HUD/MobileHUDDirectionPad2.uasset" 353
"../../../Engine/Content/MobileResources/HUD/MobileHUDDirectionPad3.uasset" 354
"../../../Engine/Content/MobileResources/HUD/MobileHUDDirectionStick.uasset" 355
"../../../Engine/Content/MobileResources/HUD/T_Castle_ThumbstickInner.uasset" 356
"../../../Engine/Content/MobileResources/HUD/T_Castle_ThumbstickOutter.uasset" 357
"../../../Engine/Content/Tutorial/ContentIntroCurve.uasset" 358
"../../../Engine/Content/Tutorial/Basics/TutorialAssets/icon_tab_Levels_40x.uasset" 359
"../../../Engine/Content/Tutorial/BlueprintTutorials/TutorialAssets/BlueprintInterface_64x.uasset" 360
"../../../Engine/Content/Tutorial/BlueprintTutorials/TutorialAssets/BlueprintMacroLibrary_64x.uasset" 361
"../../../Engine/Content/Tutorial/BlueprintTutorials/TutorialAssets/Blueprint_64x.uasset" 362
"../../../Engine/Content/Tutorial/BlueprintTutorials/TutorialAssets/Tutorial_BP_Interface.uasset" 363
"../../../Engine/Content/Tutorial/Foliage/TutorialAssets/Foliage.uasset" 364
"../../../Engine/Content/Tutorial/Landscape/TutorialAssets/Landscape.uasset" 365
"../../../Engine/Content/Tutorial/Paper2D/TutorialAssets/Paper2DFlipbook_TutorialIcon.uasset" 366
"../../../Engine/Content/Tutorial/Paper2D/TutorialAssets/Paper2DSprite_TutorialIcon.uasset" 367
"../../../Engine/Content/Tutorial/SubEditors/TutorialAssets/icon_Editor_Preferences_General_40x.uasset" 368
"../../../Engine/Content/Tutorial/SubEditors/TutorialAssets/icon_ShowSkeletalMeshes_40x.uasset" 369
"../../../Engine/Content/Tutorial/SubEditors/TutorialAssets/TutorialMaterial.uasset" 370
"../../../Engine/Content/Tutorial/SubEditors/TutorialAssets/T_SmokeSubUV_8X8.uasset" 371
"../../../Engine/Content/Tutorial/SubEditors/TutorialAssets/T_soft_smoke.uasset" 372
"../../../Engine/Content/Tutorial/SubEditors/TutorialAssets/M_smoke_subUV_blackbody.uasset" 373
"../../../Engine/Content/Tutorial/SubEditors/TutorialAssets/TutorialParticleSystem.uasset" 374
"../../../Engine/Content/EditorMeshes/EditorCube.uasset" 375
"../../../Engine/Content/Tutorial/SubEditors/TutorialAssets/Tutorial_DM.uasset" 376
"../../../Engine/Content/VREditor/Devices/Generic/GenericHMDMaterial.uasset" 377
"../../../Engine/Content/VREditor/Devices/Generic/GenericHMD.uasset" 378
"../../../Engine/Content/VREditor/FloatingText/LineMaterial.uasset" 379
"../../../Engine/Content/VREditor/FloatingText/JointSphere.uasset" 380
"../../../Engine/Content/VREditor/FloatingText/LineSegmentCylinder.uasset" 381
"../../../Engine/Content/VREditor/Fonts/VRText_RobotoLarge.uasset" 382
"../../../Engine/Content/VREditor/Fonts/VRTextMaterial.uasset" 383
"../../../Engine/Content/VREditor/Fonts/TranslucentVRTextMaterial.uasset" 384
"../../../Engine/Content/VREditor/LaserPointer/CursorPointer.uasset" 385
"../../../Engine/Content/VREditor/LaserPointer/VR_LaserPower_01.uasset" 386
"../../../Engine/Content/VREditor/TransformGizmo/TransformGizmoMaterial.uasset" 387
"../../../Engine/Content/VREditor/LaserPointer/HoverMaterial.uasset" 388
"../../../Engine/Content/VREditor/TransformGizmo/TranslucentTransformGizmoMaterial.uasset" 389
"../../../Engine/Content/VREditor/LaserPointer/TranslucentHoverMaterial.uasset" 390
"../../../Engine/Content/VREditor/LaserPointer/HoverMesh.uasset" 391
"../../../Engine/Content/VREditor/LaserPointer/LaserPointerMaterial.uasset" 392
"../../../Engine/Content/VREditor/LaserPointer/LaserPointerMaterialInst.uasset" 393
"../../../Engine/Content/VREditor/LaserPointer/TranslucentLaserPointerMaterialInst.uasset" 394
"../../../Engine/Content/VREditor/LaserPointer/LaserPointerMesh.uasset" 395
"../../../Engine/Content/VREditor/LaserPointer/LaserPointerMesh_End.uasset" 396
"../../../Engine/Content/VREditor/LaserPointer/LaserPointerMesh_Start.uasset" 397
"../../../Engine/Content/Functions/Engine_MaterialFunctions02/Utility/BreakOutFloat3Components.uasset" 398
"../../../Engine/Content/Functions/Engine_MaterialFunctions02/Math/Transform3x3Matrix.uasset" 399
"../../../Engine/Content/Functions/Engine_MaterialFunctions02/Utility/MakeFloat3.uasset" 400
"../../../Engine/Content/VREditor/SnapGrid/SnapGridMaterial.uasset" 401
"../../../Engine/Content/VREditor/SnapGrid/SnapGridPlaneMesh.uasset" 402
"../../../Engine/Content/VREditor/Sounds/VR_teleport.uasset" 403
"../../../Engine/Content/VREditor/Sounds/UI/Click_on_Button_Cue.uasset" 404
"../../../Engine/Content/VREditor/Sounds/UI/Dockable_Window_Close.uasset" 405
"../../../Engine/Content/VREditor/Sounds/UI/Dockable_Window_Drop.uasset" 406
"../../../Engine/Content/VREditor/Sounds/UI/Dockable_Window_Open.uasset" 407
"../../../Engine/Content/VREditor/Sounds/UI/Dockable_Window_Pick_Up.uasset" 408
"../../../Engine/Content/VREditor/Sounds/UI/Drop_Item_From_ContentBrowser.uasset" 409
"../../../Engine/Content/VREditor/Sounds/UI/Floating_UI_Open-001.uasset" 410
"../../../Engine/Content/VREditor/Sounds/UI/Gizmo_Handle_Clicked.uasset" 411
"../../../Engine/Content/VREditor/Sounds/UI/Object_PickUp.uasset" 412
"../../../Engine/Content/VREditor/Sounds/UI/Object_Snaps_To_Another_Actor.uasset" 413
"../../../Engine/Content/VREditor/Sounds/UI/Object_Snaps_To_Grid.uasset" 414
"../../../Engine/Content/VREditor/Sounds/UI/Radial_Menu_FadeOut.uasset" 415
"../../../Engine/Content/VREditor/Sounds/UI/Scaling_Down.uasset" 416
"../../../Engine/Content/VREditor/Sounds/UI/Scaling_Up.uasset" 417
"../../../Engine/Content/VREditor/Sounds/UI/Selection_Changes.uasset" 418
"../../../Engine/Content/VREditor/Sounds/UI/Teleport_Mode_Entered.uasset" 419
"../../../Engine/Content/VREditor/Teleport/TeleportDirectionMaterial.uasset" 420
"../../../Engine/Content/VREditor/Teleport/TeleportDirectionMaterial_Inst.uasset" 421
"../../../Engine/Content/VREditor/Teleport/TeleportDirectionMesh.uasset" 422
"../../../Engine/Content/VREditor/TransformGizmo/BoundingBoxCorner.uasset" 423
"../../../Engine/Content/VREditor/TransformGizmo/BoundingBoxEdge.uasset" 424
"../../../Engine/Content/VREditor/TransformGizmo/PlaneTranslationHandle.uasset" 425
"../../../Engine/Content/VREditor/TransformGizmo/RotationHandleFull.uasset" 426
"../../../Engine/Content/VREditor/TransformGizmo/RotationHandleIndicator.uasset" 427
"../../../Engine/Content/VREditor/TransformGizmo/RotationHandleQuarter.uasset" 428
"../../../Engine/Content/VREditor/TransformGizmo/Main.uasset" 429
"../../../Engine/Content/VREditor/TransformGizmo/Xray.uasset" 430
"../../../Engine/Content/VREditor/TransformGizmo/SM_Dialog_Close.uasset" 431
"../../../Engine/Content/VREditor/TransformGizmo/SM_Dialog_Move.uasset" 432
"../../../Engine/Content/VREditor/TransformGizmo/SM_Sequencer_Key.uasset" 433
"../../../Engine/Content/VREditor/TransformGizmo/StartRotationHandleIndicator.uasset" 434
"../../../Engine/Content/VREditor/TransformGizmo/TranslucentTransformGizmoMaterial_Inst.uasset" 435
"../../../Engine/Content/VREditor/TransformGizmo/TransformGizmoFreeRotation.uasset" 436
"../../../Engine/Content/VREditor/TransformGizmo/TransformGizmoMaterial_Inst.uasset" 437
"../../../Engine/Content/VREditor/TransformGizmo/TranslateArrowHandle.uasset" 438
"../../../Engine/Content/VREditor/TransformGizmo/UniformScaleHandle.uasset" 439
"../../../Engine/Content/VREditor/UI/KeyDiskMaterial.uasset" 440
"../../../Engine/Content/VREditor/UI/DiscMaterial.uasset" 441
"../../../Engine/Content/VREditor/UI/SM_Radial_Disk.uasset" 442
"../../../Engine/Content/Functions/Engine_MaterialFunctions01/Gradient/RadialGradient.uasset" 443
"../../../Engine/Content/VREditor/WorldMovementGrid/SimpleGrid.uasset" 444
"../../../Engine/Content/VREditor/WorldMovementGrid/GridMaterial.uasset" 445
"../../../Engine/Content/Functions/Engine_MaterialFunctions01/Density/ExponentialDensity.uasset" 446
"../../../Engine/Content/VREditor/WorldMovementGrid/GridPostProcess.uasset" 447
"../../../Engine/Content/EditorLandscapeResources/FlattenHeightMat.uasset" 448
"../../../Engine/Content/VREditor/WorldMovementGrid/PlaneMesh.uasset" 449
"../../../Engine/Plugins/2D/Paper2D/Content/PlaceholderTextures/DummySpriteTexture.uasset" 450
"../../../Engine/Plugins/2D/Paper2D/Content/DummySprite.uasset" 451
"../../../Engine/Plugins/2D/Paper2D/Content/DefaultPaperTerrainMaterial.uasset" 452
"../../../Engine/Plugins/2D/Paper2D/Content/DefaultSpriteMaterial.uasset" 453
"../../../Engine/Plugins/2D/Paper2D/Content/MaskedUnlitSpriteMaterial.uasset" 454
"../../../Engine/Plugins/2D/Paper2D/Content/OpaqueUnlitSpriteMaterial.uasset" 455
"../../../Engine/Plugins/Runtime/Oculus/OculusVR/Content/Textures/GearVRController_AO.uasset" 456
"../../../Engine/Plugins/Runtime/Oculus/OculusVR/Content/Textures/GearVRController_Color.uasset" 457
"../../../Engine/Plugins/Runtime/Oculus/OculusVR/Content/Textures/GearVRController_Normal.uasset" 458
"../../../Engine/Plugins/Runtime/Oculus/OculusVR/Content/Materials/GearVRControllerMaterial.uasset" 459
"../../../Engine/Plugins/Runtime/Oculus/OculusVR/Content/Meshes/GearVrController.uasset" 460
"../../../Cyberwitch_Project/Content/Assets/Characters/Pig/Animations/ANIM_Pig_attack.uasset" 461
"../../../Cyberwitch_Project/Content/Assets/Characters/Pig/Animations/ANIM_Pig_death.uasset" 462
"../../../Cyberwitch_Project/Content/Assets/Characters/Pig/Animations/ANIM_Pig_run.uasset" 463
"../../../Cyberwitch_Project/Content/Assets/Characters/Pig/Animations/ANIM_Pig_idle.uasset" 464
"../../../Cyberwitch_Project/Content/Assets/Characters/Pig/Animations/ANIM_Pig_walk.uasset" 465
"../../../Cyberwitch_Project/Content/Blueprints/Character/Enemy/Pig/PigBlendSpace.uasset" 466
"../../../Cyberwitch_Project/Content/Assets/Sounds/Pig/Oink/PIG_01.uasset" 467
"../../../Cyberwitch_Project/Content/Assets/Sounds/Pig/Oink/PIG_02.uasset" 468
"../../../Cyberwitch_Project/Content/Assets/Sounds/Pig/Oink/PIG_03.uasset" 469
"../../../Cyberwitch_Project/Content/Assets/Sounds/Pig/Oink/PIG_04.uasset" 470
"../../../Cyberwitch_Project/Content/Assets/Sounds/Pig/Oink/PIG_05.uasset" 471
"../../../Cyberwitch_Project/Content/Assets/Sounds/Pig/Oink/PigAttenuation.uasset" 472
"../../../Cyberwitch_Project/Content/Assets/Sounds/Pig/Oink/Oink.uasset" 473
"../../../Cyberwitch_Project/Content/Blueprints/Character/Enemy/Pig/PigAnimBP.uasset" 474
"../../../Cyberwitch_Project/Content/Assets/Characters/Pig/Materials/Textures/TEX_Pig_D.uasset" 475
"../../../Cyberwitch_Project/Content/Assets/Characters/Pig/Materials/Textures/TEX_Pig_NM.uasset" 476
"../../../Cyberwitch_Project/Content/Assets/Characters/Pig/Materials/MAT_Pig.uasset" 477
"../../../Cyberwitch_Project/Content/Assets/Characters/Pig/Meshes/RIG_Pig_PhysicsAsset.uasset" 478
"../../../Cyberwitch_Project/Content/Assets/Characters/Pig/Meshes/RIG_Pig.uasset" 479
"../../../Cyberwitch_Project/Content/Blueprints/Character/Enemy/Pig/DyingPig.uasset" 480
"../../../Cyberwitch_Project/Content/Blueprints/Character/Enemy/Pig/PigEnemy.uasset" 481
"../../../Engine/Content/EngineSky/C_Sky_Cloud_Color.uasset" 482
"../../../Engine/Content/EngineSky/C_Sky_Horizon_Color.uasset" 483
"../../../Engine/Content/EngineSky/C_Sky_Zenith_Color.uasset" 484
"../../../Engine/Content/EngineSky/T_Sky_Blue.uasset" 485
"../../../Engine/Content/EngineSky/T_Sky_Clouds_M.uasset" 486
"../../../Engine/Content/EngineSky/T_Sky_Stars.uasset" 487
"../../../Engine/Content/EngineSky/M_Sky_Panning_Clouds2.uasset" 488
"../../../Engine/Content/EngineSky/SM_SkySphere.uasset" 489
"../../../Engine/Content/EngineSky/BP_Sky_Sphere.uasset" 490
"../../../Cyberwitch_Project/Content/Blueprints/Dialogue/DialogueSpawner.uasset" 491
"../../../Cyberwitch_Project/Content/Blueprints/Environment/BearOnlyTerrain.uasset" 492
"../../../Cyberwitch_Project/Content/Blueprints/Environment/Interactables/Hookshotable/HookshotTarget.uasset" 493
"../../../Cyberwitch_Project/Content/Blueprints/Environment/Interactables/RockBreakable.uasset" 494
"../../../Cyberwitch_Project/Content/Blueprints/Environment/Interactables/SlideZone.uasset" 495
"../../../Cyberwitch_Project/Content/Blueprints/Environment/Interactables/Switch/HookshotSwitch.uasset" 496
"../../../Cyberwitch_Project/Content/Assets/Environment/Interactables/Meshes/MDL_Tree.uasset" 497
"../../../Cyberwitch_Project/Content/Blueprints/Environment/Interactables/Switch/HookshotMoveSwitch.uasset" 498
"../../../Cyberwitch_Project/Content/Assets/Environment/Interactables/Materials/Textures/TEX_lever_D.uasset" 499
"../../../Cyberwitch_Project/Content/Assets/Environment/Interactables/Materials/Textures/TEX_lever_NM.uasset" 500
"../../../Cyberwitch_Project/Content/Assets/Environment/Interactables/Materials/Textures/TEX_lever_R.uasset" 501
"../../../Cyberwitch_Project/Content/Assets/Environment/Interactables/Materials/MAT_Lever.uasset" 502
"../../../Cyberwitch_Project/Content/Assets/Environment/Interactables/Meshes/Mesh_Lever.uasset" 503
"../../../Cyberwitch_Project/Content/Blueprints/Environment/Interactables/Switch/NormalSwitch.uasset" 504
"../../../Cyberwitch_Project/Content/Blueprints/Environment/Interactables/Switch/NSwitchMove.uasset" 505
"../../../Cyberwitch_Project/Content/Blueprints/Environment/KillPlayer.uasset" 506
"../../../Cyberwitch_Project/Content/Blueprints/Environment/NextLevel.uasset" 507
"../../../Cyberwitch_Project/Content/Levels/DemoMap_BuiltData.uasset" 508
"../../../Cyberwitch_Project/Content/Assets/Images/BG/PlatformMat.uasset" 509
"../../../Engine/Content/MapTemplates/SM_Template_Map_Floor.uasset" 510
"../../../Cyberwitch_Project/Content/Assets/Environment/Materials/Physics/Grass_Mat.uasset" 511
"../../../Cyberwitch_Project/Content/Assets/Images/BG/Background_Back.uasset" 512
"../../../Cyberwitch_Project/Content/Assets/Images/BG/Background_Back_Sprite.uasset" 513
"../../../Engine/Plugins/2D/Paper2D/Content/TranslucentUnlitSpriteMaterial.uasset" 514
"../../../Cyberwitch_Project/Content/Assets/Images/BG/Background_Front.uasset" 515
"../../../Cyberwitch_Project/Content/Assets/Images/BG/Background_Front_Sprite.uasset" 516
"../../../Cyberwitch_Project/Content/Assets/Images/BG/Background_Middle.uasset" 517
"../../../Cyberwitch_Project/Content/Assets/Images/BG/Background_Middle_Sprite.uasset" 518
"../../../Cyberwitch_Project/Content/Levels/DemoMap.umap" 519
"../../../Cyberwitch_Project/Content/Assets/Characters/Grunt/Meshes/RIG_Grunt_Skeleton.uasset" 520
"../../../Cyberwitch_Project/Content/Assets/Characters/Grunt/Animations/ANIM_Grunt_attack.uasset" 521
"../../../Cyberwitch_Project/Content/Assets/Characters/Grunt/Animations/ANIM_Grunt_death.uasset" 522
"../../../Cyberwitch_Project/Content/Assets/Characters/Grunt/Animations/ANIM_Grunt_run.uasset" 523
"../../../Cyberwitch_Project/Content/Assets/Characters/Grunt/Animations/ANIM_Grunt_idle.uasset" 524
"../../../Cyberwitch_Project/Content/Assets/Characters/Grunt/Animations/ANIM_Grunt_walk.uasset" 525
"../../../Cyberwitch_Project/Content/Blueprints/Character/Enemy/Grunt/GruntBlendSpace.uasset" 526
"../../../Cyberwitch_Project/Content/Blueprints/Character/Enemy/Grunt/GruntAnimBP.uasset" 527
"../../../Cyberwitch_Project/Content/Assets/Characters/Grunt/Meshes/RIG_Grunt_PhysicsAsset.uasset" 528
"../../../Cyberwitch_Project/Content/Assets/Characters/Grunt/Meshes/RIG_Grunt.uasset" 529
"../../../Cyberwitch_Project/Content/Blueprints/Character/Enemy/Grunt/Grunt.uasset" 530
"../../../Cyberwitch_Project/Content/Assets/Environment/Platforms/Meshes/MDL_FloatingPlatform.uasset" 531
"../../../Cyberwitch_Project/Content/Assets/Environment/Platforms/Materials/Texture/TEX_floatingPlatform_D.uasset" 532
"../../../Cyberwitch_Project/Content/Assets/Environment/Platforms/Materials/Texture/TEX_floatingPlatform_NM.uasset" 533
"../../../Cyberwitch_Project/Content/Assets/Environment/Platforms/Materials/Texture/TEX_floatingPlatform_R.uasset" 534
"../../../Cyberwitch_Project/Content/Assets/Environment/Platforms/Materials/MAT_FloatingPlatform.uasset" 535
"../../../Cyberwitch_Project/Content/Assets/Environment/Platforms/Meshes/RIG_FloatingPlatform_PhysicsAsset.uasset" 536
"../../../Cyberwitch_Project/Content/Assets/Environment/Platforms/Meshes/RIG_FloatingPlatform_Skeleton.uasset" 537
"../../../Cyberwitch_Project/Content/Assets/Environment/Platforms/Meshes/RIG_FloatingPlatform.uasset" 538
"../../../Cyberwitch_Project/Content/Blueprints/Environment/FloatingPlatform.uasset" 539
"../../../Cyberwitch_Project/Content/Blueprints/Environment/MovingPlatform.uasset" 540
"../../../Cyberwitch_Project/Content/Assets/Environment/Static_Props/Materials/MAT_Crane.uasset" 541
"../../../Cyberwitch_Project/Content/Assets/Environment/Static_Props/Meshes/MDL_Crane.uasset" 542
"../../../Cyberwitch_Project/Content/Levels/Level_One.umap" 543
"../../../Cyberwitch_Project/Content/Assets/Images/Menu/Background.uasset" 544
"../../../Cyberwitch_Project/Content/Assets/Images/Menu/Button_Exit_Click.uasset" 545
"../../../Cyberwitch_Project/Content/Assets/Images/Menu/Button_Exit_Hover.uasset" 546
"../../../Cyberwitch_Project/Content/Assets/Images/Menu/Button_Exit_Static.uasset" 547
"../../../Cyberwitch_Project/Content/Assets/Images/Menu/Button_LoadGame_Click.uasset" 548
"../../../Cyberwitch_Project/Content/Assets/Images/Menu/Button_LoadGame_Hover.uasset" 549
"../../../Cyberwitch_Project/Content/Assets/Images/Menu/Button_LoadGame_Static.uasset" 550
"../../../Cyberwitch_Project/Content/Assets/Images/Menu/Button_NewGame_Click.uasset" 551
"../../../Cyberwitch_Project/Content/Assets/Images/Menu/Button_NewGame_Hover.uasset" 552
"../../../Cyberwitch_Project/Content/Assets/Images/Menu/Button_NewGame_Static.uasset" 553
"../../../Cyberwitch_Project/Content/Assets/Images/Menu/Button_Options_Click.uasset" 554
"../../../Cyberwitch_Project/Content/Assets/Images/Menu/Button_Options_Hover.uasset" 555
"../../../Cyberwitch_Project/Content/Assets/Images/Menu/Button_Options_Static.uasset" 556
"../../../Cyberwitch_Project/Content/Assets/Images/Menu/Logo.uasset" 557
"../../../Cyberwitch_Project/Content/Assets/Sounds/UI/click/UI_START_01.uasset" 558
"../../../Cyberwitch_Project/Content/Assets/Sounds/UI/click/MENU_CLICK.uasset" 559
"../../../Cyberwitch_Project/Content/Assets/Sounds/UI/hover/UI_MENU_04.uasset" 560
"../../../Cyberwitch_Project/Content/Assets/Sounds/UI/hover/UI_MENU_05.uasset" 561
"../../../Cyberwitch_Project/Content/Assets/Sounds/UI/hover/UI_MENU_06.uasset" 562
"../../../Cyberwitch_Project/Content/Assets/Sounds/UI/hover/MENU_HOVER.uasset" 563
"../../../Cyberwitch_Project/Content/Blueprints/UI/LoadMenu.uasset" 564
"../../../Cyberwitch_Project/Content/Blueprints/UI/MainMenu.uasset" 565
"../../../Cyberwitch_Project/Content/Levels/MainMenu.umap" 566
"../../../Cyberwitch_Project/Content/Blueprints/Environment/TutorialNextLevel.uasset" 567
"../../../Cyberwitch_Project/Content/Assets/Environment/Interactables/Materials/Textures/TEX_Haybale2_D.uasset" 568
"../../../Cyberwitch_Project/Content/Assets/Environment/Interactables/Materials/Textures/TEX_Haybale2_NM.uasset" 569
"../../../Cyberwitch_Project/Content/Assets/Environment/Interactables/Materials/Textures/TEX_Haybale2_R.uasset" 570
"../../../Cyberwitch_Project/Content/Assets/Environment/Interactables/Materials/Mat_HayBale2.uasset" 571
"../../../Cyberwitch_Project/Content/Assets/Environment/Interactables/Meshes/MDL_Haybale2.uasset" 572
"../../../Cyberwitch_Project/Content/Assets/Environment/Interactables/Meshes/RIG_TreasureBox_PhysicsAsset.uasset" 573
"../../../Cyberwitch_Project/Content/Assets/Environment/Interactables/Meshes/RIG_TreasureBox.uasset" 574
"../../../Cyberwitch_Project/Content/Assets/Environment/Platforms/Meshes/MDL_Platform.uasset" 575
"../../../Cyberwitch_Project/Content/Levels/Tutorial.umap" 576
"../../../Cyberwitch_Project/Content/Levels/TutorialTest.umap" 577
"../../../Cyberwitch_Project/Content/Levels/Menus/MainMenu.umap" 578
"../../../Engine/Content/Maps/Entry.umap" 579
